{"/Users/kjetilvetlejord/Documents/GitHub/com.chatgtp.assistent/app.js":{"path":"/Users/kjetilvetlejord/Documents/GitHub/com.chatgtp.assistent/app.js","statementMap":{"0":{"start":{"line":3,"column":14},"end":{"line":3,"column":30}},"1":{"start":{"line":4,"column":11},"end":{"line":4,"column":24}},"2":{"start":{"line":5,"column":13},"end":{"line":5,"column":28}},"3":{"start":{"line":9,"column":57},"end":{"line":9,"column":86}},"4":{"start":{"line":10,"column":41},"end":{"line":10,"column":68}},"5":{"start":{"line":11,"column":38},"end":{"line":11,"column":66}},"6":{"start":{"line":12,"column":27},"end":{"line":12,"column":58}},"7":{"start":{"line":13,"column":44},"end":{"line":13,"column":79}},"8":{"start":{"line":15,"column":23},"end":{"line":15,"column":43}},"9":{"start":{"line":16,"column":29},"end":{"line":16,"column":61}},"10":{"start":{"line":17,"column":28},"end":{"line":17,"column":62}},"11":{"start":{"line":18,"column":89},"end":{"line":18,"column":126}},"12":{"start":{"line":19,"column":45},"end":{"line":19,"column":84}},"13":{"start":{"line":31,"column":2},"end":{"line":35,"column":3}},"14":{"start":{"line":32,"column":4},"end":{"line":32,"column":31}},"15":{"start":{"line":33,"column":9},"end":{"line":35,"column":3}},"16":{"start":{"line":34,"column":4},"end":{"line":34,"column":47}},"17":{"start":{"line":36,"column":2},"end":{"line":36,"column":12}},"18":{"start":{"line":50,"column":4},"end":{"line":50,"column":19}},"19":{"start":{"line":52,"column":4},"end":{"line":52,"column":49}},"20":{"start":{"line":53,"column":4},"end":{"line":53,"column":69}},"21":{"start":{"line":54,"column":4},"end":{"line":54,"column":27}},"22":{"start":{"line":56,"column":4},"end":{"line":56,"column":41}},"23":{"start":{"line":57,"column":4},"end":{"line":57,"column":43}},"24":{"start":{"line":64,"column":4},"end":{"line":64,"column":36}},"25":{"start":{"line":71,"column":4},"end":{"line":71,"column":41}},"26":{"start":{"line":81,"column":22},"end":{"line":81,"column":47}},"27":{"start":{"line":84,"column":4},"end":{"line":84,"column":44}},"28":{"start":{"line":87,"column":27},"end":{"line":87,"column":103}},"29":{"start":{"line":87,"column":88},"end":{"line":87,"column":97}},"30":{"start":{"line":90,"column":25},"end":{"line":90,"column":89}},"31":{"start":{"line":91,"column":4},"end":{"line":98,"column":7}},"32":{"start":{"line":101,"column":19},"end":{"line":101,"column":69}},"33":{"start":{"line":103,"column":4},"end":{"line":161,"column":5}},"34":{"start":{"line":104,"column":26},"end":{"line":104,"column":65}},"35":{"start":{"line":107,"column":6},"end":{"line":109,"column":7}},"36":{"start":{"line":108,"column":8},"end":{"line":108,"column":57}},"37":{"start":{"line":112,"column":6},"end":{"line":120,"column":7}},"38":{"start":{"line":113,"column":8},"end":{"line":118,"column":9}},"39":{"start":{"line":114,"column":29},"end":{"line":114,"column":61}},"40":{"start":{"line":115,"column":10},"end":{"line":117,"column":11}},"41":{"start":{"line":116,"column":12},"end":{"line":116,"column":62}},"42":{"start":{"line":119,"column":8},"end":{"line":119,"column":27}},"43":{"start":{"line":123,"column":6},"end":{"line":136,"column":7}},"44":{"start":{"line":124,"column":8},"end":{"line":135,"column":9}},"45":{"start":{"line":125,"column":27},"end":{"line":125,"column":50}},"46":{"start":{"line":126,"column":31},"end":{"line":126,"column":56}},"47":{"start":{"line":129,"column":10},"end":{"line":134,"column":11}},"48":{"start":{"line":129,"column":104},"end":{"line":129,"column":119}},"49":{"start":{"line":130,"column":12},"end":{"line":130,"column":91}},"50":{"start":{"line":131,"column":12},"end":{"line":131,"column":41}},"51":{"start":{"line":132,"column":12},"end":{"line":132,"column":42}},"52":{"start":{"line":133,"column":12},"end":{"line":133,"column":18}},"53":{"start":{"line":139,"column":6},"end":{"line":142,"column":7}},"54":{"start":{"line":140,"column":8},"end":{"line":140,"column":83}},"55":{"start":{"line":141,"column":8},"end":{"line":141,"column":27}},"56":{"start":{"line":145,"column":29},"end":{"line":145,"column":120}},"57":{"start":{"line":146,"column":6},"end":{"line":148,"column":7}},"58":{"start":{"line":147,"column":8},"end":{"line":147,"column":113}},"59":{"start":{"line":151,"column":6},"end":{"line":153,"column":7}},"60":{"start":{"line":152,"column":8},"end":{"line":152,"column":109}},"61":{"start":{"line":155,"column":6},"end":{"line":155,"column":72}},"62":{"start":{"line":156,"column":6},"end":{"line":156,"column":25}},"63":{"start":{"line":159,"column":6},"end":{"line":159,"column":50}},"64":{"start":{"line":160,"column":6},"end":{"line":160,"column":73}},"65":{"start":{"line":169,"column":4},"end":{"line":206,"column":5}},"66":{"start":{"line":170,"column":24},"end":{"line":170,"column":49}},"67":{"start":{"line":171,"column":22},"end":{"line":171,"column":39}},"68":{"start":{"line":172,"column":20},"end":{"line":172,"column":35}},"69":{"start":{"line":175,"column":24},"end":{"line":175,"column":26}},"70":{"start":{"line":176,"column":6},"end":{"line":178,"column":9}},"71":{"start":{"line":177,"column":8},"end":{"line":177,"column":38}},"72":{"start":{"line":181,"column":28},"end":{"line":181,"column":30}},"73":{"start":{"line":182,"column":6},"end":{"line":192,"column":9}},"74":{"start":{"line":183,"column":25},"end":{"line":183,"column":63}},"75":{"start":{"line":184,"column":8},"end":{"line":186,"column":9}},"76":{"start":{"line":185,"column":10},"end":{"line":185,"column":39}},"77":{"start":{"line":187,"column":8},"end":{"line":191,"column":11}},"78":{"start":{"line":195,"column":6},"end":{"line":200,"column":9}},"79":{"start":{"line":196,"column":8},"end":{"line":196,"column":35}},"80":{"start":{"line":197,"column":8},"end":{"line":199,"column":11}},"81":{"start":{"line":198,"column":10},"end":{"line":198,"column":57}},"82":{"start":{"line":202,"column":6},"end":{"line":202,"column":27}},"83":{"start":{"line":204,"column":6},"end":{"line":204,"column":51}},"84":{"start":{"line":205,"column":6},"end":{"line":205,"column":16}},"85":{"start":{"line":214,"column":4},"end":{"line":222,"column":5}},"86":{"start":{"line":215,"column":25},"end":{"line":215,"column":55}},"87":{"start":{"line":216,"column":6},"end":{"line":218,"column":7}},"88":{"start":{"line":217,"column":8},"end":{"line":217,"column":46}},"89":{"start":{"line":219,"column":6},"end":{"line":219,"column":44}},"90":{"start":{"line":221,"column":6},"end":{"line":221,"column":50}},"91":{"start":{"line":231,"column":4},"end":{"line":231,"column":16}},"92":{"start":{"line":240,"column":20},"end":{"line":240,"column":22}},"93":{"start":{"line":241,"column":23},"end":{"line":241,"column":24}},"94":{"start":{"line":242,"column":25},"end":{"line":242,"column":26}},"95":{"start":{"line":244,"column":4},"end":{"line":244,"column":66}},"96":{"start":{"line":246,"column":4},"end":{"line":268,"column":5}},"97":{"start":{"line":246,"column":17},"end":{"line":246,"column":18}},"98":{"start":{"line":247,"column":22},"end":{"line":247,"column":33}},"99":{"start":{"line":248,"column":6},"end":{"line":267,"column":7}},"100":{"start":{"line":249,"column":8},"end":{"line":249,"column":92}},"101":{"start":{"line":250,"column":23},"end":{"line":250,"column":63}},"102":{"start":{"line":253,"column":29},"end":{"line":253,"column":57}},"103":{"start":{"line":254,"column":8},"end":{"line":261,"column":9}},"104":{"start":{"line":255,"column":10},"end":{"line":255,"column":52}},"105":{"start":{"line":256,"column":10},"end":{"line":256,"column":54}},"106":{"start":{"line":259,"column":10},"end":{"line":259,"column":30}},"107":{"start":{"line":260,"column":10},"end":{"line":260,"column":54}},"108":{"start":{"line":260,"column":36},"end":{"line":260,"column":54}},"109":{"start":{"line":263,"column":8},"end":{"line":263,"column":52}},"110":{"start":{"line":265,"column":8},"end":{"line":265,"column":61}},"111":{"start":{"line":266,"column":8},"end":{"line":266,"column":28}},"112":{"start":{"line":270,"column":20},"end":{"line":270,"column":102}},"113":{"start":{"line":271,"column":4},"end":{"line":271,"column":51}},"114":{"start":{"line":280,"column":4},"end":{"line":319,"column":5}},"115":{"start":{"line":281,"column":24},"end":{"line":281,"column":49}},"116":{"start":{"line":284,"column":26},"end":{"line":291,"column":7}},"117":{"start":{"line":285,"column":8},"end":{"line":290,"column":9}},"118":{"start":{"line":286,"column":10},"end":{"line":286,"column":57}},"119":{"start":{"line":288,"column":10},"end":{"line":288,"column":54}},"120":{"start":{"line":289,"column":10},"end":{"line":289,"column":22}},"121":{"start":{"line":294,"column":23},"end":{"line":294,"column":75}},"122":{"start":{"line":297,"column":6},"end":{"line":299,"column":7}},"123":{"start":{"line":298,"column":8},"end":{"line":298,"column":98}},"124":{"start":{"line":302,"column":21},"end":{"line":308,"column":7}},"125":{"start":{"line":310,"column":6},"end":{"line":314,"column":7}},"126":{"start":{"line":311,"column":8},"end":{"line":311,"column":36}},"127":{"start":{"line":313,"column":8},"end":{"line":313,"column":63}},"128":{"start":{"line":317,"column":6},"end":{"line":317,"column":57}},"129":{"start":{"line":318,"column":6},"end":{"line":318,"column":64}},"130":{"start":{"line":331,"column":31},"end":{"line":331,"column":40}},"131":{"start":{"line":332,"column":27},"end":{"line":332,"column":70}},"132":{"start":{"line":332,"column":60},"end":{"line":332,"column":69}},"133":{"start":{"line":335,"column":51},"end":{"line":335,"column":93}},"134":{"start":{"line":336,"column":57},"end":{"line":336,"column":93}},"135":{"start":{"line":339,"column":4},"end":{"line":353,"column":5}},"136":{"start":{"line":341,"column":26},"end":{"line":341,"column":48}},"137":{"start":{"line":342,"column":29},"end":{"line":342,"column":53}},"138":{"start":{"line":344,"column":32},"end":{"line":344,"column":34}},"139":{"start":{"line":345,"column":6},"end":{"line":349,"column":7}},"140":{"start":{"line":346,"column":36},"end":{"line":346,"column":78}},"141":{"start":{"line":347,"column":23},"end":{"line":347,"column":52}},"142":{"start":{"line":348,"column":8},"end":{"line":348,"column":39}},"143":{"start":{"line":351,"column":37},"end":{"line":351,"column":73}},"144":{"start":{"line":352,"column":6},"end":{"line":352,"column":67}},"145":{"start":{"line":355,"column":4},"end":{"line":366,"column":5}},"146":{"start":{"line":357,"column":31},"end":{"line":364,"column":7}},"147":{"start":{"line":365,"column":6},"end":{"line":365,"column":70}},"148":{"start":{"line":368,"column":4},"end":{"line":379,"column":5}},"149":{"start":{"line":370,"column":31},"end":{"line":377,"column":7}},"150":{"start":{"line":378,"column":6},"end":{"line":378,"column":70}},"151":{"start":{"line":381,"column":4},"end":{"line":392,"column":5}},"152":{"start":{"line":383,"column":25},"end":{"line":390,"column":7}},"153":{"start":{"line":391,"column":6},"end":{"line":391,"column":58}},"154":{"start":{"line":395,"column":4},"end":{"line":395,"column":51}},"155":{"start":{"line":404,"column":4},"end":{"line":406,"column":5}},"156":{"start":{"line":405,"column":6},"end":{"line":405,"column":32}},"157":{"start":{"line":407,"column":4},"end":{"line":409,"column":5}},"158":{"start":{"line":408,"column":6},"end":{"line":408,"column":75}},"159":{"start":{"line":410,"column":4},"end":{"line":412,"column":5}},"160":{"start":{"line":411,"column":6},"end":{"line":411,"column":45}},"161":{"start":{"line":413,"column":4},"end":{"line":415,"column":5}},"162":{"start":{"line":414,"column":6},"end":{"line":414,"column":47}},"163":{"start":{"line":416,"column":4},"end":{"line":418,"column":5}},"164":{"start":{"line":417,"column":6},"end":{"line":417,"column":52}},"165":{"start":{"line":419,"column":4},"end":{"line":419,"column":20}},"166":{"start":{"line":428,"column":22},"end":{"line":428,"column":40}},"167":{"start":{"line":431,"column":4},"end":{"line":433,"column":5}},"168":{"start":{"line":432,"column":6},"end":{"line":432,"column":18}},"169":{"start":{"line":436,"column":4},"end":{"line":438,"column":5}},"170":{"start":{"line":437,"column":6},"end":{"line":437,"column":18}},"171":{"start":{"line":441,"column":4},"end":{"line":443,"column":5}},"172":{"start":{"line":442,"column":6},"end":{"line":442,"column":18}},"173":{"start":{"line":446,"column":4},"end":{"line":448,"column":5}},"174":{"start":{"line":447,"column":6},"end":{"line":447,"column":18}},"175":{"start":{"line":451,"column":4},"end":{"line":451,"column":16}},"176":{"start":{"line":461,"column":4},"end":{"line":461,"column":51}},"177":{"start":{"line":471,"column":4},"end":{"line":471,"column":62}},"178":{"start":{"line":471,"column":27},"end":{"line":471,"column":62}},"179":{"start":{"line":474,"column":4},"end":{"line":476,"column":5}},"180":{"start":{"line":475,"column":6},"end":{"line":475,"column":56}},"181":{"start":{"line":479,"column":4},"end":{"line":481,"column":5}},"182":{"start":{"line":480,"column":6},"end":{"line":480,"column":66}},"183":{"start":{"line":484,"column":4},"end":{"line":490,"column":5}},"184":{"start":{"line":485,"column":6},"end":{"line":489,"column":7}},"185":{"start":{"line":486,"column":8},"end":{"line":486,"column":84}},"186":{"start":{"line":488,"column":8},"end":{"line":488,"column":65}},"187":{"start":{"line":494,"column":30},"end":{"line":494,"column":69}},"188":{"start":{"line":495,"column":36},"end":{"line":495,"column":50}},"189":{"start":{"line":497,"column":6},"end":{"line":499,"column":7}},"190":{"start":{"line":498,"column":8},"end":{"line":498,"column":21}},"191":{"start":{"line":502,"column":6},"end":{"line":502,"column":58}},"192":{"start":{"line":507,"column":19},"end":{"line":507,"column":44}},"193":{"start":{"line":508,"column":26},"end":{"line":508,"column":38}},"194":{"start":{"line":511,"column":6},"end":{"line":535,"column":7}},"195":{"start":{"line":513,"column":8},"end":{"line":513,"column":51}},"196":{"start":{"line":513,"column":36},"end":{"line":513,"column":51}},"197":{"start":{"line":516,"column":8},"end":{"line":533,"column":9}},"198":{"start":{"line":518,"column":12},"end":{"line":518,"column":75}},"199":{"start":{"line":518,"column":50},"end":{"line":518,"column":75}},"200":{"start":{"line":519,"column":12},"end":{"line":519,"column":18}},"201":{"start":{"line":522,"column":12},"end":{"line":522,"column":83}},"202":{"start":{"line":522,"column":54},"end":{"line":522,"column":83}},"203":{"start":{"line":523,"column":12},"end":{"line":523,"column":18}},"204":{"start":{"line":525,"column":12},"end":{"line":525,"column":57}},"205":{"start":{"line":525,"column":41},"end":{"line":525,"column":57}},"206":{"start":{"line":526,"column":12},"end":{"line":526,"column":18}},"207":{"start":{"line":529,"column":12},"end":{"line":529,"column":24}},"208":{"start":{"line":532,"column":12},"end":{"line":532,"column":24}},"209":{"start":{"line":534,"column":8},"end":{"line":534,"column":20}},"210":{"start":{"line":538,"column":6},"end":{"line":569,"column":7}},"211":{"start":{"line":540,"column":10},"end":{"line":540,"column":49}},"212":{"start":{"line":540,"column":36},"end":{"line":540,"column":49}},"213":{"start":{"line":541,"column":10},"end":{"line":541,"column":16}},"214":{"start":{"line":543,"column":10},"end":{"line":543,"column":79}},"215":{"start":{"line":543,"column":51},"end":{"line":543,"column":79}},"216":{"start":{"line":544,"column":10},"end":{"line":544,"column":16}},"217":{"start":{"line":546,"column":10},"end":{"line":546,"column":81}},"218":{"start":{"line":546,"column":52},"end":{"line":546,"column":81}},"219":{"start":{"line":547,"column":10},"end":{"line":547,"column":16}},"220":{"start":{"line":549,"column":10},"end":{"line":549,"column":81}},"221":{"start":{"line":549,"column":52},"end":{"line":549,"column":81}},"222":{"start":{"line":550,"column":10},"end":{"line":550,"column":16}},"223":{"start":{"line":552,"column":10},"end":{"line":552,"column":55}},"224":{"start":{"line":552,"column":39},"end":{"line":552,"column":55}},"225":{"start":{"line":553,"column":10},"end":{"line":553,"column":16}},"226":{"start":{"line":555,"column":10},"end":{"line":555,"column":55}},"227":{"start":{"line":555,"column":39},"end":{"line":555,"column":55}},"228":{"start":{"line":556,"column":10},"end":{"line":556,"column":16}},"229":{"start":{"line":558,"column":10},"end":{"line":558,"column":67}},"230":{"start":{"line":558,"column":45},"end":{"line":558,"column":67}},"231":{"start":{"line":559,"column":10},"end":{"line":559,"column":16}},"232":{"start":{"line":561,"column":10},"end":{"line":561,"column":67}},"233":{"start":{"line":561,"column":45},"end":{"line":561,"column":67}},"234":{"start":{"line":562,"column":10},"end":{"line":562,"column":16}},"235":{"start":{"line":564,"column":10},"end":{"line":564,"column":73}},"236":{"start":{"line":564,"column":48},"end":{"line":564,"column":73}},"237":{"start":{"line":565,"column":10},"end":{"line":565,"column":16}},"238":{"start":{"line":567,"column":10},"end":{"line":567,"column":73}},"239":{"start":{"line":567,"column":48},"end":{"line":567,"column":73}},"240":{"start":{"line":568,"column":10},"end":{"line":568,"column":16}},"241":{"start":{"line":572,"column":6},"end":{"line":572,"column":49}},"242":{"start":{"line":572,"column":34},"end":{"line":572,"column":49}},"243":{"start":{"line":573,"column":6},"end":{"line":573,"column":18}},"244":{"start":{"line":578,"column":6},"end":{"line":607,"column":7}},"245":{"start":{"line":580,"column":10},"end":{"line":580,"column":22}},"246":{"start":{"line":582,"column":10},"end":{"line":582,"column":23}},"247":{"start":{"line":584,"column":10},"end":{"line":584,"column":19}},"248":{"start":{"line":586,"column":10},"end":{"line":586,"column":19}},"249":{"start":{"line":588,"column":10},"end":{"line":588,"column":22}},"250":{"start":{"line":590,"column":10},"end":{"line":590,"column":23}},"251":{"start":{"line":593,"column":10},"end":{"line":593,"column":45}},"252":{"start":{"line":596,"column":10},"end":{"line":596,"column":46}},"253":{"start":{"line":599,"column":10},"end":{"line":599,"column":22}},"254":{"start":{"line":601,"column":10},"end":{"line":601,"column":22}},"255":{"start":{"line":603,"column":10},"end":{"line":603,"column":23}},"256":{"start":{"line":606,"column":10},"end":{"line":606,"column":22}},"257":{"start":{"line":611,"column":4},"end":{"line":850,"column":5}},"258":{"start":{"line":612,"column":24},"end":{"line":612,"column":49}},"259":{"start":{"line":613,"column":20},"end":{"line":613,"column":35}},"260":{"start":{"line":616,"column":28},"end":{"line":688,"column":8}},"261":{"start":{"line":617,"column":25},"end":{"line":617,"column":57}},"262":{"start":{"line":618,"column":26},"end":{"line":618,"column":56}},"263":{"start":{"line":621,"column":8},"end":{"line":621,"column":48}},"264":{"start":{"line":621,"column":36},"end":{"line":621,"column":48}},"265":{"start":{"line":624,"column":8},"end":{"line":624,"column":86}},"266":{"start":{"line":624,"column":74},"end":{"line":624,"column":86}},"267":{"start":{"line":627,"column":29},"end":{"line":667,"column":9}},"268":{"start":{"line":669,"column":8},"end":{"line":685,"column":9}},"269":{"start":{"line":671,"column":10},"end":{"line":674,"column":11}},"270":{"start":{"line":672,"column":37},"end":{"line":672,"column":71}},"271":{"start":{"line":673,"column":12},"end":{"line":673,"column":24}},"272":{"start":{"line":676,"column":10},"end":{"line":679,"column":11}},"273":{"start":{"line":677,"column":37},"end":{"line":677,"column":72}},"274":{"start":{"line":678,"column":12},"end":{"line":678,"column":24}},"275":{"start":{"line":681,"column":10},"end":{"line":684,"column":11}},"276":{"start":{"line":681,"column":37},"end":{"line":681,"column":72}},"277":{"start":{"line":682,"column":37},"end":{"line":682,"column":71}},"278":{"start":{"line":683,"column":12},"end":{"line":683,"column":24}},"279":{"start":{"line":687,"column":8},"end":{"line":687,"column":21}},"280":{"start":{"line":690,"column":6},"end":{"line":690,"column":106}},"281":{"start":{"line":690,"column":89},"end":{"line":690,"column":103}},"282":{"start":{"line":692,"column":6},"end":{"line":695,"column":7}},"283":{"start":{"line":693,"column":31},"end":{"line":693,"column":79}},"284":{"start":{"line":693,"column":61},"end":{"line":693,"column":67}},"285":{"start":{"line":694,"column":8},"end":{"line":694,"column":108}},"286":{"start":{"line":697,"column":25},"end":{"line":697,"column":55}},"287":{"start":{"line":698,"column":22},"end":{"line":698,"column":47}},"288":{"start":{"line":701,"column":26},"end":{"line":704,"column":8}},"289":{"start":{"line":702,"column":8},"end":{"line":702,"column":63}},"290":{"start":{"line":702,"column":50},"end":{"line":702,"column":63}},"291":{"start":{"line":703,"column":8},"end":{"line":703,"column":77}},"292":{"start":{"line":707,"column":6},"end":{"line":758,"column":7}},"293":{"start":{"line":709,"column":32},"end":{"line":720,"column":10}},"294":{"start":{"line":710,"column":10},"end":{"line":718,"column":11}},"295":{"start":{"line":711,"column":12},"end":{"line":711,"column":44}},"296":{"start":{"line":712,"column":17},"end":{"line":718,"column":11}},"297":{"start":{"line":713,"column":12},"end":{"line":713,"column":46}},"298":{"start":{"line":714,"column":17},"end":{"line":718,"column":11}},"299":{"start":{"line":715,"column":12},"end":{"line":715,"column":45}},"300":{"start":{"line":716,"column":17},"end":{"line":718,"column":11}},"301":{"start":{"line":717,"column":12},"end":{"line":717,"column":49}},"302":{"start":{"line":719,"column":10},"end":{"line":719,"column":60}},"303":{"start":{"line":722,"column":8},"end":{"line":725,"column":9}},"304":{"start":{"line":723,"column":10},"end":{"line":723,"column":77}},"305":{"start":{"line":724,"column":10},"end":{"line":724,"column":42}},"306":{"start":{"line":728,"column":11},"end":{"line":758,"column":7}},"307":{"start":{"line":730,"column":32},"end":{"line":730,"column":63}},"308":{"start":{"line":733,"column":8},"end":{"line":757,"column":9}},"309":{"start":{"line":734,"column":31},"end":{"line":734,"column":87}},"310":{"start":{"line":734,"column":62},"end":{"line":734,"column":86}},"311":{"start":{"line":735,"column":10},"end":{"line":738,"column":11}},"312":{"start":{"line":736,"column":12},"end":{"line":736,"column":88}},"313":{"start":{"line":737,"column":12},"end":{"line":737,"column":41}},"314":{"start":{"line":741,"column":13},"end":{"line":757,"column":9}},"315":{"start":{"line":742,"column":31},"end":{"line":742,"column":87}},"316":{"start":{"line":742,"column":62},"end":{"line":742,"column":86}},"317":{"start":{"line":743,"column":38},"end":{"line":745,"column":11}},"318":{"start":{"line":744,"column":12},"end":{"line":744,"column":51}},"319":{"start":{"line":748,"column":10},"end":{"line":756,"column":11}},"320":{"start":{"line":749,"column":12},"end":{"line":749,"column":89}},"321":{"start":{"line":750,"column":12},"end":{"line":750,"column":41}},"322":{"start":{"line":754,"column":12},"end":{"line":754,"column":98}},"323":{"start":{"line":755,"column":12},"end":{"line":755,"column":48}},"324":{"start":{"line":760,"column":6},"end":{"line":760,"column":104}},"325":{"start":{"line":762,"column":6},"end":{"line":767,"column":7}},"326":{"start":{"line":763,"column":30},"end":{"line":765,"column":41}},"327":{"start":{"line":764,"column":23},"end":{"line":764,"column":53}},"328":{"start":{"line":765,"column":20},"end":{"line":765,"column":27}},"329":{"start":{"line":766,"column":8},"end":{"line":766,"column":147}},"330":{"start":{"line":769,"column":20},"end":{"line":769,"column":22}},"331":{"start":{"line":770,"column":25},"end":{"line":770,"column":26}},"332":{"start":{"line":772,"column":6},"end":{"line":787,"column":7}},"333":{"start":{"line":773,"column":8},"end":{"line":786,"column":9}},"334":{"start":{"line":774,"column":22},"end":{"line":774,"column":74}},"335":{"start":{"line":775,"column":10},"end":{"line":778,"column":11}},"336":{"start":{"line":776,"column":12},"end":{"line":776,"column":86}},"337":{"start":{"line":777,"column":12},"end":{"line":777,"column":21}},"338":{"start":{"line":780,"column":24},"end":{"line":780,"column":87}},"339":{"start":{"line":781,"column":10},"end":{"line":781,"column":54}},"340":{"start":{"line":782,"column":10},"end":{"line":782,"column":78}},"341":{"start":{"line":783,"column":10},"end":{"line":783,"column":25}},"342":{"start":{"line":785,"column":10},"end":{"line":785,"column":61}},"343":{"start":{"line":789,"column":22},"end":{"line":789,"column":102}},"344":{"start":{"line":790,"column":6},"end":{"line":790,"column":49}},"345":{"start":{"line":793,"column":9},"end":{"line":850,"column":5}},"346":{"start":{"line":794,"column":25},"end":{"line":794,"column":55}},"347":{"start":{"line":795,"column":22},"end":{"line":795,"column":47}},"348":{"start":{"line":796,"column":20},"end":{"line":796,"column":22}},"349":{"start":{"line":797,"column":25},"end":{"line":797,"column":26}},"350":{"start":{"line":799,"column":6},"end":{"line":820,"column":7}},"351":{"start":{"line":800,"column":23},"end":{"line":800,"column":53}},"352":{"start":{"line":800,"column":41},"end":{"line":800,"column":52}},"353":{"start":{"line":801,"column":8},"end":{"line":804,"column":9}},"354":{"start":{"line":802,"column":10},"end":{"line":802,"column":52}},"355":{"start":{"line":803,"column":10},"end":{"line":803,"column":19}},"356":{"start":{"line":806,"column":8},"end":{"line":819,"column":9}},"357":{"start":{"line":807,"column":22},"end":{"line":807,"column":74}},"358":{"start":{"line":808,"column":10},"end":{"line":811,"column":11}},"359":{"start":{"line":809,"column":12},"end":{"line":809,"column":86}},"360":{"start":{"line":810,"column":12},"end":{"line":810,"column":21}},"361":{"start":{"line":813,"column":24},"end":{"line":813,"column":87}},"362":{"start":{"line":814,"column":10},"end":{"line":814,"column":54}},"363":{"start":{"line":815,"column":10},"end":{"line":815,"column":78}},"364":{"start":{"line":816,"column":10},"end":{"line":816,"column":25}},"365":{"start":{"line":818,"column":10},"end":{"line":818,"column":61}},"366":{"start":{"line":822,"column":22},"end":{"line":822,"column":88}},"367":{"start":{"line":823,"column":6},"end":{"line":823,"column":49}},"368":{"start":{"line":826,"column":9},"end":{"line":850,"column":5}},"369":{"start":{"line":827,"column":25},"end":{"line":827,"column":55}},"370":{"start":{"line":828,"column":22},"end":{"line":828,"column":47}},"371":{"start":{"line":829,"column":21},"end":{"line":829,"column":70}},"372":{"start":{"line":829,"column":39},"end":{"line":829,"column":69}},"373":{"start":{"line":831,"column":6},"end":{"line":833,"column":7}},"374":{"start":{"line":832,"column":8},"end":{"line":832,"column":71}},"375":{"start":{"line":835,"column":6},"end":{"line":847,"column":7}},"376":{"start":{"line":836,"column":20},"end":{"line":836,"column":72}},"377":{"start":{"line":837,"column":8},"end":{"line":840,"column":9}},"378":{"start":{"line":838,"column":32},"end":{"line":838,"column":68}},"379":{"start":{"line":839,"column":10},"end":{"line":839,"column":130}},"380":{"start":{"line":842,"column":22},"end":{"line":842,"column":85}},"381":{"start":{"line":843,"column":8},"end":{"line":843,"column":52}},"382":{"start":{"line":844,"column":8},"end":{"line":844,"column":69}},"383":{"start":{"line":846,"column":8},"end":{"line":846,"column":62}},"384":{"start":{"line":849,"column":6},"end":{"line":849,"column":101}},"385":{"start":{"line":859,"column":4},"end":{"line":859,"column":50}},"386":{"start":{"line":860,"column":4},"end":{"line":860,"column":50}},"387":{"start":{"line":863,"column":4},"end":{"line":863,"column":59}},"388":{"start":{"line":864,"column":4},"end":{"line":864,"column":85}},"389":{"start":{"line":864,"column":29},"end":{"line":864,"column":85}},"390":{"start":{"line":865,"column":4},"end":{"line":865,"column":90}},"391":{"start":{"line":865,"column":50},"end":{"line":865,"column":90}},"392":{"start":{"line":866,"column":4},"end":{"line":866,"column":117}},"393":{"start":{"line":866,"column":83},"end":{"line":866,"column":117}},"394":{"start":{"line":868,"column":26},"end":{"line":868,"column":69}},"395":{"start":{"line":869,"column":22},"end":{"line":869,"column":61}},"396":{"start":{"line":870,"column":4},"end":{"line":873,"column":5}},"397":{"start":{"line":871,"column":6},"end":{"line":871,"column":68}},"398":{"start":{"line":872,"column":6},"end":{"line":872,"column":13}},"399":{"start":{"line":874,"column":4},"end":{"line":874,"column":33}},"400":{"start":{"line":877,"column":4},"end":{"line":877,"column":32}},"401":{"start":{"line":878,"column":4},"end":{"line":878,"column":28}},"402":{"start":{"line":880,"column":4},"end":{"line":900,"column":5}},"403":{"start":{"line":881,"column":6},"end":{"line":881,"column":49}},"404":{"start":{"line":882,"column":6},"end":{"line":882,"column":48}},"405":{"start":{"line":883,"column":6},"end":{"line":883,"column":46}},"406":{"start":{"line":885,"column":6},"end":{"line":885,"column":49}},"407":{"start":{"line":886,"column":6},"end":{"line":886,"column":29}},"408":{"start":{"line":887,"column":6},"end":{"line":887,"column":46}},"409":{"start":{"line":889,"column":6},"end":{"line":889,"column":47}},"410":{"start":{"line":890,"column":6},"end":{"line":890,"column":49}},"411":{"start":{"line":891,"column":6},"end":{"line":891,"column":44}},"412":{"start":{"line":894,"column":6},"end":{"line":894,"column":33}},"413":{"start":{"line":896,"column":6},"end":{"line":896,"column":49}},"414":{"start":{"line":898,"column":6},"end":{"line":898,"column":58}},"415":{"start":{"line":899,"column":6},"end":{"line":899,"column":18}},"416":{"start":{"line":904,"column":0},"end":{"line":904,"column":34}}},"fnMap":{"0":{"name":"getCapabilityKeys","decl":{"start":{"line":30,"column":9},"end":{"line":30,"column":26}},"loc":{"start":{"line":30,"column":35},"end":{"line":37,"column":1}},"line":30},"1":{"name":"(anonymous_1)","decl":{"start":{"line":49,"column":2},"end":{"line":49,"column":3}},"loc":{"start":{"line":49,"column":23},"end":{"line":58,"column":3}},"line":49},"2":{"name":"(anonymous_2)","decl":{"start":{"line":63,"column":2},"end":{"line":63,"column":3}},"loc":{"start":{"line":63,"column":23},"end":{"line":65,"column":3}},"line":63},"3":{"name":"(anonymous_3)","decl":{"start":{"line":70,"column":2},"end":{"line":70,"column":3}},"loc":{"start":{"line":70,"column":28},"end":{"line":72,"column":3}},"line":70},"4":{"name":"(anonymous_4)","decl":{"start":{"line":80,"column":2},"end":{"line":80,"column":3}},"loc":{"start":{"line":80,"column":68},"end":{"line":162,"column":3}},"line":80},"5":{"name":"(anonymous_5)","decl":{"start":{"line":87,"column":80},"end":{"line":87,"column":81}},"loc":{"start":{"line":87,"column":88},"end":{"line":87,"column":97}},"line":87},"6":{"name":"(anonymous_6)","decl":{"start":{"line":129,"column":96},"end":{"line":129,"column":97}},"loc":{"start":{"line":129,"column":104},"end":{"line":129,"column":119}},"line":129},"7":{"name":"(anonymous_7)","decl":{"start":{"line":168,"column":2},"end":{"line":168,"column":3}},"loc":{"start":{"line":168,"column":25},"end":{"line":207,"column":3}},"line":168},"8":{"name":"(anonymous_8)","decl":{"start":{"line":176,"column":36},"end":{"line":176,"column":37}},"loc":{"start":{"line":176,"column":56},"end":{"line":178,"column":7}},"line":176},"9":{"name":"(anonymous_9)","decl":{"start":{"line":182,"column":37},"end":{"line":182,"column":38}},"loc":{"start":{"line":182,"column":47},"end":{"line":192,"column":7}},"line":182},"10":{"name":"(anonymous_10)","decl":{"start":{"line":195,"column":44},"end":{"line":195,"column":45}},"loc":{"start":{"line":195,"column":73},"end":{"line":200,"column":7}},"line":195},"11":{"name":"(anonymous_11)","decl":{"start":{"line":197,"column":28},"end":{"line":197,"column":29}},"loc":{"start":{"line":197,"column":38},"end":{"line":199,"column":9}},"line":197},"12":{"name":"(anonymous_12)","decl":{"start":{"line":213,"column":2},"end":{"line":213,"column":3}},"loc":{"start":{"line":213,"column":21},"end":{"line":223,"column":3}},"line":213},"13":{"name":"(anonymous_13)","decl":{"start":{"line":230,"column":2},"end":{"line":230,"column":3}},"loc":{"start":{"line":230,"column":29},"end":{"line":232,"column":3}},"line":230},"14":{"name":"(anonymous_14)","decl":{"start":{"line":239,"column":2},"end":{"line":239,"column":3}},"loc":{"start":{"line":239,"column":38},"end":{"line":272,"column":3}},"line":239},"15":{"name":"(anonymous_15)","decl":{"start":{"line":279,"column":2},"end":{"line":279,"column":3}},"loc":{"start":{"line":279,"column":40},"end":{"line":320,"column":3}},"line":279},"16":{"name":"(anonymous_16)","decl":{"start":{"line":284,"column":26},"end":{"line":284,"column":27}},"loc":{"start":{"line":284,"column":44},"end":{"line":291,"column":7}},"line":284},"17":{"name":"(anonymous_17)","decl":{"start":{"line":330,"column":2},"end":{"line":330,"column":3}},"loc":{"start":{"line":330,"column":80},"end":{"line":396,"column":3}},"line":330},"18":{"name":"(anonymous_18)","decl":{"start":{"line":332,"column":52},"end":{"line":332,"column":53}},"loc":{"start":{"line":332,"column":60},"end":{"line":332,"column":69}},"line":332},"19":{"name":"(anonymous_19)","decl":{"start":{"line":403,"column":2},"end":{"line":403,"column":3}},"loc":{"start":{"line":403,"column":38},"end":{"line":420,"column":3}},"line":403},"20":{"name":"(anonymous_20)","decl":{"start":{"line":427,"column":2},"end":{"line":427,"column":3}},"loc":{"start":{"line":427,"column":23},"end":{"line":452,"column":3}},"line":427},"21":{"name":"(anonymous_21)","decl":{"start":{"line":459,"column":2},"end":{"line":459,"column":3}},"loc":{"start":{"line":459,"column":38},"end":{"line":462,"column":3}},"line":459},"22":{"name":"(anonymous_22)","decl":{"start":{"line":470,"column":2},"end":{"line":470,"column":3}},"loc":{"start":{"line":470,"column":41},"end":{"line":851,"column":3}},"line":470},"23":{"name":"isControllableDeviceClass","decl":{"start":{"line":493,"column":13},"end":{"line":493,"column":38}},"loc":{"start":{"line":493,"column":52},"end":{"line":503,"column":5}},"line":493},"24":{"name":"getCapabilityForCommand","decl":{"start":{"line":506,"column":13},"end":{"line":506,"column":36}},"loc":{"start":{"line":506,"column":54},"end":{"line":574,"column":5}},"line":506},"25":{"name":"getValueForCommand","decl":{"start":{"line":577,"column":13},"end":{"line":577,"column":31}},"loc":{"start":{"line":577,"column":58},"end":{"line":608,"column":5}},"line":577},"26":{"name":"(anonymous_26)","decl":{"start":{"line":616,"column":54},"end":{"line":616,"column":55}},"loc":{"start":{"line":616,"column":64},"end":{"line":688,"column":7}},"line":616},"27":{"name":"(anonymous_27)","decl":{"start":{"line":672,"column":32},"end":{"line":672,"column":33}},"loc":{"start":{"line":672,"column":37},"end":{"line":672,"column":71}},"line":672},"28":{"name":"(anonymous_28)","decl":{"start":{"line":677,"column":32},"end":{"line":677,"column":33}},"loc":{"start":{"line":677,"column":37},"end":{"line":677,"column":72}},"line":677},"29":{"name":"(anonymous_29)","decl":{"start":{"line":681,"column":32},"end":{"line":681,"column":33}},"loc":{"start":{"line":681,"column":37},"end":{"line":681,"column":72}},"line":681},"30":{"name":"(anonymous_30)","decl":{"start":{"line":682,"column":32},"end":{"line":682,"column":33}},"loc":{"start":{"line":682,"column":37},"end":{"line":682,"column":71}},"line":682},"31":{"name":"(anonymous_31)","decl":{"start":{"line":690,"column":83},"end":{"line":690,"column":84}},"loc":{"start":{"line":690,"column":89},"end":{"line":690,"column":103}},"line":690},"32":{"name":"(anonymous_32)","decl":{"start":{"line":693,"column":56},"end":{"line":693,"column":57}},"loc":{"start":{"line":693,"column":61},"end":{"line":693,"column":67}},"line":693},"33":{"name":"(anonymous_33)","decl":{"start":{"line":701,"column":41},"end":{"line":701,"column":42}},"loc":{"start":{"line":701,"column":51},"end":{"line":704,"column":7}},"line":701},"34":{"name":"(anonymous_34)","decl":{"start":{"line":709,"column":53},"end":{"line":709,"column":54}},"loc":{"start":{"line":709,"column":63},"end":{"line":720,"column":9}},"line":709},"35":{"name":"(anonymous_35)","decl":{"start":{"line":734,"column":52},"end":{"line":734,"column":53}},"loc":{"start":{"line":734,"column":62},"end":{"line":734,"column":86}},"line":734},"36":{"name":"(anonymous_36)","decl":{"start":{"line":742,"column":52},"end":{"line":742,"column":53}},"loc":{"start":{"line":742,"column":62},"end":{"line":742,"column":86}},"line":742},"37":{"name":"(anonymous_37)","decl":{"start":{"line":743,"column":59},"end":{"line":743,"column":60}},"loc":{"start":{"line":744,"column":12},"end":{"line":744,"column":51}},"line":744},"38":{"name":"(anonymous_38)","decl":{"start":{"line":764,"column":18},"end":{"line":764,"column":19}},"loc":{"start":{"line":764,"column":23},"end":{"line":764,"column":53}},"line":764},"39":{"name":"(anonymous_39)","decl":{"start":{"line":765,"column":15},"end":{"line":765,"column":16}},"loc":{"start":{"line":765,"column":20},"end":{"line":765,"column":27}},"line":765},"40":{"name":"(anonymous_40)","decl":{"start":{"line":800,"column":36},"end":{"line":800,"column":37}},"loc":{"start":{"line":800,"column":41},"end":{"line":800,"column":52}},"line":800},"41":{"name":"(anonymous_41)","decl":{"start":{"line":829,"column":34},"end":{"line":829,"column":35}},"loc":{"start":{"line":829,"column":39},"end":{"line":829,"column":69}},"line":829},"42":{"name":"(anonymous_42)","decl":{"start":{"line":858,"column":2},"end":{"line":858,"column":3}},"loc":{"start":{"line":858,"column":17},"end":{"line":901,"column":3}},"line":858}},"branchMap":{"0":{"loc":{"start":{"line":31,"column":2},"end":{"line":35,"column":3}},"type":"if","locations":[{"start":{"line":31,"column":2},"end":{"line":35,"column":3}},{"start":{"line":31,"column":2},"end":{"line":35,"column":3}}],"line":31},"1":{"loc":{"start":{"line":31,"column":6},"end":{"line":31,"column":63}},"type":"binary-expr","locations":[{"start":{"line":31,"column":6},"end":{"line":31,"column":25}},{"start":{"line":31,"column":29},"end":{"line":31,"column":63}}],"line":31},"2":{"loc":{"start":{"line":33,"column":9},"end":{"line":35,"column":3}},"type":"if","locations":[{"start":{"line":33,"column":9},"end":{"line":35,"column":3}},{"start":{"line":33,"column":9},"end":{"line":35,"column":3}}],"line":33},"3":{"loc":{"start":{"line":33,"column":13},"end":{"line":33,"column":81}},"type":"binary-expr","locations":[{"start":{"line":33,"column":13},"end":{"line":33,"column":35}},{"start":{"line":33,"column":39},"end":{"line":33,"column":81}}],"line":33},"4":{"loc":{"start":{"line":80,"column":43},"end":{"line":80,"column":66}},"type":"default-arg","locations":[{"start":{"line":80,"column":62},"end":{"line":80,"column":66}}],"line":80},"5":{"loc":{"start":{"line":87,"column":27},"end":{"line":87,"column":103}},"type":"cond-expr","locations":[{"start":{"line":87,"column":45},"end":{"line":87,"column":98}},{"start":{"line":87,"column":101},"end":{"line":87,"column":103}}],"line":87},"6":{"loc":{"start":{"line":107,"column":6},"end":{"line":109,"column":7}},"type":"if","locations":[{"start":{"line":107,"column":6},"end":{"line":109,"column":7}},{"start":{"line":107,"column":6},"end":{"line":109,"column":7}}],"line":107},"7":{"loc":{"start":{"line":107,"column":10},"end":{"line":107,"column":57}},"type":"binary-expr","locations":[{"start":{"line":107,"column":10},"end":{"line":107,"column":22}},{"start":{"line":107,"column":26},"end":{"line":107,"column":57}}],"line":107},"8":{"loc":{"start":{"line":112,"column":6},"end":{"line":120,"column":7}},"type":"if","locations":[{"start":{"line":112,"column":6},"end":{"line":120,"column":7}},{"start":{"line":112,"column":6},"end":{"line":120,"column":7}}],"line":112},"9":{"loc":{"start":{"line":113,"column":8},"end":{"line":118,"column":9}},"type":"if","locations":[{"start":{"line":113,"column":8},"end":{"line":118,"column":9}},{"start":{"line":113,"column":8},"end":{"line":118,"column":9}}],"line":113},"10":{"loc":{"start":{"line":115,"column":10},"end":{"line":117,"column":11}},"type":"if","locations":[{"start":{"line":115,"column":10},"end":{"line":117,"column":11}},{"start":{"line":115,"column":10},"end":{"line":117,"column":11}}],"line":115},"11":{"loc":{"start":{"line":123,"column":6},"end":{"line":136,"column":7}},"type":"if","locations":[{"start":{"line":123,"column":6},"end":{"line":136,"column":7}},{"start":{"line":123,"column":6},"end":{"line":136,"column":7}}],"line":123},"12":{"loc":{"start":{"line":123,"column":10},"end":{"line":123,"column":72}},"type":"binary-expr","locations":[{"start":{"line":123,"column":10},"end":{"line":123,"column":27}},{"start":{"line":123,"column":31},"end":{"line":123,"column":53}},{"start":{"line":123,"column":57},"end":{"line":123,"column":72}}],"line":123},"13":{"loc":{"start":{"line":129,"column":10},"end":{"line":134,"column":11}},"type":"if","locations":[{"start":{"line":129,"column":10},"end":{"line":134,"column":11}},{"start":{"line":129,"column":10},"end":{"line":134,"column":11}}],"line":129},"14":{"loc":{"start":{"line":129,"column":14},"end":{"line":129,"column":127}},"type":"binary-expr","locations":[{"start":{"line":129,"column":14},"end":{"line":129,"column":45}},{"start":{"line":129,"column":49},"end":{"line":129,"column":127}}],"line":129},"15":{"loc":{"start":{"line":129,"column":67},"end":{"line":129,"column":126}},"type":"binary-expr","locations":[{"start":{"line":129,"column":67},"end":{"line":129,"column":120}},{"start":{"line":129,"column":124},"end":{"line":129,"column":126}}],"line":129},"16":{"loc":{"start":{"line":139,"column":6},"end":{"line":142,"column":7}},"type":"if","locations":[{"start":{"line":139,"column":6},"end":{"line":142,"column":7}},{"start":{"line":139,"column":6},"end":{"line":142,"column":7}}],"line":139},"17":{"loc":{"start":{"line":145,"column":29},"end":{"line":145,"column":120}},"type":"binary-expr","locations":[{"start":{"line":145,"column":29},"end":{"line":145,"column":45}},{"start":{"line":145,"column":49},"end":{"line":145,"column":71}},{"start":{"line":145,"column":75},"end":{"line":145,"column":96}},{"start":{"line":145,"column":100},"end":{"line":145,"column":120}}],"line":145},"18":{"loc":{"start":{"line":146,"column":6},"end":{"line":148,"column":7}},"type":"if","locations":[{"start":{"line":146,"column":6},"end":{"line":148,"column":7}},{"start":{"line":146,"column":6},"end":{"line":148,"column":7}}],"line":146},"19":{"loc":{"start":{"line":151,"column":6},"end":{"line":153,"column":7}},"type":"if","locations":[{"start":{"line":151,"column":6},"end":{"line":153,"column":7}},{"start":{"line":151,"column":6},"end":{"line":153,"column":7}}],"line":151},"20":{"loc":{"start":{"line":151,"column":10},"end":{"line":151,"column":55}},"type":"binary-expr","locations":[{"start":{"line":151,"column":10},"end":{"line":151,"column":30}},{"start":{"line":151,"column":34},"end":{"line":151,"column":55}}],"line":151},"21":{"loc":{"start":{"line":183,"column":25},"end":{"line":183,"column":63}},"type":"binary-expr","locations":[{"start":{"line":183,"column":25},"end":{"line":183,"column":47}},{"start":{"line":183,"column":51},"end":{"line":183,"column":63}}],"line":183},"22":{"loc":{"start":{"line":184,"column":8},"end":{"line":186,"column":9}},"type":"if","locations":[{"start":{"line":184,"column":8},"end":{"line":186,"column":9}},{"start":{"line":184,"column":8},"end":{"line":186,"column":9}}],"line":184},"23":{"loc":{"start":{"line":254,"column":8},"end":{"line":261,"column":9}},"type":"if","locations":[{"start":{"line":254,"column":8},"end":{"line":261,"column":9}},{"start":{"line":254,"column":8},"end":{"line":261,"column":9}}],"line":254},"24":{"loc":{"start":{"line":260,"column":10},"end":{"line":260,"column":54}},"type":"if","locations":[{"start":{"line":260,"column":10},"end":{"line":260,"column":54}},{"start":{"line":260,"column":10},"end":{"line":260,"column":54}}],"line":260},"25":{"loc":{"start":{"line":294,"column":43},"end":{"line":294,"column":74}},"type":"binary-expr","locations":[{"start":{"line":294,"column":43},"end":{"line":294,"column":68}},{"start":{"line":294,"column":72},"end":{"line":294,"column":74}}],"line":294},"26":{"loc":{"start":{"line":297,"column":6},"end":{"line":299,"column":7}},"type":"if","locations":[{"start":{"line":297,"column":6},"end":{"line":299,"column":7}},{"start":{"line":297,"column":6},"end":{"line":299,"column":7}}],"line":297},"27":{"loc":{"start":{"line":303,"column":8},"end":{"line":303,"column":77}},"type":"binary-expr","locations":[{"start":{"line":303,"column":8},"end":{"line":303,"column":33}},{"start":{"line":303,"column":37},"end":{"line":303,"column":77}}],"line":303},"28":{"loc":{"start":{"line":310,"column":6},"end":{"line":314,"column":7}},"type":"if","locations":[{"start":{"line":310,"column":6},"end":{"line":314,"column":7}},{"start":{"line":310,"column":6},"end":{"line":314,"column":7}}],"line":310},"29":{"loc":{"start":{"line":313,"column":24},"end":{"line":313,"column":61}},"type":"binary-expr","locations":[{"start":{"line":313,"column":24},"end":{"line":313,"column":36}},{"start":{"line":313,"column":40},"end":{"line":313,"column":61}}],"line":313},"30":{"loc":{"start":{"line":339,"column":4},"end":{"line":353,"column":5}},"type":"if","locations":[{"start":{"line":339,"column":4},"end":{"line":353,"column":5}},{"start":{"line":339,"column":4},"end":{"line":353,"column":5}}],"line":339},"31":{"loc":{"start":{"line":355,"column":4},"end":{"line":366,"column":5}},"type":"if","locations":[{"start":{"line":355,"column":4},"end":{"line":366,"column":5}},{"start":{"line":355,"column":4},"end":{"line":366,"column":5}}],"line":355},"32":{"loc":{"start":{"line":355,"column":8},"end":{"line":355,"column":51}},"type":"binary-expr","locations":[{"start":{"line":355,"column":8},"end":{"line":355,"column":31}},{"start":{"line":355,"column":35},"end":{"line":355,"column":51}}],"line":355},"33":{"loc":{"start":{"line":368,"column":4},"end":{"line":379,"column":5}},"type":"if","locations":[{"start":{"line":368,"column":4},"end":{"line":379,"column":5}},{"start":{"line":368,"column":4},"end":{"line":379,"column":5}}],"line":368},"34":{"loc":{"start":{"line":381,"column":4},"end":{"line":392,"column":5}},"type":"if","locations":[{"start":{"line":381,"column":4},"end":{"line":392,"column":5}},{"start":{"line":381,"column":4},"end":{"line":392,"column":5}}],"line":381},"35":{"loc":{"start":{"line":404,"column":4},"end":{"line":406,"column":5}},"type":"if","locations":[{"start":{"line":404,"column":4},"end":{"line":406,"column":5}},{"start":{"line":404,"column":4},"end":{"line":406,"column":5}}],"line":404},"36":{"loc":{"start":{"line":407,"column":4},"end":{"line":409,"column":5}},"type":"if","locations":[{"start":{"line":407,"column":4},"end":{"line":409,"column":5}},{"start":{"line":407,"column":4},"end":{"line":409,"column":5}}],"line":407},"37":{"loc":{"start":{"line":407,"column":8},"end":{"line":407,"column":51}},"type":"binary-expr","locations":[{"start":{"line":407,"column":8},"end":{"line":407,"column":24}},{"start":{"line":407,"column":28},"end":{"line":407,"column":51}}],"line":407},"38":{"loc":{"start":{"line":410,"column":4},"end":{"line":412,"column":5}},"type":"if","locations":[{"start":{"line":410,"column":4},"end":{"line":412,"column":5}},{"start":{"line":410,"column":4},"end":{"line":412,"column":5}}],"line":410},"39":{"loc":{"start":{"line":413,"column":4},"end":{"line":415,"column":5}},"type":"if","locations":[{"start":{"line":413,"column":4},"end":{"line":415,"column":5}},{"start":{"line":413,"column":4},"end":{"line":415,"column":5}}],"line":413},"40":{"loc":{"start":{"line":416,"column":4},"end":{"line":418,"column":5}},"type":"if","locations":[{"start":{"line":416,"column":4},"end":{"line":418,"column":5}},{"start":{"line":416,"column":4},"end":{"line":418,"column":5}}],"line":416},"41":{"loc":{"start":{"line":431,"column":4},"end":{"line":433,"column":5}},"type":"if","locations":[{"start":{"line":431,"column":4},"end":{"line":433,"column":5}},{"start":{"line":431,"column":4},"end":{"line":433,"column":5}}],"line":431},"42":{"loc":{"start":{"line":436,"column":4},"end":{"line":438,"column":5}},"type":"if","locations":[{"start":{"line":436,"column":4},"end":{"line":438,"column":5}},{"start":{"line":436,"column":4},"end":{"line":438,"column":5}}],"line":436},"43":{"loc":{"start":{"line":441,"column":4},"end":{"line":443,"column":5}},"type":"if","locations":[{"start":{"line":441,"column":4},"end":{"line":443,"column":5}},{"start":{"line":441,"column":4},"end":{"line":443,"column":5}}],"line":441},"44":{"loc":{"start":{"line":446,"column":4},"end":{"line":448,"column":5}},"type":"if","locations":[{"start":{"line":446,"column":4},"end":{"line":448,"column":5}},{"start":{"line":446,"column":4},"end":{"line":448,"column":5}}],"line":446},"45":{"loc":{"start":{"line":471,"column":4},"end":{"line":471,"column":62}},"type":"if","locations":[{"start":{"line":471,"column":4},"end":{"line":471,"column":62}},{"start":{"line":471,"column":4},"end":{"line":471,"column":62}}],"line":471},"46":{"loc":{"start":{"line":474,"column":4},"end":{"line":476,"column":5}},"type":"if","locations":[{"start":{"line":474,"column":4},"end":{"line":476,"column":5}},{"start":{"line":474,"column":4},"end":{"line":476,"column":5}}],"line":474},"47":{"loc":{"start":{"line":479,"column":4},"end":{"line":481,"column":5}},"type":"if","locations":[{"start":{"line":479,"column":4},"end":{"line":481,"column":5}},{"start":{"line":479,"column":4},"end":{"line":481,"column":5}}],"line":479},"48":{"loc":{"start":{"line":479,"column":8},"end":{"line":479,"column":67}},"type":"binary-expr","locations":[{"start":{"line":479,"column":8},"end":{"line":479,"column":28}},{"start":{"line":479,"column":32},"end":{"line":479,"column":67}}],"line":479},"49":{"loc":{"start":{"line":484,"column":4},"end":{"line":490,"column":5}},"type":"if","locations":[{"start":{"line":484,"column":4},"end":{"line":490,"column":5}},{"start":{"line":484,"column":4},"end":{"line":490,"column":5}}],"line":484},"50":{"loc":{"start":{"line":485,"column":6},"end":{"line":489,"column":7}},"type":"if","locations":[{"start":{"line":485,"column":6},"end":{"line":489,"column":7}},{"start":{"line":485,"column":6},"end":{"line":489,"column":7}}],"line":485},"51":{"loc":{"start":{"line":485,"column":10},"end":{"line":485,"column":85}},"type":"binary-expr","locations":[{"start":{"line":485,"column":10},"end":{"line":485,"column":32}},{"start":{"line":485,"column":36},"end":{"line":485,"column":85}}],"line":485},"52":{"loc":{"start":{"line":486,"column":30},"end":{"line":486,"column":83}},"type":"cond-expr","locations":[{"start":{"line":486,"column":61},"end":{"line":486,"column":70}},{"start":{"line":486,"column":73},"end":{"line":486,"column":83}}],"line":486},"53":{"loc":{"start":{"line":497,"column":6},"end":{"line":499,"column":7}},"type":"if","locations":[{"start":{"line":497,"column":6},"end":{"line":499,"column":7}},{"start":{"line":497,"column":6},"end":{"line":499,"column":7}}],"line":497},"54":{"loc":{"start":{"line":511,"column":6},"end":{"line":535,"column":7}},"type":"if","locations":[{"start":{"line":511,"column":6},"end":{"line":535,"column":7}},{"start":{"line":511,"column":6},"end":{"line":535,"column":7}}],"line":511},"55":{"loc":{"start":{"line":511,"column":10},"end":{"line":511,"column":57}},"type":"binary-expr","locations":[{"start":{"line":511,"column":10},"end":{"line":511,"column":31}},{"start":{"line":511,"column":35},"end":{"line":511,"column":57}}],"line":511},"56":{"loc":{"start":{"line":513,"column":8},"end":{"line":513,"column":51}},"type":"if","locations":[{"start":{"line":513,"column":8},"end":{"line":513,"column":51}},{"start":{"line":513,"column":8},"end":{"line":513,"column":51}}],"line":513},"57":{"loc":{"start":{"line":516,"column":8},"end":{"line":533,"column":9}},"type":"switch","locations":[{"start":{"line":517,"column":10},"end":{"line":519,"column":18}},{"start":{"line":520,"column":10},"end":{"line":520,"column":25}},{"start":{"line":521,"column":10},"end":{"line":523,"column":18}},{"start":{"line":524,"column":10},"end":{"line":526,"column":18}},{"start":{"line":527,"column":10},"end":{"line":529,"column":24}},{"start":{"line":530,"column":10},"end":{"line":532,"column":24}}],"line":516},"58":{"loc":{"start":{"line":518,"column":12},"end":{"line":518,"column":75}},"type":"if","locations":[{"start":{"line":518,"column":12},"end":{"line":518,"column":75}},{"start":{"line":518,"column":12},"end":{"line":518,"column":75}}],"line":518},"59":{"loc":{"start":{"line":522,"column":12},"end":{"line":522,"column":83}},"type":"if","locations":[{"start":{"line":522,"column":12},"end":{"line":522,"column":83}},{"start":{"line":522,"column":12},"end":{"line":522,"column":83}}],"line":522},"60":{"loc":{"start":{"line":525,"column":12},"end":{"line":525,"column":57}},"type":"if","locations":[{"start":{"line":525,"column":12},"end":{"line":525,"column":57}},{"start":{"line":525,"column":12},"end":{"line":525,"column":57}}],"line":525},"61":{"loc":{"start":{"line":538,"column":6},"end":{"line":569,"column":7}},"type":"switch","locations":[{"start":{"line":539,"column":8},"end":{"line":541,"column":16}},{"start":{"line":542,"column":8},"end":{"line":544,"column":16}},{"start":{"line":545,"column":8},"end":{"line":547,"column":16}},{"start":{"line":548,"column":8},"end":{"line":550,"column":16}},{"start":{"line":551,"column":8},"end":{"line":553,"column":16}},{"start":{"line":554,"column":8},"end":{"line":556,"column":16}},{"start":{"line":557,"column":8},"end":{"line":559,"column":16}},{"start":{"line":560,"column":8},"end":{"line":562,"column":16}},{"start":{"line":563,"column":8},"end":{"line":565,"column":16}},{"start":{"line":566,"column":8},"end":{"line":568,"column":16}}],"line":538},"62":{"loc":{"start":{"line":540,"column":10},"end":{"line":540,"column":49}},"type":"if","locations":[{"start":{"line":540,"column":10},"end":{"line":540,"column":49}},{"start":{"line":540,"column":10},"end":{"line":540,"column":49}}],"line":540},"63":{"loc":{"start":{"line":543,"column":10},"end":{"line":543,"column":79}},"type":"if","locations":[{"start":{"line":543,"column":10},"end":{"line":543,"column":79}},{"start":{"line":543,"column":10},"end":{"line":543,"column":79}}],"line":543},"64":{"loc":{"start":{"line":546,"column":10},"end":{"line":546,"column":81}},"type":"if","locations":[{"start":{"line":546,"column":10},"end":{"line":546,"column":81}},{"start":{"line":546,"column":10},"end":{"line":546,"column":81}}],"line":546},"65":{"loc":{"start":{"line":549,"column":10},"end":{"line":549,"column":81}},"type":"if","locations":[{"start":{"line":549,"column":10},"end":{"line":549,"column":81}},{"start":{"line":549,"column":10},"end":{"line":549,"column":81}}],"line":549},"66":{"loc":{"start":{"line":552,"column":10},"end":{"line":552,"column":55}},"type":"if","locations":[{"start":{"line":552,"column":10},"end":{"line":552,"column":55}},{"start":{"line":552,"column":10},"end":{"line":552,"column":55}}],"line":552},"67":{"loc":{"start":{"line":555,"column":10},"end":{"line":555,"column":55}},"type":"if","locations":[{"start":{"line":555,"column":10},"end":{"line":555,"column":55}},{"start":{"line":555,"column":10},"end":{"line":555,"column":55}}],"line":555},"68":{"loc":{"start":{"line":558,"column":10},"end":{"line":558,"column":67}},"type":"if","locations":[{"start":{"line":558,"column":10},"end":{"line":558,"column":67}},{"start":{"line":558,"column":10},"end":{"line":558,"column":67}}],"line":558},"69":{"loc":{"start":{"line":561,"column":10},"end":{"line":561,"column":67}},"type":"if","locations":[{"start":{"line":561,"column":10},"end":{"line":561,"column":67}},{"start":{"line":561,"column":10},"end":{"line":561,"column":67}}],"line":561},"70":{"loc":{"start":{"line":564,"column":10},"end":{"line":564,"column":73}},"type":"if","locations":[{"start":{"line":564,"column":10},"end":{"line":564,"column":73}},{"start":{"line":564,"column":10},"end":{"line":564,"column":73}}],"line":564},"71":{"loc":{"start":{"line":567,"column":10},"end":{"line":567,"column":73}},"type":"if","locations":[{"start":{"line":567,"column":10},"end":{"line":567,"column":73}},{"start":{"line":567,"column":10},"end":{"line":567,"column":73}}],"line":567},"72":{"loc":{"start":{"line":572,"column":6},"end":{"line":572,"column":49}},"type":"if","locations":[{"start":{"line":572,"column":6},"end":{"line":572,"column":49}},{"start":{"line":572,"column":6},"end":{"line":572,"column":49}}],"line":572},"73":{"loc":{"start":{"line":577,"column":41},"end":{"line":577,"column":56}},"type":"default-arg","locations":[{"start":{"line":577,"column":54},"end":{"line":577,"column":56}}],"line":577},"74":{"loc":{"start":{"line":578,"column":6},"end":{"line":607,"column":7}},"type":"switch","locations":[{"start":{"line":579,"column":8},"end":{"line":580,"column":22}},{"start":{"line":581,"column":8},"end":{"line":582,"column":23}},{"start":{"line":583,"column":8},"end":{"line":584,"column":19}},{"start":{"line":585,"column":8},"end":{"line":586,"column":19}},{"start":{"line":587,"column":8},"end":{"line":588,"column":22}},{"start":{"line":589,"column":8},"end":{"line":590,"column":23}},{"start":{"line":591,"column":8},"end":{"line":593,"column":45}},{"start":{"line":594,"column":8},"end":{"line":596,"column":46}},{"start":{"line":597,"column":8},"end":{"line":597,"column":28}},{"start":{"line":598,"column":8},"end":{"line":599,"column":22}},{"start":{"line":600,"column":8},"end":{"line":601,"column":22}},{"start":{"line":602,"column":8},"end":{"line":603,"column":23}},{"start":{"line":604,"column":8},"end":{"line":606,"column":22}}],"line":578},"75":{"loc":{"start":{"line":593,"column":17},"end":{"line":593,"column":44}},"type":"binary-expr","locations":[{"start":{"line":593,"column":17},"end":{"line":593,"column":37}},{"start":{"line":593,"column":41},"end":{"line":593,"column":44}}],"line":593},"76":{"loc":{"start":{"line":596,"column":17},"end":{"line":596,"column":45}},"type":"binary-expr","locations":[{"start":{"line":596,"column":17},"end":{"line":596,"column":39}},{"start":{"line":596,"column":43},"end":{"line":596,"column":45}}],"line":596},"77":{"loc":{"start":{"line":611,"column":4},"end":{"line":850,"column":5}},"type":"if","locations":[{"start":{"line":611,"column":4},"end":{"line":850,"column":5}},{"start":{"line":611,"column":4},"end":{"line":850,"column":5}}],"line":611},"78":{"loc":{"start":{"line":621,"column":8},"end":{"line":621,"column":48}},"type":"if","locations":[{"start":{"line":621,"column":8},"end":{"line":621,"column":48}},{"start":{"line":621,"column":8},"end":{"line":621,"column":48}}],"line":621},"79":{"loc":{"start":{"line":624,"column":8},"end":{"line":624,"column":86}},"type":"if","locations":[{"start":{"line":624,"column":8},"end":{"line":624,"column":86}},{"start":{"line":624,"column":8},"end":{"line":624,"column":86}}],"line":624},"80":{"loc":{"start":{"line":624,"column":12},"end":{"line":624,"column":72}},"type":"binary-expr","locations":[{"start":{"line":624,"column":12},"end":{"line":624,"column":40}},{"start":{"line":624,"column":44},"end":{"line":624,"column":72}}],"line":624},"81":{"loc":{"start":{"line":671,"column":10},"end":{"line":674,"column":11}},"type":"if","locations":[{"start":{"line":671,"column":10},"end":{"line":674,"column":11}},{"start":{"line":671,"column":10},"end":{"line":674,"column":11}}],"line":671},"82":{"loc":{"start":{"line":671,"column":14},"end":{"line":672,"column":72}},"type":"binary-expr","locations":[{"start":{"line":671,"column":14},"end":{"line":671,"column":59}},{"start":{"line":672,"column":14},"end":{"line":672,"column":72}}],"line":671},"83":{"loc":{"start":{"line":676,"column":10},"end":{"line":679,"column":11}},"type":"if","locations":[{"start":{"line":676,"column":10},"end":{"line":679,"column":11}},{"start":{"line":676,"column":10},"end":{"line":679,"column":11}}],"line":676},"84":{"loc":{"start":{"line":676,"column":14},"end":{"line":677,"column":73}},"type":"binary-expr","locations":[{"start":{"line":676,"column":14},"end":{"line":676,"column":58}},{"start":{"line":677,"column":14},"end":{"line":677,"column":73}}],"line":676},"85":{"loc":{"start":{"line":681,"column":10},"end":{"line":684,"column":11}},"type":"if","locations":[{"start":{"line":681,"column":10},"end":{"line":684,"column":11}},{"start":{"line":681,"column":10},"end":{"line":684,"column":11}}],"line":681},"86":{"loc":{"start":{"line":681,"column":14},"end":{"line":682,"column":72}},"type":"binary-expr","locations":[{"start":{"line":681,"column":14},"end":{"line":681,"column":73}},{"start":{"line":682,"column":14},"end":{"line":682,"column":72}}],"line":681},"87":{"loc":{"start":{"line":692,"column":6},"end":{"line":695,"column":7}},"type":"if","locations":[{"start":{"line":692,"column":6},"end":{"line":695,"column":7}},{"start":{"line":692,"column":6},"end":{"line":695,"column":7}}],"line":692},"88":{"loc":{"start":{"line":702,"column":8},"end":{"line":702,"column":63}},"type":"if","locations":[{"start":{"line":702,"column":8},"end":{"line":702,"column":63}},{"start":{"line":702,"column":8},"end":{"line":702,"column":63}}],"line":702},"89":{"loc":{"start":{"line":707,"column":6},"end":{"line":758,"column":7}},"type":"if","locations":[{"start":{"line":707,"column":6},"end":{"line":758,"column":7}},{"start":{"line":707,"column":6},"end":{"line":758,"column":7}}],"line":707},"90":{"loc":{"start":{"line":710,"column":10},"end":{"line":718,"column":11}},"type":"if","locations":[{"start":{"line":710,"column":10},"end":{"line":718,"column":11}},{"start":{"line":710,"column":10},"end":{"line":718,"column":11}}],"line":710},"91":{"loc":{"start":{"line":712,"column":17},"end":{"line":718,"column":11}},"type":"if","locations":[{"start":{"line":712,"column":17},"end":{"line":718,"column":11}},{"start":{"line":712,"column":17},"end":{"line":718,"column":11}}],"line":712},"92":{"loc":{"start":{"line":714,"column":17},"end":{"line":718,"column":11}},"type":"if","locations":[{"start":{"line":714,"column":17},"end":{"line":718,"column":11}},{"start":{"line":714,"column":17},"end":{"line":718,"column":11}}],"line":714},"93":{"loc":{"start":{"line":716,"column":17},"end":{"line":718,"column":11}},"type":"if","locations":[{"start":{"line":716,"column":17},"end":{"line":718,"column":11}},{"start":{"line":716,"column":17},"end":{"line":718,"column":11}}],"line":716},"94":{"loc":{"start":{"line":722,"column":8},"end":{"line":725,"column":9}},"type":"if","locations":[{"start":{"line":722,"column":8},"end":{"line":725,"column":9}},{"start":{"line":722,"column":8},"end":{"line":725,"column":9}}],"line":722},"95":{"loc":{"start":{"line":728,"column":11},"end":{"line":758,"column":7}},"type":"if","locations":[{"start":{"line":728,"column":11},"end":{"line":758,"column":7}},{"start":{"line":728,"column":11},"end":{"line":758,"column":7}}],"line":728},"96":{"loc":{"start":{"line":728,"column":15},"end":{"line":728,"column":86}},"type":"binary-expr","locations":[{"start":{"line":728,"column":15},"end":{"line":728,"column":48}},{"start":{"line":728,"column":52},"end":{"line":728,"column":86}}],"line":728},"97":{"loc":{"start":{"line":730,"column":32},"end":{"line":730,"column":63}},"type":"binary-expr","locations":[{"start":{"line":730,"column":32},"end":{"line":730,"column":57}},{"start":{"line":730,"column":61},"end":{"line":730,"column":63}}],"line":730},"98":{"loc":{"start":{"line":733,"column":8},"end":{"line":757,"column":9}},"type":"if","locations":[{"start":{"line":733,"column":8},"end":{"line":757,"column":9}},{"start":{"line":733,"column":8},"end":{"line":757,"column":9}}],"line":733},"99":{"loc":{"start":{"line":735,"column":10},"end":{"line":738,"column":11}},"type":"if","locations":[{"start":{"line":735,"column":10},"end":{"line":738,"column":11}},{"start":{"line":735,"column":10},"end":{"line":738,"column":11}}],"line":735},"100":{"loc":{"start":{"line":741,"column":13},"end":{"line":757,"column":9}},"type":"if","locations":[{"start":{"line":741,"column":13},"end":{"line":757,"column":9}},{"start":{"line":741,"column":13},"end":{"line":757,"column":9}}],"line":741},"101":{"loc":{"start":{"line":748,"column":10},"end":{"line":756,"column":11}},"type":"if","locations":[{"start":{"line":748,"column":10},"end":{"line":756,"column":11}},{"start":{"line":748,"column":10},"end":{"line":756,"column":11}}],"line":748},"102":{"loc":{"start":{"line":748,"column":14},"end":{"line":748,"column":96}},"type":"binary-expr","locations":[{"start":{"line":748,"column":14},"end":{"line":748,"column":37}},{"start":{"line":748,"column":41},"end":{"line":748,"column":96}}],"line":748},"103":{"loc":{"start":{"line":762,"column":6},"end":{"line":767,"column":7}},"type":"if","locations":[{"start":{"line":762,"column":6},"end":{"line":767,"column":7}},{"start":{"line":762,"column":6},"end":{"line":767,"column":7}}],"line":762},"104":{"loc":{"start":{"line":775,"column":10},"end":{"line":778,"column":11}},"type":"if","locations":[{"start":{"line":775,"column":10},"end":{"line":778,"column":11}},{"start":{"line":775,"column":10},"end":{"line":778,"column":11}}],"line":775},"105":{"loc":{"start":{"line":793,"column":9},"end":{"line":850,"column":5}},"type":"if","locations":[{"start":{"line":793,"column":9},"end":{"line":850,"column":5}},{"start":{"line":793,"column":9},"end":{"line":850,"column":5}}],"line":793},"106":{"loc":{"start":{"line":801,"column":8},"end":{"line":804,"column":9}},"type":"if","locations":[{"start":{"line":801,"column":8},"end":{"line":804,"column":9}},{"start":{"line":801,"column":8},"end":{"line":804,"column":9}}],"line":801},"107":{"loc":{"start":{"line":808,"column":10},"end":{"line":811,"column":11}},"type":"if","locations":[{"start":{"line":808,"column":10},"end":{"line":811,"column":11}},{"start":{"line":808,"column":10},"end":{"line":811,"column":11}}],"line":808},"108":{"loc":{"start":{"line":826,"column":9},"end":{"line":850,"column":5}},"type":"if","locations":[{"start":{"line":826,"column":9},"end":{"line":850,"column":5}},{"start":{"line":826,"column":9},"end":{"line":850,"column":5}}],"line":826},"109":{"loc":{"start":{"line":831,"column":6},"end":{"line":833,"column":7}},"type":"if","locations":[{"start":{"line":831,"column":6},"end":{"line":833,"column":7}},{"start":{"line":831,"column":6},"end":{"line":833,"column":7}}],"line":831},"110":{"loc":{"start":{"line":837,"column":8},"end":{"line":840,"column":9}},"type":"if","locations":[{"start":{"line":837,"column":8},"end":{"line":840,"column":9}},{"start":{"line":837,"column":8},"end":{"line":840,"column":9}}],"line":837},"111":{"loc":{"start":{"line":864,"column":4},"end":{"line":864,"column":85}},"type":"if","locations":[{"start":{"line":864,"column":4},"end":{"line":864,"column":85}},{"start":{"line":864,"column":4},"end":{"line":864,"column":85}}],"line":864},"112":{"loc":{"start":{"line":865,"column":4},"end":{"line":865,"column":90}},"type":"if","locations":[{"start":{"line":865,"column":4},"end":{"line":865,"column":90}},{"start":{"line":865,"column":4},"end":{"line":865,"column":90}}],"line":865},"113":{"loc":{"start":{"line":865,"column":8},"end":{"line":865,"column":48}},"type":"binary-expr","locations":[{"start":{"line":865,"column":8},"end":{"line":865,"column":22}},{"start":{"line":865,"column":26},"end":{"line":865,"column":48}}],"line":865},"114":{"loc":{"start":{"line":866,"column":4},"end":{"line":866,"column":117}},"type":"if","locations":[{"start":{"line":866,"column":4},"end":{"line":866,"column":117}},{"start":{"line":866,"column":4},"end":{"line":866,"column":117}}],"line":866},"115":{"loc":{"start":{"line":866,"column":8},"end":{"line":866,"column":81}},"type":"binary-expr","locations":[{"start":{"line":866,"column":8},"end":{"line":866,"column":26}},{"start":{"line":866,"column":30},"end":{"line":866,"column":81}}],"line":866},"116":{"loc":{"start":{"line":870,"column":4},"end":{"line":873,"column":5}},"type":"if","locations":[{"start":{"line":870,"column":4},"end":{"line":873,"column":5}},{"start":{"line":870,"column":4},"end":{"line":873,"column":5}}],"line":870},"117":{"loc":{"start":{"line":870,"column":8},"end":{"line":870,"column":36}},"type":"binary-expr","locations":[{"start":{"line":870,"column":8},"end":{"line":870,"column":22}},{"start":{"line":870,"column":26},"end":{"line":870,"column":36}}],"line":870}},"s":{"0":0,"1":0,"2":0,"3":0,"4":0,"5":0,"6":0,"7":0,"8":0,"9":0,"10":0,"11":0,"12":0,"13":0,"14":0,"15":0,"16":0,"17":0,"18":0,"19":0,"20":0,"21":0,"22":0,"23":0,"24":0,"25":0,"26":0,"27":0,"28":0,"29":0,"30":0,"31":0,"32":0,"33":0,"34":0,"35":0,"36":0,"37":0,"38":0,"39":0,"40":0,"41":0,"42":0,"43":0,"44":0,"45":0,"46":0,"47":0,"48":0,"49":0,"50":0,"51":0,"52":0,"53":0,"54":0,"55":0,"56":0,"57":0,"58":0,"59":0,"60":0,"61":0,"62":0,"63":0,"64":0,"65":0,"66":0,"67":0,"68":0,"69":0,"70":0,"71":0,"72":0,"73":0,"74":0,"75":0,"76":0,"77":0,"78":0,"79":0,"80":0,"81":0,"82":0,"83":0,"84":0,"85":0,"86":0,"87":0,"88":0,"89":0,"90":0,"91":0,"92":0,"93":0,"94":0,"95":0,"96":0,"97":0,"98":0,"99":0,"100":0,"101":0,"102":0,"103":0,"104":0,"105":0,"106":0,"107":0,"108":0,"109":0,"110":0,"111":0,"112":0,"113":0,"114":0,"115":0,"116":0,"117":0,"118":0,"119":0,"120":0,"121":0,"122":0,"123":0,"124":0,"125":0,"126":0,"127":0,"128":0,"129":0,"130":0,"131":0,"132":0,"133":0,"134":0,"135":0,"136":0,"137":0,"138":0,"139":0,"140":0,"141":0,"142":0,"143":0,"144":0,"145":0,"146":0,"147":0,"148":0,"149":0,"150":0,"151":0,"152":0,"153":0,"154":0,"155":0,"156":0,"157":0,"158":0,"159":0,"160":0,"161":0,"162":0,"163":0,"164":0,"165":0,"166":0,"167":0,"168":0,"169":0,"170":0,"171":0,"172":0,"173":0,"174":0,"175":0,"176":0,"177":0,"178":0,"179":0,"180":0,"181":0,"182":0,"183":0,"184":0,"185":0,"186":0,"187":0,"188":0,"189":0,"190":0,"191":0,"192":0,"193":0,"194":0,"195":0,"196":0,"197":0,"198":0,"199":0,"200":0,"201":0,"202":0,"203":0,"204":0,"205":0,"206":0,"207":0,"208":0,"209":0,"210":0,"211":0,"212":0,"213":0,"214":0,"215":0,"216":0,"217":0,"218":0,"219":0,"220":0,"221":0,"222":0,"223":0,"224":0,"225":0,"226":0,"227":0,"228":0,"229":0,"230":0,"231":0,"232":0,"233":0,"234":0,"235":0,"236":0,"237":0,"238":0,"239":0,"240":0,"241":0,"242":0,"243":0,"244":0,"245":0,"246":0,"247":0,"248":0,"249":0,"250":0,"251":0,"252":0,"253":0,"254":0,"255":0,"256":0,"257":0,"258":0,"259":0,"260":0,"261":0,"262":0,"263":0,"264":0,"265":0,"266":0,"267":0,"268":0,"269":0,"270":0,"271":0,"272":0,"273":0,"274":0,"275":0,"276":0,"277":0,"278":0,"279":0,"280":0,"281":0,"282":0,"283":0,"284":0,"285":0,"286":0,"287":0,"288":0,"289":0,"290":0,"291":0,"292":0,"293":0,"294":0,"295":0,"296":0,"297":0,"298":0,"299":0,"300":0,"301":0,"302":0,"303":0,"304":0,"305":0,"306":0,"307":0,"308":0,"309":0,"310":0,"311":0,"312":0,"313":0,"314":0,"315":0,"316":0,"317":0,"318":0,"319":0,"320":0,"321":0,"322":0,"323":0,"324":0,"325":0,"326":0,"327":0,"328":0,"329":0,"330":0,"331":0,"332":0,"333":0,"334":0,"335":0,"336":0,"337":0,"338":0,"339":0,"340":0,"341":0,"342":0,"343":0,"344":0,"345":0,"346":0,"347":0,"348":0,"349":0,"350":0,"351":0,"352":0,"353":0,"354":0,"355":0,"356":0,"357":0,"358":0,"359":0,"360":0,"361":0,"362":0,"363":0,"364":0,"365":0,"366":0,"367":0,"368":0,"369":0,"370":0,"371":0,"372":0,"373":0,"374":0,"375":0,"376":0,"377":0,"378":0,"379":0,"380":0,"381":0,"382":0,"383":0,"384":0,"385":0,"386":0,"387":0,"388":0,"389":0,"390":0,"391":0,"392":0,"393":0,"394":0,"395":0,"396":0,"397":0,"398":0,"399":0,"400":0,"401":0,"402":0,"403":0,"404":0,"405":0,"406":0,"407":0,"408":0,"409":0,"410":0,"411":0,"412":0,"413":0,"414":0,"415":0,"416":0},"f":{"0":0,"1":0,"2":0,"3":0,"4":0,"5":0,"6":0,"7":0,"8":0,"9":0,"10":0,"11":0,"12":0,"13":0,"14":0,"15":0,"16":0,"17":0,"18":0,"19":0,"20":0,"21":0,"22":0,"23":0,"24":0,"25":0,"26":0,"27":0,"28":0,"29":0,"30":0,"31":0,"32":0,"33":0,"34":0,"35":0,"36":0,"37":0,"38":0,"39":0,"40":0,"41":0,"42":0},"b":{"0":[0,0],"1":[0,0],"2":[0,0],"3":[0,0],"4":[0],"5":[0,0],"6":[0,0],"7":[0,0],"8":[0,0],"9":[0,0],"10":[0,0],"11":[0,0],"12":[0,0,0],"13":[0,0],"14":[0,0],"15":[0,0],"16":[0,0],"17":[0,0,0,0],"18":[0,0],"19":[0,0],"20":[0,0],"21":[0,0],"22":[0,0],"23":[0,0],"24":[0,0],"25":[0,0],"26":[0,0],"27":[0,0],"28":[0,0],"29":[0,0],"30":[0,0],"31":[0,0],"32":[0,0],"33":[0,0],"34":[0,0],"35":[0,0],"36":[0,0],"37":[0,0],"38":[0,0],"39":[0,0],"40":[0,0],"41":[0,0],"42":[0,0],"43":[0,0],"44":[0,0],"45":[0,0],"46":[0,0],"47":[0,0],"48":[0,0],"49":[0,0],"50":[0,0],"51":[0,0],"52":[0,0],"53":[0,0],"54":[0,0],"55":[0,0],"56":[0,0],"57":[0,0,0,0,0,0],"58":[0,0],"59":[0,0],"60":[0,0],"61":[0,0,0,0,0,0,0,0,0,0],"62":[0,0],"63":[0,0],"64":[0,0],"65":[0,0],"66":[0,0],"67":[0,0],"68":[0,0],"69":[0,0],"70":[0,0],"71":[0,0],"72":[0,0],"73":[0],"74":[0,0,0,0,0,0,0,0,0,0,0,0,0],"75":[0,0],"76":[0,0],"77":[0,0],"78":[0,0],"79":[0,0],"80":[0,0],"81":[0,0],"82":[0,0],"83":[0,0],"84":[0,0],"85":[0,0],"86":[0,0],"87":[0,0],"88":[0,0],"89":[0,0],"90":[0,0],"91":[0,0],"92":[0,0],"93":[0,0],"94":[0,0],"95":[0,0],"96":[0,0],"97":[0,0],"98":[0,0],"99":[0,0],"100":[0,0],"101":[0,0],"102":[0,0],"103":[0,0],"104":[0,0],"105":[0,0],"106":[0,0],"107":[0,0],"108":[0,0],"109":[0,0],"110":[0,0],"111":[0,0],"112":[0,0],"113":[0,0],"114":[0,0],"115":[0,0],"116":[0,0],"117":[0,0]},"all":true},"/Users/kjetilvetlejord/Documents/GitHub/com.chatgtp.assistent/modules/advancedMultilingualMatcher.js":{"path":"/Users/kjetilvetlejord/Documents/GitHub/com.chatgtp.assistent/modules/advancedMultilingualMatcher.js","statementMap":{"0":{"start":{"line":10,"column":29},"end":{"line":10,"column":32}},"1":{"start":{"line":11,"column":27},"end":{"line":11,"column":30}},"2":{"start":{"line":12,"column":33},"end":{"line":12,"column":36}},"3":{"start":{"line":21,"column":2},"end":{"line":21,"column":38}},"4":{"start":{"line":21,"column":22},"end":{"line":21,"column":38}},"5":{"start":{"line":22,"column":2},"end":{"line":22,"column":38}},"6":{"start":{"line":22,"column":22},"end":{"line":22,"column":38}},"7":{"start":{"line":24,"column":17},"end":{"line":24,"column":89}},"8":{"start":{"line":24,"column":58},"end":{"line":24,"column":88}},"9":{"start":{"line":26,"column":2},"end":{"line":26,"column":55}},"10":{"start":{"line":26,"column":15},"end":{"line":26,"column":16}},"11":{"start":{"line":26,"column":38},"end":{"line":26,"column":55}},"12":{"start":{"line":27,"column":2},"end":{"line":27,"column":55}},"13":{"start":{"line":27,"column":15},"end":{"line":27,"column":16}},"14":{"start":{"line":27,"column":38},"end":{"line":27,"column":55}},"15":{"start":{"line":29,"column":2},"end":{"line":38,"column":3}},"16":{"start":{"line":29,"column":15},"end":{"line":29,"column":16}},"17":{"start":{"line":30,"column":4},"end":{"line":37,"column":5}},"18":{"start":{"line":30,"column":17},"end":{"line":30,"column":18}},"19":{"start":{"line":31,"column":24},"end":{"line":31,"column":53}},"20":{"start":{"line":32,"column":6},"end":{"line":36,"column":8}},"21":{"start":{"line":40,"column":2},"end":{"line":40,"column":36}},"22":{"start":{"line":50,"column":2},"end":{"line":50,"column":25}},"23":{"start":{"line":50,"column":16},"end":{"line":50,"column":25}},"24":{"start":{"line":51,"column":20},"end":{"line":51,"column":48}},"25":{"start":{"line":52,"column":2},"end":{"line":52,"column":32}},"26":{"start":{"line":52,"column":23},"end":{"line":52,"column":32}},"27":{"start":{"line":53,"column":19},"end":{"line":53,"column":72}},"28":{"start":{"line":54,"column":2},"end":{"line":54,"column":36}},"29":{"start":{"line":63,"column":2},"end":{"line":63,"column":23}},"30":{"start":{"line":63,"column":13},"end":{"line":63,"column":23}},"31":{"start":{"line":65,"column":2},"end":{"line":76,"column":27}},"32":{"start":{"line":86,"column":2},"end":{"line":86,"column":27}},"33":{"start":{"line":86,"column":17},"end":{"line":86,"column":27}},"34":{"start":{"line":88,"column":26},"end":{"line":99,"column":3}},"35":{"start":{"line":101,"column":18},"end":{"line":101,"column":43}},"36":{"start":{"line":102,"column":2},"end":{"line":104,"column":3}},"37":{"start":{"line":103,"column":4},"end":{"line":103,"column":48}},"38":{"start":{"line":106,"column":2},"end":{"line":106,"column":18}},"39":{"start":{"line":115,"column":2},"end":{"line":115,"column":23}},"40":{"start":{"line":115,"column":13},"end":{"line":115,"column":23}},"41":{"start":{"line":117,"column":21},"end":{"line":117,"column":41}},"42":{"start":{"line":118,"column":16},"end":{"line":118,"column":34}},"43":{"start":{"line":121,"column":24},"end":{"line":127,"column":3}},"44":{"start":{"line":129,"column":2},"end":{"line":133,"column":5}},"45":{"start":{"line":130,"column":4},"end":{"line":132,"column":5}},"46":{"start":{"line":131,"column":6},"end":{"line":131,"column":61}},"47":{"start":{"line":135,"column":2},"end":{"line":135,"column":34}},"48":{"start":{"line":146,"column":2},"end":{"line":148,"column":3}},"49":{"start":{"line":147,"column":4},"end":{"line":147,"column":58}},"50":{"start":{"line":150,"column":26},"end":{"line":150,"column":49}},"51":{"start":{"line":151,"column":31},"end":{"line":151,"column":80}},"52":{"start":{"line":152,"column":26},"end":{"line":152,"column":74}},"53":{"start":{"line":154,"column":18},"end":{"line":154,"column":22}},"54":{"start":{"line":155,"column":23},"end":{"line":155,"column":24}},"55":{"start":{"line":156,"column":19},"end":{"line":156,"column":25}},"56":{"start":{"line":158,"column":2},"end":{"line":211,"column":5}},"57":{"start":{"line":159,"column":32},"end":{"line":159,"column":59}},"58":{"start":{"line":160,"column":37},"end":{"line":160,"column":90}},"59":{"start":{"line":161,"column":32},"end":{"line":161,"column":84}},"60":{"start":{"line":164,"column":4},"end":{"line":169,"column":5}},"61":{"start":{"line":165,"column":6},"end":{"line":165,"column":28}},"62":{"start":{"line":166,"column":6},"end":{"line":166,"column":27}},"63":{"start":{"line":167,"column":6},"end":{"line":167,"column":27}},"64":{"start":{"line":168,"column":6},"end":{"line":168,"column":13}},"65":{"start":{"line":172,"column":4},"end":{"line":178,"column":5}},"66":{"start":{"line":173,"column":6},"end":{"line":177,"column":7}},"67":{"start":{"line":174,"column":8},"end":{"line":174,"column":30}},"68":{"start":{"line":175,"column":8},"end":{"line":175,"column":30}},"69":{"start":{"line":176,"column":8},"end":{"line":176,"column":41}},"70":{"start":{"line":181,"column":4},"end":{"line":190,"column":5}},"71":{"start":{"line":183,"column":25},"end":{"line":184,"column":94}},"72":{"start":{"line":185,"column":6},"end":{"line":189,"column":7}},"73":{"start":{"line":186,"column":8},"end":{"line":186,"column":30}},"74":{"start":{"line":187,"column":8},"end":{"line":187,"column":36}},"75":{"start":{"line":188,"column":8},"end":{"line":188,"column":33}},"76":{"start":{"line":193,"column":23},"end":{"line":193,"column":90}},"77":{"start":{"line":194,"column":4},"end":{"line":198,"column":5}},"78":{"start":{"line":195,"column":6},"end":{"line":195,"column":28}},"79":{"start":{"line":196,"column":6},"end":{"line":196,"column":34}},"80":{"start":{"line":197,"column":6},"end":{"line":197,"column":33}},"81":{"start":{"line":201,"column":4},"end":{"line":210,"column":5}},"82":{"start":{"line":202,"column":6},"end":{"line":209,"column":7}},"83":{"start":{"line":203,"column":35},"end":{"line":203,"column":78}},"84":{"start":{"line":204,"column":8},"end":{"line":208,"column":9}},"85":{"start":{"line":205,"column":10},"end":{"line":205,"column":32}},"86":{"start":{"line":206,"column":10},"end":{"line":206,"column":52}},"87":{"start":{"line":207,"column":10},"end":{"line":207,"column":34}},"88":{"start":{"line":213,"column":2},"end":{"line":219,"column":4}},"89":{"start":{"line":231,"column":2},"end":{"line":233,"column":3}},"90":{"start":{"line":232,"column":4},"end":{"line":232,"column":74}},"91":{"s
[...]
olumn":21}},"38":{"start":{"line":92,"column":15},"end":{"line":95,"column":4}},"39":{"start":{"line":97,"column":18},"end":{"line":105,"column":3}},"40":{"start":{"line":107,"column":2},"end":{"line":131,"column":5}},"41":{"start":{"line":108,"column":16},"end":{"line":124,"column":6}},"42":{"start":{"line":109,"column":25},"end":{"line":109,"column":27}},"43":{"start":{"line":110,"column":6},"end":{"line":110,"column":55}},"44":{"start":{"line":110,"column":31},"end":{"line":110,"column":52}},"45":{"start":{"line":111,"column":6},"end":{"line":123,"column":9}},"46":{"start":{"line":112,"column":8},"end":{"line":122,"column":9}},"47":{"start":{"line":113,"column":29},"end":{"line":113,"column":53}},"48":{"start":{"line":114,"column":10},"end":{"line":119,"column":11}},"49":{"start":{"line":115,"column":12},"end":{"line":115,"column":82}},"50":{"start":{"line":117,"column":12},"end":{"line":117,"column":69}},"51":{"start":{"line":118,"column":12},"end":{"line":118,"column":32}},"52":{"start":{"line":121,"column":10},"end":{"line":121,"column":69}},"53":{"start":{"line":125,"column":4},"end":{"line":128,"column":7}},"54":{"start":{"line":126,"column":6},"end":{"line":126,"column":51}},"55":{"start":{"line":127,"column":6},"end":{"line":127,"column":18}},"56":{"start":{"line":129,"column":4},"end":{"line":129,"column":20}},"57":{"start":{"line":130,"column":4},"end":{"line":130,"column":14}},"58":{"start":{"line":139,"column":14},"end":{"line":139,"column":81}},"59":{"start":{"line":140,"column":19},"end":{"line":140,"column":37}},"60":{"start":{"line":141,"column":15},"end":{"line":141,"column":35}},"61":{"start":{"line":142,"column":2},"end":{"line":146,"column":3}},"62":{"start":{"line":143,"column":4},"end":{"line":143,"column":75}},"63":{"start":{"line":145,"column":4},"end":{"line":145,"column":74}},"64":{"start":{"line":147,"column":2},"end":{"line":147,"column":38}},"65":{"start":{"line":156,"column":2},"end":{"line":167,"column":5}},"66":{"start":{"line":157,"column":4},"end":{"line":166,"column":9}},"67":{"start":{"line":159,"column":19},"end":{"line":159,"column":21}},"68":{"start":{"line":160,"column":8},"end":{"line":160,"column":49}},"69":{"start":{"line":160,"column":33},"end":{"line":160,"column":46}},"70":{"start":{"line":161,"column":8},"end":{"line":161,"column":43}},"71":{"start":{"line":161,"column":28},"end":{"line":161,"column":41}},"72":{"start":{"line":164,"column":8},"end":{"line":164,"column":46}},"73":{"start":{"line":165,"column":8},"end":{"line":165,"column":20}},"74":{"start":{"line":170,"column":0},"end":{"line":170,"column":66}}},"fnMap":{"0":{"name":"initBot","decl":{"start":{"line":16,"column":15},"end":{"line":16,"column":22}},"loc":{"start":{"line":16,"column":30},"end":{"line":35,"column":1}},"line":16},"1":{"name":"onMessage","decl":{"start":{"line":41,"column":9},"end":{"line":41,"column":18}},"loc":{"start":{"line":41,"column":29},"end":{"line":48,"column":1}},"line":41},"2":{"name":"startPolling","decl":{"start":{"line":50,"column":9},"end":{"line":50,"column":21}},"loc":{"start":{"line":50,"column":24},"end":{"line":68,"column":1}},"line":50},"3":{"name":"(anonymous_3)","decl":{"start":{"line":52,"column":10},"end":{"line":52,"column":11}},"loc":{"start":{"line":52,"column":21},"end":{"line":62,"column":5}},"line":52},"4":{"name":"(anonymous_4)","decl":{"start":{"line":53,"column":22},"end":{"line":53,"column":23}},"loc":{"start":{"line":53,"column":32},"end":{"line":59,"column":7}},"line":53},"5":{"name":"(anonymous_5)","decl":{"start":{"line":63,"column":11},"end":{"line":63,"column":12}},"loc":{"start":{"line":63,"column":20},"end":{"line":67,"column":5}},"line":63},"6":{"name":"getUpdates","decl":{"start":{"line":75,"column":15},"end":{"line":75,"column":25}},"loc":{"start":{"line":75,"column":38},"end":{"line":84,"column":1}},"line":75},"7":{"name":"sendMessage","decl":{"start":{"line":91,"column":15},"end":{"line":91,"column":26}},"loc":{"start":{"line":91,"column":41},"end":{"line":132,"column":1}},"line":91},"8":{"name":"(anonymous_8)","decl":{"start":{"line":107,"column":21},"end":{"line":107,"column":22}},"loc":{"start":{"line":107,"column":42},"end":{"line":131,"column":3}},"line":107},"9":{"name":"(anonymous_9)","decl":{"start":{"line":108,"column":39},"end":{"line":108,"column":40}},"loc":{"start":{"line":108,"column":48},"end":{"line":124,"column":5}},"line":108},"10":{"name":"(anonymous_10)","decl":{"start":{"line":110,"column":21},"end":{"line":110,"column":22}},"loc":{"start":{"line":110,"column":31},"end":{"line":110,"column":52}},"line":110},"11":{"name":"(anonymous_11)","decl":{"start":{"line":111,"column":20},"end":{"line":111,"column":21}},"loc":{"start":{"line":111,"column":26},"end":{"line":123,"column":7}},"line":111},"12":{"name":"(anonymous_12)","decl":{"start":{"line":125,"column":20},"end":{"line":125,"column":21}},"loc":{"start":{"line":125,"column":29},"end":{"line":128,"column":5}},"line":125},"13":{"name":"getFileInfo","decl":{"start":{"line":138,"column":15},"end":{"line":138,"column":26}},"loc":{"start":{"line":138,"column":35},"end":{"line":148,"column":1}},"line":138},"14":{"name":"httpGet","decl":{"start":{"line":155,"column":9},"end":{"line":155,"column":16}},"loc":{"start":{"line":155,"column":22},"end":{"line":168,"column":1}},"line":155},"15":{"name":"(anonymous_15)","decl":{"start":{"line":156,"column":21},"end":{"line":156,"column":22}},"loc":{"start":{"line":156,"column":42},"end":{"line":167,"column":3}},"line":156},"16":{"name":"(anonymous_16)","decl":{"start":{"line":158,"column":16},"end":{"line":158,"column":17}},"loc":{"start":{"line":158,"column":25},"end":{"line":162,"column":7}},"line":158},"17":{"name":"(anonymous_17)","decl":{"start":{"line":160,"column":23},"end":{"line":160,"column":24}},"loc":{"start":{"line":160,"column":33},"end":{"line":160,"column":46}},"line":160},"18":{"name":"(anonymous_18)","decl":{"start":{"line":161,"column":22},"end":{"line":161,"column":23}},"loc":{"start":{"line":161,"column":28},"end":{"line":161,"column":41}},"line":161},"19":{"name":"(anonymous_19)","decl":{"start":{"line":163,"column":19},"end":{"line":163,"column":20}},"loc":{"start":{"line":163,"column":28},"end":{"line":166,"column":7}},"line":163}},"branchMap":{"0":{"loc":{"start":{"line":17,"column":2},"end":{"line":19,"column":3}},"type":"if","locations":[{"start":{"line":17,"column":2},"end":{"line":19,"column":3}},{"start":{"line":17,"column":2},"end":{"line":19,"column":3}}],"line":17},"1":{"loc":{"start":{"line":27,"column":4},"end":{"line":29,"column":5}},"type":"if","locations":[{"start":{"line":27,"column":4},"end":{"line":29,"column":5}},{"start":{"line":27,"column":4},"end":{"line":29,"column":5}}],"line":27},"2":{"loc":{"start":{"line":28,"column":22},"end":{"line":28,"column":61}},"type":"binary-expr","locations":[{"start":{"line":28,"column":22},"end":{"line":28,"column":38}},{"start":{"line":28,"column":42},"end":{"line":28,"column":61}}],"line":28},"3":{"loc":{"start":{"line":42,"column":2},"end":{"line":44,"column":3}},"type":"if","locations":[{"start":{"line":42,"column":2},"end":{"line":44,"column":3}},{"start":{"line":42,"column":2},"end":{"line":44,"column":3}}],"line":42},"4":{"loc":{"start":{"line":54,"column":8},"end":{"line":57,"column":9}},"type":"if","locations":[{"start":{"line":54,"column":8},"end":{"line":57,"column":9}},{"start":{"line":54,"column":8},"end":{"line":57,"column":9}}],"line":54},"5":{"loc":{"start":{"line":54,"column":12},"end":{"line":54,"column":45}},"type":"binary-expr","locations":[{"start":{"line":54,"column":12},"end":{"line":54,"column":27}},{"start":{"line":54,"column":31},"end":{"line":54,"column":45}}],"line":54},"6":{"loc":{"start":{"line":75,"column":26},"end":{"line":75,"column":36}},"type":"default-arg","locations":[{"start":{"line":75,"column":35},"end":{"line":75,"column":36}}],"line":75},"7":{"loc":{"start":{"line":79,"column":2},"end":{"line":82,"column":3}},"type":"if","locations":[{"start":{"line":79,"column":2},"end":{"line":82,"column":3}},{"start":{"line":79,"column":2},"end":{"line":82,"column":3}}],"line":79},"8":{"loc":{"start":{"line":114,"column":10},"end":{"line":119,"column":11}},"type":"if","locations":[{"start":{"line":114,"column":10},"end":{"line":119,"column":11}},{"start":{"line":114,"column":10},"end":{"line":119,"column":11}}],"line":114},"9":{"loc":{"start":{"line":115,"column":29},"end":{"line":115,"column":79}},"type":"binary-expr","locations":[{"start":{"line":115,"column":29},"end":{"line":115,"column":51}},{"start":{"line":115,"column":55},"end":{"line":115,"column":79}}],"line":115},"10":{"loc":{"start":{"line":142,"column":2},"end":{"line":146,"column":3}},"type":"if","locations":[{"start":{"line":142,"column":2},"end":{"line":146,"column":3}},{"start":{"line":142,"column":2},"end":{"line":146,"column":3}}],"line":142},"11":{"loc":{"start":{"line":147,"column":9},"end":{"line":147,"column":37}},"type":"cond-expr","locations":[{"start":{"line":147,"column":19},"end":{"line":147,"column":30}},{"start":{"line":147,"column":33},"end":{"line":147,"column":37}}],"line":147}},"s":{"0":0,"1":0,"2":0,"3":0,"4":0,"5":0,"6":0,"7":0,"8":0,"9":0,"10":0,"11":0,"12":0,"13":0,"14":0,"15":0,"16":0,"17":0,"18":0,"19":0,"20":0,"21":0,"22":0,"23":0,"24":0,"25":0,"26":0,"27":0,"28":0,"29":0,"30":0,"31":0,"32":0,"33":0,"34":0,"35":0,"36":0,"37":0,"38":0,"39":0,"40":0,"41":0,"42":0,"43":0,"44":0,"45":0,"46":0,"47":0,"48":0,"49":0,"50":0,"51":0,"52":0,"53":0,"54":0,"55":0,"56":0,"57":0,"58":0,"59":0,"60":0,"61":0,"62":0,"63":0,"64":0,"65":0,"66":0,"67":0,"68":0,"69":0,"70":0,"71":0,"72":0,"73":0,"74":0},"f":{"0":0,"1":0,"2":0,"3":0,"4":0,"5":0,"6":0,"7":0,"8":0,"9":0,"10":0,"11":0,"12":0,"13":0,"14":0,"15":0,"16":0,"17":0,"18":0,"19":0},"b":{"0":[0,0],"1":[0,0],"2":[0,0],"3":[0,0],"4":[0,0],"5":[0,0],"6":[0],"7":[0,0],"8":[0,0],"9":[0,0],"10":[0,0],"11":[0,0]},"all":true},"/Users/kjetilvetlejord/Documents/GitHub/com.chatgtp.assistent/modules/telegramBot.js":{"path":"/Users/kjetilvetlejord/Documents/GitHub/com.chatgtp.assistent/modules/telegramBot.js","statementMap":{"0":{"start":{"line":2,"column":22},"end":{"line":2,"column":43}},"1":{"start":{"line":4,"column":0},"end":{"line":149,"column":2}},"2":{"start":{"line":6,"column":1},"end":{"line":148,"column":4}},"3":{"start":{"line":7,"column":17},"end":{"line":7,"column":28}},"4":{"start":{"line":8,"column":2},"end":{"line":147,"column":3}},"5":{"start":{"line":9,"column":21},"end":{"line":9,"column":23}},"6":{"start":{"line":12,"column":26},"end":{"line":12,"column":30}},"7":{"start":{"line":14,"column":3},"end":{"line":105,"column":4}},"8":{"start":{"line":15,"column":19},"end":{"line":15,"column":36}},"9":{"start":{"line":16,"column":4},"end":{"line":16,"column":51}},"10":{"start":{"line":19,"column":4},"end":{"line":19,"column":77}},"11":{"start":{"line":21,"column":21},"end":{"line":21,"column":59}},"12":{"start":{"line":22,"column":20},"end":{"line":22,"column":122}},"13":{"start":{"line":25,"column":19},"end":{"line":25,"column":52}},"14":{"start":{"line":28,"column":32},"end":{"line":28,"column":65}},"15":{"start":{"line":29,"column":4},"end":{"line":29,"column":64}},"16":{"start":{"line":32,"column":4},"end":{"line":46,"column":5}},"17":{"start":{"line":33,"column":5},"end":{"line":33,"column":39}},"18":{"start":{"line":34,"column":5},"end":{"line":34,"column":29}},"19":{"start":{"line":35,"column":11},"end":{"line":46,"column":5}},"20":{"start":{"line":36,"column":5},"end":{"line":36,"column":44}},"21":{"start":{"line":37,"column":5},"end":{"line":37,"column":61}},"22":{"start":{"line":40,"column":5},"end":{"line":43,"column":6}},"23":{"start":{"line":41,"column":6},"end":{"line":41,"column":56}},"24":{"start":{"line":42,"column":6},"end":{"line":42,"column":104}},"25":{"start":{"line":45,"column":5},"end":{"line":45,"column":22}},"26":{"start":{"line":48,"column":4},"end":{"line":48,"column":83}},"27":{"start":{"line":50,"column":10},"end":{"line":105,"column":4}},"28":{"start":{"line":51,"column":4},"end":{"line":51,"column":27}},"29":{"start":{"line":54,"column":4},"end":{"line":81,"column":5}},"30":{"start":{"line":55,"column":22},"end":{"line":77,"column":84}},"31":{"start":{"line":79,"column":5},"end":{"line":79,"column":54}},"32":{"start":{"line":80,"column":5},"end":{"line":80,"column":12}},"33":{"start":{"line":83,"column":4},"end":{"line":100,"column":5}},"34":{"start":{"line":85,"column":23},"end":{"line":85,"column":47}},"35":{"start":{"line":86,"column":25},"end":{"line":86,"column":68}},"36":{"start":{"line":87,"column":23},"end":{"line":87,"column":64}},"37":{"start":{"line":89,"column":24},"end":{"line":96,"column":27}},"38":{"start":{"line":98,"column":5},"end":{"line":98,"column":56}},"39":{"start":{"line":99,"column":5},"end":{"line":99,"column":12}},"40":{"start":{"line":103,"column":4},"end":{"line":103,"column":110}},"41":{"start":{"line":104,"column":4},"end":{"line":104,"column":11}},"42":{"start":{"line":107,"column":3},"end":{"line":110,"column":4}},"43":{"start":{"line":108,"column":4},"end":{"line":108,"column":101}},"44":{"start":{"line":109,"column":4},"end":{"line":109,"column":11}},"45":{"start":{"line":113,"column":3},"end":{"line":115,"column":4}},"46":{"start":{"line":114,"column":4},"end":{"line":114,"column":76}},"47":{"start":{"line":118,"column":23},"end":{"line":118,"column":85}},"48":{"start":{"line":120,"column":3},"end":{"line":124,"column":4}},"49":{"start":{"line":121,"column":21},"end":{"line":121,"column":45}},"50":{"start":{"line":122,"column":4},"end":{"line":122,"column":53}},"51":{"start":{"line":123,"column":4},"end":{"line":123,"column":11}},"52":{"start":{"line":126,"column":25},"end":{"line":126,"column":67}},"53":{"start":{"line":127,"column":3},"end":{"line":127,"column":57}},"54":{"start":{"line":128,"column":3},"end":{"line":128,"column":62}},"55":{"start":{"line":131,"column":3},"end":{"line":131,"column":49}},"56":{"start":{"line":134,"column":18},"end":{"line":134,"column":44}},"57":{"start":{"line":136,"column":3},"end":{"line":144,"column":4}},"58":{"start":{"line":137,"column":4},"end":{"line":137,"column":82}},"59":{"start":{"line":138,"column":10},"end":{"line":144,"column":4}},"60":{"start":{"line":139,"column":4},"end":{"line":139,"column":95}},"61":{"start":{"line":140,"column":10},"end":{"line":144,"column":4}},"62":{"start":{"line":141,"column":4},"end":{"line":141,"column":59}},"63":{"start":{"line":143,"column":4},"end":{"line":143,"column":35}},"64":{"start":{"line":146,"column":3},"end":{"line":146,"column":52}}},"fnMap":{"0":{"name":"initTelegramListener","decl":{"start":{"line":4,"column":26},"end":{"line":4,"column":46}},"loc":{"start":{"line":4,"column":52},"end":{"line":149,"column":1}},"line":4},"1":{"name":"(anonymous_1)","decl":{"start":{"line":6,"column":11},"end":{"line":6,"column":12}},"loc":{"start":{"line":6,"column":26},"end":{"line":148,"column":2}},"line":6}},"branchMap":{"0":{"loc":{"start":{"line":14,"column":3},"end":{"line":105,"column":4}},"type":"if","locations":[{"start":{"line":14,"column":3},"end":{"line":105,"column":4}},{"start":{"line":14,"column":3},"end":{"line":105,"column":4}}],"line":14},"1":{"loc":{"start":{"line":32,"column":4},"end":{"line":46,"column":5}},"type":"if","locations":[{"start":{"line":32,"column":4},"end":{"line":46,"column":5}},{"start":{"line":32,"column":4},"end":{"line":46,"column":5}}],"line":32},"2":{"loc":{"start":{"line":35,"column":11},"end":{"line":46,"column":5}},"type":"if","locations":[{"start":{"line":35,"column":11},"end":{"line":46,"column":5}},{"start":{"line":35,"column":11},"end":{"line":46,"column":5}}],"line":35},"3":{"loc":{"start":{"line":35,"column":15},"end":{"line":35,"column":62}},"type":"binary-expr","locations":[{"start":{"line":35,"column":15},"end":{"line":35,"column":34}},{"start":{"line":35,"column":38},"end":{"line":35,"column":62}}],"line":35},"4":{"loc":{"start":{"line":37,"column":24},"end":{"line":37,"column":60}},"type":"binary-expr","locations":[{"start":{"line":37,"column":24},"end":{"line":37,"column":52}},{"start":{"line":37,"column":56},"end":{"line":37,"column":60}}],"line":37},"5":{"loc":{"start":{"line":40,"column":5},"end":{"line":43,"column":6}},"type":"if","locations":[{"start":{"line":40,"column":5},"end":{"line":43,"column":6}},{"start":{"line":40,"column":5},"end":{"line":43,"column":6}}],"line":40},"6":{"loc":{"start":{"line":50,"column":10},"end":{"line":105,"column":4}},"type":"if","locations":[{"start":{"line":50,"column":10},"end":{"line":105,"column":4}},{"start":{"line":50,"column":10},"end":{"line":105,"column":4}}],"line":50},"7":{"loc":{"start":{"line":54,"column":4},"end":{"line":81,"column":5}},"type":"if","locations":[{"start":{"line":54,"column":4},"end":{"line":81,"column":5}},{"start":{"line":54,"column":4},"end":{"line":81,"column":5}}],"line":54},"8":{"loc":{"start":{"line":83,"column":4},"end":{"line":100,"column":5}},"type":"if","locations":[{"start":{"line":83,"column":4},"end":{"line":100,"column":5}},{"start":{"line":83,"column":4},"end":{"line":100,"column":5}}],"line":83},"9":{"loc":{"start":{"line":86,"column":37},"end":{"line":86,"column":60}},"type":"binary-expr","locations":[{"start":{"line":86,"column":37},"end":{"line":86,"column":54}},{"start":{"line":86,"column":58},"end":{"line":86,"column":60}}],"line":86},"10":{"loc":{"start":{"line":87,"column":35},"end":{"line":87,"column":56}},"type":"binary-expr","locations":[{"start":{"line":87,"column":35},"end":{"line":87,"column":50}},{"start":{"line":87,"column":54},"end":{"line":87,"column":56}}],"line":87},"11":{"loc":{"start":{"line":107,"column":3},"end":{"line":110,"column":4}},"type":"if","locations":[{"start":{"line":107,"column":3},"end":{"line":110,"column":4}},{"start":{"line":107,"column":3},"end":{"line":110,"column":4}}],"line":107},"12":{"loc":{"start":{"line":107,"column":7},"end":{"line":107,"column":48}},"type":"binary-expr","locations":[{"start":{"line":107,"column":7},"end":{"line":107,"column":19}},{"start":{"line":107,"column":23},"end":{"line":107,"column":48}}],"line":107},"13":{"loc":{"start":{"line":113,"column":3},"end":{"line":115,"column":4}},"type":"if","locations":[{"start":{"line":113,"column":3},"end":{"line":115,"column":4}},{"start":{"line":113,"column":3},"end":{"line":115,"column":4}}],"line":113},"14":{"loc":{"start":{"line":120,"column":3},"end":{"line":124,"column":4}},"type":"if","locations":[{"start":{"line":120,"column":3},"end":{"line":124,"column":4}},{"start":{"line":120,"column":3},"end":{"line":124,"column":4}}],"line":120},"15":{"loc":{"start":{"line":136,"column":3},"end":{"line":144,"column":4}},"type":"if","locations":[{"start":{"line":136,"column":3},"end":{"line":144,"column":4}},{"start":{"line":136,"column":3},"end":{"line":144,"column":4}}],"line":136},"16":{"loc":{"start":{"line":138,"column":10},"end":{"line":144,"column":4}},"type":"if","locations":[{"start":{"line":138,"column":10},"end":{"line":144,"column":4}},{"start":{"line":138,"column":10},"end":{"line":144,"column":4}}],"line":138},"17":{"loc":{"start":{"line":140,"column":10},"end":{"line":144,"column":4}},"type":"if","locations":[{"start":{"line":140,"column":10},"end":{"line":144,"column":4}},{"start":{"line":140,"column":10},"end":{"line":144,"column":4}}],"line":140}},"s":{"0":0,"1":0,"2":0,"3":0,"4":0,"5":0,"6":0,"7":0,"8":0,"9":0,"10":0,"11":0,"12":0,"13":0,"14":0,"15":0,"16":0,"17":0,"18":0,"19":0,"20":0,"21":0,"22":0,"23":0,"24":0,"25":0,"26":0,"27":0,"28":0,"29":0,"30":0,"31":0,"32":0,"33":0,"34":0,"35":0,"36":0,"37":0,"38":0,"39":0,"40":0,"41":0,"42":0,"43":0,"44":0,"45":0,"46":0,"47":0,"48":0,"49":0,"50":0,"51":0,"52":0,"53":0,"54":0,"55":0,"56":0,"57":0,"58":0,"59":0,"60":0,"61":0,"62":0,"63":0,"64":0},"f":{"0":0,"1":0},"b":{"0":[0,0],"1":[0,0],"2":[0,0],"3":[0,0],"4":[0,0],"5":[0,0],"6":[0,0],"7":[0,0],"8":[0,0],"9":[0,0],"10":[0,0],"11":[0,0],"12":[0,0],"13":[0,0],"14":[0,0],"15":[0,0],"16":[0,0],"17":[0,0]},"all":true}}