{"/Users/kjetilvetlejord/Documents/GitHub/com.chatgtp.assistent/modules/commandProcessor.js":{"path":"/Users/kjetilvetlejord/Documents/GitHub/com.chatgtp.assistent/modules/commandProcessor.js","statementMap":{"0":{"start":{"line":14,"column":4},"end":{"line":14,"column":38}},"1":{"start":{"line":24,"column":19},"end":{"line":24,"column":30}},"2":{"start":{"line":25,"column":18},"end":{"line":25,"column":50}},"3":{"start":{"line":28,"column":29},"end":{"line":28,"column":102}},"4":{"start":{"line":31,"column":22},"end":{"line":31,"column":95}},"5":{"start":{"line":32,"column":2},"end":{"line":34,"column":5}},"6":{"start":{"line":33,"column":4},"end":{"line":33,"column":75}},"7":{"start":{"line":37,"column":25},"end":{"line":51,"column":3}},"8":{"start":{"line":53,"column":2},"end":{"line":55,"column":5}},"9":{"start":{"line":54,"column":4},"end":{"line":54,"column":73}},"10":{"start":{"line":58,"column":2},"end":{"line":65,"column":3}},"11":{"start":{"line":59,"column":4},"end":{"line":64,"column":7}},"12":{"start":{"line":60,"column":31},"end":{"line":60,"column":72}},"13":{"start":{"line":61,"column":6},"end":{"line":63,"column":7}},"14":{"start":{"line":62,"column":8},"end":{"line":62,"column":93}},"15":{"start":{"line":67,"column":2},"end":{"line":74,"column":3}},"16":{"start":{"line":68,"column":4},"end":{"line":73,"column":7}},"17":{"start":{"line":69,"column":29},"end":{"line":69,"column":86}},"18":{"start":{"line":70,"column":6},"end":{"line":72,"column":7}},"19":{"start":{"line":71,"column":8},"end":{"line":71,"column":89}},"20":{"start":{"line":76,"column":2},"end":{"line":83,"column":3}},"21":{"start":{"line":77,"column":4},"end":{"line":82,"column":7}},"22":{"start":{"line":78,"column":31},"end":{"line":78,"column":76}},"23":{"start":{"line":79,"column":6},"end":{"line":81,"column":7}},"24":{"start":{"line":80,"column":8},"end":{"line":80,"column":93}},"25":{"start":{"line":86,"column":25},"end":{"line":86,"column":72}},"26":{"start":{"line":89,"column":17},"end":{"line":89,"column":61}},"27":{"start":{"line":90,"column":19},"end":{"line":90,"column":65}},"28":{"start":{"line":93,"column":21},"end":{"line":93,"column":89}},"29":{"start":{"line":95,"column":2},"end":{"line":104,"column":4}},"30":{"start":{"line":115,"column":21},"end":{"line":124,"column":3}},"31":{"start":{"line":127,"column":23},"end":{"line":127,"column":35}},"32":{"start":{"line":130,"column":29},"end":{"line":130,"column":69}},"33":{"start":{"line":131,"column":24},"end":{"line":131,"column":61}},"34":{"start":{"line":134,"column":22},"end":{"line":143,"column":3}},"35":{"start":{"line":146,"column":26},"end":{"line":146,"column":68}},"36":{"start":{"line":148,"column":20},"end":{"line":148,"column":21}},"37":{"start":{"line":149,"column":2},"end":{"line":152,"column":5}},"38":{"start":{"line":150,"column":20},"end":{"line":150,"column":65}},"39":{"start":{"line":151,"column":4},"end":{"line":151,"column":47}},"40":{"start":{"line":151,"column":17},"end":{"line":151,"column":47}},"41":{"start":{"line":155,"column":2},"end":{"line":155,"column":78}},"42":{"start":{"line":155,"column":58},"end":{"line":155,"column":76}},"43":{"start":{"line":166,"column":2},"end":{"line":189,"column":3}},"44":{"start":{"line":168,"column":24},"end":{"line":168,"column":53}},"45":{"start":{"line":169,"column":29},"end":{"line":169,"column":86}},"46":{"start":{"line":172,"column":27},"end":{"line":184,"column":5}},"47":{"start":{"line":186,"column":4},"end":{"line":188,"column":5}},"48":{"start":{"line":187,"column":6},"end":{"line":187,"column":46}},"49":{"start":{"line":192,"column":25},"end":{"line":203,"column":3}},"50":{"start":{"line":205,"column":2},"end":{"line":209,"column":3}},"51":{"start":{"line":206,"column":4},"end":{"line":208,"column":5}},"52":{"start":{"line":207,"column":6},"end":{"line":207,"column":20}},"53":{"start":{"line":212,"column":2},"end":{"line":214,"column":3}},"54":{"start":{"line":213,"column":4},"end":{"line":213,"column":22}},"55":{"start":{"line":216,"column":2},"end":{"line":216,"column":19}},"56":{"start":{"line":226,"column":19},"end":{"line":231,"column":3}},"57":{"start":{"line":234,"column":2},"end":{"line":250,"column":3}},"58":{"start":{"line":236,"column":4},"end":{"line":241,"column":7}},"59":{"start":{"line":237,"column":29},"end":{"line":237,"column":81}},"60":{"start":{"line":238,"column":6},"end":{"line":240,"column":7}},"61":{"start":{"line":239,"column":8},"end":{"line":239,"column":44}},"62":{"start":{"line":244,"column":4},"end":{"line":249,"column":7}},"63":{"start":{"line":245,"column":31},"end":{"line":245,"column":87}},"64":{"start":{"line":246,"column":6},"end":{"line":248,"column":7}},"65":{"start":{"line":247,"column":8},"end":{"line":247,"column":52}},"66":{"start":{"line":253,"column":23},"end":{"line":264,"column":3}},"67":{"start":{"line":266,"column":2},"end":{"line":270,"column":5}},"68":{"start":{"line":267,"column":4},"end":{"line":269,"column":5}},"69":{"start":{"line":268,"column":6},"end":{"line":268,"column":32}},"70":{"start":{"line":273,"column":25},"end":{"line":281,"column":3}},"71":{"start":{"line":283,"column":2},"end":{"line":287,"column":5}},"72":{"start":{"line":284,"column":4},"end":{"line":286,"column":5}},"73":{"start":{"line":285,"column":6},"end":{"line":285,"column":40}},"74":{"start":{"line":290,"column":20},"end":{"line":290,"column":67}},"75":{"start":{"line":291,"column":2},"end":{"line":293,"column":3}},"76":{"start":{"line":292,"column":4},"end":{"line":292,"column":57}},"77":{"start":{"line":295,"column":23},"end":{"line":295,"column":46}},"78":{"start":{"line":296,"column":2},"end":{"line":298,"column":3}},"79":{"start":{"line":297,"column":4},"end":{"line":297,"column":59}},"80":{"start":{"line":301,"column":22},"end":{"line":301,"column":88}},"81":{"start":{"line":302,"column":2},"end":{"line":304,"column":3}},"82":{"start":{"line":303,"column":4},"end":{"line":303,"column":35}},"83":{"start":{"line":306,"column":23},"end":{"line":306,"column":98}},"84":{"start":{"line":307,"column":2},"end":{"line":309,"column":3}},"85":{"start":{"line":308,"column":4},"end":{"line":308,"column":36}},"86":{"start":{"line":311,"column":2},"end":{"line":311,"column":18}},"87":{"start":{"line":323,"column":19},"end":{"line":323,"column":22}},"88":{"start":{"line":326,"column":2},"end":{"line":328,"column":3}},"89":{"start":{"line":327,"column":4},"end":{"line":327,"column":22}},"90":{"start":{"line":331,"column":2},"end":{"line":333,"column":3}},"91":{"start":{"line":332,"column":4},"end":{"line":332,"column":22}},"92":{"start":{"line":336,"column":2},"end":{"line":338,"column":3}},"93":{"start":{"line":337,"column":4},"end":{"line":337,"column":22}},"94":{"start":{"line":341,"column":2},"end":{"line":357,"column":3}},"95":{"start":{"line":343,"column":4},"end":{"line":345,"column":5}},"96":{"start":{"line":344,"column":6},"end":{"line":344,"column":25}},"97":{"start":{"line":346,"column":4},"end":{"line":348,"column":5}},"98":{"start":{"line":347,"column":6},"end":{"line":347,"column":25}},"99":{"start":{"line":349,"column":4},"end":{"line":351,"column":5}},"100":{"start":{"line":350,"column":6},"end":{"line":350,"column":24}},"101":{"start":{"line":354,"column":4},"end":{"line":356,"column":5}},"102":{"start":{"line":355,"column":6},"end":{"line":355,"column":71}},"103":{"start":{"line":360,"column":2},"end":{"line":362,"column":3}},"104":{"start":{"line":361,"column":4},"end":{"line":361,"column":22}},"105":{"start":{"line":365,"column":2},"end":{"line":367,"column":3}},"106":{"start":{"line":366,"column":4},"end":{"line":366,"column":22}},"107":{"start":{"line":369,"column":2},"end":{"line":369,"column":46}},"108":{"start":{"line":378,"column":43},"end":{"line":378,"column":59}},"109":{"start":{"line":380,"column":2},"end":{"line":382,"column":3}},"110":{"start":{"line":381,"column":4},"end":{"line":381,"column":16}},"111":{"start":{"line":384,"column":22},"end":{"line":384,"column":24}},"112":{"start":{"line":386,"column":2},"end":{"line":388,"column":3}},"113":{"start":{"line":387,"column":4},"end":{"line":387,"column":76}},"114":{"start":{"line":390,"column":2},"end":{"line":392,"column":3}},"115":{"start":{"line":391,"column":4},"end":{"line":391,"column":88}},"116":{"start":{"line":394,"column":2},"end":{"line":396,"column":3}},"117":{"start":{"line":395,"column":4},"end":{"line":395,"column":72}},"118":{"start":{"line":398,"column":2},"end":{"line":400,"column":3}},"119":{"start":{"line":399,"column":4},"end":{"line":399,"column":93}},"120":{"start":{"line":402,"column":2},"end":{"line":402,"column":48}},"121":{"start":{"line":412,"column":24},"end":{"line":418,"column":3}},"122":{"start":{"line":420,"column":17},"end":{"line":420,"column":23}},"123":{"start":{"line":423,"column":2},"end":{"line":430,"column":5}},"124":{"start":{"line":424,"column":24},"end":{"line":424,"column":26}},"125":{"start":{"line":425,"column":4},"end":{"line":428,"column":7}},"126":{"start":{"line":426,"column":20},"end":{"line":426,"column":38}},"127":{"start":{"line":427,"column":6},"end":{"line":427,"column":33}},"128":{"start":{"line":429,"column":4},"end":{"line":429,"column":27}},"129":{"start":{"line":433,"column":2},"end":{"line":446,"column":7}},"130":{"start":{"line":434,"column":16},"end":{"line":434,"column":26}},"131":{"start":{"line":435,"column":19},"end":{"line":435,"column":33}},"132":{"start":{"line":438,"column":24},"end":{"line":438,"column":46}},"133":{"start":{"line":439,"column":6},"end":{"line":445,"column":8}},"134":{"start":{"line":449,"column":0},"end":{"line":457,"column":2}}},"fnMap":{"0":{"name":"preprocessCommand","decl":{"start":{"line":23,"column":9},"end":{"line":23,"column":26}},"loc":{"start":{"line":23,"column":86},"end":{"line":105,"column":1}},"line":23},"1":{"name":"(anonymous_1)","decl":{"start":{"line":32,"column":22},"end":{"line":32,"column":23}},"loc":{"start":{"line":32,"column":32},"end":{"line":34,"column":3}},"line":32},"2":{"name":"(anonymous_2)","decl":{"start":{"line":53,"column":41},"end":{"line":53,"column":42}},"loc":{"start":{"line":53,"column":57},"end":{"line":55,"column":3}},"line":53},"3":{"name":"(anonymous_3)","decl":{"start":{"line":59,"column":39},"end":{"line":59,"column":40}},"loc":{"start":{"line":59,"column":49},"end":{"line":64,"column":5}},"line":59},"4":{"name":"(anonymous_4)","decl":{"start":{"line":68,"column":37},"end":{"line":68,"column":38}},"loc":{"start":{"line":68,"column":45},"end":{"line":73,"column":5}},"line":68},"5":{"name":"(anonymous_5)","decl":{"start":{"line":77,"column":43},"end":{"line":77,"column":44}},"loc":{"start":{"line":77,"column":53},"end":{"line":82,"column":5}},"line":77},"6":{"name":"detectMultiCommand","decl":{"start":{"line":113,"column":9},"end":{"line":113,"column":27}},"loc":{"start":{"line":113,"column":51},"end":{"line":156,"column":1}},"line":113},"7":{"name":"(anonymous_7)","decl":{"start":{"line":149,"column":26},"end":{"line":149,"column":27}},"loc":{"start":{"line":149,"column":34},"end":{"line":152,"column":3}},"line":149},"8":{"name":"(anonymous_8)","decl":{"start":{"line":155,"column":47},"end":{"line":155,"column":48}},"loc":{"start":{"line":155,"column":58},"end":{"line":155,"column":76}},"line":155},"9":{"name":"extractIntent","decl":{"start":{"line":164,"column":9},"end":{"line":164,"column":22}},"loc":{"start":{"line":164,"column":56},"end":{"line":217,"column":1}},"line":164},"10":{"name":"extractEntities","decl":{"start":{"line":225,"column":9},"end":{"line":225,"column":24}},"loc":{"start":{"line":225,"column":58},"end":{"line":312,"column":1}},"line":225},"11":{"name":"(anonymous_11)","decl":{"start":{"line":236,"column":37},"end":{"line":236,"column":38}},"loc":{"start":{"line":236,"column":45},"end":{"line":241,"column":5}},"line":236},"12":{"name":"(anonymous_12)","decl":{"start":{"line":244,"column":43},"end":{"line":244,"column":44}},"loc":{"start":{"line":244,"column":53},"end":{"line":249,"column":5}},"line":244},"13":{"name":"(anonymous_13)","decl":{"start":{"line":266,"column":39},"end":{"line":266,"column":40}},"loc":{"start":{"line":266,"column":60},"end":{"line":270,"column":3}},"line":266},"14":{"name":"(anonymous_14)","decl":{"start":{"line":283,"column":41},"end":{"line":283,"column":42}},"loc":{"start":{"line":283,"column":64},"end":{"line":287,"column":3}},"line":283},"15":{"name":"calculateConfidence","decl":{"start":{"line":322,"column":9},"end":{"line":322,"column":28}},"loc":{"start":{"line":322,"column":80},"end":{"line":370,"column":1}},"line":322},"16":{"name":"suggestImprovement","decl":{"start":{"line":377,"column":9},"end":{"line":377,"column":27}},"loc":{"start":{"line":377,"column":46},"end":{"line":403,"column":1}},"line":377},"17":{"name":"parseMultiCommand","decl":{"start":{"line":410,"column":9},"end":{"line":410,"column":26}},"loc":{"start":{"line":410,"column":33},"end":{"line":447,"column":1}},"line":410},"18":{"name":"(anonymous_18)","decl":{"start":{"line":423,"column":24},"end":{"line":423,"column":25}},"loc":{"start":{"line":423,"column":35},"end":{"line":430,"column":3}},"line":423},"19":{"name":"(anonymous_19)","decl":{"start":{"line":425,"column":21},"end":{"line":425,"column":22}},"loc":{"start":{"line":425,"column":28},"end":{"line":428,"column":5}},"line":425},"20":{"name":"(anonymous_20)","decl":{"start":{"line":434,"column":9},"end":{"line":434,"column":10}},"loc":{"start":{"line":434,"column":16},"end":{"line":434,"column":26}},"line":434},"21":{"name":"(anonymous_21)","decl":{"start":{"line":435,"column":12},"end":{"line":435,"column":13}},"loc":{"start":{"line":435,"column":19},"end":{"line":435,"column":33}},"line":435},"22":{"name":"(anonymous_22)","decl":{"start":{"line":436,"column":9},"end":{"line":436,"column":10}},"loc":{"start":{"line":436,"column":16},"end":{"line":446,"column":5}},"line":436}},"branchMap":{"0":{"loc":{"start":{"line":23,"column":40},"end":{"line":23,"column":63}},"type":"default-arg","locations":[{"start":{"line":23,"column":59},"end":{"line":23,"column":63}}],"line":23},"1":{"loc":{"start":{"line":23,"column":65},"end":{"line":23,"column":84}},"type":"default-arg","locations":[{"start":{"line":23,"column":82},"end":{"line":23,"column":84}}],"line":23},"2":{"loc":{"start":{"line":58,"column":2},"end":{"line":65,"column":3}},"type":"if","locations":[{"start":{"line":58,"column":2},"end":{"line":65,"column":3}},{"start":{"line":58,"column":2},"end":{"line":65,"column":3}}],"line":58},"3":{"loc":{"start":{"line":61,"column":6},"end":{"line":63,"column":7}},"type":"if","locations":[{"start":{"line":61,"column":6},"end":{"line":63,"column":7}},{"start":{"line":61,"column":6},"end":{"line":63,"column":7}}],"line":61},"4":{"loc":{"start":{"line":67,"column":2},"end":{"line":74,"column":3}},"type":"if","locations":[{"start":{"line":67,"column":2},"end":{"line":74,"column":3}},{"start":{"line":67,"column":2},"end":{"line":74,"column":3}}],"line":67},"5":{"loc":{"start":{"line":70,"column":6},"end":{"line":72,"column":7}},"type":"if","locations":[{"start":{"line":70,"column":6},"end":{"line":72,"column":7}},{"start":{"line":70,"column":6},"end":{"line":72,"column":7}}],"line":70},"6":{"loc":{"start":{"line":76,"column":2},"end":{"line":83,"column":3}},"type":"if","locations":[{"start":{"line":76,"column":2},"end":{"line":83,"column":3}},{"start":{"line":76,"column":2},"end":{"line":83,"column":3}}],"line":76},"7":{"loc":{"start":{"line":79,"column":6},"end":{"line":81,"column":7}},"type":"if","locations":[{"start":{"line":79,"column":6},"end":{"line":81,"column":7}},{"start":{"line":79,"column":6},"end":{"line":81,"column":7}}],"line":79},"8":{"loc":{"start":{"line":113,"column":34},"end":{"line":113,"column":49}},"type":"default-arg","locations":[{"start":{"line":113,"column":45},"end":{"line":113,"column":49}}],"line":113},"9":{"loc":{"start":{"line":130,"column":29},"end":{"line":130,"column":69}},"type":"binary-expr","locations":[{"start":{"line":130,"column":29},"end":{"line":130,"column":49}},{"start":{"line":130,"column":53},"end":{"line":130,"column":69}}],"line":130},"10":{"loc":{"start":{"line":146,"column":26},"end":{"line":146,"column":68}},"type":"binary-expr","locations":[{"start":{"line":146,"column":26},"end":{"line":146,"column":47}},{"start":{"line":146,"column":51},"end":{"line":146,"column":68}}],"line":146},"11":{"loc":{"start":{"line":151,"column":4},"end":{"line":151,"column":47}},"type":"if","locations":[{"start":{"line":151,"column":4},"end":{"line":151,"column":47}},{"start":{"line":151,"column":4},"end":{"line":151,"column":47}}],"line":151},"12":{"loc":{"start":{"line":155,"column":9},"end":{"line":155,"column":77}},"type":"binary-expr","locations":[{"start":{"line":155,"column":9},"end":{"line":155,"column":24}},{"start":{"line":155,"column":28},"end":{"line":155,"column":77}}],"line":155},"13":{"loc":{"start":{"line":164,"column":29},"end":{"line":164,"column":54}},"type":"default-arg","locations":[{"start":{"line":164,"column":50},"end":{"line":164,"column":54}}],"line":164},"14":{"loc":{"start":{"line":166,"column":2},"end":{"line":189,"column":3}},"type":"if","locations":[{"start":{"line":166,"column":2},"end":{"line":189,"column":3}},{"start":{"line":166,"column":2},"end":{"line":189,"column":3}}],"line":166},"15":{"loc":{"start":{"line":166,"column":6},"end":{"line":166,"column":65}},"type":"binary-expr","locations":[{"start":{"line":166,"column":6},"end":{"line":166,"column":24}},{"start":{"line":166,"column":28},"end":{"line":166,"column":65}}],"line":166},"16":{"loc":{"start":{"line":186,"column":4},"end":{"line":188,"column":5}},"type":"if","locations":[{"start":{"line":186,"column":4},"end":{"line":188,"column":5}},{"start":{"line":186,"column":4},"end":{"line":188,"column":5}}],"line":186},"17":{"loc":{"start":{"line":206,"column":4},"end":{"line":208,"column":5}},"type":"if","locations":[{"start":{"line":206,"column":4},"end":{"line":208,"column":5}},{"start":{"line":206,"column":4},"end":{"line":208,"column":5}}],"line":206},"18":{"loc":{"start":{"line":212,"column":2},"end":{"line":214,"column":3}},"type":"if","locations":[{"start":{"line":212,"column":2},"end":{"line":214,"column":3}},{"start":{"line":212,"column":2},"end":{"line":214,"column":3}}],"line":212},"19":{"loc":{"start":{"line":225,"column":31},"end":{"line":225,"column":56}},"type":"default-arg","locations":[{"start":{"line":225,"column":52},"end":{"line":225,"column":56}}],"line":225},"20":{"loc":{"start":{"line":234,"column":2},"end":{"line":250,"column":3}},"type":"if","locations":[{"start":{"line":234,"column":2},"end":{"line":250,"column":3}},{"start":{"line":234,"column":2},"end":{"line":250,"column":3}}],"line":234},"21":{"loc":{"start":{"line":238,"column":6},"end":{"line":240,"column":7}},"type":"if","locations":[{"start":{"line":238,"column":6},"end":{"line":240,"column":7}},{"start":{"line":238,"column":6},"end":{"line":240,"column":7}}],"line":238},"22":{"loc":{"start":{"line":238,"column":10},"end":{"line":238,"column":68}},"type":"binary-expr","locations":[{"start":{"line":238,"column":10},"end":{"line":238,"column":24}},{"start":{"line":238,"column":28},"end":{"line":238,"column":68}}],"line":238},"23":{"loc":{"start":{"line":246,"column":6},"end":{"line":248,"column":7}},"type":"if","locations":[{"start":{"line":246,"column":6},"end":{"line":248,"column":7}},{"start":{"line":246,"column":6},"end":{"line":248,"column":7}}],"line":246},"24":{"loc":{"start":{"line":246,"column":10},"end":{"line":246,"column":78}},"type":"binary-expr","locations":[{"start":{"line":246,"column":10},"end":{"line":246,"column":26}},{"start":{"line":246,"column":30},"end":{"line":246,"column":78}}],"line":246},"25":{"loc":{"start":{"line":267,"column":4},"end":{"line":269,"column":5}},"type":"if","locations":[{"start":{"line":267,"column":4},"end":{"line":269,"column":5}},{"start":{"line":267,"column":4},"end":{"line":269,"column":5}}],"line":267},"26":{"loc":{"start":{"line":267,"column":8},"end":{"line":267,"column":60}},"type":"binary-expr","locations":[{"start":{"line":267,"column":8},"end":{"line":267,"column":26}},{"start":{"line":267,"column":30},"end":{"line":267,"column":60}}],"line":267},"27":{"loc":{"start":{"line":284,"column":4},"end":{"line":286,"column":5}},"type":"if","locations":[{"start":{"line":284,"column":4},"end":{"line":286,"column":5}},{"start":{"line":284,"column":4},"end":{"line":286,"column":5}}],"line":284},"28":{"loc":{"start":{"line":284,"column":8},"end":{"line":284,"column":68}},"type":"binary-expr","locations":[{"start":{"line":284,"column":8},"end":{"line":284,"column":26}},{"start":{"line":284,"column":30},"end":{"line":284,"column":68}}],"line":284},"29":{"loc":{"start":{"line":291,"column":2},"end":{"line":293,"column":3}},"type":"if","locations":[{"start":{"line":291,"column":2},"end":{"line":293,"column":3}},{"start":{"line":291,"column":2},"end":{"line":293,"column":3}}],"line":291},"30":{"loc":{"start":{"line":296,"column":2},"end":{"line":298,"column":3}},"type":"if","locations":[{"start":{"line":296,"column":2},"end":{"line":298,"column":3}},{"start":{"line":296,"column":2},"end":{"line":298,"column":3}}],"line":296},"31":{"loc":{"start":{"line":302,"column":2},"end":{"line":304,"column":3}},"type":"if","locations":[{"start":{"line":302,"column":2},"end":{"line":304,"column":3}},{"start":{"line":302,"column":2},"end":{"line":304,"column":3}}],"line":302},"32":{"loc":{"start":{"line":307,"column":2},"end":{"line":309,"column":3}},"type":"if","locations":[{"start":{"line":307,"column":2},"end":{"line":309,"column":3}},{"start":{"line":307,"column":2},"end":{"line":309,"column":3}}],"line":307},"33":{"loc":{"start":{"line":322,"column":53},"end":{"line":322,"column":78}},"type":"default-arg","locations":[{"start":{"line":322,"column":74},"end":{"line":322,"column":78}}],"line":322},"34":{"loc":{"start":{"line":326,"column":2},"end":{"line":328,"column":3}},"type":"if","locations":[{"start":{"line":326,"column":2},"end":{"line":328,"column":3}},{"start":{"line":326,"column":2},"end":{"line":328,"column":3}}],"line":326},"35":{"loc":{"start":{"line":326,"column":6},"end":{"line":326,"column":76}},"type":"binary-expr","locations":[{"start":{"line":326,"column":6},"end":{"line":326,"column":26}},{"start":{"line":326,"column":30},"end":{"line":326,"column":76}}],"line":326},"36":{"loc":{"start":{"line":331,"column":2},"end":{"line":333,"column":3}},"type":"if","locations":[{"start":{"line":331,"column":2},"end":{"line":333,"column":3}},{"start":{"line":331,"column":2},"end":{"line":333,"column":3}}],"line":331},"37":{"loc":{"start":{"line":336,"column":2},"end":{"line":338,"column":3}},"type":"if","locations":[{"start":{"line":336,"column":2},"end":{"line":338,"column":3}},{"start":{"line":336,"column":2},"end":{"line":338,"column":3}}],"line":336},"38":{"loc":{"start":{"line":341,"column":2},"end":{"line":357,"column":3}},"type":"if","locations":[{"start":{"line":341,"column":2},"end":{"line":357,"column":3}},{"start":{"line":341,"column":2},"end":{"line":357,"column":3}}],"line":341},"39":{"loc":{"start":{"line":343,"column":4},"end":{"line":345,"column":5}},"type":"if","locations":[{"start":{"line":343,"column":4},"end":{"line":345,"column":5}},{"start":{"line":343,"column":4},"end":{"line":345,"column":5}}],"line":343},"40":{"loc":{"start":{"line":346,"column":4},"end":{"line":348,"column":5}},"type":"if","locations":[{"start":{"line":346,"column":4},"end":{"line":348,"column":5}},{"start":{"line":346,"column":4},"end":{"line":348,"column":5}}],"line":346},"41":{"loc":{"start":{"line":349,"column":4},"end":{"line":351,"column":5}},"type":"if","locations":[{"start":{"line":349,"column":4},"end":{"line":351,"column":5}},{"start":{"line":349,"column":4},"end":{"line":351,"column":5}}],"line":349},"42":{"loc":{"start":{"line":354,"column":4},"end":{"line":356,"column":5}},"type":"if","locations":[{"start":{"line":354,"column":4},"end":{"line":356,"column":5}},{"start":{"line":354,"column":4},"end":{"line":356,"column":5}}],"line":354},"43":{"loc":{"start":{"line":360,"column":2},"end":{"line":362,"column":3}},"type":"if","locations":[{"start":{"line":360,"column":2},"end":{"line":362,"column":3}},{"start":{"line":360,"column":2},"end":{"line":362,"column":3}}],"line":360},"44":{"loc":{"start":{"line":365,"column":2},"end":{"line":367,"column":3}},"type":"if","locations":[{"start":{"line":365,"column":2},"end":{"line":367,"column":3}},{"start":{"line":365,"column":2},"end":{"line":367,"column":3}}],"line":365},"45":{"loc":{"start":{"line":365,"column":6},"end":{"line":365,"column":70}},"type":"binary-expr","locations":[{"start":{"line":365,"column":6},"end":{"line":365,"column":33}},{"start":{"line":365,"column":37},"end":{"line":365,"column":70}}],"line":365},"46":{"loc":{"start":{"line":380,"column":2},"end":{"line":382,"column":3}},"type":"if","locations":[{"start":{"line":380,"column":2},"end":{"line":382,"column":3}},{"start":{"line":380,"column":2},"end":{"line":382,"column":3}}],"line":380},"47":{"loc":{"start":{"line":386,"column":2},"end":{"line":388,"column":3}},"type":"if","locations":[{"start":{"line":386,"column":2},"end":{"line":388,"column":3}},{"start":{"line":386,"column":2},"end":{"line":388,"column":3}}],"line":386},"48":{"loc":{"start":{"line":390,"column":2},"end":{"line":392,"column":3}},"type":"if","locations":[{"start":{"line":390,"column":2},"end":{"line":392,"column":3}},{"start":{"line":390,"column":2},"end":{"line":392,"column":3}}],"line":390},"49":{"loc":{"start":{"line":390,"column":6},"end":{"line":390,"column":98}},"type":"binary-expr","locations":[{"start":{"line":390,"column":6},"end":{"line":390,"column":26}},{"start":{"line":390,"column":30},"end":{"line":390,"column":98}}],"line":390},"50":{"loc":{"start":{"line":394,"column":2},"end":{"line":396,"column":3}},"type":"if","locations":[{"start":{"line":394,"column":2},"end":{"line":396,"column":3}},{"start":{"line":394,"column":2},"end":{"line":396,"column":3}}],"line":394},"51":{"loc":{"start":{"line":394,"column":6},"end":{"line":394,"column":70}},"type":"binary-expr","locations":[{"start":{"line":394,"column":6},"end":{"line":394,"column":39}},{"start":{"line":394,"column":43},"end":{"line":394,"column":70}}],"line":394},"52":{"loc":{"start":{"line":398,"column":2},"end":{"line":400,"column":3}},"type":"if","locations":[{"start":{"line":398,"column":2},"end":{"line":400,"column":3}},{"start":{"line":398,"column":2},"end":{"line":400,"column":3}}],"line":398}},"s":{"0":1,"1":16,"2":16,"3":16,"4":16,"5":16,"6":96,"7":16,"8":16,"9":208,"10":16,"11":12,"12":12,"13":12,"14":0,"15":16,"16":8,"17":8,"18":8,"19":0,"20":16,"21":10,"22":11,"23":11,"24":0,"25":16,"26":16,"27":16,"28":16,"29":16,"30":19,"31":19,"32":19,"33":19,"34":19,"35":19,"36":19,"37":19,"38":209,"39":209,"40":15,"41":19,"42":113,"43":16,"44":12,"45":12,"46":12,"47":12,"48":12,"49":4,"50":4,"51":40,"52":2,"53":2,"54":0,"55":2,"56":16,"57":16,"58":16,"59":8,"60":8,"61":8,"62":16,"63":11,"64":11,"65":11,"66":16,"67":16,"68":160,"69":2,"70":16,"71":16,"72":112,"73":6,"74":16,"75":16,"76":1,"77":16,"78":16,"79":2,"80":16,"81":16,"82":2,"83":16,"84":16,"85":0,"86":16,"87":16,"88":16,"89":13,"90":16,"91":8,"92":16,"93":12,"94":16,"95":16,"96":8,"97":16,"98":12,"99":16,"100":10,"101":16,"102":14,"103":16,"104":1,"105":16,"106":3,"107":16,"108":0,"109":0,"110":0,"111":0,"112":0,"113":0,"114":0,"115":0,"116":0,"117":0,"118":0,"119":0,"120":0,"121":2,"122":2,"123":2,"124":10,"125":10,"126":18,"127":18,"128":10,"129":2,"130":4,"131":4,"132":4,"133":4,"134":1},"f":{"0":16,"1":96,"2":208,"3":12,"4":8,"5":11,"6":19,"7":209,"8":113,"9":16,"10":16,"11":8,"12":11,"13":160,"14":112,"15":16,"16":0,"17":2,"18":10,"19":18,"20":4,"21":4,"22":4},"b":{"0":[16],"1":[16],"2":[12,4],"3":[0,12],"4":[8,8],"5":[0,8],"6":[10,6],"7":[0,11],"8":[3],"9":[19,0],"10":[19,0],"11":[15,194],"12":[19,17],"13":[0],"14":[12,4],"15":[16,16],"16":[12,0],"17":[2,38],"18":[0,2],"19":[0],"20":[16,0],"21":[8,0],"22":[8,8],"23":[11,0],"24":[11,11],"25":[2,158],"26":[160,8],"27":[6,106],"28":[112,13],"29":[1,15],"30":[2,14],"31":[2,14],"32":[0,16],"33":[0],"34":[13,3],"35":[16,9],"36":[8,8],"37":[12,4],"38":[16,0],"39":[8,8],"40":[12,4],"41":[10,6],"42":[14,2],"43":[1,15],"44":[3,13],"45":[16,8],"46":[0,0],"47":[0,0],"48":[0,0],"49":[0,0],"50":[0,0],"51":[0,0],"52":[0,0]},"_coverageSchema":"1a1c01bbd47fc00a2c39e90264f33305004495a9","hash":"996c76c73aa4124df2f337837ecc0d78369003bc","contentHash":"37a4050448cb00f8edd405e041aca996f442b349a34d21d016b1d8225bc5ecee"},"/Users/kjetilvetlejord/Documents/GitHub/com.chatgtp.assistent/modules/multilingualProcessor.js":{"path":"/Users/kjetilvetlejord/Documents/GitHub/com.chatgtp.assistent/modules/multilingualProcessor.js","statementMap":{"0":{"start":{"line":9,"column":26},"end":{"line":122,"column":1}},"1":{"start":{"line":125,"column":28},"end":{"line":230,"column":1}},"2":{"start":{"line":233,"column":28},"end":{"line":314,"column":1}},"3":{"start":{"line":322,"column":4},"end":{"line":322,"column":44}},"4":{"start":{"line":333,"column":2},"end":{"line":333,"column":27}},"5":{"start":{"line":333,"column":17},"end":{"line":333,"column":27}},"6":{"start":{"line":335,"column":24},"end":{"line":335,"column":53}},"7":{"start":{"line":338,"column":2},"end":{"line":340,"column":3}},"8":{"start":{"line":339,"column":4},"end":{"line":339,"column":71}},"9":{"start":{"line":343,"column":2},"end":{"line":352,"column":3}},"10":{"start":{"line":344,"column":24},"end":{"line":344,"column":101}},"11":{"start":{"line":346,"column":4},"end":{"line":349,"column":5}},"12":{"start":{"line":347,"column":6},"end":{"line":347,"column":159}},"13":{"start":{"line":348,"column":6},"end":{"line":348,"column":45}},"14":{"start":{"line":351,"column":4},"end":{"line":351,"column":82}},"15":{"start":{"line":355,"column":2},"end":{"line":355,"column":69}},"16":{"start":{"line":366,"column":2},"end":{"line":366,"column":27}},"17":{"start":{"line":366,"column":17},"end":{"line":366,"column":27}},"18":{"start":{"line":368,"column":24},"end":{"line":368,"column":53}},"19":{"start":{"line":369,"column":27},"end":{"line":369,"column":42}},"20":{"start":{"line":372,"column":2},"end":{"line":374,"column":3}},"21":{"start":{"line":373,"column":4},"end":{"line":373,"column":25}},"22":{"start":{"line":377,"column":2},"end":{"line":426,"column":3}},"23":{"start":{"line":378,"column":23},"end":{"line":380,"column":5}},"24":{"start":{"line":379,"column":6},"end":{"line":379,"column":42}},"25":{"start":{"line":381,"column":4},"end":{"line":383,"column":5}},"26":{"start":{"line":382,"column":6},"end":{"line":382,"column":38}},"27":{"start":{"line":386,"column":25},"end":{"line":389,"column":5}},"28":{"start":{"line":387,"column":6},"end":{"line":388,"column":48}},"29":{"start":{"line":390,"column":4},"end":{"line":392,"column":5}},"30":{"start":{"line":391,"column":6},"end":{"line":391,"column":40}},"31":{"start":{"line":395,"column":4},"end":{"line":425,"column":5}},"32":{"start":{"line":397,"column":29},"end":{"line":397,"column":68}},"33":{"start":{"line":398,"column":26},"end":{"line":398,"column":46}},"34":{"start":{"line":401,"column":31},"end":{"line":403,"column":7}},"35":{"start":{"line":402,"column":8},"end":{"line":402,"column":76}},"36":{"start":{"line":405,"column":27},"end":{"line":420,"column":8}},"37":{"start":{"line":406,"column":26},"end":{"line":406,"column":62}},"38":{"start":{"line":407,"column":34},"end":{"line":407,"column":66}},"39":{"start":{"line":408,"column":31},"end":{"line":408,"column":60}},"40":{"start":{"line":409,"column":35},"end":{"line":409,"column":66}},"41":{"start":{"line":411,"column":8},"end":{"line":419,"column":54}},"42":{"start":{"line":422,"column":6},"end":{"line":424,"column":7}},"43":{"start":{"line":423,"column":8},"end":{"line":423,"column":42}},"44":{"start":{"line":429,"column":24},"end":{"line":429,"column":57}},"45":{"start":{"line":431,"column":2},"end":{"line":449,"column":3}},"46":{"start":{"line":432,"column":4},"end":{"line":448,"column":5}},"47":{"start":{"line":433,"column":6},"end":{"line":434,"column":55}},"48":{"start":{"line":437,"column":6},"end":{"line":446,"column":7}},"49":{"start":{"line":438,"column":29},"end":{"line":441,"column":9}},"50":{"start":{"line":439,"column":10},"end":{"line":440,"column":64}},"51":{"start":{"line":442,"column":8},"end":{"line":445,"column":9}},"52":{"start":{"line":444,"column":10},"end":{"line":444,"column":31}},"53":{"start":{"line":447,"column":6},"end":{"line":447,"column":25}},"54":{"start":{"line":452,"column":2},"end":{"line":472,"column":3}},"55":{"start":{"line":453,"column":4},"end":{"line":471,"column":5}},"56":{"start":{"line":454,"column":6},"end":{"line":470,"column":7}},"57":{"start":{"line":455,"column":8},"end":{"line":456,"column":57}},"58":{"start":{"line":459,"column":8},"end":{"line":468,"column":9}},"59":{"start":{"line":460,"column":31},"end":{"line":463,"column":11}},"60":{"start":{"line":461,"column":12},"end":{"line":462,"column":66}},"61":{"start":{"line":464,"column":10},"end":{"line":467,"column":11}},"62":{"start":{"line":466,"column":12},"end":{"line":466,"column":33}},"63":{"start":{"line":469,"column":8},"end":{"line":469,"column":27}},"64":{"start":{"line":474,"column":2},"end":{"line":474,"column":23}},"65":{"start":{"line":485,"column":2},"end":{"line":485,"column":69}},"66":{"start":{"line":495,"column":2},"end":{"line":495,"column":25}},"67":{"start":{"line":495,"column":15},"end":{"line":495,"column":25}},"68":{"start":{"line":497,"column":22},"end":{"line":497,"column":49}},"69":{"start":{"line":500,"column":2},"end":{"line":511,"column":3}},"70":{"start":{"line":501,"column":27},"end":{"line":501,"column":58}},"71":{"start":{"line":502,"column":4},"end":{"line":509,"column":5}},"72":{"start":{"line":503,"column":6},"end":{"line":508,"column":7}},"73":{"start":{"line":504,"column":8},"end":{"line":505,"column":55}},"74":{"start":{"line":507,"column":8},"end":{"line":507,"column":29}},"75":{"start":{"line":510,"column":4},"end":{"line":510,"column":23}},"76":{"start":{"line":514,"column":26},"end":{"line":514,"column":61}},"77":{"start":{"line":517,"column":2},"end":{"line":523,"column":3}},"78":{"start":{"line":518,"column":4},"end":{"line":522,"column":5}},"79":{"start":{"line":519,"column":6},"end":{"line":519,"column":47}},"80":{"start":{"line":521,"column":6},"end":{"line":521,"column":27}},"81":{"start":{"line":526,"column":18},"end":{"line":526,"column":20}},"82":{"start":{"line":527,"column":19},"end":{"line":527,"column":21}},"83":{"start":{"line":528,"column":2},"end":{"line":535,"column":3}},"84":{"start":{"line":529,"column":4},"end":{"line":534,"column":5}},"85":{"start":{"line":530,"column":6},"end":{"line":533,"column":7}},"86":{"start":{"line":531,"column":8},"end":{"line":531,"column":32}},"87":{"start":{"line":532,"column":8},"end":{"line":532,"column":35}},"88":{"start":{"line":537,"column":2},"end":{"line":539,"column":3}},"89":{"start":{"line":538,"column":4},"end":{"line":538,"column":22}},"90":{"start":{"line":542,"column":2},"end":{"line":552,"column":3}},"91":{"start":{"line":543,"column":4},"end":{"line":551,"column":5}},"92":{"start":{"line":544,"column":6},"end":{"line":550,"column":7}},"93":{"start":{"line":545,"column":8},"end":{"line":547,"column":55}},"94":{"start":{"line":549,"column":8},"end":{"line":549,"column":29}},"95":{"start":{"line":554,"column":2},"end":{"line":554,"column":21}},"96":{"start":{"line":564,"column":2},"end":{"line":564,"column":29}},"97":{"start":{"line":564,"column":19},"end":{"line":564,"column":29}},"98":{"start":{"line":566,"column":26},"end":{"line":566,"column":57}},"99":{"start":{"line":569,"column":2},"end":{"line":571,"column":3}},"100":{"start":{"line":570,"column":4},"end":{"line":570,"column":27}},"101":{"start":{"line":574,"column":26},"end":{"line":574,"column":61}},"102":{"start":{"line":576,"column":2},"end":{"line":583,"column":3}},"103":{"start":{"line":577,"column":4},"end":{"line":582,"column":5}},"104":{"start":{"line":578,"column":6},"end":{"line":579,"column":57}},"105":{"start":{"line":581,"column":6},"end":{"line":581,"column":27}},"106":{"start":{"line":586,"column":2},"end":{"line":595,"column":3}},"107":{"start":{"line":587,"column":4},"end":{"line":594,"column":5}},"108":{"start":{"line":588,"column":6},"end":{"line":593,"column":7}},"109":{"start":{"line":589,"column":8},"end":{"line":590,"column":59}},"110":{"start":{"line":592,"column":8},"end":{"line":592,"column":29}},"111":{"start":{"line":597,"column":2},"end":{"line":597,"column":25}},"112":{"start":{"line":608,"column":2},"end":{"line":618,"column":3}},"113":{"start":{"line":609,"column":4},"end":{"line":617,"column":6}},"114":{"start":{"line":620,"column":23},"end":{"line":620,"column":41}},"115":{"start":{"line":621,"column":23},"end":{"line":621,"column":49}},"116":{"start":{"line":624,"column":16},"end":{"line":624,"column":18}},"117":{"start":{"line":625,"column":22},"end":{"line":625,"column":74}},"118":{"start":{"line":626,"column":2},"end":{"line":631,"column":5}},"119":{"start":{"line":627,"column":23},"end":{"line":627,"column":80}},"120":{"start":{"line":628,"column":4},"end":{"line":630,"column":5}},"121":{"start":{"line":629,"column":6},"end":{"line":629,"column":29}},"122":{"start":{"line":634,"column":18},"end":{"line":634,"column":20}},"123":{"start":{"line":635,"column":24},"end":{"line":635,"column":78}},"124":{"start":{"line":636,"column":2},"end":{"line":641,"column":5}},"125":{"start":{"line":637,"column":23},"end":{"line":637,"column":64}},"126":{"start":{"line":638,"column":4},"end":{"line":640,"column":5}},"127":{"start":{"line":639,"column":6},"end":{"line":639,"column":31}},"128":{"start":{"line":644,"column":22},"end":{"line":644,"column":24}},"129":{"start":{"line":645,"column":24},"end":{"line":645,"column":82}},"130":{"start":{"line":646,"column":2},"end":{"line":651,"column":5}},"131":{"start":{"line":647,"column":23},"end":{"line":647,"column":68}},"132":{"start":{"line":648,"column":4},"end":{"line":650,"column":5}},"133":{"start":{"line":649,"column":6},"end":{"line":649,"column":35}},"134":{"start":{"line":654,"column":23},"end":{"line":654,"column":73}},"135":{"start":{"line":655,"column":21},"end":{"line":655,"column":54}},"136":{"start":{"line":657,"column":2},"end":{"line":665,"column":4}},"137":{"start":{"line":675,"column":16},"end":{"line":675,"column":18}},"138":{"start":{"line":676,"column":20},"end":{"line":676,"column":38}},"139":{"start":{"line":679,"column":24},"end":{"line":679,"column":57}},"140":{"start":{"line":680,"column":2},"end":{"line":687,"column":3}},"141":{"start":{"line":681,"column":4},"end":{"line":686,"column":5}},"142":{"start":{"line":682,"column":6},"end":{"line":685,"column":7}},"143":{"start":{"line":683,"column":8},"end":{"line":683,"column":32}},"144":{"start":{"line":684,"column":8},"end":{"line":684,"column":14}},"145":{"start":{"line":690,"column":2},"end":{"line":701,"column":3}},"146":{"start":{"line":691,"column":4},"end":{"line":700,"column":5}},"147":{"start":{"line":692,"column":6},"end":{"line":699,"column":7}},"148":{"start":{"line":693,"column":8},"end":{"line":698,"column":9}},"149":{"start":{"line":694,"column":10},"end":{"line":697,"column":11}},"150":{"start":{"line":695,"column":12},"end":{"line":695,"column":36}},"151":{"start":{"line":696,"column":12},"end":{"line":696,"column":18}},"152":{"start":{"line":703,"column":2},"end":{"line":703,"column":15}},"153":{"start":{"line":713,"column":18},"end":{"line":713,"column":20}},"154":{"start":{"line":714,"column":20},"end":{"line":714,"column":38}},"155":{"start":{"line":717,"column":26},"end":{"line":717,"column":61}},"156":{"start":{"line":718,"column":23},"end":{"line":718,"column":25}},"157":{"start":{"line":720,"column":2},"end":{"line":727,"column":3}},"158":{"start":{"line":721,"column":4},"end":{"line":726,"column":5}},"159":{"start":{"line":723,"column":6},"end":{"line":725,"column":7}},"160":{"start":{"line":724,"column":8},"end":{"line":724,"column":79}},"161":{"start":{"line":730,"column":2},"end":{"line":730,"column":51}},"162":{"start":{"line":730,"column":30},"end":{"line":730,"column":49}},"163":{"start":{"line":731,"column":23},"end":{"line":731,"column":32}},"164":{"start":{"line":733,"column":2},"end":{"line":738,"column":3}},"165":{"start":{"line":734,"column":4},"end":{"line":737,"column":5}},"166":{"start":{"line":735,"column":6},"end":{"line":735,"column":33}},"167":{"start":{"line":736,"column":6},"end":{"line":736,"column":37}},"168":{"start":{"line":741,"column":2},"end":{"line":753,"column":3}},"169":{"start":{"line":742,"column":4},"end":{"line":752,"column":5}},"170":{"start":{"line":743,"column":6},"end":{"line":751,"column":7}},"171":{"start":{"line":744,"column":8},"end":{"line":750,"column":9}},"172":{"start":{"line":746,"column":10},"end":{"line":749,"column":11}},"173":{"start":{"line":747,"column":12},"end":{"line":747,"column":38}},"174":{"start":{"line":748,"column":12},"end":{"line":748,"column":18}},"175":{"start":{"line":755,"column":2},"end":{"line":755,"column":17}},"176":{"start":{"line":765,"column":22},"end":{"line":765,"column":24}},"177":{"start":{"line":766,"column":20},"end":{"line":766,"column":38}},"178":{"start":{"line":769,"column":26},"end":{"line":769,"column":61}},"179":{"start":{"line":770,"column":2},"end":{"line":777,"column":3}},"180":{"start":{"line":771,"column":4},"end":{"line":776,"column":5}},"181":{"start":{"line":772,"column":6},"end":{"line":775,"column":7}},"182":{"start":{"line":773,"column":8},"end":{"line":773,"column":38}},"183":{"start":{"line":774,"column":8},"end":{"line":774,"column":14}},"184":{"start":{"line":780,"column":2},"end":{"line":791,"column":3}},"185":{"start":{"line":781,"column":4},"end":{"line":790,"column":5}},"186":{"start":{"line":782,"column":6},"end":{"line":789,"column":7}},"187":{"start":{"line":783,"column":8},"end":{"line":788,"column":9}},"188":{"start":{"line":784,"column":10},"end":{"line":787,"column":11}},"189":{"start":{"line":785,"column":12},"end":{"line":785,"column":42}},"190":{"start":{"line":786,"column":12},"end":{"line":786,"column":18}},"191":{"start":{"line":793,"column":2},"end":{"line":793,"column":21}},"192":{"start":{"line":796,"column":0},"end":{"line":809,"column":2}}},"fnMap":{"0":{"name":"normalizeRoomNameAdvanced","decl":{"start":{"line":332,"column":15},"end":{"line":332,"column":40}},"loc":{"start":{"line":332,"column":109},"end":{"line":356,"column":1}},"line":332},"1":{"name":"normalizeRoomNameLegacy","decl":{"start":{"line":365,"column":9},"end":{"line":365,"column":32}},"loc":{"start":{"line":365,"column":81},"end":{"line":475,"column":1}},"line":365},"2":{"name":"(anonymous_2)","decl":{"start":{"line":378,"column":43},"end":{"line":378,"column":44}},"loc":{"start":{"line":379,"column":6},"end":{"line":379,"column":42}},"line":379},"3":{"name":"(anonymous_3)","decl":{"start":{"line":386,"column":45},"end":{"line":386,"column":46}},"loc":{"start":{"line":387,"column":6},"end":{"line":388,"column":48}},"line":387},"4":{"name":"(anonymous_4)","decl":{"start":{"line":401,"column":31},"end":{"line":401,"column":32}},"loc":{"start":{"line":401,"column":40},"end":{"line":403,"column":7}},"line":401},"5":{"name":"(anonymous_5)","decl":{"start":{"line":405,"column":47},"end":{"line":405,"column":48}},"loc":{"start":{"line":405,"column":55},"end":{"line":420,"column":7}},"line":405},"6":{"name":"(anonymous_6)","decl":{"start":{"line":432,"column":26},"end":{"line":432,"column":27}},"loc":{"start":{"line":433,"column":6},"end":{"line":434,"column":55}},"line":433},"7":{"name":"(anonymous_7)","decl":{"start":{"line":438,"column":49},"end":{"line":438,"column":50}},"loc":{"start":{"line":439,"column":10},"end":{"line":440,"column":64}},"line":439},"8":{"name":"(anonymous_8)","decl":{"start":{"line":454,"column":28},"end":{"line":454,"column":29}},"loc":{"start":{"line":455,"column":8},"end":{"line":456,"column":57}},"line":455},"9":{"name":"(anonymous_9)","decl":{"start":{"line":460,"column":51},"end":{"line":460,"column":52}},"loc":{"start":{"line":461,"column":12},"end":{"line":462,"column":66}},"line":461},"10":{"name":"normalizeRoomName","decl":{"start":{"line":484,"column":9},"end":{"line":484,"column":26}},"loc":{"start":{"line":484,"column":75},"end":{"line":486,"column":1}},"line":484},"11":{"name":"normalizeAction","decl":{"start":{"line":494,"column":9},"end":{"line":494,"column":24}},"loc":{"start":{"line":494,"column":50},"end":{"line":555,"column":1}},"line":494},"12":{"name":"(anonymous_12)","decl":{"start":{"line":503,"column":28},"end":{"line":503,"column":29}},"loc":{"start":{"line":504,"column":8},"end":{"line":505,"column":55}},"line":504},"13":{"name":"(anonymous_13)","decl":{"start":{"line":518,"column":26},"end":{"line":518,"column":27}},"loc":{"start":{"line":519,"column":6},"end":{"line":519,"column":47}},"line":519},"14":{"name":"(anonymous_14)","decl":{"start":{"line":544,"column":28},"end":{"line":544,"column":29}},"loc":{"start":{"line":545,"column":8},"end":{"line":547,"column":55}},"line":545},"15":{"name":"normalizeDeviceType","decl":{"start":{"line":563,"column":9},"end":{"line":563,"column":28}},"loc":{"start":{"line":563,"column":58},"end":{"line":598,"column":1}},"line":563},"16":{"name":"(anonymous_16)","decl":{"start":{"line":577,"column":26},"end":{"line":577,"column":27}},"loc":{"start":{"line":578,"column":6},"end":{"line":579,"column":57}},"line":578},"17":{"name":"(anonymous_17)","decl":{"start":{"line":588,"column":28},"end":{"line":588,"column":29}},"loc":{"start":{"line":589,"column":8},"end":{"line":590,"column":59}},"line":589},"18":{"name":"processMultilingualCommand","decl":{"start":{"line":607,"column":9},"end":{"line":607,"column":35}},"loc":{"start":{"line":607,"column":95},"end":{"line":666,"column":1}},"line":607},"19":{"name":"(anonymous_19)","decl":{"start":{"line":626,"column":22},"end":{"line":626,"column":23}},"loc":{"start":{"line":626,"column":30},"end":{"line":631,"column":3}},"line":626},"20":{"name":"(anonymous_20)","decl":{"start":{"line":636,"column":24},"end":{"line":636,"column":25}},"loc":{"start":{"line":636,"column":34},"end":{"line":641,"column":3}},"line":636},"21":{"name":"(anonymous_21)","decl":{"start":{"line":646,"column":24},"end":{"line":646,"column":25}},"loc":{"start":{"line":646,"column":34},"end":{"line":651,"column":3}},"line":646},"22":{"name":"extractRoomsFromText","decl":{"start":{"line":674,"column":9},"end":{"line":674,"column":29}},"loc":{"start":{"line":674,"column":53},"end":{"line":704,"column":1}},"line":674},"23":{"name":"extractActionsFromText","decl":{"start":{"line":712,"column":9},"end":{"line":712,"column":31}},"loc":{"start":{"line":712,"column":55},"end":{"line":756,"column":1}},"line":712},"24":{"name":"(anonymous_24)","decl":{"start":{"line":730,"column":20},"end":{"line":730,"column":21}},"loc":{"start":{"line":730,"column":30},"end":{"line":730,"column":49}},"line":730},"25":{"name":"extractDeviceTypesFromText","decl":{"start":{"line":764,"column":9},"end":{"line":764,"column":35}},"loc":{"start":{"line":764,"column":59},"end":{"line":794,"column":1}},"line":764}},"branchMap":{"0":{"loc":{"start":{"line":332,"column":51},"end":{"line":332,"column":66}},"type":"default-arg","locations":[{"start":{"line":332,"column":62},"end":{"line":332,"column":66}}],"line":332},"1":{"loc":{"start":{"line":332,"column":68},"end":{"line":332,"column":87}},"type":"default-arg","locations":[{"start":{"line":332,"column":85},"end":{"line":332,"column":87}}],"line":332},"2":{"loc":{"start":{"line":332,"column":89},"end":{"line":332,"column":107}},"type":"default-arg","locations":[{"start":{"line":332,"column":103},"end":{"line":332,"column":107}}],"line":332},"3":{"loc":{"start":{"line":333,"column":2},"end":{"line":333,"column":27}},"type":"if","locations":[{"start":{"line":333,"column":2},"end":{"line":333,"column":27}},{"start":{"line":333,"column":2},"end":{"line":333,"column":27}}],"line":333},"4":{"loc":{"start":{"line":338,"column":2},"end":{"line":340,"column":3}},"type":"if","locations":[{"start":{"line":338,"column":2},"end":{"line":340,"column":3}},{"start":{"line":338,"column":2},"end":{"line":340,"column":3}}],"line":338},"5":{"loc":{"start":{"line":346,"column":4},"end":{"line":349,"column":5}},"type":"if","locations":[{"start":{"line":346,"column":4},"end":{"line":349,"column":5}},{"start":{"line":346,"column":4},"end":{"line":349,"column":5}}],"line":346},"6":{"loc":{"start":{"line":346,"column":8},"end":{"line":346,"column":75}},"type":"binary-expr","locations":[{"start":{"line":346,"column":8},"end":{"line":346,"column":25}},{"start":{"line":346,"column":29},"end":{"line":346,"column":75}}],"line":346},"7":{"loc":{"start":{"line":365,"column":43},"end":{"line":365,"column":58}},"type":"default-arg","locations":[{"start":{"line":365,"column":54},"end":{"line":365,"column":58}}],"line":365},"8":{"loc":{"start":{"line":365,"column":60},"end":{"line":365,"column":79}},"type":"default-arg","locations":[{"start":{"line":365,"column":77},"end":{"line":365,"column":79}}],"line":365},"9":{"loc":{"start":{"line":366,"column":2},"end":{"line":366,"column":27}},"type":"if","locations":[{"start":{"line":366,"column":2},"end":{"line":366,"column":27}},{"start":{"line":366,"column":2},"end":{"line":366,"column":27}}],"line":366},"10":{"loc":{"start":{"line":372,"column":2},"end":{"line":374,"column":3}},"type":"if","locations":[{"start":{"line":372,"column":2},"end":{"line":374,"column":3}},{"start":{"line":372,"column":2},"end":{"line":374,"column":3}}],"line":372},"11":{"loc":{"start":{"line":377,"column":2},"end":{"line":426,"column":3}},"type":"if","locations":[{"start":{"line":377,"column":2},"end":{"line":426,"column":3}},{"start":{"line":377,"column":2},"end":{"line":426,"column":3}}],"line":377},"12":{"loc":{"start":{"line":381,"column":4},"end":{"line":383,"column":5}},"type":"if","locations":[{"start":{"line":381,"column":4},"end":{"line":383,"column":5}},{"start":{"line":381,"column":4},"end":{"line":383,"column":5}}],"line":381},"13":{"loc":{"start":{"line":387,"column":6},"end":{"line":388,"column":48}},"type":"binary-expr","locations":[{"start":{"line":387,"column":6},"end":{"line":387,"column":48}},{"start":{"line":388,"column":6},"end":{"line":388,"column":48}}],"line":387},"14":{"loc":{"start":{"line":390,"column":4},"end":{"line":392,"column":5}},"type":"if","locations":[{"start":{"line":390,"column":4},"end":{"line":392,"column":5}},{"start":{"line":390,"column":4},"end":{"line":392,"column":5}}],"line":390},"15":{"loc":{"start":{"line":395,"column":4},"end":{"line":425,"column":5}},"type":"if","locations":[{"start":{"line":395,"column":4},"end":{"line":425,"column":5}},{"start":{"line":395,"column":4},"end":{"line":425,"column":5}}],"line":395},"16":{"loc":{"start":{"line":411,"column":15},"end":{"line":419,"column":53}},"type":"binary-expr","locations":[{"start":{"line":411,"column":15},"end":{"line":411,"column":46}},{"start":{"line":412,"column":15},"end":{"line":412,"column":43}},{"start":{"line":413,"column":15},"end":{"line":413,"column":47}},{"start":{"line":414,"column":15},"end":{"line":414,"column":52}},{"start":{"line":415,"column":15},"end":{"line":415,"column":49}},{"start":{"line":416,"column":15},"end":{"line":416,"column":53}},{"start":{"line":417,"column":15},"end":{"line":417,"column":52}},{"start":{"line":418,"column":15},"end":{"line":418,"column":49}},{"start":{"line":419,"column":15},"end":{"line":419,"column":53}}],"line":411},"17":{"loc":{"start":{"line":422,"column":6},"end":{"line":424,"column":7}},"type":"if","locations":[{"start":{"line":422,"column":6},"end":{"line":424,"column":7}},{"start":{"line":422,"column":6},"end":{"line":424,"column":7}}],"line":422},"18":{"loc":{"start":{"line":429,"column":24},"end":{"line":429,"column":57}},"type":"binary-expr","locations":[{"start":{"line":429,"column":24},"end":{"line":429,"column":51}},{"start":{"line":429,"column":55},"end":{"line":429,"column":57}}],"line":429},"19":{"loc":{"start":{"line":432,"column":4},"end":{"line":448,"column":5}},"type":"if","locations":[{"start":{"line":432,"column":4},"end":{"line":448,"column":5}},{"start":{"line":432,"column":4},"end":{"line":448,"column":5}}],"line":432},"20":{"loc":{"start":{"line":433,"column":6},"end":{"line":434,"column":55}},"type":"binary-expr","locations":[{"start":{"line":433,"column":6},"end":{"line":433,"column":55}},{"start":{"line":434,"column":6},"end":{"line":434,"column":55}}],"line":433},"21":{"loc":{"start":{"line":437,"column":6},"end":{"line":446,"column":7}},"type":"if","locations":[{"start":{"line":437,"column":6},"end":{"line":446,"column":7}},{"start":{"line":437,"column":6},"end":{"line":446,"column":7}}],"line":437},"22":{"loc":{"start":{"line":439,"column":10},"end":{"line":440,"column":64}},"type":"binary-expr","locations":[{"start":{"line":439,"column":10},"end":{"line":439,"column":64}},{"start":{"line":440,"column":10},"end":{"line":440,"column":64}}],"line":439},"23":{"loc":{"start":{"line":442,"column":8},"end":{"line":445,"column":9}},"type":"if","locations":[{"start":{"line":442,"column":8},"end":{"line":445,"column":9}},{"start":{"line":442,"column":8},"end":{"line":445,"column":9}}],"line":442},"24":{"loc":{"start":{"line":454,"column":6},"end":{"line":470,"column":7}},"type":"if","locations":[{"start":{"line":454,"column":6},"end":{"line":470,"column":7}},{"start":{"line":454,"column":6},"end":{"line":470,"column":7}}],"line":454},"25":{"loc":{"start":{"line":455,"column":8},"end":{"line":456,"column":57}},"type":"binary-expr","locations":[{"start":{"line":455,"column":8},"end":{"line":455,"column":57}},{"start":{"line":456,"column":8},"end":{"line":456,"column":57}}],"line":455},"26":{"loc":{"start":{"line":459,"column":8},"end":{"line":468,"column":9}},"type":"if","locations":[{"start":{"line":459,"column":8},"end":{"line":468,"column":9}},{"start":{"line":459,"column":8},"end":{"line":468,"column":9}}],"line":459},"27":{"loc":{"start":{"line":461,"column":12},"end":{"line":462,"column":66}},"type":"binary-expr","locations":[{"start":{"line":461,"column":12},"end":{"line":461,"column":66}},{"start":{"line":462,"column":12},"end":{"line":462,"column":66}}],"line":461},"28":{"loc":{"start":{"line":464,"column":10},"end":{"line":467,"column":11}},"type":"if","locations":[{"start":{"line":464,"column":10},"end":{"line":467,"column":11}},{"start":{"line":464,"column":10},"end":{"line":467,"column":11}}],"line":464},"29":{"loc":{"start":{"line":484,"column":37},"end":{"line":484,"column":52}},"type":"default-arg","locations":[{"start":{"line":484,"column":48},"end":{"line":484,"column":52}}],"line":484},"30":{"loc":{"start":{"line":484,"column":54},"end":{"line":484,"column":73}},"type":"default-arg","locations":[{"start":{"line":484,"column":71},"end":{"line":484,"column":73}}],"line":484},"31":{"loc":{"start":{"line":494,"column":33},"end":{"line":494,"column":48}},"type":"default-arg","locations":[{"start":{"line":494,"column":44},"end":{"line":494,"column":48}}],"line":494},"32":{"loc":{"start":{"line":495,"column":2},"end":{"line":495,"column":25}},"type":"if","locations":[{"start":{"line":495,"column":2},"end":{"line":495,"column":25}},{"start":{"line":495,"column":2},"end":{"line":495,"column":25}}],"line":495},"33":{"loc":{"start":{"line":500,"column":2},"end":{"line":511,"column":3}},"type":"if","locations":[{"start":{"line":500,"column":2},"end":{"line":511,"column":3}},{"start":{"line":500,"column":2},"end":{"line":511,"column":3}}],"line":500},"34":{"loc":{"start":{"line":501,"column":27},"end":{"line":501,"column":58}},"type":"binary-expr","locations":[{"start":{"line":501,"column":27},"end":{"line":501,"column":52}},{"start":{"line":501,"column":56},"end":{"line":501,"column":58}}],"line":501},"35":{"loc":{"start":{"line":503,"column":6},"end":{"line":508,"column":7}},"type":"if","locations":[{"start":{"line":503,"column":6},"end":{"line":508,"column":7}},{"start":{"line":503,"column":6},"end":{"line":508,"column":7}}],"line":503},"36":{"loc":{"start":{"line":504,"column":8},"end":{"line":505,"column":55}},"type":"binary-expr","locations":[{"start":{"line":504,"column":8},"end":{"line":504,"column":49}},{"start":{"line":505,"column":8},"end":{"line":505,"column":55}}],"line":504},"37":{"loc":{"start":{"line":514,"column":26},"end":{"line":514,"column":61}},"type":"binary-expr","locations":[{"start":{"line":514,"column":26},"end":{"line":514,"column":55}},{"start":{"line":514,"column":59},"end":{"line":514,"column":61}}],"line":514},"38":{"loc":{"start":{"line":518,"column":4},"end":{"line":522,"column":5}},"type":"if","locations":[{"start":{"line":518,"column":4},"end":{"line":522,"column":5}},{"start":{"line":518,"column":4},"end":{"line":522,"column":5}}],"line":518},"39":{"loc":{"start":{"line":530,"column":6},"end":{"line":533,"column":7}},"type":"if","locations":[{"start":{"line":530,"column":6},"end":{"line":533,"column":7}},{"start":{"line":530,"column":6},"end":{"line":533,"column":7}}],"line":530},"40":{"loc":{"start":{"line":530,"column":10},"end":{"line":530,"column":98}},"type":"binary-expr","locations":[{"start":{"line":530,"column":10},"end":{"line":530,"column":57}},{"start":{"line":530,"column":61},"end":{"line":530,"column":98}}],"line":530},"41":{"loc":{"start":{"line":537,"column":2},"end":{"line":539,"column":3}},"type":"if","locations":[{"start":{"line":537,"column":2},"end":{"line":539,"column":3}},{"start":{"line":537,"column":2},"end":{"line":539,"column":3}}],"line":537},"42":{"loc":{"start":{"line":544,"column":6},"end":{"line":550,"column":7}},"type":"if","locations":[{"start":{"line":544,"column":6},"end":{"line":550,"column":7}},{"start":{"line":544,"column":6},"end":{"line":550,"column":7}}],"line":544},"43":{"loc":{"start":{"line":545,"column":8},"end":{"line":547,"column":55}},"type":"binary-expr","locations":[{"start":{"line":545,"column":8},"end":{"line":545,"column":49}},{"start":{"line":546,"column":8},"end":{"line":546,"column":55}},{"start":{"line":547,"column":8},"end":{"line":547,"column":55}}],"line":545},"44":{"loc":{"start":{"line":563,"column":41},"end":{"line":563,"column":56}},"type":"default-arg","locations":[{"start":{"line":563,"column":52},"end":{"line":563,"column":56}}],"line":563},"45":{"loc":{"start":{"line":564,"column":2},"end":{"line":564,"column":29}},"type":"if","locations":[{"start":{"line":564,"column":2},"end":{"line":564,"column":29}},{"start":{"line":564,"column":2},"end":{"line":564,"column":29}}],"line":564},"46":{"loc":{"start":{"line":569,"column":2},"end":{"line":571,"column":3}},"type":"if","locations":[{"start":{"line":569,"column":2},"end":{"line":571,"column":3}},{"start":{"line":569,"column":2},"end":{"line":571,"column":3}}],"line":569},"47":{"loc":{"start":{"line":574,"column":26},"end":{"line":574,"column":61}},"type":"binary-expr","locations":[{"start":{"line":574,"column":26},"end":{"line":574,"column":55}},{"start":{"line":574,"column":59},"end":{"line":574,"column":61}}],"line":574},"48":{"loc":{"start":{"line":577,"column":4},"end":{"line":582,"column":5}},"type":"if","locations":[{"start":{"line":577,"column":4},"end":{"line":582,"column":5}},{"start":{"line":577,"column":4},"end":{"line":582,"column":5}}],"line":577},"49":{"loc":{"start":{"line":578,"column":6},"end":{"line":579,"column":57}},"type":"binary-expr","locations":[{"start":{"line":578,"column":6},"end":{"line":578,"column":57}},{"start":{"line":579,"column":6},"end":{"line":579,"column":57}}],"line":578},"50":{"loc":{"start":{"line":588,"column":6},"end":{"line":593,"column":7}},"type":"if","locations":[{"start":{"line":588,"column":6},"end":{"line":593,"column":7}},{"start":{"line":588,"column":6},"end":{"line":593,"column":7}}],"line":588},"51":{"loc":{"start":{"line":589,"column":8},"end":{"line":590,"column":59}},"type":"binary-expr","locations":[{"start":{"line":589,"column":8},"end":{"line":589,"column":59}},{"start":{"line":590,"column":8},"end":{"line":590,"column":59}}],"line":589},"52":{"loc":{"start":{"line":607,"column":49},"end":{"line":607,"column":72}},"type":"default-arg","locations":[{"start":{"line":607,"column":68},"end":{"line":607,"column":72}}],"line":607},"53":{"loc":{"start":{"line":607,"column":74},"end":{"line":607,"column":93}},"type":"default-arg","locations":[{"start":{"line":607,"column":91},"end":{"line":607,"column":93}}],"line":607},"54":{"loc":{"start":{"line":608,"column":2},"end":{"line":618,"column":3}},"type":"if","locations":[{"start":{"line":608,"column":2},"end":{"line":618,"column":3}},{"start":{"line":608,"column":2},"end":{"line":618,"column":3}}],"line":608},"55":{"loc":{"start":{"line":628,"column":4},"end":{"line":630,"column":5}},"type":"if","locations":[{"start":{"line":628,"column":4},"end":{"line":630,"column":5}},{"start":{"line":628,"column":4},"end":{"line":630,"column":5}}],"line":628},"56":{"loc":{"start":{"line":628,"column":8},"end":{"line":628,"column":49}},"type":"binary-expr","locations":[{"start":{"line":628,"column":8},"end":{"line":628,"column":18}},{"start":{"line":628,"column":22},"end":{"line":628,"column":49}}],"line":628},"57":{"loc":{"start":{"line":638,"column":4},"end":{"line":640,"column":5}},"type":"if","locations":[{"start":{"line":638,"column":4},"end":{"line":640,"column":5}},{"start":{"line":638,"column":4},"end":{"line":640,"column":5}}],"line":638},"58":{"loc":{"start":{"line":638,"column":8},"end":{"line":638,"column":51}},"type":"binary-expr","locations":[{"start":{"line":638,"column":8},"end":{"line":638,"column":18}},{"start":{"line":638,"column":22},"end":{"line":638,"column":51}}],"line":638},"59":{"loc":{"start":{"line":648,"column":4},"end":{"line":650,"column":5}},"type":"if","locations":[{"start":{"line":648,"column":4},"end":{"line":650,"column":5}},{"start":{"line":648,"column":4},"end":{"line":650,"column":5}}],"line":648},"60":{"loc":{"start":{"line":648,"column":8},"end":{"line":648,"column":55}},"type":"binary-expr","locations":[{"start":{"line":648,"column":8},"end":{"line":648,"column":18}},{"start":{"line":648,"column":22},"end":{"line":648,"column":55}}],"line":648},"61":{"loc":{"start":{"line":674,"column":36},"end":{"line":674,"column":51}},"type":"default-arg","locations":[{"start":{"line":674,"column":47},"end":{"line":674,"column":51}}],"line":674},"62":{"loc":{"start":{"line":679,"column":24},"end":{"line":679,"column":57}},"type":"binary-expr","locations":[{"start":{"line":679,"column":24},"end":{"line":679,"column":51}},{"start":{"line":679,"column":55},"end":{"line":679,"column":57}}],"line":679},"63":{"loc":{"start":{"line":682,"column":6},"end":{"line":685,"column":7}},"type":"if","locations":[{"start":{"line":682,"column":6},"end":{"line":685,"column":7}},{"start":{"line":682,"column":6},"end":{"line":685,"column":7}}],"line":682},"64":{"loc":{"start":{"line":690,"column":2},"end":{"line":701,"column":3}},"type":"if","locations":[{"start":{"line":690,"column":2},"end":{"line":701,"column":3}},{"start":{"line":690,"column":2},"end":{"line":701,"column":3}}],"line":690},"65":{"loc":{"start":{"line":694,"column":10},"end":{"line":697,"column":11}},"type":"if","locations":[{"start":{"line":694,"column":10},"end":{"line":697,"column":11}},{"start":{"line":694,"column":10},"end":{"line":697,"column":11}}],"line":694},"66":{"loc":{"start":{"line":712,"column":38},"end":{"line":712,"column":53}},"type":"default-arg","locations":[{"start":{"line":712,"column":49},"end":{"line":712,"column":53}}],"line":712},"67":{"loc":{"start":{"line":717,"column":26},"end":{"line":717,"column":61}},"type":"binary-expr","locations":[{"start":{"line":717,"column":26},"end":{"line":717,"column":55}},{"start":{"line":717,"column":59},"end":{"line":717,"column":61}}],"line":717},"68":{"loc":{"start":{"line":723,"column":6},"end":{"line":725,"column":7}},"type":"if","locations":[{"start":{"line":723,"column":6},"end":{"line":725,"column":7}},{"start":{"line":723,"column":6},"end":{"line":725,"column":7}}],"line":723},"69":{"loc":{"start":{"line":734,"column":4},"end":{"line":737,"column":5}},"type":"if","locations":[{"start":{"line":734,"column":4},"end":{"line":737,"column":5}},{"start":{"line":734,"column":4},"end":{"line":737,"column":5}}],"line":734},"70":{"loc":{"start":{"line":741,"column":2},"end":{"line":753,"column":3}},"type":"if","locations":[{"start":{"line":741,"column":2},"end":{"line":753,"column":3}},{"start":{"line":741,"column":2},"end":{"line":753,"column":3}}],"line":741},"71":{"loc":{"start":{"line":746,"column":10},"end":{"line":749,"column":11}},"type":"if","locations":[{"start":{"line":746,"column":10},"end":{"line":749,"column":11}},{"start":{"line":746,"column":10},"end":{"line":749,"column":11}}],"line":746},"72":{"loc":{"start":{"line":764,"column":42},"end":{"line":764,"column":57}},"type":"default-arg","locations":[{"start":{"line":764,"column":53},"end":{"line":764,"column":57}}],"line":764},"73":{"loc":{"start":{"line":769,"column":26},"end":{"line":769,"column":61}},"type":"binary-expr","locations":[{"start":{"line":769,"column":26},"end":{"line":769,"column":55}},{"start":{"line":769,"column":59},"end":{"line":769,"column":61}}],"line":769},"74":{"loc":{"start":{"line":772,"column":6},"end":{"line":775,"column":7}},"type":"if","locations":[{"start":{"line":772,"column":6},"end":{"line":775,"column":7}},{"start":{"line":772,"column":6},"end":{"line":775,"column":7}}],"line":772},"75":{"loc":{"start":{"line":780,"column":2},"end":{"line":791,"column":3}},"type":"if","locations":[{"start":{"line":780,"column":2},"end":{"line":791,"column":3}},{"start":{"line":780,"column":2},"end":{"line":791,"column":3}}],"line":780},"76":{"loc":{"start":{"line":784,"column":10},"end":{"line":787,"column":11}},"type":"if","locations":[{"start":{"line":784,"column":10},"end":{"line":787,"column":11}},{"start":{"line":784,"column":10},"end":{"line":787,"column":11}}],"line":784}},"s":{"0":1,"1":1,"2":1,"3":1,"4":0,"5":0,"6":0,"7":0,"8":0,"9":0,"10":0,"11":0,"12":0,"13":0,"14":0,"15":0,"16":141,"17":0,"18":141,"19":141,"20":141,"21":47,"22":94,"23":0,"24":0,"25":0,"26":0,"27":0,"28":0,"29":0,"30":0,"31":0,"32":0,"33":0,"34":0,"35":0,"36":0,"37":0,"38":0,"39":0,"40":0,"41":0,"42":0,"43":0,"44":94,"45":94,"46":228,"47":451,"48":20,"49":0,"50":0,"51":0,"52":0,"53":20,"54":74,"55":170,"56":1321,"57":3084,"58":74,"59":0,"60":0,"61":0,"62":0,"63":74,"64":0,"65":141,"66":3470,"67":0,"68":3470,"69":3470,"70":3285,"71":3285,"72":3543,"73":18808,"74":3285,"75":0,"76":185,"77":185,"78":428,"79":1044,"80":77,"81":108,"82":108,"83":108,"84":264,"85":632,"86":0,"87":0,"88":108,"89":0,"90":108,"91":191,"92":1333,"93":4445,"94":108,"95":0,"96":186,"97":0,"98":186,"99":186,"100":59,"101":127,"102":127,"103":196,"104":651,"105":25,"106":102,"107":213,"108":1092,"109":3882,"110":102,"111":0,"112":1247,"113":1,"114":1246,"115":1246,"116":1246,"117":1246,"118":1246,"119":125,"120":125,"121":99,"122":1246,"123":1246,"124":1246,"125":3446,"126":3446,"127":1248,"128":1246,"129":1246,"130":1246,"131":164,"132":164,"133":129,"134":1246,"135":1246,"136":1246,"137":1246,"138":1246,"139":1246,"140":1246,"141":14268,"142":42004,"143":45,"144":45,"145":1246,"146":1201,"147":9608,"148":115296,"149":255726,"150":80,"151":80,"152":1246,"153":1246,"154":1246,"155":1246,"156":1246,"157":1246,"158":13079,"159":52113,"160":3338,"161":1246,"162":2190,"163":1246,"164":1246,"165":3338,"166":3338,"167":3338,"168":1246,"169":79,"170":632,"171":6952,"172":18593,"173":108,"174":108,"175":1246,"176":1246,"177":1246,"178":1246,"179":1246,"180":9512,"181":37251,"182":57,"183":57,"184":1246,"185":1191,"186":9528,"187":76224,"188":259383,"189":107,"190":107,"191":1246,"192":1},"f":{"0":0,"1":141,"2":0,"3":0,"4":0,"5":0,"6":451,"7":0,"8":3084,"9":0,"10":141,"11":3470,"12":18808,"13":1044,"14":4445,"15":186,"16":651,"17":3882,"18":1247,"19":125,"20":3446,"21":164,"22":1246,"23":1246,"24":2190,"25":1246},"b":{"0":[0],"1":[0],"2":[0],"3":[0,0],"4":[0,0],"5":[0,0],"6":[0,0],"7":[0],"8":[0],"9":[0,141],"10":[47,94],"11":[0,94],"12":[0,0],"13":[0,0],"14":[0,0],"15":[0,0],"16":[0,0,0,0,0,0,0,0,0],"17":[0,0],"18":[94,60],"19":[20,208],"20":[451,432],"21":[0,20],"22":[0,0],"23":[0,0],"24":[74,1247],"25":[3084,3031],"26":[0,74],"27":[0,0],"28":[0,0],"29":[0],"30":[8],"31":[0],"32":[0,3470],"33":[3285,185],"34":[3285,0],"35":[3285,258],"36":[18808,15544],"37":[185,84],"38":[77,351],"39":[0,632],"40":[632,0],"41":[0,108],"42":[108,1225],"43":[4445,4377,4373],"44":[0],"45":[0,186],"46":[59,127],"47":[127,84],"48":[25,171],"49":[651,631],"50":[102,990],"51":[3882,3802],"52":[0],"53":[1231],"54":[1,1246],"55":[99,26],"56":[125,125],"57":[1248,2198],"58":[3446,3446],"59":[129,35],"60":[164,164],"61":[0],"62":[1246,57],"63":[45,41959],"64":[1201,45],"65":[80,255646],"66":[0],"67":[1246,57],"68":[3338,48775],"69":[3338,0],"70":[79,1167],"71":[108,18485],"72":[0],"73":[1246,57],"74":[57,37194],"75":[1191,55],"76":[107,259276]},"_coverageSchema":"1a1c01bbd47fc00a2c39e90264f33305004495a9","hash":"dfc2db920f328b412e8adbdbfa12e0fc94f28317","contentHash":"9cafaed1c469c8bde52968f386721a70e8a1131c80ff9ab51ed07c0b65cf0c6a"},"/Users/kjetilvetlejord/Documents/GitHub/com.chatgtp.assistent/modules/advancedMultilingualMatcher.js":{"path":"/Users/kjetilvetlejord/Documents/GitHub/com.chatgtp.assistent/modules/advancedMultilingualMatcher.js","statementMap":{"0":{"start":{"line":10,"column":29},"end":{"line":10,"column":32}},"1":{"start":{"line":11,"column":27},"end":{"line":11,"column":30}},"2":{"start":{"line":12,"column":33},"end":{"line":12,"column":36}},"3":{"start":{"line":21,"column":2},"end":{"line":21,"column":38}},"4":{"start":{"line":21,"column":22},"end":{"line":21,"column":38}},"5":{"start":{"line":22,"column":2},"end":{"line":22,"column":38}},"6":{"start":{"line":22,"column":22},"end":{"line":22,"column":38}},"7":{"start":{"line":24,"column":17},"end":{"line":24,"column":89}},"8":{"start":{"line":24,"column":58},"end":{"line":24,"column":88}},"9":{"start":{"line":26,"column":2},"end":{"line":26,"column":55}},"10":{"start":{"line":26,"column":15},"end":{"line":26,"column":16}},"11":{"start":{"line":26,"column":38},"end":{"line":26,"column":55}},"12":{"start":{"line":27,"column":2},"end":{"line":27,"column":55}},"13":{"start":{"line":27,"column":15},"end":{"line":27,"column":16}},"14":{"start":{"line":27,"column":38},"end":{"line":27,"column":55}},"15":{"start":{"line":29,"column":2},"end":{"line":38,"column":3}},"16":{"start":{"line":29,"column":15},"end":{"line":29,"column":16}},"17":{"start":{"line":30,"column":4},"end":{"line":37,"column":5}},"18":{"start":{"line":30,"column":17},"end":{"line":30,"column":18}},"19":{"start":{"line":31,"column":24},"end":{"line":31,"column":53}},"20":{"start":{"line":32,"column":6},"end":{"line":36,"column":8}},"21":{"start":{"line":40,"column":2},"end":{"line":40,"column":36}},"22":{"start":{"line":50,"column":2},"end":{"line":50,"column":25}},"23":{"start":{"line":50,"column":16},"end":{"line":50,"column":25}},"24":{"start":{"line":51,"column":20},"end":{"line":51,"column":48}},"25":{"start":{"line":52,"column":2},"end":{"line":52,"column":32}},"26":{"start":{"line":52,"column":23},"end":{"line":52,"column":32}},"27":{"start":{"line":53,"column":19},"end":{"line":53,"column":72}},"28":{"start":{"line":54,"column":2},"end":{"line":54,"column":36}},"29":{"start":{"line":63,"column":2},"end":{"line":63,"column":23}},"30":{"start":{"line":63,"column":13},"end":{"line":63,"column":23}},"31":{"start":{"line":65,"column":2},"end":{"line":76,"column":27}},"32":{"start":{"line":86,"column":2},"end":{"line":86,"column":27}},"33":{"start":{"line":86,"column":17},"end":{"line":86,"column":27}},"34":{"start":{"line":88,"column":26},"end":{"line":99,"column":3}},"35":{"start":{"line":101,"column":18},"end":{"line":101,"column":43}},"36":{"start":{"line":102,"column":2},"end":{"line":104,"column":3}},"37":{"start":{"line":103,"column":4},"end":{"line":103,"column":48}},"38":{"start":{"line":106,"column":2},"end":{"line":106,"column":18}},"39":{"start":{"line":115,"column":2},"end":{"line":115,"column":23}},"40":{"start":{"line":115,"column":13},"end":{"line":115,"column":23}},"41":{"start":{"line":117,"column":21},"end":{"line":117,"column":41}},"42":{"start":{"line":118,"column":16},"end":{"line":118,"column":34}},"43":{"start":{"line":121,"column":24},"end":{"line":127,"column":3}},"44":{"start":{"line":129,"column":2},"end":{"line":133,"column":5}},"45":{"start":{"line":130,"column":4},"end":{"line":132,"column":5}},"46":{"start":{"line":131,"column":6},"end":{"line":131,"column":61}},"47":{"start":{"line":135,"column":2},"end":{"line":135,"column":34}},"48":{"start":{"line":146,"column":2},"end":{"line":148,"column":3}},"49":{"start":{"line":147,"column":4},"end":{"line":147,"column":58}},"50":{"start":{"line":150,"column":26},"end":{"line":150,"column":49}},"51":{"start":{"line":151,"column":31},"end":{"line":151,"column":80}},"52":{"start":{"line":152,"column":26},"end":{"line":152,"column":74}},"53":{"start":{"line":154,"column":18},"end":{"line":154,"column":22}},"54":{"start":{"line":155,"column":23},"end":{"line":155,"column":24}},"55":{"start":{"line":156,"column":19},"end":{"line":156,"column":25}},"56":{"start":{"line":158,"column":2},"end":{"line":211,"column":5}},"57":{"start":{"line":159,"column":32},"end":{"line":159,"column":59}},"58":{"start":{"line":160,"column":37},"end":{"line":160,"column":90}},"59":{"start":{"line":161,"column":32},"end":{"line":161,"column":84}},"60":{"start":{"line":164,"column":4},"end":{"line":169,"column":5}},"61":{"start":{"line":165,"column":6},"end":{"line":165,"column":28}},"62":{"start":{"line":166,"column":6},"end":{"line":166,"column":27}},"63":{"start":{"line":167,"column":6},"end":{"line":167,"column":27}},"64":{"start":{"line":168,"column":6},"end":{"line":168,"column":13}},"65":{"start":{"line":172,"column":4},"end":{"line":178,"column":5}},"66":{"start":{"line":173,"column":6},"end":{"line":177,"column":7}},"67":{"start":{"line":174,"column":8},"end":{"line":174,"column":30}},"68":{"start":{"line":175,"column":8},"end":{"line":175,"column":30}},"69":{"start":{"line":176,"column":8},"end":{"line":176,"column":41}},"70":{"start":{"line":181,"column":4},"end":{"line":190,"column":5}},"71":{"start":{"line":183,"column":25},"end":{"line":184,"column":94}},"72":{"start":{"line":185,"column":6},"end":{"line":189,"column":7}},"73":{"start":{"line":186,"column":8},"end":{"line":186,"column":30}},"74":{"start":{"line":187,"column":8},"end":{"line":187,"column":36}},"75":{"start":{"line":188,"column":8},"end":{"line":188,"column":33}},"76":{"start":{"line":193,"column":23},"end":{"line":193,"column":90}},"77":{"start":{"line":194,"column":4},"end":{"line":198,"column":5}},"78":{"start":{"line":195,"column":6},"end":{"line":195,"column":28}},"79":{"start":{"line":196,"column":6},"end":{"line":196,"column":34}},"80":{"start":{"line":197,"column":6},"end":{"line":197,"column":33}},"81":{"start":{"line":201,"column":4},"end":{"line":210,"column":5}},"82":{"start":{"line":202,"column":6},"end":{"line":209,"column":7}},"83":{"start":{"line":203,"column":35},"end":{"line":203,"column":78}},"84":{"start":{"line":204,"column":8},"end":{"line":208,"column":9}},"85":{"start":{"line":205,"column":10},"end":{"line":205,"column":32}},"86":{"start":{"line":206,"column":10},"end":{"line":206,"column":52}},"87":{"start":{"line":207,"column":10},"end":{"line":207,"column":34}},"88":{"start":{"line":213,"column":2},"end":{"line":219,"column":4}},"89":{"start":{"line":231,"column":2},"end":{"line":233,"column":3}},"90":{"start":{"line":232,"column":4},"end":{"line":232,"column":74}},"91":{"start":{"line":235,"column":2},"end":{"line":294,"column":3}},"92":{"start":{"line":236,"column":19},"end":{"line":254,"column":71}},"93":{"start":{"line":239,"column":42},"end":{"line":239,"column":53}},"94":{"start":{"line":256,"column":21},"end":{"line":256,"column":46}},"95":{"start":{"line":260,"column":4},"end":{"line":276,"column":5}},"96":{"start":{"line":262,"column":6},"end":{"line":272,"column":7}},"97":{"start":{"line":264,"column":8},"end":{"line":264,"column":26}},"98":{"start":{"line":265,"column":13},"end":{"line":272,"column":7}},"99":{"start":{"line":267,"column":26},"end":{"line":267,"column":55}},"100":{"start":{"line":268,"column":24},"end":{"line":268,"column":59}},"101":{"start":{"line":269,"column":8},"end":{"line":269,"column":37}},"102":{"start":{"line":271,"column":8},"end":{"line":271,"column":49}},"103":{"start":{"line":274,"column":6},"end":{"line":274,"column":86}},"104":{"start":{"line":275,"column":6},"end":{"line":275,"column":76}},"105":{"start":{"line":279,"column":4},"end":{"line":282,"column":5}},"106":{"start":{"line":280,"column":6},"end":{"line":280,"column":68}},"107":{"start":{"line":281,"column":6},"end":{"line":281,"column":72}},"108":{"start":{"line":284,"column":4},"end":{"line":289,"column":6}},"109":{"start":{"line":292,"column":4},"end":{"line":292,"column":56}},"110":{"start":{"line":293,"column":4},"end":{"line":293,"column":68}},"111":{"start":{"line":305,"column":2},"end":{"line":305,"column":56}},"112":{"start":{"line":317,"column":2},"end":{"line":319,"column":3}},"113":{"start":{"line":318,"column":4},"end":{"line":318,"column":62}},"114":{"start":{"line":322,"column":22},"end":{"line":322,"column":75}},"115":{"start":{"line":325,"column":2},"end":{"line":327,"column":3}},"116":{"start":{"line":326,"column":4},"end":{"line":326,"column":23}},"117":{"start":{"line":330,"column":2},"end":{"line":341,"column":3}},"118":{"start":{"line":331,"column":4},"end":{"line":340,"column":5}},"119":{"start":{"line":332,"column":29},"end":{"line":332,"column":97}},"120":{"start":{"line":335,"column":6},"end":{"line":337,"column":7}},"121":{"start":{"line":336,"column":8},"end":{"line":336,"column":30}},"122":{"start":{"line":339,"column":6},"end":{"line":339,"column":87}},"123":{"start":{"line":344,"column":2},"end":{"line":344,"column":21}},"124":{"start":{"line":356,"column":18},"end":{"line":356,"column":20}},"125":{"start":{"line":358,"column":2},"end":{"line":364,"column":3}},"126":{"start":{"line":359,"column":19},"end":{"line":359,"column":96}},"127":{"start":{"line":360,"column":4},"end":{"line":363,"column":7}},"128":{"start":{"line":366,"column":2},"end":{"line":366,"column":17}},"129":{"start":{"line":369,"column":0},"end":{"line":383,"column":2}}},"fnMap":{"0":{"name":"levenshteinDistance","decl":{"start":{"line":20,"column":9},"end":{"line":20,"column":28}},"loc":{"start":{"line":20,"column":35},"end":{"line":41,"column":1}},"line":20},"1":{"name":"(anonymous_1)","decl":{"start":{"line":24,"column":52},"end":{"line":24,"column":53}},"loc":{"start":{"line":24,"column":58},"end":{"line":24,"column":88}},"line":24},"2":{"name":"calculateSimilarity","decl":{"start":{"line":49,"column":9},"end":{"line":49,"column":28}},"loc":{"start":{"line":49,"column":35},"end":{"line":55,"column":1}},"line":49},"3":{"name":"normalizeUnicode","decl":{"start":{"line":62,"column":9},"end":{"line":62,"column":25}},"loc":{"start":{"line":62,"column":32},"end":{"line":77,"column":1}},"line":62},"4":{"name":"removeDefiniteArticles","decl":{"start":{"line":85,"column":9},"end":{"line":85,"column":31}},"loc":{"start":{"line":85,"column":59},"end":{"line":107,"column":1}},"line":85},"5":{"name":"generatePhoneticVariations","decl":{"start":{"line":114,"column":9},"end":{"line":114,"column":35}},"loc":{"start":{"line":114,"column":42},"end":{"line":136,"column":1}},"line":114},"6":{"name":"(anonymous_6)","decl":{"start":{"line":129,"column":24},"end":{"line":129,"column":25}},"loc":{"start":{"line":129,"column":52},"end":{"line":133,"column":3}},"line":129},"7":{"name":"fuzzyMatch","decl":{"start":{"line":145,"column":9},"end":{"line":145,"column":19}},"loc":{"start":{"line":1
[...]
ocuments/GitHub/com.chatgtp.assistent/modules/statusFormatter.js","statementMap":{"0":{"start":{"line":9,"column":25},"end":{"line":85,"column":1}},"1":{"start":{"line":95,"column":20},"end":{"line":95,"column":72}},"2":{"start":{"line":96,"column":13},"end":{"line":96,"column":65}},"3":{"start":{"line":99,"column":2},"end":{"line":101,"column":5}},"4":{"start":{"line":100,"column":4},"end":{"line":100,"column":70}},"5":{"start":{"line":103,"column":2},"end":{"line":103,"column":14}},"6":{"start":{"line":114,"column":2},"end":{"line":122,"column":3}},"7":{"start":{"line":115,"column":22},"end":{"line":115,"column":97}},"8":{"start":{"line":116,"column":4},"end":{"line":120,"column":5}},"9":{"start":{"line":117,"column":24},"end":{"line":117,"column":70}},"10":{"start":{"line":118,"column":28},"end":{"line":118,"column":95}},"11":{"start":{"line":119,"column":6},"end":{"line":119,"column":46}},"12":{"start":{"line":121,"column":4},"end":{"line":121,"column":21}},"13":{"start":{"line":124,"column":16},"end":{"line":124,"column":18}},"14":{"start":{"line":127,"column":2},"end":{"line":127,"column":90}},"15":{"start":{"line":130,"column":2},"end":{"line":138,"column":3}},"16":{"start":{"line":131,"column":22},"end":{"line":136,"column":6}},"17":{"start":{"line":137,"column":4},"end":{"line":137,"column":26}},"18":{"start":{"line":141,"column":2},"end":{"line":141,"column":17}},"19":{"start":{"line":142,"column":2},"end":{"line":142,"column":59}},"20":{"start":{"line":144,"column":2},"end":{"line":147,"column":3}},"21":{"start":{"line":145,"column":4},"end":{"line":145,"column":91}},"22":{"start":{"line":146,"column":4},"end":{"line":146,"column":28}},"23":{"start":{"line":149,"column":2},"end":{"line":149,"column":92}},"24":{"start":{"line":152,"column":24},"end":{"line":152,"column":73}},"25":{"start":{"line":152,"column":55},"end":{"line":152,"column":65}},"26":{"start":{"line":153,"column":25},"end":{"line":153,"column":63}},"27":{"start":{"line":155,"column":2},"end":{"line":157,"column":3}},"28":{"start":{"line":156,"column":4},"end":{"line":156,"column":83}},"29":{"start":{"line":158,"column":2},"end":{"line":160,"column":3}},"30":{"start":{"line":159,"column":4},"end":{"line":159,"column":85}},"31":{"start":{"line":163,"column":2},"end":{"line":171,"column":3}},"32":{"start":{"line":164,"column":4},"end":{"line":164,"column":19}},"33":{"start":{"line":165,"column":4},"end":{"line":165,"column":61}},"34":{"start":{"line":167,"column":4},"end":{"line":170,"column":7}},"35":{"start":{"line":168,"column":25},"end":{"line":168,"column":84}},"36":{"start":{"line":169,"column":6},"end":{"line":169,"column":29}},"37":{"start":{"line":173,"column":2},"end":{"line":173,"column":26}},"38":{"start":{"line":184,"column":16},"end":{"line":184,"column":18}},"39":{"start":{"line":187,"column":2},"end":{"line":187,"column":102}},"40":{"start":{"line":190,"column":2},"end":{"line":190,"column":17}},"41":{"start":{"line":191,"column":2},"end":{"line":191,"column":59}},"42":{"start":{"line":193,"column":2},"end":{"line":196,"column":3}},"43":{"start":{"line":194,"column":4},"end":{"line":194,"column":104}},"44":{"start":{"line":195,"column":4},"end":{"line":195,"column":28}},"45":{"start":{"line":198,"column":2},"end":{"line":198,"column":98}},"46":{"start":{"line":201,"column":24},"end":{"line":201,"column":79}},"47":{"start":{"line":201,"column":61},"end":{"line":201,"column":71}},"48":{"start":{"line":202,"column":25},"end":{"line":202,"column":69}},"49":{"start":{"line":204,"column":2},"end":{"line":206,"column":3}},"50":{"start":{"line":205,"column":4},"end":{"line":205,"column":83}},"51":{"start":{"line":207,"column":2},"end":{"line":209,"column":3}},"52":{"start":{"line":208,"column":4},"end":{"line":208,"column":85}},"53":{"start":{"line":212,"column":2},"end":{"line":220,"column":3}},"54":{"start":{"line":213,"column":4},"end":{"line":213,"column":19}},"55":{"start":{"line":214,"column":4},"end":{"line":214,"column":61}},"56":{"start":{"line":216,"column":4},"end":{"line":219,"column":7}},"57":{"start":{"line":217,"column":25},"end":{"line":217,"column":66}},"58":{"start":{"line":218,"column":6},"end":{"line":218,"column":29}},"59":{"start":{"line":222,"column":2},"end":{"line":222,"column":26}},"60":{"start":{"line":233,"column":16},"end":{"line":233,"column":18}},"61":{"start":{"line":236,"column":2},"end":{"line":236,"column":58}},"62":{"start":{"line":239,"column":2},"end":{"line":239,"column":17}},"63":{"start":{"line":240,"column":2},"end":{"line":240,"column":59}},"64":{"start":{"line":242,"column":23},"end":{"line":242,"column":40}},"65":{"start":{"line":243,"column":24},"end":{"line":243,"column":65}},"66":{"start":{"line":243,"column":47},"end":{"line":243,"column":57}},"67":{"start":{"line":244,"column":25},"end":{"line":244,"column":53}},"68":{"start":{"line":246,"column":2},"end":{"line":246,"column":82}},"69":{"start":{"line":248,"column":2},"end":{"line":250,"column":3}},"70":{"start":{"line":249,"column":4},"end":{"line":249,"column":83}},"71":{"start":{"line":251,"column":2},"end":{"line":253,"column":3}},"72":{"start":{"line":252,"column":4},"end":{"line":252,"column":85}},"73":{"start":{"line":256,"column":24},"end":{"line":256,"column":26}},"74":{"start":{"line":257,"column":2},"end":{"line":266,"column":5}},"75":{"start":{"line":258,"column":17},"end":{"line":258,"column":42}},"76":{"start":{"line":259,"column":4},"end":{"line":261,"column":5}},"77":{"start":{"line":260,"column":6},"end":{"line":260,"column":52}},"78":{"start":{"line":262,"column":4},"end":{"line":262,"column":32}},"79":{"start":{"line":263,"column":4},"end":{"line":265,"column":5}},"80":{"start":{"line":264,"column":6},"end":{"line":264,"column":35}},"81":{"start":{"line":268,"column":2},"end":{"line":274,"column":3}},"82":{"start":{"line":269,"column":4},"end":{"line":269,"column":19}},"83":{"start":{"line":270,"column":4},"end":{"line":270,"column":36}},"84":{"start":{"line":271,"column":4},"end":{"line":273,"column":7}},"85":{"start":{"line":272,"column":6},"end":{"line":272,"column":71}},"86":{"start":{"line":277,"column":2},"end":{"line":288,"column":3}},"87":{"start":{"line":278,"column":4},"end":{"line":278,"column":19}},"88":{"start":{"line":279,"column":4},"end":{"line":279,"column":61}},"89":{"start":{"line":281,"column":4},"end":{"line":284,"column":7}},"90":{"start":{"line":282,"column":25},"end":{"line":282,"column":84}},"91":{"start":{"line":283,"column":6},"end":{"line":283,"column":29}},"92":{"start":{"line":285,"column":9},"end":{"line":288,"column":3}},"93":{"start":{"line":286,"column":4},"end":{"line":286,"column":19}},"94":{"start":{"line":287,"column":4},"end":{"line":287,"column":93}},"95":{"start":{"line":290,"column":2},"end":{"line":290,"column":26}},"96":{"start":{"line":300,"column":16},"end":{"line":300,"column":18}},"97":{"start":{"line":302,"column":2},"end":{"line":302,"column":68}},"98":{"start":{"line":303,"column":2},"end":{"line":303,"column":48}},"99":{"start":{"line":305,"column":2},"end":{"line":307,"column":3}},"100":{"start":{"line":306,"column":4},"end":{"line":306,"column":69}},"101":{"start":{"line":309,"column":2},"end":{"line":309,"column":26}},"102":{"start":{"line":312,"column":0},"end":{"line":319,"column":2}}},"fnMap":{"0":{"name":"getLocalizedText","decl":{"start":{"line":94,"column":9},"end":{"line":94,"column":25}},"loc":{"start":{"line":94,"column":61},"end":{"line":104,"column":1}},"line":94},"1":{"name":"(anonymous_1)","decl":{"start":{"line":99,"column":30},"end":{"line":99,"column":31}},"loc":{"start":{"line":99,"column":39},"end":{"line":101,"column":3}},"line":99},"2":{"name":"formatRoomStatus","decl":{"start":{"line":113,"column":9},"end":{"line":113,"column":25}},"loc":{"start":{"line":113,"column":78},"end":{"line":174,"column":1}},"line":113},"3":{"name":"(anonymous_3)","decl":{"start":{"line":152,"column":50},"end":{"line":152,"column":51}},"loc":{"start":{"line":152,"column":55},"end":{"line":152,"column":65}},"line":152},"4":{"name":"(anonymous_4)","decl":{"start":{"line":167,"column":31},"end":{"line":167,"column":32}},"loc":{"start":{"line":167,"column":41},"end":{"line":170,"column":5}},"line":167},"5":{"name":"formatDeviceTypeStatus","decl":{"start":{"line":183,"column":9},"end":{"line":183,"column":31}},"loc":{"start":{"line":183,"column":90},"end":{"line":223,"column":1}},"line":183},"6":{"name":"(anonymous_6)","decl":{"start":{"line":201,"column":56},"end":{"line":201,"column":57}},"loc":{"start":{"line":201,"column":61},"end":{"line":201,"column":71}},"line":201},"7":{"name":"(anonymous_7)","decl":{"start":{"line":216,"column":37},"end":{"line":216,"column":38}},"loc":{"start":{"line":216,"column":47},"end":{"line":219,"column":5}},"line":216},"8":{"name":"formatGlobalStatus","decl":{"start":{"line":232,"column":9},"end":{"line":232,"column":27}},"loc":{"start":{"line":232,"column":81},"end":{"line":291,"column":1}},"line":232},"9":{"name":"(anonymous_9)","decl":{"start":{"line":243,"column":42},"end":{"line":243,"column":43}},"loc":{"start":{"line":243,"column":47},"end":{"line":243,"column":57}},"line":243},"10":{"name":"(anonymous_10)","decl":{"start":{"line":257,"column":21},"end":{"line":257,"column":22}},"loc":{"start":{"line":257,"column":31},"end":{"line":266,"column":3}},"line":257},"11":{"name":"(anonymous_11)","decl":{"start":{"line":271,"column":42},"end":{"line":271,"column":43}},"loc":{"start":{"line":271,"column":62},"end":{"line":273,"column":5}},"line":271},"12":{"name":"(anonymous_12)","decl":{"start":{"line":281,"column":23},"end":{"line":281,"column":24}},"loc":{"start":{"line":281,"column":33},"end":{"line":284,"column":5}},"line":281},"13":{"name":"formatSingleDeviceStatus","decl":{"start":{"line":299,"column":9},"end":{"line":299,"column":33}},"loc":{"start":{"line":299,"column":65},"end":{"line":310,"column":1}},"line":299}},"branchMap":{"0":{"loc":{"start":{"line":94,"column":31},"end":{"line":94,"column":46}},"type":"default-arg","locations":[{"start":{"line":94,"column":42},"end":{"line":94,"column":46}}],"line":94},"1":{"loc":{"start":{"line":94,"column":48},"end":{"line":94,"column":59}},"type":"default-arg","locations":[{"start":{"line":94,"column":57},"end":{"line":94,"column":59}}],"line":94},"2":{"loc":{"start":{"line":95,"column":20},"end":{"line":95,"column":72}},"type":"binary-expr","locations":[{"start":{"line":95,"column":20},"end":{"line":95,"column":46}},{"start":{"line":95,"column":50},"end":{"line":95,"column":72}}],"line":95},"3":{"loc":{"start":{"line":96,"column":13},"end":{"line":96,"column":65}},"type":"binary-expr","locations":[{"start":{"line":96,"column":13},"end":{"line":96,"column":27}},{"start":{"line":96,"column":31},"end":{"line":96,"column":58}},{"start":{"line":96,"column":62},"end":{"line":96,"column":65}}],"line":96},"4":{"loc":{"start":{"line":113,"column":38},"end":{"line":113,"column":53}},"type":"default-arg","locations":[{"start":{"line":113,"column":49},"end":{"line":113,"column":53}}],"line":113},"5":{"loc":{"start":{"line":113,"column":55},"end":{"line":113,"column":76}},"type":"default-arg","locations":[{"start":{"line":113,"column":72},"end":{"line":113,"column":76}}],"line":113},"6":{"loc":{"start":{"line":114,"column":2},"end":{"line":122,"column":3}},"type":"if","locations":[{"start":{"line":114,"column":2},"end":{"line":122,"column":3}},{"start":{"line":114,"column":2},"end":{"line":122,"column":3}}],"line":114},"7":{"loc":{"start":{"line":116,"column":4},"end":{"line":120,"column":5}},"type":"if","locations":[{"start":{"line":116,"column":4},"end":{"line":120,"column":5}},{"start":{"line":116,"column":4},"end":{"line":120,"column":5}}],"line":116},"8":{"loc":{"start":{"line":116,"column":8},"end":{"line":116,"column":73}},"type":"binary-expr","locations":[{"start":{"line":116,"column":8},"end":{"line":116,"column":24}},{"start":{"line":116,"column":28},"end":{"line":116,"column":73}}],"line":116},"9":{"loc":{"start":{"line":130,"column":2},"end":{"line":138,"column":3}},"type":"if","locations":[{"start":{"line":130,"column":2},"end":{"line":138,"column":3}},{"start":{"line":130,"column":2},"end":{"line":138,"column":3}}],"line":130},"10":{"loc":{"start":{"line":130,"column":6},"end":{"line":130,"column":68}},"type":"binary-expr","locations":[{"start":{"line":130,"column":6},"end":{"line":130,"column":32}},{"start":{"line":130,"column":36},"end":{"line":130,"column":68}}],"line":130},"11":{"loc":{"start":{"line":144,"column":2},"end":{"line":147,"column":3}},"type":"if","locations":[{"start":{"line":144,"column":2},"end":{"line":147,"column":3}},{"start":{"line":144,"column":2},"end":{"line":147,"column":3}}],"line":144},"12":{"loc":{"start":{"line":155,"column":2},"end":{"line":157,"column":3}},"type":"if","locations":[{"start":{"line":155,"column":2},"end":{"line":157,"column":3}},{"start":{"line":155,"column":2},"end":{"line":157,"column":3}}],"line":155},"13":{"loc":{"start":{"line":158,"column":2},"end":{"line":160,"column":3}},"type":"if","locations":[{"start":{"line":158,"column":2},"end":{"line":160,"column":3}},{"start":{"line":158,"column":2},"end":{"line":160,"column":3}}],"line":158},"14":{"loc":{"start":{"line":163,"column":2},"end":{"line":171,"column":3}},"type":"if","locations":[{"start":{"line":163,"column":2},"end":{"line":171,"column":3}},{"start":{"line":163,"column":2},"end":{"line":171,"column":3}}],"line":163},"15":{"loc":{"start":{"line":163,"column":6},"end":{"line":163,"column":53}},"type":"binary-expr","locations":[{"start":{"line":163,"column":6},"end":{"line":163,"column":20}},{"start":{"line":163,"column":24},"end":{"line":163,"column":53}}],"line":163},"16":{"loc":{"start":{"line":183,"column":50},"end":{"line":183,"column":65}},"type":"default-arg","locations":[{"start":{"line":183,"column":61},"end":{"line":183,"column":65}}],"line":183},"17":{"loc":{"start":{"line":183,"column":67},"end":{"line":183,"column":88}},"type":"default-arg","locations":[{"start":{"line":183,"column":84},"end":{"line":183,"column":88}}],"line":183},"18":{"loc":{"start":{"line":193,"column":2},"end":{"line":196,"column":3}},"type":"if","locations":[{"start":{"line":193,"column":2},"end":{"line":196,"column":3}},{"start":{"line":193,"column":2},"end":{"line":196,"column":3}}],"line":193},"19":{"loc":{"start":{"line":204,"column":2},"end":{"line":206,"column":3}},"type":"if","locations":[{"start":{"line":204,"column":2},"end":{"line":206,"column":3}},{"start":{"line":204,"column":2},"end":{"line":206,"column":3}}],"line":204},"20":{"loc":{"start":{"line":207,"column":2},"end":{"line":209,"column":3}},"type":"if","locations":[{"start":{"line":207,"column":2},"end":{"line":209,"column":3}},{"start":{"line":207,"column":2},"end":{"line":209,"column":3}}],"line":207},"21":{"loc":{"start":{"line":212,"column":2},"end":{"line":220,"column":3}},"type":"if","locations":[{"start":{"line":212,"column":2},"end":{"line":220,"column":3}},{"start":{"line":212,"column":2},"end":{"line":220,"column":3}}],"line":212},"22":{"loc":{"start":{"line":212,"column":6},"end":{"line":212,"column":59}},"type":"binary-expr","locations":[{"start":{"line":212,"column":6},"end":{"line":212,"column":20}},{"start":{"line":212,"column":24},"end":{"line":212,"column":59}}],"line":212},"23":{"loc":{"start":{"line":232,"column":40},"end":{"line":232,"column":55}},"type":"default-arg","locations":[{"start":{"line":232,"column":51},"end":{"line":232,"column":55}}],"line":232},"24":{"loc":{"start":{"line":232,"column":57},"end":{"line":232,"column":79}},"type":"default-arg","locations":[{"start":{"line":232,"column":74},"end":{"line":232,"column":79}}],"line":232},"25":{"loc":{"start":{"line":248,"column":2},"end":{"line":250,"column":3}},"type":"if","locations":[{"start":{"line":248,"column":2},"end":{"line":250,"column":3}},{"start":{"line":248,"column":2},"end":{"line":250,"column":3}}],"line":248},"26":{"loc":{"start":{"line":251,"column":2},"end":{"line":253,"column":3}},"type":"if","locations":[{"start":{"line":251,"column":2},"end":{"line":253,"column":3}},{"start":{"line":251,"column":2},"end":{"line":253,"column":3}}],"line":251},"27":{"loc":{"start":{"line":258,"column":17},"end":{"line":258,"column":42}},"type":"binary-expr","locations":[{"start":{"line":258,"column":17},"end":{"line":258,"column":29}},{"start":{"line":258,"column":33},"end":{"line":258,"column":42}}],"line":258},"28":{"loc":{"start":{"line":259,"column":4},"end":{"line":261,"column":5}},"type":"if","locations":[{"start":{"line":259,"column":4},"end":{"line":261,"column":5}},{"start":{"line":259,"column":4},"end":{"line":261,"column":5}}],"line":259},"29":{"loc":{"start":{"line":263,"column":4},"end":{"line":265,"column":5}},"type":"if","locations":[{"start":{"line":263,"column":4},"end":{"line":265,"column":5}},{"start":{"line":263,"column":4},"end":{"line":265,"column":5}}],"line":263},"30":{"loc":{"start":{"line":268,"column":2},"end":{"line":274,"column":3}},"type":"if","locations":[{"start":{"line":268,"column":2},"end":{"line":274,"column":3}},{"start":{"line":268,"column":2},"end":{"line":274,"column":3}}],"line":268},"31":{"loc":{"start":{"line":277,"column":2},"end":{"line":288,"column":3}},"type":"if","locations":[{"start":{"line":277,"column":2},"end":{"line":288,"column":3}},{"start":{"line":277,"column":2},"end":{"line":288,"column":3}}],"line":277},"32":{"loc":{"start":{"line":277,"column":6},"end":{"line":277,"column":47}},"type":"binary-expr","locations":[{"start":{"line":277,"column":6},"end":{"line":277,"column":20}},{"start":{"line":277,"column":24},"end":{"line":277,"column":47}}],"line":277},"33":{"loc":{"start":{"line":285,"column":9},"end":{"line":288,"column":3}},"type":"if","locations":[{"start":{"line":285,"column":9},"end":{"line":288,"column":3}},{"start":{"line":285,"column":9},"end":{"line":288,"column":3}}],"line":285},"34":{"loc":{"start":{"line":285,"column":13},"end":{"line":285,"column":53}},"type":"binary-expr","locations":[{"start":{"line":285,"column":13},"end":{"line":285,"column":27}},{"start":{"line":285,"column":31},"end":{"line":285,"column":53}}],"line":285},"35":{"loc":{"start":{"line":299,"column":48},"end":{"line":299,"column":63}},"type":"default-arg","locations":[{"start":{"line":299,"column":59},"end":{"line":299,"column":63}}],"line":299},"36":{"loc":{"start":{"line":305,"column":2},"end":{"line":307,"column":3}},"type":"if","locations":[{"start":{"line":305,"column":2},"end":{"line":307,"column":3}},{"start":{"line":305,"column":2},"end":{"line":307,"column":3}}],"line":305}},"s":{"0":1,"1":93,"2":93,"3":93,"4":62,"5":93,"6":11,"7":0,"8":0,"9":0,"10":0,"11":0,"12":0,"13":11,"14":11,"15":11,"16":7,"17":7,"18":11,"19":11,"20":11,"21":0,"22":0,"23":11,"24":11,"25":71,"26":11,"27":11,"28":7,"29":11,"30":4,"31":11,"32":11,"33":11,"34":11,"35":71,"36":71,"37":11,"38":6,"39":6,"40":6,"41":6,"42":6,"43":0,"44":0,"45":6,"46":6,"47":113,"48":6,"49":6,"50":6,"51":6,"52":1,"53":6,"54":6,"55":6,"56":6,"57":113,"58":113,"59":6,"60":0,"61":0,"62":0,"63":0,"64":0,"65":0,"66":0,"67":0,"68":0,"69":0,"70":0,"71":0,"72":0,"73":0,"74":0,"75":0,"76":0,"77":0,"78":0,"79":0,"80":0,"81":0,"82":0,"83":0,"84":0,"85":0,"86":0,"87":0,"88":0,"89":0,"90":0,"91":0,"92":0,"93":0,"94":0,"95":0,"96":3,"97":3,"98":3,"99":3,"100":0,"101":3,"102":1},"f":{"0":93,"1":62,"2":11,"3":71,"4":71,"5":6,"6":113,"7":113,"8":0,"9":0,"10":0,"11":0,"12":0,"13":3},"b":{"0":[0],"1":[52],"2":[93,0],"3":[93,0,0],"4":[0],"5":[0],"6":[0,11],"7":[0,0],"8":[0,0],"9":[7,4],"10":[11,11],"11":[0,11],"12":[7,4],"13":[4,7],"14":[11,0],"15":[11,11],"16":[0],"17":[0],"18":[0,6],"19":[6,0],"20":[1,5],"21":[6,0],"22":[6,6],"23":[0],"24":[0],"25":[0,0],"26":[0,0],"27":[0,0],"28":[0,0],"29":[0,0],"30":[0,0],"31":[0,0],"32":[0,0],"33":[0,0],"34":[0,0],"35":[0],"36":[0,3]},"_coverageSchema":"1a1c01bbd47fc00a2c39e90264f33305004495a9","hash":"6a36a65c6a8aed331197ac53eade096fab84c545","contentHash":"a2f5d029158679baf737fbf3dd510f5cb45a3139082a48f3229b0868d42c8ef1"}}