TN:
SF:app.js
FN:41,getCapabilityKeys
FN:60,(anonymous_1)
FN:74,(anonymous_2)
FN:115,(anonymous_3)
FN:118,(anonymous_4)
FN:123,(anonymous_5)
FN:147,(anonymous_6)
FN:178,(anonymous_7)
FN:186,(anonymous_8)
FN:206,(anonymous_9)
FN:213,(anonymous_10)
FN:223,(anonymous_11)
FN:265,(anonymous_12)
FN:307,(anonymous_13)
FN:346,(anonymous_14)
FN:354,(anonymous_15)
FN:360,(anonymous_16)
FN:373,(anonymous_17)
FN:375,(anonymous_18)
FN:391,(anonymous_19)
FN:408,(anonymous_20)
FN:417,(anonymous_21)
FN:457,(anonymous_22)
FN:462,(anonymous_23)
FN:507,(anonymous_24)
FN:509,(anonymous_25)
FN:580,(anonymous_26)
FN:604,(anonymous_27)
FN:636,(anonymous_28)
FN:647,(anonymous_29)
FN:677,(anonymous_30)
FN:682,(anonymous_31)
FN:738,(anonymous_32)
FN:743,(anonymous_33)
FN:747,(anonymous_34)
FN:748,(anonymous_35)
FN:756,(anonymous_36)
FN:759,(anonymous_37)
FN:767,(anonymous_38)
FN:775,(anonymous_39)
FN:798,(anonymous_40)
FN:810,(anonymous_41)
FN:818,(anonymous_42)
FN:819,(anonymous_43)
FN:831,(anonymous_44)
FN:836,(anonymous_45)
FN:837,(anonymous_46)
FN:842,(anonymous_47)
FN:864,(anonymous_48)
FN:883,(anonymous_49)
FN:890,(anonymous_50)
FN:895,(anonymous_51)
FN:911,(anonymous_52)
FN:935,(anonymous_53)
FN:938,(anonymous_54)
FN:961,(anonymous_55)
FN:967,(anonymous_56)
FN:969,(anonymous_57)
FN:971,(anonymous_58)
FN:973,(anonymous_59)
FN:979,(anonymous_60)
FN:996,(anonymous_61)
FN:1002,(anonymous_62)
FNF:63
FNH:28
FNDA:103,getCapabilityKeys
FNDA:31,(anonymous_1)
FNDA:0,(anonymous_2)
FNDA:0,(anonymous_3)
FNDA:0,(anonymous_4)
FNDA:0,(anonymous_5)
FNDA:0,(anonymous_6)
FNDA:0,(anonymous_7)
FNDA:0,(anonymous_8)
FNDA:0,(anonymous_9)
FNDA:8,(anonymous_10)
FNDA:39,(anonymous_11)
FNDA:56,(anonymous_12)
FNDA:0,(anonymous_13)
FNDA:0,(anonymous_14)
FNDA:0,(anonymous_15)
FNDA:0,(anonymous_16)
FNDA:0,(anonymous_17)
FNDA:0,(anonymous_18)
FNDA:0,(anonymous_19)
FNDA:0,(anonymous_20)
FNDA:0,(anonymous_21)
FNDA:0,(anonymous_22)
FNDA:0,(anonymous_23)
FNDA:0,(anonymous_24)
FNDA:0,(anonymous_25)
FNDA:0,(anonymous_26)
FNDA:0,(anonymous_27)
FNDA:0,(anonymous_28)
FNDA:9,(anonymous_29)
FNDA:17,(anonymous_30)
FNDA:69,(anonymous_31)
FNDA:67,(anonymous_32)
FNDA:64,(anonymous_33)
FNDA:2921,(anonymous_34)
FNDA:323,(anonymous_35)
FNDA:15,(anonymous_36)
FNDA:6,(anonymous_37)
FNDA:50,(anonymous_38)
FNDA:0,(anonymous_39)
FNDA:0,(anonymous_40)
FNDA:0,(anonymous_41)
FNDA:48,(anonymous_42)
FNDA:48,(anonymous_43)
FNDA:48,(anonymous_44)
FNDA:0,(anonymous_45)
FNDA:0,(anonymous_46)
FNDA:48,(anonymous_47)
FNDA:18,(anonymous_48)
FNDA:2,(anonymous_49)
FNDA:10,(anonymous_50)
FNDA:5,(anonymous_51)
FNDA:2,(anonymous_52)
FNDA:0,(anonymous_53)
FNDA:0,(anonymous_54)
FNDA:103,(anonymous_55)
FNDA:101,(anonymous_56)
FNDA:0,(anonymous_57)
FNDA:0,(anonymous_58)
FNDA:0,(anonymous_59)
FNDA:53,(anonymous_60)
FNDA:0,(anonymous_61)
FNDA:48,(anonymous_62)
DA:3,1
DA:4,1
DA:7,1
DA:10,1
DA:12,1
DA:16,1
DA:17,0
DA:21,1
DA:22,1
DA:23,1
DA:24,1
DA:25,1
DA:26,1
DA:27,1
DA:28,1
DA:29,1
DA:30,1
DA:42,103
DA:43,103
DA:44,0
DA:45,0
DA:47,0
DA:61,31
DA:63,31
DA:64,31
DA:65,31
DA:67,31
DA:68,31
DA:75,0
DA:76,0
DA:79,0
DA:80,0
DA:81,0
DA:83,0
DA:84,0
DA:85,0
DA:86,0
DA:87,0
DA:88,0
DA:91,0
DA:92,0
DA:93,0
DA:94,0
DA:95,0
DA:96,0
DA:100,0
DA:101,0
DA:102,0
DA:105,0
DA:106,0
DA:107,0
DA:116,0
DA:118,0
DA:119,0
DA:120,0
DA:123,0
DA:124,0
DA:125,0
DA:127,0
DA:128,0
DA:129,0
DA:130,0
DA:131,0
DA:132,0
DA:134,0
DA:141,0
DA:149,0
DA:150,0
DA:156,0
DA:157,0
DA:158,0
DA:161,0
DA:162,0
DA:163,0
DA:166,0
DA:167,0
DA:168,0
DA:171,0
DA:179,0
DA:187,0
DA:188,0
DA:189,0
DA:191,0
DA:192,0
DA:193,0
DA:194,0
DA:195,0
DA:196,0
DA:198,0
DA:200,0
DA:207,0
DA:214,8
DA:225,39
DA:226,6
DA:229,33
DA:230,0
DA:235,33
DA:236,0
DA:240,33
DA:243,5
DA:247,28
DA:251,28
DA:252,1
DA:253,1
DA:257,28
DA:259,28
DA:262,28
DA:265,56
DA:268,28
DA:269,28
DA:279,28
DA:281,28
DA:282,28
DA:285,28
DA:286,0
DA:290,28
DA:291,0
DA:292,0
DA:293,0
DA:294,0
DA:297,0
DA:301,28
DA:302,0
DA:303,0
DA:304,0
DA:307,0
DA:308,0
DA:309,0
DA:310,0
DA:311,0
DA:317,28
DA:318,0
DA:319,0
DA:323,28
DA:324,28
DA:325,0
DA:329,28
DA:330,0
DA:333,28
DA:334,28
DA:337,0
DA:338,0
DA:347,0
DA:348,0
DA:349,0
DA:350,0
DA:353,0
DA:354,0
DA:355,0
DA:359,0
DA:360,0
DA:361,0
DA:362,0
DA:363,0
DA:365,0
DA:373,0
DA:374,0
DA:375,0
DA:376,0
DA:380,0
DA:382,0
DA:383,0
DA:392,0
DA:393,0
DA:394,0
DA:395,0
DA:397,0
DA:399,0
DA:409,0
DA:418,0
DA:419,0
DA:420,0
DA:422,0
DA:424,0
DA:425,0
DA:426,0
DA:427,0
DA:428,0
DA:431,0
DA:432,0
DA:433,0
DA:434,0
DA:437,0
DA:438,0
DA:441,0
DA:443,0
DA:444,0
DA:448,0
DA:449,0
DA:458,0
DA:459,0
DA:462,0
DA:463,0
DA:464,0
DA:466,0
DA:467,0
DA:472,0
DA:475,0
DA:476,0
DA:480,0
DA:488,0
DA:489,0
DA:491,0
DA:494,0
DA:495,0
DA:508,0
DA:509,0
DA:512,0
DA:513,0
DA:516,0
DA:518,0
DA:519,0
DA:521,0
DA:522,0
DA:523,0
DA:524,0
DA:525,0
DA:528,0
DA:529,0
DA:532,0
DA:534,0
DA:542,0
DA:545,0
DA:547,0
DA:555,0
DA:558,0
DA:560,0
DA:568,0
DA:572,0
DA:581,0
DA:582,0
DA:584,0
DA:585,0
DA:587,0
DA:588,0
DA:590,0
DA:591,0
DA:593,0
DA:594,0
DA:596,0
DA:605,0
DA:608,0
DA:609,0
DA:613,0
DA:614,0
DA:618,0
DA:619,0
DA:623,0
DA:624,0
DA:628,0
DA:638,0
DA:648,9
DA:649,9
DA:650,0
DA:652,9
DA:653,0
DA:655,9
DA:656,0
DA:657,0
DA:659,0
DA:662,9
DA:663,7
DA:665,2
DA:666,2
DA:668,0
DA:669,0
DA:671,0
DA:678,17
DA:679,17
DA:682,17
DA:683,69
DA:684,69
DA:687,68
DA:690,56
DA:693,55
DA:735,55
DA:737,1903
DA:738,67
DA:739,2
DA:742,1901
DA:743,64
DA:744,0
DA:747,2921
DA:748,323
DA:749,0
DA:753,53
DA:756,16
DA:758,16
DA:759,6
DA:760,1
DA:763,15
DA:764,7
DA:767,7
DA:768,50
DA:769,50
DA:773,7
DA:775,0
DA:776,0
DA:778,0
DA:780,0
DA:781,0
DA:782,0
DA:784,0
DA:785,0
DA:786,0
DA:787,0
DA:788,0
DA:790,0
DA:793,0
DA:794,0
DA:795,0
DA:798,0
DA:799,0
DA:801,0
DA:805,7
DA:807,7
DA:809,7
DA:810,0
DA:811,0
DA:812,0
DA:813,0
DA:817,7
DA:818,48
DA:819,48
DA:820,7
DA:821,7
DA:822,7
DA:824,0
DA:825,0
DA:831,48
DA:832,7
DA:834,7
DA:835,0
DA:836,0
DA:837,0
DA:838,0
DA:842,7
DA:843,48
DA:844,48
DA:845,48
DA:846,0
DA:849,48
DA:850,48
DA:851,13
DA:853,5
DA:858,7
DA:861,4
DA:862,4
DA:864,4
DA:865,18
DA:866,18
DA:867,18
DA:868,18
DA:871,0
DA:872,0
DA:876,4
DA:877,4
DA:884,2
DA:885,2
DA:886,2
DA:887,2
DA:888,0
DA:890,10
DA:891,2
DA:892,0
DA:895,2
DA:896,5
DA:897,5
DA:898,5
DA:899,0
DA:901,5
DA:902,5
DA:903,2
DA:905,0
DA:908,2
DA:909,1
DA:910,1
DA:911,1
DA:912,2
DA:913,2
DA:914,2
DA:915,2
DA:916,2
DA:919,0
DA:920,0
DA:924,1
DA:936,0
DA:937,0
DA:938,0
DA:940,0
DA:941,0
DA:944,0
DA:945,0
DA:946,0
DA:949,0
DA:950,0
DA:951,0
DA:952,0
DA:954,0
DA:962,103
DA:964,103
DA:967,103
DA:969,0
DA:971,0
DA:973,0
DA:975,0
DA:980,53
DA:982,53
DA:984,0
DA:986,0
DA:988,0
DA:990,0
DA:992,0
DA:998,0
DA:999,0
DA:1003,48
DA:1004,48
DA:1008,1
LF:418
LH:149
BRDA:16,0,0,0
BRDA:16,0,1,1
BRDA:16,1,0,1
BRDA:16,1,1,0
BRDA:42,2,0,103
BRDA:42,2,1,0
BRDA:42,3,0,103
BRDA:42,3,1,103
BRDA:44,4,0,0
BRDA:44,4,1,0
BRDA:44,5,0,0
BRDA:44,5,1,0
BRDA:83,6,0,0
BRDA:83,6,1,0
BRDA:91,7,0,0
BRDA:91,7,1,0
BRDA:116,8,0,0
BRDA:116,8,1,0
BRDA:119,9,0,0
BRDA:119,9,1,0
BRDA:119,10,0,0
BRDA:119,10,1,0
BRDA:119,10,2,0
BRDA:127,11,0,0
BRDA:127,11,1,0
BRDA:127,12,0,0
BRDA:127,12,1,0
BRDA:187,13,0,0
BRDA:187,13,1,0
BRDA:191,14,0,0
BRDA:191,14,1,0
BRDA:191,15,0,0
BRDA:191,15,1,0
BRDA:193,16,0,0
BRDA:193,16,1,0
BRDA:195,17,0,0
BRDA:195,17,1,0
BRDA:223,18,0,27
BRDA:225,19,0,6
BRDA:225,19,1,33
BRDA:225,20,0,39
BRDA:225,20,1,36
BRDA:229,21,0,0
BRDA:229,21,1,33
BRDA:235,22,0,0
BRDA:235,22,1,33
BRDA:240,23,0,5
BRDA:240,23,1,28
BRDA:240,24,0,33
BRDA:240,24,1,30
BRDA:240,24,2,28
BRDA:251,25,0,1
BRDA:251,25,1,27
BRDA:265,26,0,28
BRDA:265,26,1,0
BRDA:285,27,0,0
BRDA:285,27,1,28
BRDA:285,28,0,28
BRDA:285,28,1,28
BRDA:290,29,0,0
BRDA:290,29,1,28
BRDA:291,30,0,0
BRDA:291,30,1,0
BRDA:293,31,0,0
BRDA:293,31,1,0
BRDA:301,32,0,0
BRDA:301,32,1,28
BRDA:301,33,0,28
BRDA:301,33,1,0
BRDA:301,33,2,0
BRDA:307,34,0,0
BRDA:307,34,1,0
BRDA:307,35,0,0
BRDA:307,35,1,0
BRDA:307,36,0,0
BRDA:307,36,1,0
BRDA:317,37,0,0
BRDA:317,37,1,28
BRDA:323,38,0,28
BRDA:323,38,1,0
BRDA:323,38,2,0
BRDA:323,38,3,0
BRDA:324,39,0,0
BRDA:324,39,1,28
BRDA:329,40,0,0
BRDA:329,40,1,28
BRDA:329,41,0,28
BRDA:329,41,1,0
BRDA:361,42,0,0
BRDA:361,42,1,0
BRDA:362,43,0,0
BRDA:362,43,1,0
BRDA:432,44,0,0
BRDA:432,44,1,0
BRDA:438,45,0,0
BRDA:438,45,1,0
BRDA:472,46,0,0
BRDA:472,46,1,0
BRDA:475,47,0,0
BRDA:475,47,1,0
BRDA:481,48,0,0
BRDA:481,48,1,0
BRDA:488,49,0,0
BRDA:488,49,1,0
BRDA:491,50,0,0
BRDA:491,50,1,0
BRDA:516,51,0,0
BRDA:516,51,1,0
BRDA:532,52,0,0
BRDA:532,52,1,0
BRDA:532,53,0,0
BRDA:532,53,1,0
BRDA:545,54,0,0
BRDA:545,54,1,0
BRDA:558,55,0,0
BRDA:558,55,1,0
BRDA:581,56,0,0
BRDA:581,56,1,0
BRDA:584,57,0,0
BRDA:584,57,1,0
BRDA:584,58,0,0
BRDA:584,58,1,0
BRDA:587,59,0,0
BRDA:587,59,1,0
BRDA:590,60,0,0
BRDA:590,60,1,0
BRDA:593,61,0,0
BRDA:593,61,1,0
BRDA:608,62,0,0
BRDA:608,62,1,0
BRDA:613,63,0,0
BRDA:613,63,1,0
BRDA:618,64,0,0
BRDA:618,64,1,0
BRDA:623,65,0,0
BRDA:623,65,1,0
BRDA:648,66,0,0
BRDA:648,66,1,9
BRDA:649,67,0,0
BRDA:649,67,1,9
BRDA:652,68,0,0
BRDA:652,68,1,9
BRDA:652,69,0,9
BRDA:652,69,1,0
BRDA:655,70,0,0
BRDA:655,70,1,9
BRDA:656,71,0,0
BRDA:656,71,1,0
BRDA:656,72,0,0
BRDA:656,72,1,0
BRDA:657,73,0,0
BRDA:657,73,1,0
BRDA:662,74,0,7
BRDA:662,74,1,2
BRDA:665,75,0,2
BRDA:665,75,1,0
BRDA:668,76,0,0
BRDA:668,76,1,0
BRDA:687,77,0,12
BRDA:687,77,1,56
BRDA:690,78,0,1
BRDA:690,78,1,55
BRDA:690,79,0,56
BRDA:690,79,1,56
BRDA:737,80,0,2
BRDA:737,80,1,1901
BRDA:737,81,0,1903
BRDA:737,81,1,32
BRDA:742,82,0,0
BRDA:742,82,1,1901
BRDA:742,83,0,1901
BRDA:742,83,1,24
BRDA:747,84,0,0
BRDA:747,84,1,1901
BRDA:747,85,0,1901
BRDA:747,85,1,137
BRDA:758,86,0,1
BRDA:758,86,1,15
BRDA:768,87,0,0
BRDA:768,87,1,50
BRDA:773,88,0,0
BRDA:773,88,1,7
BRDA:776,89,0,0
BRDA:776,89,1,0
BRDA:778,90,0,0
BRDA:778,90,1,0
BRDA:780,91,0,0
BRDA:780,91,1,0
BRDA:780,92,0,0
BRDA:780,92,1,0
BRDA:782,93,0,0
BRDA:782,93,1,0
BRDA:784,94,0,0
BRDA:784,94,1,0
BRDA:785,95,0,0
BRDA:785,95,1,0
BRDA:787,96,0,0
BRDA:787,96,1,0
BRDA:793,97,0,0
BRDA:793,97,1,0
BRDA:805,98,0,7
BRDA:805,98,1,0
BRDA:805,99,0,7
BRDA:805,99,1,0
BRDA:807,100,0,7
BRDA:807,100,1,7
BRDA:809,101,0,0
BRDA:809,101,1,7
BRDA:810,102,0,0
BRDA:810,102,1,0
BRDA:810,102,2,0
BRDA:811,103,0,0
BRDA:811,103,1,0
BRDA:817,104,0,7
BRDA:817,104,1,0
BRDA:818,105,0,48
BRDA:818,105,1,0
BRDA:818,105,2,0
BRDA:820,106,0,7
BRDA:820,106,1,0
BRDA:820,107,0,7
BRDA:820,107,1,7
BRDA:834,108,0,0
BRDA:834,108,1,7
BRDA:845,109,0,0
BRDA:845,109,1,48
BRDA:865,110,0,18
BRDA:865,110,1,0
BRDA:868,111,0,13
BRDA:868,111,1,5
BRDA:871,112,0,0
BRDA:871,112,1,0
BRDA:872,113,0,0
BRDA:872,113,1,0
BRDA:886,114,0,2
BRDA:886,114,1,0
BRDA:887,115,0,0
BRDA:887,115,1,2
BRDA:891,116,0,0
BRDA:891,116,1,2
BRDA:898,117,0,0
BRDA:898,117,1,5
BRDA:912,118,0,2
BRDA:912,118,1,0
BRDA:915,119,0,2
BRDA:915,119,1,0
BRDA:920,120,0,0
BRDA:920,120,1,0
BRDA:940,121,0,0
BRDA:940,121,1,0
BRDA:945,122,0,0
BRDA:945,122,1,0
BRDA:964,123,0,103
BRDA:964,123,1,103
BRDA:964,123,2,0
BRDA:964,123,3,0
BRDA:964,123,4,0
BRDA:964,123,5,0
BRDA:967,124,0,103
BRDA:967,124,1,2
BRDA:969,125,0,0
BRDA:969,125,1,0
BRDA:971,126,0,0
BRDA:971,126,1,0
BRDA:973,127,0,0
BRDA:973,127,1,0
BRDA:979,128,0,53
BRDA:980,129,0,53
BRDA:980,129,1,0
BRDA:980,129,2,0
BRDA:980,129,3,0
BRDA:980,129,4,0
BRDA:980,129,5,0
BRDA:986,130,0,0
BRDA:986,130,1,0
BRDA:988,131,0,0
BRDA:988,131,1,0
BRDA:990,132,0,0
BRDA:990,132,1,0
BRF:279
BRH:86
end_of_record
TN:
SF:modules/advancedMultilingualMatcher.js
FN:20,levenshteinDistance
FN:24,(anonymous_1)
FN:49,calculateSimilarity
FN:62,normalizeUnicode
FN:85,removeDefiniteArticles
FN:114,generatePhoneticVariations
FN:129,(anonymous_6)
FN:145,fuzzyMatch
FN:158,(anonymous_8)
FN:230,semanticMatch
FN:239,(anonymous_10)
FN:304,findBestRoomMatch
FN:316,comprehensiveRoomMatch
FN:355,batchRoomMatch
FNF:14
FNH:13
FNDA:4259,levenshteinDistance
FNDA:36725,(anonymous_1)
FNDA:4255,calculateSimilarity
FNDA:2122,normalizeUnicode
FNDA:2122,removeDefiniteArticles
FNDA:2115,generatePhoneticVariations
FNDA:31710,(anonymous_6)
FNDA:58,fuzzyMatch
FNDA:2055,(anonymous_8)
FNDA:17,semanticMatch
FNDA:482,(anonymous_10)
FNDA:47,findBestRoomMatch
FNDA:44,comprehensiveRoomMatch
FNDA:0,batchRoomMatch
DA:10,1
DA:11,1
DA:12,1
DA:21,4259
DA:22,4258
DA:24,36725
DA:26,40466
DA:27,36725
DA:29,4257
DA:30,32468
DA:31,275721
DA:32,275721
DA:40,4257
DA:50,4255
DA:51,4254
DA:52,4254
DA:53,4254
DA:54,4254
DA:63,2122
DA:65,2122
DA:86,2122
DA:88,2122
DA:101,2122
DA:102,2122
DA:103,2121
DA:106,1
DA:115,2115
DA:117,2114
DA:118,2114
DA:121,2114
DA:129,2114
DA:130,31710
DA:131,103
DA:135,2114
DA:146,58
DA:147,2
DA:150,56
DA:151,56
DA:152,56
DA:154,56
DA:155,56
DA:156,56
DA:158,56
DA:159,2055
DA:160,2055
DA:161,2055
DA:164,2055
DA:165,20
DA:166,20
DA:167,20
DA:168,20
DA:172,2035
DA:173,0
DA:174,0
DA:175,0
DA:176,0
DA:181,2035
DA:183,12
DA:185,12
DA:186,7
DA:187,7
DA:188,7
DA:193,2035
DA:194,2035
DA:195,19
DA:196,19
DA:197,19
DA:201,2035
DA:202,2109
DA:203,2216
DA:204,2216
DA:205,0
DA:206,0
DA:207,0
DA:213,56
DA:231,17
DA:232,0
DA:235,17
DA:236,17
DA:239,482
DA:256,17
DA:260,16
DA:262,16
DA:264,0
DA:265,16
DA:267,16
DA:268,16
DA:269,16
DA:271,0
DA:274,0
DA:275,0
DA:279,16
DA:280,3
DA:281,3
DA:284,13
DA:292,1
DA:293,1
DA:305,47
DA:317,44
DA:318,1
DA:322,43
DA:325,43
DA:326,16
DA:330,27
DA:331,17
DA:332,17
DA:335,17
DA:336,13
DA:339,0
DA:344,14
DA:356,0
DA:358,0
DA:359,0
DA:360,0
DA:366,0
DA:369,1
LF:116
LH:98
BRDA:21,0,0,1
BRDA:21,0,1,4258
BRDA:22,1,0,1
BRDA:22,1,1,4257
BRDA:31,2,0,26626
BRDA:31,2,1,249095
BRDA:50,3,0,1
BRDA:50,3,1,4254
BRDA:50,4,0,4255
BRDA:50,4,1,4254
BRDA:52,5,0,0
BRDA:52,5,1,4254
BRDA:63,6,0,0
BRDA:63,6,1,2122
BRDA:85,7,0,0
BRDA:86,8,0,0
BRDA:86,8,1,2122
BRDA:102,9,0,2121
BRDA:102,9,1,1
BRDA:115,10,0,1
BRDA:115,10,1,2114
BRDA:130,11,0,103
BRDA:130,11,1,31607
BRDA:145,12,0,0
BRDA:146,13,0,2
BRDA:146,13,1,56
BRDA:146,14,0,58
BRDA:146,14,1,57
BRDA:146,14,2,57
BRDA:164,15,0,20
BRDA:164,15,1,2035
BRDA:172,16,0,0
BRDA:172,16,1,2035
BRDA:173,17,0,0
BRDA:173,17,1,0
BRDA:181,18,0,12
BRDA:181,18,1,2023
BRDA:181,19,0,2035
BRDA:181,19,1,2026
BRDA:185,20,0,7
BRDA:185,20,1,5
BRDA:185,21,0,12
BRDA:185,21,1,9
BRDA:194,22,0,19
BRDA:194,22,1,2016
BRDA:194,23,0,2035
BRDA:194,23,1,409
BRDA:204,24,0,0
BRDA:204,24,1,2216
BRDA:204,25,0,2216
BRDA:204,25,1,479
BRDA:231,26,0,0
BRDA:231,26,1,17
BRDA:231,27,0,17
BRDA:231,27,1,17
BRDA:231,27,2,17
BRDA:231,27,3,17
BRDA:262,28,0,0
BRDA:262,28,1,16
BRDA:262,29,0,16
BRDA:262,29,1,0
BRDA:265,30,0,16
BRDA:265,30,1,0
BRDA:268,31,0,16
BRDA:268,31,1,0
BRDA:279,32,0,3
BRDA:279,32,1,13
BRDA:279,33,0,16
BRDA:279,33,1,16
BRDA:286,34,0,13
BRDA:286,34,1,0
BRDA:288,35,0,13
BRDA:288,35,1,0
BRDA:304,36,0,0
BRDA:316,37,0,0
BRDA:316,38,0,1
BRDA:317,39,0,1
BRDA:317,39,1,43
BRDA:317,40,0,44
BRDA:317,40,1,43
BRDA:317,40,2,43
BRDA:325,41,0,16
BRDA:325,41,1,27
BRDA:330,42,0,17
BRDA:330,42,1,10
BRDA:330,43,0,27
BRDA:330,43,1,26
BRDA:335,44,0,13
BRDA:335,44,1,4
BRDA:355,45,0,0
BRDA:355,46,0,0
BRF:91
BRH:71
end_of_record
TN:
SF:modules/chatgpt.js
FN:16,safeJsonParse
FN:59,validateChatGPTResponse
FN:107,validateCommandStructure
FN:130,(anonymous_3)
FN:160,(anonymous_4)
FN:171,initChatGPT
FN:193,parseCommand
FN:261,(anonymous_7)
FN:262,(anonymous_8)
FN:267,(anonymous_9)
FN:284,(anonymous_10)
FN:388,(anonymous_11)
FNF:12
FNH:1
FNDA:0,safeJsonParse
FNDA:0,validateChatGPTResponse
FNDA:0,validateCommandStructure
FNDA:0,(anonymous_3)
FNDA:0,(anonymous_4)
FNDA:0,initChatGPT
FNDA:15,parseCommand
FNDA:0,(anonymous_7)
FNDA:0,(anonymous_8)
FNDA:0,(anonymous_9)
FNDA:0,(anonymous_10)
FNDA:0,(anonymous_11)
DA:3,1
DA:4,1
DA:5,1
DA:7,1
DA:8,1
DA:17,0
DA:19,0
DA:20,0
DA:23,0
DA:24,0
DA:27,0
DA:28,0
DA:32,0
DA:33,0
DA:34,0
DA:38,0
DA:41,0
DA:42,0
DA:45,0
DA:47,0
DA:48,0
DA:50,0
DA:60,0
DA:62,0
DA:63,0
DA:64,0
DA:68,0
DA:69,0
DA:70,0
DA:72,0
DA:73,0
DA:76,0
DA:80,0
DA:81,0
DA:82,0
DA:83,0
DA:85,0
DA:86,0
DA:87,0
DA:89,0
DA:90,0
DA:92,0
DA:93,0
DA:99,0
DA:108,0
DA:110,0
DA:111,0
DA:112,0
DA:116,0
DA:117,0
DA:118,0
DA:120,0
DA:124,0
DA:125,0
DA:126,0
DA:127,0
DA:128,0
DA:130,0
DA:131,0
DA:132,0
DA:133,0
DA:134,0
DA:138,0
DA:142,0
DA:143,0
DA:147,0
DA:148,0
DA:149,0
DA:151,0
DA:152,0
DA:156,0
DA:157,0
DA:158,0
DA:160,0
DA:161,0
DA:162,0
DA:168,0
DA:173,0
DA:175,0
DA:177,0
DA:178,0
DA:180,0
DA:181,0
DA:184,0
DA:185,0
DA:186,0
DA:187,0
DA:189,0
DA:195,15
DA:196,15
DA:198,15
DA:199,15
DA:200,15
DA:201,15
DA:204,0
DA:206,0
DA:241,0
DA:248,0
DA:250,0
DA:261,0
DA:262,0
DA:263,0
DA:264,0
DA:265,0
DA:267,0
DA:268,0
DA:271,0
DA:272,0
DA:273,0
DA:277,0
DA:278,0
DA:281,0
DA:284,0
DA:285,0
DA:286,0
DA:289,0
DA:290,0
DA:291,0
DA:292,0
DA:293,0
DA:296,0
DA:297,0
DA:298,0
DA:302,0
DA:303,0
DA:307,0
DA:308,0
DA:309,0
DA:310,0
DA:314,0
DA:315,0
DA:316,0
DA:317,0
DA:318,0
DA:319,0
DA:322,0
DA:323,0
DA:324,0
DA:328,0
DA:329,0
DA:332,0
DA:333,0
DA:334,0
DA:337,0
DA:338,0
DA:339,0
DA:340,0
DA:341,0
DA:344,0
DA:345,0
DA:346,0
DA:350,0
DA:351,0
DA:355,0
DA:356,0
DA:357,0
DA:358,0
DA:362,0
DA:363,0
DA:364,0
DA:365,0
DA:366,0
DA:367,0
DA:370,0
DA:371,0
DA:373,0
DA:374,0
DA:378,0
DA:381,0
DA:382,0
DA:383,0
DA:388,0
DA:389,0
DA:390,0
DA:391,0
DA:394,0
DA:395,0
DA:399,1
LF:178
LH:12
BRDA:16,0,0,0
BRDA:19,1,0,0
BRDA:19,1,1,0
BRDA:23,2,0,0
BRDA:23,2,1,0
BRDA:27,3,0,0
BRDA:27,3,1,0
BRDA:32,4,0,0
BRDA:32,4,1,0
BRDA:33,5,0,0
BRDA:33,5,1,0
BRDA:41,6,0,0
BRDA:41,6,1,0
BRDA:47,7,0,0
BRDA:47,7,1,0
BRDA:62,8,0,0
BRDA:62,8,1,0
BRDA:62,9,0,0
BRDA:62,9,1,0
BRDA:68,10,0,0
BRDA:68,10,1,0
BRDA:69,11,0,0
BRDA:69,11,1,0
BRDA:72,12,0,0
BRDA:72,12,1,0
BRDA:72,13,0,0
BRDA:72,13,1,0
BRDA:80,14,0,0
BRDA:80,14,1,0
BRDA:80,15,0,0
BRDA:80,15,1,0
BRDA:82,16,0,0
BRDA:82,16,1,0
BRDA:86,17,0,0
BRDA:86,17,1,0
BRDA:86,18,0,0
BRDA:86,18,1,0
BRDA:89,19,0,0
BRDA:89,19,1,0
BRDA:89,20,0,0
BRDA:89,20,1,0
BRDA:92,21,0,0
BRDA:92,21,1,0
BRDA:92,22,0,0
BRDA:92,22,1,0
BRDA:110,23,0,0
BRDA:110,23,1,0
BRDA:110,24,0,0
BRDA:110,24,1,0
BRDA:116,25,0,0
BRDA:116,25,1,0
BRDA:117,26,0,0
BRDA:117,26,1,0
BRDA:124,27,0,0
BRDA:124,27,1,0
BRDA:125,28,0,0
BRDA:125,28,1,0
BRDA:127,29,0,0
BRDA:127,29,1,0
BRDA:131,30,0,0
BRDA:131,30,1,0
BRDA:131,31,0,0
BRDA:131,31,1,0
BRDA:133,32,0,0
BRDA:133,32,1,0
BRDA:133,33,0,0
BRDA:133,33,1,0
BRDA:142,34,0,0
BRDA:142,34,1,0
BRDA:142,35,0,0
BRDA:142,35,1,0
BRDA:147,36,0,0
BRDA:147,36,1,0
BRDA:148,37,0,0
BRDA:148,37,1,0
BRDA:149,38,0,0
BRDA:149,38,1,0
BRDA:151,39,0,0
BRDA:151,39,1,0
BRDA:151,40,0,0
BRDA:151,40,1,0
BRDA:151,40,2,0
BRDA:156,41,0,0
BRDA:156,41,1,0
BRDA:157,42,0,0
BRDA:157,42,1,0
BRDA:161,43,0,0
BRDA:161,43,1,0
BRDA:161,44,0,0
BRDA:161,44,1,0
BRDA:171,45,0,0
BRDA:173,46,0,0
BRDA:173,46,1,0
BRDA:180,47,0,0
BRDA:180,47,1,0
BRDA:195,48,0,15
BRDA:195,48,1,15
BRDA:199,49,0,15
BRDA:199,49,1,0
BRDA:204,50,0,0
BRDA:204,50,1,0
BRDA:271,51,0,0
BRDA:271,51,1,0
BRDA:289,52,0,0
BRDA:289,52,1,0
BRDA:296,53,0,0
BRDA:296,53,1,0
BRDA:308,54,0,0
BRDA:308,54,1,0
BRDA:315,55,0,0
BRDA:315,55,1,0
BRDA:322,56,0,0
BRDA:322,56,1,0
BRDA:334,57,0,0
BRDA:334,57,1,0
BRDA:337,58,0,0
BRDA:337,58,1,0
BRDA:337,59,0,0
BRDA:337,59,1,0
BRDA:344,60,0,0
BRDA:344,60,1,0
BRDA:356,61,0,0
BRDA:356,61,1,0
BRDA:363,62,0,0
BRDA:363,62,1,0
BRF:125
BRH:3
end_of_record
TN:
SF:modules/chatgptHelper.js
FN:10,constructPrompt
FN:24,(anonymous_1)
FN:96,(anonymous_2)
FN:121,buildFullPrompt
FN:216,buildMinimalPrompt
FNF:5
FNH:5
FNDA:41,constructPrompt
FNDA:557,(anonymous_1)
FNDA:250,(anonymous_2)
FNDA:51,buildFullPrompt
FNDA:10,buildMinimalPrompt
DA:11,41
DA:14,41
DA:15,41
DA:16,291
DA:21,41
DA:22,41
DA:24,557
DA:32,41
DA:80,41
DA:87,41
DA:90,41
DA:91,10
DA:93,10
DA:94,10
DA:96,250
DA:105,10
DA:109,41
DA:110,10
DA:111,10
DA:114,41
DA:115,41
DA:122,51
DA:125,51
DA:218,10
DA:219,10
DA:220,10
DA:223,10
DA:224,10
DA:226,10
DA:247,1
LF:30
LH:30
BRDA:10,0,0,39
BRDA:11,1,0,40
BRDA:11,2,0,40
BRDA:15,3,0,41
BRDA:15,3,1,0
BRDA:21,4,0,41
BRDA:21,4,1,0
BRDA:90,5,0,10
BRDA:90,5,1,31
BRDA:109,6,0,10
BRDA:109,6,1,31
BRDA:122,7,0,22
BRDA:122,7,1,29
BRDA:220,8,0,10
BRDA:220,8,1,0
BRDA:224,9,0,9
BRDA:224,9,1,1
BRF:17
BRH:14
end_of_record
TN:
SF:modules/commandProcessor.js
FN:23,preprocessCommand
FN:32,(anonymous_1)
FN:53,(anonymous_2)
FN:59,(anonymous_3)
FN:68,(anonymous_4)
FN:77,(anonymous_5)
FN:113,detectMultiCommand
FN:149,(anonymous_7)
FN:155,(anonymous_8)
FN:164,extractIntent
FN:225,extractEntities
FN:236,(anonymous_11)
FN:244,(anonymous_12)
FN:266,(anonymous_13)
FN:284,(anonymous_14)
FN:323,calculateConfidence
FN:378,suggestImprovement
FN:411,parseMultiCommand
FN:424,(anonymous_18)
FN:426,(anonymous_19)
FN:435,(anonymous_20)
FN:436,(anonymous_21)
FN:437,(anonymous_22)
FNF:23
FNH:22
FNDA:44,preprocessCommand
FNDA:264,(anonymous_1)
FNDA:572,(anonymous_2)
FNDA:30,(anonymous_3)
FNDA:14,(anonymous_4)
FNDA:33,(anonymous_5)
FNDA:47,detectMultiCommand
FNDA:496,(anonymous_7)
FNDA:302,(anonymous_8)
FNDA:44,extractIntent
FNDA:44,extractEntities
FNDA:14,(anonymous_11)
FNDA:33,(anonymous_12)
FNDA:440,(anonymous_13)
FNDA:352,(anonymous_14)
FNDA:44,calculateConfidence
FNDA:0,suggestImprovement
FNDA:2,parseMultiCommand
FNDA:10,(anonymous_18)
FNDA:18,(anonymous_19)
FNDA:4,(anonymous_20)
FNDA:4,(anonymous_21)
FNDA:4,(anonymous_22)
DA:14,1
DA:24,44
DA:25,44
DA:28,44
DA:31,44
DA:32,44
DA:33,264
DA:37,44
DA:53,44
DA:54,572
DA:58,44
DA:59,30
DA:60,30
DA:61,30
DA:62,0
DA:67,44
DA:68,13
DA:69,14
DA:70,14
DA:71,0
DA:76,44
DA:77,31
DA:78,33
DA:79,33
DA:80,0
DA:86,44
DA:89,44
DA:90,44
DA:93,44
DA:95,44
DA:115,47
DA:127,47
DA:130,47
DA:131,47
DA:134,47
DA:146,47
DA:148,47
DA:149,47
DA:150,496
DA:151,496
DA:155,302
DA:166,44
DA:168,30
DA:169,30
DA:172,30
DA:186,30
DA:187,30
DA:192,14
DA:205,14
DA:206,140
DA:207,3
DA:212,11
DA:213,0
DA:216,11
DA:226,44
DA:234,44
DA:236,44
DA:237,14
DA:238,14
DA:239,14
DA:244,44
DA:245,33
DA:246,33
DA:247,33
DA:253,44
DA:266,44
DA:267,440
DA:268,4
DA:273,44
DA:284,44
DA:285,352
DA:286,5
DA:291,44
DA:292,44
DA:293,1
DA:296,44
DA:297,44
DA:298,2
DA:302,44
DA:303,44
DA:304,2
DA:307,44
DA:308,44
DA:309,0
DA:312,44
DA:324,44
DA:327,44
DA:328,31
DA:332,44
DA:333,13
DA:337,44
DA:338,33
DA:342,44
DA:344,44
DA:345,13
DA:347,44
DA:348,30
DA:350,44
DA:351,31
DA:355,44
DA:356,35
DA:361,44
DA:362,2
DA:366,44
DA:367,10
DA:370,44
DA:379,0
DA:381,0
DA:382,0
DA:385,0
DA:387,0
DA:388,0
DA:391,0
DA:392,0
DA:395,0
DA:396,0
DA:399,0
DA:400,0
DA:403,0
DA:413,2
DA:421,2
DA:424,2
DA:425,10
DA:426,10
DA:427,18
DA:428,18
DA:430,10
DA:434,2
DA:435,4
DA:436,4
DA:439,4
DA:440,4
DA:449,2
DA:456,1
LF:134
LH:116
BRDA:23,0,0,16
BRDA:23,1,0,16
BRDA:58,2,0,30
BRDA:58,2,1,14
BRDA:61,3,0,0
BRDA:61,3,1,30
BRDA:67,4,0,13
BRDA:67,4,1,31
BRDA:70,5,0,0
BRDA:70,5,1,14
BRDA:76,6,0,31
BRDA:76,6,1,13
BRDA:79,7,0,0
BRDA:79,7,1,33
BRDA:113,8,0,3
BRDA:130,9,0,47
BRDA:130,9,1,3
BRDA:146,10,0,47
BRDA:146,10,1,3
BRDA:151,11,0,25
BRDA:151,11,1,471
BRDA:155,12,0,47
BRDA:155,12,1,45
BRDA:164,13,0,0
BRDA:166,14,0,30
BRDA:166,14,1,14
BRDA:166,15,0,44
BRDA:166,15,1,44
BRDA:186,16,0,30
BRDA:186,16,1,0
BRDA:206,17,0,3
BRDA:206,17,1,137
BRDA:212,18,0,0
BRDA:212,18,1,11
BRDA:225,19,0,0
BRDA:234,20,0,44
BRDA:234,20,1,0
BRDA:238,21,0,14
BRDA:238,21,1,0
BRDA:238,22,0,14
BRDA:238,22,1,14
BRDA:246,23,0,33
BRDA:246,23,1,0
BRDA:246,24,0,33
BRDA:246,24,1,33
BRDA:267,25,0,4
BRDA:267,25,1,436
BRDA:267,26,0,440
BRDA:267,26,1,10
BRDA:285,27,0,5
BRDA:285,27,1,347
BRDA:285,28,0,352
BRDA:285,28,1,30
BRDA:292,29,0,1
BRDA:292,29,1,43
BRDA:297,30,0,2
BRDA:297,30,1,42
BRDA:303,31,0,2
BRDA:303,31,1,42
BRDA:308,32,0,0
BRDA:308,32,1,44
BRDA:323,33,0,0
BRDA:327,34,0,31
BRDA:327,34,1,13
BRDA:327,35,0,44
BRDA:327,35,1,36
BRDA:332,36,0,13
BRDA:332,36,1,31
BRDA:337,37,0,33
BRDA:337,37,1,11
BRDA:342,38,0,44
BRDA:342,38,1,0
BRDA:344,39,0,13
BRDA:344,39,1,31
BRDA:347,40,0,30
BRDA:347,40,1,14
BRDA:350,41,0,31
BRDA:350,41,1,13
BRDA:355,42,0,35
BRDA:355,42,1,9
BRDA:361,43,0,2
BRDA:361,43,1,42
BRDA:366,44,0,10
BRDA:366,44,1,34
BRDA:366,45,0,44
BRDA:366,45,1,31
BRDA:381,46,0,0
BRDA:381,46,1,0
BRDA:387,47,0,0
BRDA:387,47,1,0
BRDA:391,48,0,0
BRDA:391,48,1,0
BRDA:391,49,0,0
BRDA:391,49,1,0
BRDA:395,50,0,0
BRDA:395,50,1,0
BRDA:395,51,0,0
BRDA:395,51,1,0
BRDA:399,52,0,0
BRDA:399,52,1,0
BRF:100
BRH:73
end_of_record
TN:
SF:modules/deviceStatusRetriever.js
FN:17,getDeviceCapabilityValue
FN:40,getDeviceStatus
FN:71,getCapabilityKeys
FN:86,generateDeviceSummary
FN:205,getRoomStatus
FN:221,(anonymous_5)
FN:233,(anonymous_6)
FN:275,getDeviceTypeStatus
FN:279,(anonymous_8)
FN:302,(anonymous_9)
FN:311,(anonymous_10)
FN:316,(anonymous_11)
FN:320,(anonymous_12)
FNF:13
FNH:13
FNDA:746,getDeviceCapabilityValue
FNDA:512,getDeviceStatus
FNDA:512,getCapabilityKeys
FNDA:515,generateDeviceSummary
FNDA:27,getRoomStatus
FNDA:136,(anonymous_5)
FNDA:1242,(anonymous_6)
FNDA:9,getDeviceTypeStatus
FNDA:573,(anonymous_8)
FNDA:1347,(anonymous_9)
FNDA:136,(anonymous_10)
FNDA:6,(anonymous_11)
FNDA:113,(anonymous_12)
DA:8,1
DA:9,1
DA:18,746
DA:19,746
DA:20,746
DA:24,0
DA:25,0
DA:28,0
DA:30,2
DA:31,2
DA:41,512
DA:42,511
DA:53,511
DA:54,746
DA:55,746
DA:56,536
DA:61,511
DA:63,511
DA:72,512
DA:73,511
DA:74,0
DA:75,0
DA:77,0
DA:87,515
DA:88,515
DA:91,515
DA:93,156
DA:94,94
DA:96,156
DA:97,37
DA:98,37
DA:100,156
DA:101,0
DA:103,156
DA:106,22
DA:107,0
DA:109,22
DA:110,0
DA:114,22
DA:115,22
DA:116,0
DA:117,0
DA:119,22
DA:122,69
DA:123,67
DA:125,69
DA:126,67
DA:128,69
DA:131,75
DA:132,72
DA:134,75
DA:135,72
DA:136,72
DA:138,75
DA:141,66
DA:142,0
DA:144,66
DA:145,0
DA:147,66
DA:148,0
DA:150,66
DA:151,0
DA:153,66
DA:156,72
DA:157,70
DA:159,72
DA:163,0
DA:164,0
DA:165,0
DA:167,0
DA:170,0
DA:171,0
DA:173,0
DA:174,0
DA:175,0
DA:177,0
DA:181,55
DA:182,0
DA:184,55
DA:188,515
DA:189,73
DA:192,515
DA:207,27
DA:209,27
DA:210,2
DA:218,25
DA:221,136
DA:223,25
DA:224,0
DA:233,1242
DA:235,25
DA:236,1
DA:247,24
DA:248,24
DA:249,100
DA:250,100
DA:253,24
DA:276,9
DA:279,9
DA:280,573
DA:282,573
DA:283,573
DA:286,573
DA:289,457
DA:292,457
DA:301,457
DA:302,1347
DA:305,8
DA:309,9
DA:311,136
DA:312,6
DA:314,6
DA:316,6
DA:318,6
DA:320,113
DA:325,9
DA:326,1
DA:337,8
DA:338,8
DA:339,10
DA:340,10
DA:343,8
DA:353,1
LF:123
LH:96
BRDA:19,0,0,746
BRDA:19,0,1,0
BRDA:19,1,0,746
BRDA:19,1,1,746
BRDA:24,2,0,0
BRDA:24,2,1,0
BRDA:24,3,0,0
BRDA:24,3,1,0
BRDA:55,4,0,536
BRDA:55,4,1,210
BRDA:72,5,0,511
BRDA:72,5,1,0
BRDA:72,6,0,512
BRDA:72,6,1,511
BRDA:74,7,0,0
BRDA:74,7,1,0
BRDA:74,8,0,0
BRDA:74,8,1,0
BRDA:91,9,0,156
BRDA:91,9,1,22
BRDA:91,9,2,69
BRDA:91,9,3,75
BRDA:91,9,4,66
BRDA:91,9,5,72
BRDA:91,9,6,0
BRDA:91,9,7,0
BRDA:91,9,8,0
BRDA:91,9,9,55
BRDA:93,10,0,94
BRDA:93,10,1,62
BRDA:94,11,0,37
BRDA:94,11,1,57
BRDA:96,12,0,37
BRDA:96,12,1,119
BRDA:96,13,0,156
BRDA:96,13,1,37
BRDA:100,14,0,0
BRDA:100,14,1,156
BRDA:106,15,0,0
BRDA:106,15,1,22
BRDA:107,16,0,0
BRDA:107,16,1,0
BRDA:109,17,0,0
BRDA:109,17,1,22
BRDA:115,18,0,0
BRDA:115,18,1,22
BRDA:115,19,0,22
BRDA:115,19,1,0
BRDA:122,20,0,67
BRDA:122,20,1,2
BRDA:125,21,0,67
BRDA:125,21,1,2
BRDA:131,22,0,72
BRDA:131,22,1,3
BRDA:132,23,0,71
BRDA:132,23,1,1
BRDA:134,24,0,72
BRDA:134,24,1,3
BRDA:141,25,0,0
BRDA:141,25,1,66
BRDA:144,26,0,0
BRDA:144,26,1,66
BRDA:147,27,0,0
BRDA:147,27,1,66
BRDA:148,28,0,0
BRDA:148,28,1,0
BRDA:150,29,0,0
BRDA:150,29,1,66
BRDA:151,30,0,0
BRDA:151,30,1,0
BRDA:156,31,0,70
BRDA:156,31,1,2
BRDA:157,32,0,70
BRDA:157,32,1,0
BRDA:163,33,0,0
BRDA:163,33,1,0
BRDA:170,34,0,0
BRDA:170,34,1,0
BRDA:171,35,0,0
BRDA:171,35,1,0
BRDA:173,36,0,0
BRDA:173,36,1,0
BRDA:173,37,0,0
BRDA:173,37,1,0
BRDA:181,38,0,0
BRDA:181,38,1,55
BRDA:182,39,0,0
BRDA:182,39,1,0
BRDA:188,40,0,73
BRDA:188,40,1,442
BRDA:192,41,0,304
BRDA:192,41,1,211
BRDA:205,42,0,0
BRDA:205,43,0,4
BRDA:209,44,0,2
BRDA:209,44,1,25
BRDA:209,45,0,27
BRDA:209,45,1,25
BRDA:223,46,0,0
BRDA:223,46,1,25
BRDA:235,47,0,1
BRDA:235,47,1,24
BRDA:275,48,0,0
BRDA:275,49,0,0
BRDA:275,50,0,0
BRDA:275,51,0,3
BRDA:280,52,0,0
BRDA:280,52,1,573
BRDA:286,53,0,116
BRDA:286,53,1,457
BRDA:289,54,0,0
BRDA:289,54,1,457
BRDA:289,55,0,457
BRDA:289,55,1,457
BRDA:301,56,0,449
BRDA:301,56,1,8
BRDA:309,57,0,6
BRDA:309,57,1,3
BRDA:309,58,0,9
BRDA:309,58,1,6
BRDA:314,59,0,6
BRDA:314,59,1,0
BRDA:314,60,0,6
BRDA:314,60,1,6
BRDA:318,61,0,6
BRDA:318,61,1,0
BRDA:325,62,0,1
BRDA:325,62,1,8
BRDA:332,63,0,0
BRDA:332,63,1,1
BRDA:349,64,0,6
BRDA:349,64,1,2
BRF:132
BRH:80
end_of_record
TN:
SF:modules/errorHandler.js
FN:26,(anonymous_0)
FN:38,(anonymous_1)
FN:52,(anonymous_2)
FN:83,(anonymous_3)
FN:90,(anonymous_4)
FN:97,(anonymous_5)
FN:104,(anonymous_6)
FN:111,(anonymous_7)
FN:118,(anonymous_8)
FN:125,(anonymous_9)
FN:132,(anonymous_10)
FN:139,(anonymous_11)
FN:147,(anonymous_12)
FN:162,(anonymous_13)
FN:171,(anonymous_14)
FN:178,(anonymous_15)
FN:188,(anonymous_16)
FNF:17
FNH:13
FNDA:1133,(anonymous_0)
FNDA:2,(anonymous_1)
FNDA:12,(anonymous_2)
FNDA:1010,(anonymous_3)
FNDA:102,(anonymous_4)
FNDA:3,(anonymous_5)
FNDA:0,(anonymous_6)
FNDA:0,(anonymous_7)
FNDA:0,(anonymous_8)
FNDA:0,(anonymous_9)
FNDA:2,(anonymous_10)
FNDA:2,(anonymous_11)
FNDA:2,(anonymous_12)
FNDA:506,(anonymous_13)
FNDA:3,(anonymous_14)
FNDA:3,(anonymous_15)
FNDA:1,(anonymous_16)
DA:11,1
DA:27,1133
DA:28,1133
DA:29,1133
DA:30,1133
DA:31,1133
DA:32,1133
DA:39,2
DA:53,12
DA:55,3
DA:57,2
DA:59,2
DA:61,1
DA:63,1
DA:65,1
DA:67,1
DA:69,1
DA:71,0
DA:84,1010
DA:91,102
DA:98,3
DA:105,0
DA:112,0
DA:119,0
DA:126,0
DA:133,2
DA:140,2
DA:141,2
DA:148,2
DA:149,2
DA:151,1
DA:152,0
DA:154,1
DA:155,1
DA:163,506
DA:164,6
DA:172,3
DA:179,3
DA:180,1
DA:182,2
DA:189,1
DA:198,1
DA:199,1
DA:202,0
DA:203,0
DA:206,0
DA:207,0
DA:209,1
DA:212,0
DA:217,1
LF:50
LH:39
BRDA:26,0,0,0
BRDA:26,1,0,12
BRDA:26,2,0,1030
BRDA:53,3,0,3
BRDA:53,3,1,2
BRDA:53,3,2,2
BRDA:53,3,3,1
BRDA:53,3,4,1
BRDA:53,3,5,1
BRDA:53,3,6,1
BRDA:53,3,7,1
BRDA:53,3,8,0
BRDA:83,4,0,1002
BRDA:90,5,0,0
BRDA:90,6,0,101
BRDA:97,7,0,2
BRDA:104,8,0,0
BRDA:111,9,0,0
BRDA:118,10,0,0
BRDA:125,11,0,0
BRDA:132,12,0,2
BRDA:139,13,0,1
BRDA:139,14,0,1
BRDA:140,15,0,1
BRDA:140,15,1,1
BRDA:147,16,0,1
BRDA:147,17,0,1
BRDA:151,18,0,0
BRDA:151,18,1,1
BRDA:154,19,0,1
BRDA:154,19,1,0
BRDA:162,20,0,506
BRDA:163,21,0,6
BRDA:163,21,1,500
BRDA:172,22,0,3
BRDA:172,22,1,3
BRDA:179,23,0,1
BRDA:179,23,1,2
BRDA:182,24,0,2
BRDA:182,24,1,0
BRDA:188,25,0,0
BRDA:188,26,0,0
BRDA:192,27,0,1
BRDA:192,27,1,0
BRDA:198,28,0,1
BRDA:198,28,1,0
BRDA:199,29,0,0
BRDA:199,29,1,0
BRDA:199,29,2,0
BRDA:199,29,3,0
BRDA:199,29,4,1
BRF:51
BRH:33
end_of_record
TN:
SF:modules/homeyApiHelper.js
FN:10,getHomeState
FN:31,getDevicesMapping
FN:43,(anonymous_2)
FNF:3
FNH:2
FNDA:8,getHomeState
FNDA:8,getDevicesMapping
FNDA:0,(anonymous_2)
DA:3,1
DA:11,8
DA:12,8
DA:13,8
DA:14,0
DA:16,0
DA:17,0
DA:18,0
DA:20,8
DA:21,8
DA:32,8
DA:33,8
DA:34,0
DA:36,8
DA:37,8
DA:38,8
DA:39,0
DA:40,0
DA:41,0
DA:42,0
DA:43,0
DA:46,0
DA:50,1
LF:23
LH:12
BRDA:12,0,0,8
BRDA:12,0,1,0
BRDA:38,1,0,0
BRDA:38,1,1,0
BRDA:38,2,0,8
BRDA:38,2,1,0
BRDA:41,3,0,0
BRDA:41,3,1,0
BRF:8
BRH:2
end_of_record
TN:
SF:modules/httpHelper.js
FN:12,downloadFile
FN:13,(anonymous_1)
FN:15,(anonymous_2)
FN:22,(anonymous_3)
FN:26,(anonymous_4)
FN:39,downloadBuffer
FN:40,(anonymous_6)
FN:42,(anonymous_7)
FN:47,(anonymous_8)
FN:48,(anonymous_9)
FN:53,(anonymous_10)
FN:61,(anonymous_11)
FNF:12
FNH:0
FNDA:0,downloadFile
FNDA:0,(anonymous_1)
FNDA:0,(anonymous_2)
FNDA:0,(anonymous_3)
FNDA:0,(anonymous_4)
FNDA:0,downloadBuffer
FNDA:0,(anonymous_6)
FNDA:0,(anonymous_7)
FNDA:0,(anonymous_8)
FNDA:0,(anonymous_9)
FNDA:0,(anonymous_10)
FNDA:0,(anonymous_11)
DA:3,1
DA:4,1
DA:13,0
DA:14,0
DA:15,0
DA:16,0
DA:17,0
DA:18,0
DA:19,0
DA:21,0
DA:22,0
DA:23,0
DA:24,0
DA:27,0
DA:28,0
DA:40,0
DA:41,0
DA:42,0
DA:43,0
DA:44,0
DA:45,0
DA:47,0
DA:48,0
DA:52,0
DA:53,0
DA:54,0
DA:55,0
DA:58,0
DA:61,0
DA:62,0
DA:63,0
DA:70,1
LF:32
LH:3
BRDA:16,0,0,0
BRDA:16,0,1,0
BRDA:39,1,0,0
BRDA:43,2,0,0
BRDA:43,2,1,0
BRDA:52,3,0,0
BRDA:52,3,1,0
BRDA:62,4,0,0
BRDA:62,4,1,0
BRDA:62,5,0,0
BRDA:62,5,1,0
BRF:11
BRH:0
end_of_record
TN:
SF:modules/logger.js
FN:3,log
FN:7,error
FN:11,warn
FNF:3
FNH:0
FNDA:0,log
FNDA:0,error
FNDA:0,warn
DA:4,0
DA:8,0
DA:12,0
DA:15,0
LF:4
LH:0
BRF:0
BRH:0
end_of_record
TN:
SF:modules/multilingualProcessor.js
FN:323,getEnhancedDeviceTranslations
FN:359,normalizeRoomNameAdvanced
FN:392,normalizeRoomNameLegacy
FN:405,(anonymous_3)
FN:411,(anonymous_4)
FN:424,(anonymous_5)
FN:428,(anonymous_6)
FN:455,(anonymous_7)
FN:459,(anonymous_8)
FN:473,(anonymous_9)
FN:477,(anonymous_10)
FN:499,normalizeRoomName
FN:509,normalizeAction
FN:518,(anonymous_13)
FN:531,(anonymous_14)
FN:555,(anonymous_15)
FN:572,normalizeDeviceType
FN:586,(anonymous_17)
FN:595,(anonymous_18)
FN:612,processMultilingualCommand
FN:631,(anonymous_20)
FN:641,(anonymous_21)
FN:651,(anonymous_22)
FN:679,extractRoomsFromText
FN:717,extractActionsFromText
FN:735,(anonymous_25)
FN:769,extractDeviceTypesFromText
FNF:27
FNH:19
FNDA:0,getEnhancedDeviceTranslations
FNDA:0,normalizeRoomNameAdvanced
FNDA:161,normalizeRoomNameLegacy
FNDA:0,(anonymous_3)
FNDA:0,(anonymous_4)
FNDA:0,(anonymous_5)
FNDA:0,(anonymous_6)
FNDA:451,(anonymous_7)
FNDA:0,(anonymous_8)
FNDA:3084,(anonymous_9)
FNDA:0,(anonymous_10)
FNDA:161,normalizeRoomName
FNDA:3538,normalizeAction
FNDA:19040,(anonymous_13)
FNDA:1626,(anonymous_14)
FNDA:4595,(anonymous_15)
FNDA:253,normalizeDeviceType
FNDA:1209,(anonymous_17)
FNDA:3912,(anonymous_18)
FNDA:1275,processMultilingualCommand
FNDA:133,(anonymous_20)
FNDA:3478,(anonymous_21)
FNDA:187,(anonymous_22)
FNDA:1274,extractRoomsFromText
FNDA:1274,extractActionsFromText
FNDA:2204,(anonymous_25)
FNDA:1274,extractDeviceTypesFromText
DA:8,1
DA:11,1
DA:127,1
DA:235,1
DA:324,0
DA:325,0
DA:328,0
DA:329,0
DA:330,0
DA:332,0
DA:333,0
DA:335,0
DA:340,0
DA:349,1
DA:360,0
DA:362,0
DA:365,0
DA:366,0
DA:370,0
DA:371,0
DA:373,0
DA:374,0
DA:375,0
DA:378,0
DA:382,0
DA:393,161
DA:395,161
DA:396,161
DA:399,161
DA:400,67
DA:404,94
DA:405,0
DA:406,0
DA:407,0
DA:411,0
DA:413,0
DA:414,0
DA:418,0
DA:420,0
DA:421,0
DA:424,0
DA:425,0
DA:428,0
DA:429,0
DA:430,0
DA:431,0
DA:432,0
DA:434,0
DA:445,0
DA:446,0
DA:452,94
DA:454,94
DA:455,451
DA:458,20
DA:459,0
DA:461,0
DA:463,0
DA:466,20
DA:471,74
DA:472,170
DA:473,3084
DA:476,74
DA:477,0
DA:479,0
DA:481,0
DA:484,74
DA:489,0
DA:500,161
DA:510,3538
DA:512,3538
DA:515,3538
DA:516,3323
DA:517,3323
DA:518,19040
DA:520,3323
DA:523,0
DA:527,215
DA:530,215
DA:531,1626
DA:532,77
DA:537,138
DA:538,138
DA:539,138
DA:540,495
DA:541,1214
DA:542,0
DA:543,0
DA:548,138
DA:549,0
DA:553,138
DA:554,221
DA:555,4595
DA:558,138
DA:563,0
DA:573,253
DA:575,253
DA:578,253
DA:579,96
DA:583,157
DA:585,157
DA:586,1209
DA:588,25
DA:593,132
DA:594,243
DA:595,3912
DA:597,132
DA:602,0
DA:613,1275
DA:614,1
DA:625,1274
DA:626,1274
DA:629,1274
DA:630,1274
DA:631,1274
DA:632,133
DA:633,133
DA:634,105
DA:639,1274
DA:640,1274
DA:641,1274
DA:642,3478
DA:643,3478
DA:644,1266
DA:649,1274
DA:650,1274
DA:651,1274
DA:652,187
DA:653,187
DA:654,151
DA:659,1274
DA:660,1274
DA:662,1274
DA:680,1274
DA:681,1274
DA:684,1274
DA:685,1274
DA:686,14568
DA:687,42829
DA:688,45
DA:689,45
DA:695,1274
DA:696,1229
DA:697,9832
DA:698,117984
DA:699,261680
DA:700,88
DA:701,88
DA:708,1274
DA:718,1274
DA:719,1274
DA:722,1274
DA:723,1274
DA:725,1274
DA:726,13354
DA:728,53117
DA:729,3360
DA:735,2204
DA:736,1274
DA:738,1274
DA:739,3360
DA:740,3360
DA:741,3360
DA:746,1274
DA:747,99
DA:748,792
DA:749,8712
DA:751,23303
DA:752,118
DA:753,118
DA:760,1274
DA:770,1274
DA:771,1274
DA:774,1274
DA:775,1274
DA:776,9712
DA:777,37975
DA:778,65
DA:779,65
DA:785,1274
DA:786,1211
DA:787,9688
DA:788,77504
DA:789,263674
DA:790,122
DA:791,122
DA:798,1274
DA:801,1
LF:187
LH:135
BRDA:323,0,0,0
BRDA:324,1,0,0
BRDA:324,1,1,0
BRDA:329,2,0,0
BRDA:329,2,1,0
BRDA:330,3,0,0
BRDA:330,3,1,0
BRDA:332,4,0,0
BRDA:332,4,1,0
BRDA:359,5,0,0
BRDA:359,6,0,0
BRDA:359,7,0,0
BRDA:360,8,0,0
BRDA:360,8,1,0
BRDA:365,9,0,0
BRDA:365,9,1,0
BRDA:373,10,0,0
BRDA:373,10,1,0
BRDA:373,11,0,0
BRDA:373,11,1,0
BRDA:392,12,0,0
BRDA:392,13,0,0
BRDA:393,14,0,0
BRDA:393,14,1,161
BRDA:399,15,0,67
BRDA:399,15,1,94
BRDA:404,16,0,0
BRDA:404,16,1,94
BRDA:406,17,0,0
BRDA:406,17,1,0
BRDA:411,18,0,0
BRDA:411,18,1,0
BRDA:413,19,0,0
BRDA:413,19,1,0
BRDA:418,20,0,0
BRDA:418,20,1,0
BRDA:434,21,0,0
BRDA:434,21,1,0
BRDA:434,21,2,0
BRDA:434,21,3,0
BRDA:434,21,4,0
BRDA:434,21,5,0
BRDA:434,21,6,0
BRDA:434,21,7,0
BRDA:434,21,8,0
BRDA:445,22,0,0
BRDA:445,22,1,0
BRDA:452,23,0,94
BRDA:452,23,1,60
BRDA:455,24,0,20
BRDA:455,24,1,208
BRDA:455,25,0,451
BRDA:455,25,1,432
BRDA:458,26,0,0
BRDA:458,26,1,20
BRDA:459,27,0,0
BRDA:459,27,1,0
BRDA:461,28,0,0
BRDA:461,28,1,0
BRDA:473,29,0,74
BRDA:473,29,1,1247
BRDA:473,30,0,3084
BRDA:473,30,1,3031
BRDA:476,31,0,0
BRDA:476,31,1,74
BRDA:477,32,0,0
BRDA:477,32,1,0
BRDA:479,33,0,0
BRDA:479,33,1,0
BRDA:499,34,0,0
BRDA:499,35,0,14
BRDA:509,36,0,0
BRDA:510,37,0,0
BRDA:510,37,1,3538
BRDA:515,38,0,3323
BRDA:515,38,1,215
BRDA:516,39,0,3323
BRDA:516,39,1,0
BRDA:518,40,0,3323
BRDA:518,40,1,258
BRDA:518,41,0,19040
BRDA:518,41,1,15754
BRDA:527,42,0,215
BRDA:527,42,1,93
BRDA:531,43,0,77
BRDA:531,43,1,582
BRDA:541,44,0,0
BRDA:541,44,1,1214
BRDA:541,45,0,1214
BRDA:541,45,1,0
BRDA:548,46,0,0
BRDA:548,46,1,138
BRDA:555,47,0,138
BRDA:555,47,1,1225
BRDA:555,48,0,4595
BRDA:555,48,1,4517
BRDA:555,48,2,4493
BRDA:572,49,0,0
BRDA:573,50,0,0
BRDA:573,50,1,253
BRDA:578,51,0,96
BRDA:578,51,1,157
BRDA:583,52,0,157
BRDA:583,52,1,93
BRDA:586,53,0,25
BRDA:586,53,1,339
BRDA:586,54,0,1209
BRDA:586,54,1,1189
BRDA:595,55,0,132
BRDA:595,55,1,990
BRDA:595,56,0,3912
BRDA:595,56,1,3802
BRDA:612,57,0,0
BRDA:612,58,0,1231
BRDA:613,59,0,1
BRDA:613,59,1,1274
BRDA:633,60,0,105
BRDA:633,60,1,28
BRDA:633,61,0,133
BRDA:633,61,1,133
BRDA:643,62,0,1266
BRDA:643,62,1,2212
BRDA:643,63,0,3478
BRDA:643,63,1,3478
BRDA:653,64,0,151
BRDA:653,64,1,36
BRDA:653,65,0,187
BRDA:653,65,1,187
BRDA:679,66,0,0
BRDA:684,67,0,1274
BRDA:684,67,1,60
BRDA:687,68,0,45
BRDA:687,68,1,42784
BRDA:695,69,0,1229
BRDA:695,69,1,45
BRDA:699,70,0,88
BRDA:699,70,1,261592
BRDA:717,71,0,0
BRDA:722,72,0,1274
BRDA:722,72,1,60
BRDA:728,73,0,3360
BRDA:728,73,1,49757
BRDA:739,74,0,3360
BRDA:739,74,1,0
BRDA:746,75,0,99
BRDA:746,75,1,1175
BRDA:751,76,0,118
BRDA:751,76,1,23185
BRDA:769,77,0,0
BRDA:774,78,0,1274
BRDA:774,78,1,60
BRDA:777,79,0,65
BRDA:777,79,1,37910
BRDA:785,80,0,1211
BRDA:785,80,1,63
BRDA:789,81,0,122
BRDA:789,81,1,263552
BRF:157
BRH:90
end_of_record
TN:
SF:modules/secureKeyManager.js
FN:11,(anonymous_0)
FN:22,(anonymous_1)
FN:32,(anonymous_2)
FN:46,(anonymous_3)
FN:84,(anonymous_4)
FN:102,(anonymous_5)
FN:117,(anonymous_6)
FN:128,(anonymous_7)
FN:165,(anonymous_8)
FN:185,(anonymous_9)
FN:194,(anonymous_10)
FN:214,(anonymous_11)
FN:228,(anonymous_12)
FN:240,(anonymous_13)
FN:241,(anonymous_14)
FN:249,(anonymous_15)
FN:264,(anonymous_16)
FN:273,(anonymous_17)
FN:277,(anonymous_18)
FN:296,getKeyManager
FN:309,initializeKeys
FNF:21
FNH:21
FNDA:32,(anonymous_0)
FNDA:32,(anonymous_1)
FNDA:141,(anonymous_2)
FNDA:137,(anonymous_3)
FNDA:125,(anonymous_4)
FNDA:117,(anonymous_5)
FNDA:119,(anonymous_6)
FNDA:121,(anonymous_7)
FNDA:112,(anonymous_8)
FNDA:27,(anonymous_9)
FNDA:8,(anonymous_10)
FNDA:3,(anonymous_11)
FNDA:31,(anonymous_12)
FNDA:5,(anonymous_13)
FNDA:6,(anonymous_14)
FNDA:2,(anonymous_15)
FNDA:2,(anonymous_16)
FNDA:2,(anonymous_17)
FNDA:3,(anonymous_18)
FNDA:54,getKeyManager
FNDA:3,initializeKeys
DA:3,1
DA:4,1
DA:12,32
DA:13,32
DA:14,32
DA:15,32
DA:23,32
DA:33,141
DA:34,4
DA:37,137
DA:45,128
DA:46,137
DA:49,128
DA:50,128
DA:51,4
DA:52,124
DA:53,3
DA:54,121
DA:55,2
DA:56,119
DA:59,116
DA:66,128
DA:68,128
DA:72,7
DA:75,2
DA:85,125
DA:86,125
DA:88,125
DA:89,123
DA:91,123
DA:103,117
DA:104,116
DA:106,115
DA:107,115
DA:109,113
DA:118,119
DA:130,121
DA:131,120
DA:132,119
DA:135,118
DA:136,1
DA:139,117
DA:141,117
DA:144,117
DA:151,117
DA:153,117
DA:155,0
DA:166,112
DA:168,112
DA:169,112
DA:170,2
DA:173,110
DA:174,110
DA:176,0
DA:186,27
DA:195,8
DA:196,8
DA:197,0
DA:200,8
DA:215,3
DA:216,3
DA:218,3
DA:219,2
DA:222,3
DA:229,31
DA:230,31
DA:231,31
DA:233,31
DA:241,6
DA:250,2
DA:251,2
DA:252,1
DA:254,1
DA:265,2
DA:266,2
DA:274,2
DA:275,2
DA:277,2
DA:278,3
DA:281,2
DA:290,1
DA:297,54
DA:298,1
DA:300,54
DA:310,3
DA:312,3
DA:313,3
DA:316,3
DA:317,1
DA:321,1
LF:90
LH:87
BRDA:33,0,0,4
BRDA:33,0,1,137
BRDA:33,1,0,141
BRDA:33,1,1,137
BRDA:37,2,0,128
BRDA:37,2,1,7
BRDA:37,2,2,2
BRDA:50,3,0,4
BRDA:50,3,1,124
BRDA:52,4,0,3
BRDA:52,4,1,121
BRDA:54,5,0,2
BRDA:54,5,1,119
BRDA:56,6,0,116
BRDA:56,6,1,3
BRDA:59,7,0,116
BRDA:59,7,1,116
BRDA:59,7,2,116
BRDA:59,7,3,116
BRDA:59,7,4,116
BRDA:66,8,0,128
BRDA:66,8,1,124
BRDA:68,9,0,128
BRDA:68,9,1,125
BRDA:68,9,2,124
BRDA:72,10,0,7
BRDA:72,10,1,6
BRDA:130,11,0,121
BRDA:130,11,1,120
BRDA:131,12,0,120
BRDA:131,12,1,119
BRDA:132,13,0,119
BRDA:132,13,1,118
BRDA:135,14,0,1
BRDA:135,14,1,117
BRDA:166,15,0,112
BRDA:166,15,1,112
BRDA:169,16,0,2
BRDA:169,16,1,110
BRDA:196,17,0,0
BRDA:196,17,1,8
BRDA:218,18,0,2
BRDA:218,18,1,1
BRDA:252,19,0,1
BRDA:252,19,1,1
BRDA:264,20,0,0
BRDA:278,21,0,3
BRDA:278,21,1,3
BRDA:297,22,0,1
BRDA:297,22,1,53
BRDA:312,23,0,3
BRDA:312,23,1,0
BRDA:316,24,0,1
BRDA:316,24,1,2
BRF:54
BRH:51
end_of_record
TN:
SF:modules/socketDeviceMapper.js
FN:332,getSocketDeviceVocabulary
FN:350,identifySocketDeviceType
FN:374,getSocketDescription
FN:399,getAllSocketDeviceTypes
FN:408,getDeviceCategory
FN:419,getSocketSpeechContext
FN:421,(anonymous_6)
FNF:7
FNH:1
FNDA:0,getSocketDeviceVocabulary
FNDA:22,identifySocketDeviceType
FNDA:0,getSocketDescription
FNDA:0,getAllSocketDeviceTypes
FNDA:0,getDeviceCategory
FNDA:0,getSocketSpeechContext
FNDA:0,(anonymous_6)
DA:10,1
DA:333,0
DA:335,0
DA:336,0
DA:337,0
DA:341,0
DA:351,22
DA:353,22
DA:355,22
DA:356,484
DA:358,484
DA:359,1782
DA:360,0
DA:365,22
DA:375,0
DA:376,0
DA:379,0
DA:382,0
DA:383,0
DA:385,0
DA:386,0
DA:387,0
DA:392,0
DA:400,0
DA:409,0
DA:410,0
DA:420,0
DA:421,0
DA:424,0
DA:427,0
DA:428,0
DA:431,0
DA:432,0
DA:433,0
DA:434,0
DA:435,0
DA:440,0
DA:443,1
LF:38
LH:9
BRDA:332,0,0,0
BRDA:336,1,0,0
BRDA:336,1,1,0
BRDA:350,2,0,22
BRDA:351,3,0,0
BRDA:351,3,1,22
BRDA:356,4,0,484
BRDA:356,4,1,0
BRDA:359,5,0,0
BRDA:359,5,1,1782
BRDA:359,6,0,1782
BRDA:359,6,1,1782
BRDA:374,7,0,0
BRDA:375,8,0,0
BRDA:375,8,1,0
BRDA:375,9,0,0
BRDA:375,9,1,0
BRDA:383,10,0,0
BRDA:383,10,1,0
BRDA:386,11,0,0
BRDA:386,11,1,0
BRDA:410,12,0,0
BRDA:410,12,1,0
BRDA:419,13,0,0
BRDA:432,14,0,0
BRDA:432,14,1,0
BRDA:434,15,0,0
BRDA:434,15,1,0
BRDA:434,16,0,0
BRDA:434,16,1,0
BRF:30
BRH:6
end_of_record
TN:
SF:modules/speech.js
FN:147,initWhisper
FN:168,generateBoundary
FN:180,createFormData
FN:233,(anonymous_3)
FN:245,transcribeVoice
FN:257,(anonymous_5)
FN:276,(anonymous_6)
FN:278,(anonymous_7)
FN:279,(anonymous_8)
FN:315,(anonymous_9)
FN:333,getSupportedLanguages
FN:342,isLanguageSupported
FNF:12
FNH:0
FNDA:0,initWhisper
FNDA:0,generateBoundary
FNDA:0,createFormData
FNDA:0,(anonymous_3)
FNDA:0,transcribeVoice
FNDA:0,(anonymous_5)
FNDA:0,(anonymous_6)
FNDA:0,(anonymous_7)
FNDA:0,(anonymous_8)
FNDA:0,(anonymous_9)
FNDA:0,getSupportedLanguages
FNDA:0,isLanguageSupported
DA:3,1
DA:4,1
DA:5,1
DA:6,1
DA:7,1
DA:10,1
DA:149,0
DA:151,0
DA:153,0
DA:154,0
DA:155,0
DA:158,0
DA:160,0
DA:169,0
DA:182,0
DA:183,0
DA:184,0
DA:185,0
DA:187,0
DA:190,0
DA:202,0
DA:203,0
DA:211,0
DA:218,0
DA:219,0
DA:220,0
DA:222,0
DA:223,0
DA:231,0
DA:233,0
DA:247,0
DA:248,0
DA:250,0
DA:251,0
DA:252,0
DA:257,0
DA:258,0
DA:259,0
DA:260,0
DA:263,0
DA:265,0
DA:276,0
DA:277,0
DA:278,0
DA:279,0
DA:280,0
DA:281,0
DA:282,0
DA:286,0
DA:287,0
DA:289,0
DA:291,0
DA:293,0
DA:300,0
DA:302,0
DA:303,0
DA:306,0
DA:310,0
DA:315,0
DA:316,0
DA:317,0
DA:320,0
DA:321,0
DA:323,0
DA:324,0
DA:334,0
DA:343,0
DA:348,1
LF:68
LH:7
BRDA:149,0,0,0
BRDA:149,0,1,0
BRDA:154,1,0,0
BRDA:154,1,1,0
BRDA:180,2,0,0
BRDA:180,3,0,0
BRDA:182,4,0,0
BRDA:182,4,1,0
BRDA:184,5,0,0
BRDA:184,5,1,0
BRDA:202,6,0,0
BRDA:202,6,1,0
BRDA:202,7,0,0
BRDA:202,7,1,0
BRDA:202,7,2,0
BRDA:218,8,0,0
BRDA:218,8,1,0
BRDA:220,9,0,0
BRDA:220,9,1,0
BRDA:220,10,0,0
BRDA:220,10,1,0
BRDA:233,11,0,0
BRDA:233,11,1,0
BRDA:245,12,0,0
BRDA:245,13,0,0
BRDA:248,14,0,0
BRDA:248,14,1,0
BRDA:251,15,0,0
BRDA:251,15,1,0
BRDA:281,16,0,0
BRDA:281,16,1,0
BRDA:291,17,0,0
BRDA:291,17,1,0
BRDA:295,18,0,0
BRDA:295,18,1,0
BRDA:296,19,0,0
BRDA:296,19,1,0
BRDA:297,20,0,0
BRDA:297,20,1,0
BRDA:298,21,0,0
BRDA:298,21,1,0
BRDA:343,22,0,0
BRDA:343,22,1,0
BRF:43
BRH:0
end_of_record
TN:
SF:modules/statusFormatter.js
FN:94,getLocalizedText
FN:99,(anonymous_1)
FN:113,formatRoomStatus
FN:152,(anonymous_3)
FN:167,(anonymous_4)
FN:183,formatDeviceTypeStatus
FN:201,(anonymous_6)
FN:216,(anonymous_7)
FN:232,formatGlobalStatus
FN:243,(anonymous_9)
FN:257,(anonymous_10)
FN:271,(anonymous_11)
FN:281,(anonymous_12)
FN:299,formatSingleDeviceStatus
FNF:14
FNH:13
FNDA:151,getLocalizedText
FNDA:117,(anonymous_1)
FNDA:21,formatRoomStatus
FNDA:94,(anonymous_3)
FNDA:94,(anonymous_4)
FNDA:5,formatDeviceTypeStatus
FNDA:6,(anonymous_6)
FNDA:6,(anonymous_7)
FNDA:1,formatGlobalStatus
FNDA:5,(anonymous_9)
FNDA:5,(anonymous_10)
FNDA:4,(anonymous_11)
FNDA:0,(anonymous_12)
FNDA:1,formatSingleDeviceStatus
DA:9,1
DA:95,151
DA:96,151
DA:99,151
DA:100,117
DA:103,151
DA:114,21
DA:115,0
DA:116,0
DA:117,0
DA:118,0
DA:119,0
DA:121,0
DA:124,21
DA:127,21
DA:130,21
DA:131,16
DA:137,16
DA:141,21
DA:142,21
DA:144,21
DA:145,0
DA:146,0
DA:149,21
DA:152,94
DA:153,21
DA:155,21
DA:156,17
DA:158,21
DA:159,4
DA:163,21
DA:164,21
DA:165,21
DA:167,21
DA:168,94
DA:169,94
DA:173,21
DA:184,5
DA:187,5
DA:190,5
DA:191,5
DA:193,5
DA:194,0
DA:195,0
DA:198,5
DA:201,6
DA:202,5
DA:204,5
DA:205,5
DA:207,5
DA:208,0
DA:212,5
DA:213,5
DA:214,5
DA:216,5
DA:217,6
DA:218,6
DA:222,5
DA:233,1
DA:236,1
DA:239,1
DA:240,1
DA:242,1
DA:243,5
DA:244,1
DA:246,1
DA:248,1
DA:249,1
DA:251,1
DA:252,1
DA:256,1
DA:257,1
DA:258,5
DA:259,5
DA:260,4
DA:262,5
DA:263,5
DA:264,4
DA:268,1
DA:269,1
DA:270,1
DA:271,1
DA:272,4
DA:277,1
DA:278,0
DA:279,0
DA:281,0
DA:282,0
DA:283,0
DA:285,1
DA:286,0
DA:287,0
DA:290,1
DA:300,1
DA:302,1
DA:303,1
DA:305,1
DA:306,0
DA:309,1
DA:312,1
LF:100
LH:81
BRDA:94,0,0,0
BRDA:94,1,0,82
BRDA:95,2,0,151
BRDA:95,2,1,0
BRDA:96,3,0,151
BRDA:96,3,1,0
BRDA:96,3,2,0
BRDA:113,4,0,0
BRDA:113,5,0,0
BRDA:114,6,0,0
BRDA:114,6,1,21
BRDA:116,7,0,0
BRDA:116,7,1,0
BRDA:116,8,0,0
BRDA:116,8,1,0
BRDA:130,9,0,16
BRDA:130,9,1,5
BRDA:130,10,0,21
BRDA:130,10,1,21
BRDA:144,11,0,0
BRDA:144,11,1,21
BRDA:155,12,0,17
BRDA:155,12,1,4
BRDA:158,13,0,4
BRDA:158,13,1,17
BRDA:163,14,0,21
BRDA:163,14,1,0
BRDA:163,15,0,21
BRDA:163,15,1,21
BRDA:183,16,0,0
BRDA:183,17,0,0
BRDA:193,18,0,0
BRDA:193,18,1,5
BRDA:204,19,0,5
BRDA:204,19,1,0
BRDA:207,20,0,0
BRDA:207,20,1,5
BRDA:212,21,0,5
BRDA:212,21,1,0
BRDA:212,22,0,5
BRDA:212,22,1,5
BRDA:232,23,0,0
BRDA:232,24,0,0
BRDA:248,25,0,1
BRDA:248,25,1,0
BRDA:251,26,0,1
BRDA:251,26,1,0
BRDA:258,27,0,5
BRDA:258,27,1,0
BRDA:259,28,0,4
BRDA:259,28,1,1
BRDA:263,29,0,4
BRDA:263,29,1,1
BRDA:268,30,0,1
BRDA:268,30,1,0
BRDA:277,31,0,0
BRDA:277,31,1,1
BRDA:277,32,0,1
BRDA:277,32,1,0
BRDA:285,33,0,0
BRDA:285,33,1,1
BRDA:285,34,0,1
BRDA:285,34,1,0
BRDA:299,35,0,0
BRDA:305,36,0,0
BRDA:305,36,1,1
BRF:66
BRH:35
end_of_record
TN:
SF:modules/statusQueryHandler.js
FN:27,handleStatusQuery
FN:44,(anonymous_1)
FN:75,handleRoomStatusQuery
FN:102,handleDeviceTypeStatusQuery
FN:130,handleGlobalStatusQuery
FN:172,handleDeviceStatusQuery
FN:185,(anonymous_6)
FN:255,extractDeviceTypeFromTarget
FN:284,(anonymous_8)
FN:295,formatMultipleDeviceStatus
FN:300,(anonymous_10)
FN:310,generateSuggestions
FN:315,(anonymous_12)
FN:320,(anonymous_13)
FN:337,calculateSimpleSimilarity
FN:350,levenshteinDistance
FNF:16
FNH:15
FNDA:111,handleStatusQuery
FNDA:2188,(anonymous_1)
FNDA:21,handleRoomStatusQuery
FNDA:5,handleDeviceTypeStatusQuery
FNDA:1,handleGlobalStatusQuery
FNDA:73,handleDeviceStatusQuery
FNDA:7068,(anonymous_6)
FNDA:9,extractDeviceTypeFromTarget
FNDA:105,(anonymous_8)
FNDA:68,formatMultipleDeviceStatus
FNDA:390,(anonymous_10)
FNDA:4,generateSuggestions
FNDA:16,(anonymous_12)
FNDA:0,(anonymous_13)
FNDA:16,calculateSimpleSimilarity
FNDA:16,levenshteinDistance
DA:8,1
DA:9,1
DA:15,1
DA:16,1
DA:28,111
DA:30,111
DA:32,111
DA:34,111
DA:35,11
DA:43,100
DA:44,2188
DA:47,100
DA:49,21
DA:52,5
DA:55,1
DA:59,73
DA:63,0
DA:64,0
DA:76,21
DA:78,21
DA:79,0
DA:86,21
DA:87,21
DA:89,21
DA:104,5
DA:106,5
DA:107,0
DA:114,5
DA:115,5
DA:117,5
DA:131,1
DA:133,1
DA:134,0
DA:144,1
DA:147,1
DA:148,1
DA:149,5
DA:150,5
DA:153,1
DA:155,1
DA:173,73
DA:175,73
DA:176,0
DA:184,73
DA:185,7068
DA:188,73
DA:190,1
DA:191,1
DA:193,1
DA:201,72
DA:203,68
DA:204,68
DA:205,390
DA:206,390
DA:209,68
DA:211,68
DA:222,4
DA:223,0
DA:227,4
DA:228,4
DA:229,0
DA:230,0
DA:231,0
DA:233,0
DA:244,4
DA:256,9
DA:258,9
DA:280,9
DA:281,9
DA:283,9
DA:284,105
DA:285,5
DA:289,4
DA:296,68
DA:297,68
DA:298,68
DA:300,68
DA:301,390
DA:304,68
DA:311,4
DA:314,4
DA:316,16
DA:317,16
DA:320,0
DA:322,4
DA:323,0
DA:327,4
DA:328,2
DA:331,4
DA:338,16
DA:339,16
DA:341,16
DA:343,16
DA:344,16
DA:351,16
DA:353,16
DA:354,280
DA:357,16
DA:358,704
DA:361,16
DA:362,264
DA:363,11352
DA:364,631
DA:366,10721
DA:375,16
DA:378,1
LF:106
LH:93
BRDA:27,0,0,0
BRDA:27,1,0,0
BRDA:27,2,0,95
BRDA:28,3,0,103
BRDA:28,4,0,101
BRDA:34,5,0,11
BRDA:34,5,1,100
BRDA:34,6,0,111
BRDA:34,6,1,100
BRDA:47,7,0,21
BRDA:47,7,1,5
BRDA:47,7,2,1
BRDA:47,7,3,73
BRDA:47,7,4,73
BRDA:76,8,0,21
BRDA:76,8,1,0
BRDA:78,9,0,0
BRDA:78,9,1,21
BRDA:106,10,0,0
BRDA:106,10,1,5
BRDA:133,11,0,0
BRDA:133,11,1,1
BRDA:175,12,0,0
BRDA:175,12,1,73
BRDA:185,13,0,7068
BRDA:185,13,1,1683
BRDA:188,14,0,1
BRDA:188,14,1,72
BRDA:201,15,0,68
BRDA:201,15,1,4
BRDA:222,16,0,0
BRDA:222,16,1,4
BRDA:228,17,0,0
BRDA:228,17,1,4
BRDA:230,18,0,0
BRDA:230,18,1,0
BRDA:256,19,0,0
BRDA:256,19,1,9
BRDA:280,20,0,9
BRDA:280,20,1,2
BRDA:284,21,0,5
BRDA:284,21,1,28
BRDA:322,22,0,0
BRDA:322,22,1,4
BRDA:327,23,0,2
BRDA:327,23,1,2
BRDA:338,24,0,16
BRDA:338,24,1,0
BRDA:339,25,0,16
BRDA:339,25,1,0
BRDA:341,26,0,0
BRDA:341,26,1,16
BRDA:363,27,0,631
BRDA:363,27,1,10721
BRF:54
BRH:38
end_of_record
TN:
SF:modules/statusQueryProcessor.js
FN:12,normalizeDeviceType
FN:98,parseStatusQuery
FN:190,(anonymous_2)
FN:198,(anonymous_3)
FN:241,(anonymous_4)
FN:270,isStatusQuery
FN:281,extractDeviceTypeFromQuery
FN:293,determineQueryScope
FNF:8
FNH:5
FNDA:0,normalizeDeviceType
FNDA:176,parseStatusQuery
FNDA:13,(anonymous_2)
FNDA:1387,(anonymous_3)
FNDA:212,(anonymous_4)
FNDA:13,isStatusQuery
FNDA:0,extractDeviceTypeFromQuery
FNDA:0,determineQueryScope
DA:13,0
DA:14,0
DA:18,1
DA:85,1
DA:99,176
DA:100,2
DA:103,174
DA:104,174
DA:107,174
DA:108,444
DA:109,444
DA:110,30
DA:122,144
DA:123,601
DA:124,601
DA:128,105
DA:130,12
DA:131,12
DA:133,12
DA:134,12
DA:137,0
DA:138,0
DA:140,93
DA:142,93
DA:143,93
DA:146,93
DA:147,1
DA:148,1
DA:149,1
DA:153,93
DA:154,93
DA:155,463
DA:156,463
DA:157,463
DA:158,2
DA:159,2
DA:160,2
DA:164,0
DA:165,0
DA:169,105
DA:172,105
DA:177,2
DA:179,2
DA:180,2
DA:184,105
DA:185,13
DA:190,13
DA:191,13
DA:196,105
DA:198,1387
DA:201,105
DA:202,11
DA:203,11
DA:204,11
DA:208,105
DA:211,105
DA:212,0
DA:216,105
DA:217,86
DA:220,105
DA:232,39
DA:240,39
DA:241,212
DA:243,39
DA:244,13
DA:254,26
DA:271,13
DA:272,13
DA:282,0
DA:285,0
DA:294,0
DA:301,0
DA:302,0
DA:303,0
DA:306,0
DA:307,0
DA:310,0
DA:311,0
DA:312,0
DA:313,0
DA:317,0
DA:320,1
LF:82
LH:62
BRDA:12,0,0,0
BRDA:13,1,0,0
BRDA:13,1,1,0
BRDA:98,2,0,0
BRDA:99,3,0,2
BRDA:99,3,1,174
BRDA:104,4,0,174
BRDA:104,4,1,12
BRDA:107,5,0,174
BRDA:107,5,1,0
BRDA:109,6,0,30
BRDA:109,6,1,414
BRDA:122,7,0,144
BRDA:122,7,1,0
BRDA:124,8,0,105
BRDA:124,8,1,496
BRDA:128,9,0,12
BRDA:128,9,1,93
BRDA:128,10,0,105
BRDA:128,10,1,77
BRDA:131,11,0,12
BRDA:131,11,1,0
BRDA:133,12,0,12
BRDA:133,12,1,0
BRDA:137,13,0,0
BRDA:137,13,1,0
BRDA:140,14,0,93
BRDA:140,14,1,0
BRDA:140,15,0,93
BRDA:140,15,1,93
BRDA:146,16,0,1
BRDA:146,16,1,92
BRDA:157,17,0,2
BRDA:157,17,1,461
BRDA:164,18,0,0
BRDA:164,18,1,0
BRDA:172,19,0,2
BRDA:172,19,1,103
BRDA:172,20,0,105
BRDA:172,20,1,105
BRDA:172,20,2,105
BRDA:172,20,3,105
BRDA:172,20,4,105
BRDA:172,20,5,105
BRDA:172,20,6,105
BRDA:172,20,7,105
BRDA:172,20,8,2
BRDA:172,20,9,103
BRDA:172,20,10,0
BRDA:184,21,0,13
BRDA:184,21,1,92
BRDA:184,22,0,105
BRDA:184,22,1,13
BRDA:190,23,0,13
BRDA:190,23,1,0
BRDA:198,24,0,105
BRDA:198,24,1,105
BRDA:198,24,2,11
BRDA:198,24,3,11
BRDA:198,24,4,11
BRDA:201,25,0,11
BRDA:201,25,1,94
BRDA:201,26,0,105
BRDA:201,26,1,11
BRDA:211,27,0,0
BRDA:211,27,1,105
BRDA:216,28,0,86
BRDA:216,28,1,19
BRDA:216,29,0,105
BRDA:216,29,1,83
BRDA:216,29,2,83
BRDA:240,30,0,39
BRDA:240,30,1,0
BRDA:243,31,0,13
BRDA:243,31,1,26
BRDA:270,32,0,0
BRDA:281,33,0,0
BRDA:282,34,0,0
BRDA:282,34,1,0
BRDA:301,35,0,0
BRDA:301,35,1,0
BRDA:306,36,0,0
BRDA:306,36,1,0
BRDA:310,37,0,0
BRDA:310,37,1,0
BRDA:312,38,0,0
BRDA:312,38,1,0
BRF:87
BRH:58
end_of_record
TN:
SF:modules/telegram.js
FN:15,(anonymous_0)
FN:20,(anonymous_1)
FN:21,(anonymous_2)
FN:31,(anonymous_3)
FN:45,(anonymous_4)
FN:51,(anonymous_5)
FN:62,(anonymous_6)
FN:71,(anonymous_7)
FN:80,(anonymous_8)
FN:94,(anonymous_9)
FN:100,(anonymous_10)
FN:111,(anonymous_11)
FN:123,(anonymous_12)
FN:152,(anonymous_13)
FN:156,(anonymous_14)
FN:170,initBot
FN:201,configurePollInterval
FN:215,onMessage
FN:237,stopPolling
FN:250,getUpdates
FN:282,sendMessage
FN:310,(anonymous_21)
FN:311,(anonymous_22)
FN:313,(anonymous_23)
FN:314,(anonymous_24)
FN:338,(anonymous_25)
FN:357,getFileInfo
FN:406,httpGet
FN:410,(anonymous_28)
FN:412,(anonymous_29)
FN:414,(anonymous_30)
FN:415,(anonymous_31)
FN:417,(anonymous_32)
FN:425,(anonymous_33)
FN:434,(anonymous_34)
FNF:35
FNH:3
FNDA:0,(anonymous_0)
FNDA:0,(anonymous_1)
FNDA:0,(anonymous_2)
FNDA:0,(anonymous_3)
FNDA:0,(anonymous_4)
FNDA:0,(anonymous_5)
FNDA:0,(anonymous_6)
FNDA:0,(anonymous_7)
FNDA:0,(anonymous_8)
FNDA:0,(anonymous_9)
FNDA:0,(anonymous_10)
FNDA:0,(anonymous_11)
FNDA:0,(anonymous_12)
FNDA:0,(anonymous_13)
FNDA:0,(anonymous_14)
FNDA:8,initBot
FNDA:0,configurePollInterval
FNDA:0,onMessage
FNDA:0,stopPolling
FNDA:0,getUpdates
FNDA:1,sendMessage
FNDA:0,(anonymous_21)
FNDA:0,(anonymous_22)
FNDA:0,(anonymous_23)
FNDA:0,(anonymous_24)
FNDA:0,(anonymous_25)
FNDA:1,getFileInfo
FNDA:0,httpGet
FNDA:0,(anonymous_28)
FNDA:0,(anonymous_29)
FNDA:0,(anonymous_30)
FNDA:0,(anonymous_31)
FNDA:0,(anonymous_32)
FNDA:0,(anonymous_33)
FNDA:0,(anonymous_34)
DA:3,10
DA:4,10
DA:5,10
DA:7,10
DA:9,10
DA:16,0
DA:17,0
DA:21,0
DA:22,0
DA:23,0
DA:24,0
DA:26,0
DA:32,0
DA:33,0
DA:34,0
DA:36,0
DA:46,0
DA:47,0
DA:48,0
DA:52,0
DA:53,0
DA:54,0
DA:55,0
DA:58,0
DA:63,0
DA:64,0
DA:65,0
DA:67,0
DA:72,0
DA:73,0
DA:74,0
DA:76,0
DA:81,0
DA:82,0
DA:83,0
DA:85,0
DA:95,0
DA:96,0
DA:97,0
DA:101,0
DA:102,0
DA:103,0
DA:104,0
DA:106,0
DA:107,0
DA:108,0
DA:112,0
DA:113,0
DA:114,0
DA:115,0
DA:116,0
DA:118,0
DA:120,0
DA:124,0
DA:125,0
DA:127,0
DA:128,0
DA:129,0
DA:132,0
DA:133,0
DA:134,0
DA:135,0
DA:137,0
DA:141,0
DA:144,0
DA:145,0
DA:150,0
DA:151,0
DA:152,0
DA:157,0
DA:162,10
DA:172,8
DA:174,8
DA:176,8
DA:177,8
DA:180,0
DA:181,0
DA:182,0
DA:183,0
DA:186,0
DA:187,0
DA:188,0
DA:190,8
DA:191,0
DA:193,8
DA:202,0
DA:203,0
DA:204,0
DA:206,0
DA:216,0
DA:217,0
DA:218,0
DA:221,0
DA:223,0
DA:224,0
DA:227,0
DA:228,0
DA:231,0
DA:238,0
DA:239,0
DA:251,0
DA:252,0
DA:253,0
DA:256,0
DA:257,0
DA:259,0
DA:260,0
DA:261,0
DA:262,0
DA:263,0
DA:264,0
DA:266,0
DA:268,0
DA:269,0
DA:271,0
DA:284,1
DA:285,0
DA:286,0
DA:288,0
DA:289,0
DA:290,0
DA:293,0
DA:295,0
DA:300,0
DA:310,0
DA:311,0
DA:312,0
DA:313,0
DA:314,0
DA:315,0
DA:316,0
DA:317,0
DA:318,0
DA:319,0
DA:324,0
DA:326,0
DA:327,0
DA:330,0
DA:334,0
DA:338,0
DA:339,0
DA:340,0
DA:344,0
DA:346,0
DA:347,0
DA:359,1
DA:361,0
DA:362,0
DA:363,0
DA:366,0
DA:367,0
DA:369,0
DA:370,0
DA:371,0
DA:373,0
DA:374,0
DA:375,0
DA:377,0
DA:378,0
DA:379,0
DA:385,0
DA:386,0
DA:390,0
DA:391,0
DA:395,0
DA:408,0
DA:410,0
DA:411,0
DA:413,0
DA:414,0
DA:415,0
DA:418,0
DA:419,0
DA:420,0
DA:424,0
DA:425,0
DA:426,0
DA:427,0
DA:428,0
DA:431,0
DA:434,0
DA:435,0
DA:436,0
DA:443,10
LF:184
LH:15
BRDA:22,0,0,0
BRDA:22,0,1,0
BRDA:32,1,0,0
BRDA:32,1,1,0
BRDA:54,2,0,0
BRDA:54,2,1,0
BRDA:102,3,0,0
BRDA:102,3,1,0
BRDA:114,4,0,0
BRDA:114,4,1,0
BRDA:125,5,0,0
BRDA:125,5,1,0
BRDA:133,6,0,0
BRDA:133,6,1,0
BRDA:133,7,0,0
BRDA:133,7,1,0
BRDA:144,8,0,0
BRDA:144,8,1,0
BRDA:151,9,0,0
BRDA:151,9,1,0
BRDA:172,10,0,8
BRDA:172,10,1,8
BRDA:182,11,0,0
BRDA:182,11,1,0
BRDA:183,12,0,0
BRDA:183,12,1,0
BRDA:190,13,0,0
BRDA:190,13,1,8
BRDA:202,14,0,0
BRDA:202,14,1,0
BRDA:202,15,0,0
BRDA:202,15,1,0
BRDA:217,16,0,0
BRDA:217,16,1,0
BRDA:221,17,0,0
BRDA:221,17,1,0
BRDA:227,18,0,0
BRDA:227,18,1,0
BRDA:238,19,0,0
BRDA:238,19,1,0
BRDA:250,20,0,0
BRDA:250,21,0,0
BRDA:252,22,0,0
BRDA:252,22,1,0
BRDA:262,23,0,0
BRDA:262,23,1,0
BRDA:268,24,0,0
BRDA:268,24,1,0
BRDA:284,25,0,1
BRDA:284,25,1,0
BRDA:284,25,2,0
BRDA:285,26,0,0
BRDA:285,26,1,0
BRDA:289,27,0,0
BRDA:289,27,1,0
BRDA:317,28,0,0
BRDA:317,28,1,0
BRDA:318,29,0,0
BRDA:318,29,1,0
BRDA:359,30,0,1
BRDA:359,30,1,0
BRDA:362,31,0,0
BRDA:362,31,1,0
BRDA:373,32,0,0
BRDA:373,32,1,0
BRDA:377,33,0,0
BRDA:377,33,1,0
BRDA:385,34,0,0
BRDA:385,34,1,0
BRDA:385,35,0,0
BRDA:385,35,1,0
BRDA:390,36,0,0
BRDA:390,36,1,0
BRDA:406,37,0,0
BRDA:408,38,0,0
BRDA:408,38,1,0
BRDA:424,39,0,0
BRDA:424,39,1,0
BRDA:435,40,0,0
BRDA:435,40,1,0
BRDA:435,41,0,0
BRDA:435,41,1,0
BRF:82
BRH:5
end_of_record
TN:
SF:modules/telegramBot.js
FN:17,isUserAuthorized
FN:35,checkRateLimit
FN:61,initTelegramListener
FN:63,(anonymous_3)
FN:133,(anonymous_4)
FN:134,(anonymous_5)
FN:141,(anonymous_6)
FNF:7
FNH:0
FNDA:0,isUserAuthorized
FNDA:0,checkRateLimit
FNDA:0,initTelegramListener
FNDA:0,(anonymous_3)
FNDA:0,(anonymous_4)
FNDA:0,(anonymous_5)
FNDA:0,(anonymous_6)
DA:3,1
DA:4,1
DA:7,1
DA:8,1
DA:9,1
DA:18,0
DA:21,0
DA:22,0
DA:26,0
DA:36,0
DA:37,0
DA:39,0
DA:40,0
DA:41,0
DA:44,0
DA:47,0
DA:48,0
DA:49,0
DA:53,0
DA:54,0
DA:55,0
DA:58,0
DA:61,1
DA:63,0
DA:64,0
DA:66,0
DA:68,0
DA:69,0
DA:70,0
DA:71,0
DA:75,0
DA:76,0
DA:77,0
DA:78,0
DA:81,0
DA:84,0
DA:86,0
DA:87,0
DA:88,0
DA:91,0
DA:93,0
DA:96,0
DA:97,0
DA:98,0
DA:99,0
DA:102,0
DA:105,0
DA:108,0
DA:109,0
DA:112,0
DA:113,0
DA:114,0
DA:115,0
DA:116,0
DA:117,0
DA:121,0
DA:124,0
DA:126,0
DA:127,0
DA:130,0
DA:132,0
DA:133,0
DA:134,0
DA:136,0
DA:141,0
DA:165,0
DA:166,0
DA:169,0
DA:171,0
DA:172,0
DA:173,0
DA:175,0
DA:184,0
DA:185,0
DA:189,0
DA:190,0
DA:193,0
DA:194,0
DA:195,0
DA:199,0
DA:200,0
DA:201,0
DA:205,0
DA:207,0
DA:208,0
DA:209,0
DA:210,0
DA:213,0
DA:214,0
DA:215,0
DA:219,0
DA:224,0
DA:226,0
DA:229,0
DA:230,0
DA:231,0
DA:232,0
DA:233,0
DA:234,0
DA:235,0
DA:236,0
DA:237,0
DA:238,0
DA:240,0
DA:244,0
DA:245,0
DA:248,0
LF:107
LH:6
BRDA:21,0,0,0
BRDA:21,0,1,0
BRDA:21,1,0,0
BRDA:21,1,1,0
BRDA:26,2,0,0
BRDA:26,2,1,0
BRDA:37,3,0,0
BRDA:37,3,1,0
BRDA:39,4,0,0
BRDA:39,4,1,0
BRDA:47,5,0,0
BRDA:47,5,1,0
BRDA:53,6,0,0
BRDA:53,6,1,0
BRDA:68,7,0,0
BRDA:68,7,1,0
BRDA:75,8,0,0
BRDA:75,8,1,0
BRDA:86,9,0,0
BRDA:86,9,1,0
BRDA:112,10,0,0
BRDA:112,10,1,0
BRDA:115,11,0,0
BRDA:115,11,1,0
BRDA:115,12,0,0
BRDA:115,12,1,0
BRDA:117,13,0,0
BRDA:117,13,1,0
BRDA:126,14,0,0
BRDA:126,14,1,0
BRDA:130,15,0,0
BRDA:130,15,1,0
BRDA:133,16,0,0
BRDA:133,16,1,0
BRDA:134,17,0,0
BRDA:134,17,1,0
BRDA:146,18,0,0
BRDA:146,18,1,0
BRDA:146,19,0,0
BRDA:146,19,1,0
BRDA:146,20,0,0
BRDA:146,20,1,0
BRDA:156,21,0,0
BRDA:156,21,1,0
BRDA:156,22,0,0
BRDA:156,22,1,0
BRDA:169,23,0,0
BRDA:169,23,1,0
BRDA:172,24,0,0
BRDA:172,24,1,0
BRDA:173,25,0,0
BRDA:173,25,1,0
BRDA:193,26,0,0
BRDA:193,26,1,0
BRDA:193,27,0,0
BRDA:193,27,1,0
BRDA:199,28,0,0
BRDA:199,28,1,0
BRDA:200,29,0,0
BRDA:200,29,1,0
BRDA:207,30,0,0
BRDA:207,30,1,0
BRDA:224,31,0,0
BRDA:224,31,1,0
BRDA:229,32,0,0
BRDA:229,32,1,0
BRDA:229,33,0,0
BRDA:229,33,1,0
BRDA:231,34,0,0
BRDA:231,34,1,0
BRDA:231,35,0,0
BRDA:231,35,1,0
BRDA:233,36,0,0
BRDA:233,36,1,0
BRDA:233,37,0,0
BRDA:233,37,1,0
BRDA:235,38,0,0
BRDA:235,38,1,0
BRDA:235,39,0,0
BRDA:235,39,1,0
BRDA:237,40,0,0
BRDA:237,40,1,0
BRDA:237,41,0,0
BRDA:237,41,1,0
BRF:84
BRH:0
end_of_record
TN:
SF:modules/unifiedCommandIntegration.js
FN:24,parseCommandWithEnhancedMatching
FN:115,parseCommandWithHybridApproach
FN:140,analyzeCommandComplexity
FN:199,(anonymous_3)
FN:217,extractAvailableRooms
FN:223,(anonymous_5)
FN:224,(anonymous_6)
FN:232,getRoomMatchingConfidence
FN:244,(anonymous_8)
FN:258,transformToLegacyFormat
FN:311,parseCommandWithStateEnhanced
FNF:11
FNH:0
FNDA:0,parseCommandWithEnhancedMatching
FNDA:0,parseCommandWithHybridApproach
FNDA:0,analyzeCommandComplexity
FNDA:0,(anonymous_3)
FNDA:0,extractAvailableRooms
FNDA:0,(anonymous_5)
FNDA:0,(anonymous_6)
FNDA:0,getRoomMatchingConfidence
FNDA:0,(anonymous_8)
FNDA:0,transformToLegacyFormat
FNDA:0,parseCommandWithStateEnhanced
DA:9,0
DA:10,0
DA:11,0
DA:12,0
DA:13,0
DA:30,0
DA:33,0
DA:35,0
DA:43,0
DA:46,0
DA:47,0
DA:48,0
DA:57,0
DA:59,0
DA:61,0
DA:62,0
DA:63,0
DA:65,0
DA:68,0
DA:71,0
DA:76,0
DA:77,0
DA:78,0
DA:79,0
DA:80,0
DA:82,0
DA:83,0
DA:84,0
DA:87,0
DA:89,0
DA:90,0
DA:96,0
DA:116,0
DA:119,0
DA:120,0
DA:121,0
DA:126,0
DA:127,0
DA:141,0
DA:147,0
DA:150,0
DA:199,0
DA:200,0
DA:201,0
DA:202,0
DA:207,0
DA:209,0
DA:218,0
DA:219,0
DA:222,0
DA:223,0
DA:224,0
DA:233,0
DA:234,0
DA:238,0
DA:239,0
DA:243,0
DA:244,0
DA:245,0
DA:246,0
DA:250,0
DA:259,0
DA:260,0
DA:267,0
DA:268,0
DA:269,0
DA:270,0
DA:271,0
DA:275,0
DA:276,0
DA:281,0
DA:285,0
DA:286,0
DA:293,0
DA:297,0
DA:313,0
DA:323,0
DA:355,0
LF:78
LH:0
BRDA:24,0,0,0
BRDA:24,1,0,0
BRDA:24,2,0,0
BRDA:26,3,0,0
BRDA:27,4,0,0
BRDA:28,5,0,0
BRDA:29,6,0,0
BRDA:36,7,0,0
BRDA:36,7,1,0
BRDA:46,8,0,0
BRDA:46,8,1,0
BRDA:57,9,0,0
BRDA:57,9,1,0
BRDA:57,10,0,0
BRDA:57,10,1,0
BRDA:61,11,0,0
BRDA:61,11,1,0
BRDA:76,12,0,0
BRDA:76,12,1,0
BRDA:82,13,0,0
BRDA:82,13,1,0
BRDA:115,14,0,0
BRDA:119,15,0,0
BRDA:119,15,1,0
BRDA:182,16,0,0
BRDA:182,16,1,0
BRDA:182,16,2,0
BRDA:200,17,0,0
BRDA:200,17,1,0
BRDA:218,18,0,0
BRDA:218,18,1,0
BRDA:224,19,0,0
BRDA:224,19,1,0
BRDA:233,20,0,0
BRDA:233,20,1,0
BRDA:238,21,0,0
BRDA:238,21,1,0
BRDA:245,22,0,0
BRDA:245,22,1,0
BRDA:245,23,0,0
BRDA:245,23,1,0
BRDA:259,24,0,0
BRDA:259,24,1,0
BRDA:267,25,0,0
BRDA:267,25,1,0
BRDA:275,26,0,0
BRDA:275,26,1,0
BRDA:285,27,0,0
BRDA:285,27,1,0
BRDA:311,28,0,0
BRDA:311,29,0,0
BRF:51
BRH:0
end_of_record
TN:
SF:modules/unifiedCommandParser.js
FN:26,parseCommandWithUnifiedMatching
FN:76,buildUnifiedPrompt
FN:219,buildRoomMatchingContext
FN:225,(anonymous_3)
FN:237,(anonymous_4)
FN:263,buildDeviceContext
FN:275,(anonymous_6)
FN:283,(anonymous_7)
FN:285,(anonymous_8)
FN:298,makeUnifiedChatGPTCall
FN:323,(anonymous_10)
FN:324,(anonymous_11)
FN:328,(anonymous_12)
FN:336,(anonymous_13)
FN:375,(anonymous_14)
FN:393,enhanceUnifiedResult
FN:461,validateRoomMatching
FN:468,(anonymous_17)
FN:479,(anonymous_18)
FN:482,(anonymous_19)
FN:504,fallbackToLegacyParsing
FNF:21
FNH:0
FNDA:0,parseCommandWithUnifiedMatching
FNDA:0,buildUnifiedPrompt
FNDA:0,buildRoomMatchingContext
FNDA:0,(anonymous_3)
FNDA:0,(anonymous_4)
FNDA:0,buildDeviceContext
FNDA:0,(anonymous_6)
FNDA:0,(anonymous_7)
FNDA:0,(anonymous_8)
FNDA:0,makeUnifiedChatGPTCall
FNDA:0,(anonymous_10)
FNDA:0,(anonymous_11)
FNDA:0,(anonymous_12)
FNDA:0,(anonymous_13)
FNDA:0,(anonymous_14)
FNDA:0,enhanceUnifiedResult
FNDA:0,validateRoomMatching
FNDA:0,(anonymous_17)
FNDA:0,(anonymous_18)
FNDA:0,(anonymous_19)
FNDA:0,fallbackToLegacyParsing
DA:9,0
DA:10,0
DA:11,0
DA:12,0
DA:13,0
DA:14,0
DA:28,0
DA:29,0
DA:32,0
DA:33,0
DA:36,0
DA:37,0
DA:38,0
DA:39,0
DA:42,0
DA:44,0
DA:46,0
DA:49,0
DA:51,0
DA:52,0
DA:56,0
DA:58,0
DA:59,0
DA:62,0
DA:63,0
DA:77,0
DA:80,0
DA:83,0
DA:86,0
DA:220,0
DA:221,0
DA:225,0
DA:226,0
DA:227,0
DA:229,0
DA:236,0
DA:237,0
DA:238,0
DA:239,0
DA:240,0
DA:242,0
DA:243,0
DA:245,0
DA:249,0
DA:254,0
DA:264,0
DA:265,0
DA:268,0
DA:269,0
DA:271,0
DA:274,0
DA:275,0
DA:276,0
DA:277,0
DA:278,0
DA:280,0
DA:283,0
DA:284,0
DA:285,0
DA:286,0
DA:290,0
DA:299,0
DA:301,0
DA:310,0
DA:312,0
DA:323,0
DA:324,0
DA:325,0
DA:326,0
DA:328,0
DA:329,0
DA:330,0
DA:331,0
DA:332,0
DA:336,0
DA:337,0
DA:338,0
DA:339,0
DA:340,0
DA:343,0
DA:344,0
DA:345,0
DA:346,0
DA:349,0
DA:350,0
DA:351,0
DA:354,0
DA:355,0
DA:356,0
DA:357,0
DA:360,0
DA:361,0
DA:362,0
DA:363,0
DA:366,0
DA:369,0
DA:370,0
DA:375,0
DA:376,0
DA:377,0
DA:380,0
DA:381,0
DA:395,0
DA:396,0
DA:404,0
DA:405,0
DA:409,0
DA:410,0
DA:414,0
DA:423,0
DA:425,0
DA:426,0
DA:432,0
DA:434,0
DA:435,0
DA:436,0
DA:443,0
DA:445,0
DA:452,0
DA:462,0
DA:463,0
DA:467,0
DA:468,0
DA:469,0
DA:472,0
DA:473,0
DA:474,0
DA:479,0
DA:480,0
DA:481,0
DA:482,0
DA:483,0
DA:486,0
DA:487,0
DA:488,0
DA:493,0
DA:505,0
DA:507,0
DA:509,0
DA:510,0
DA:511,0
DA:514,0
DA:517,0
DA:520,0
DA:523,0
DA:537,0
DA:538,0
DA:549,0
LF:148
LH:0
BRDA:26,0,0,0
BRDA:26,1,0,0
BRDA:26,2,0,0
BRDA:26,3,0,0
BRDA:28,4,0,0
BRDA:28,4,1,0
BRDA:28,5,0,0
BRDA:28,5,1,0
BRDA:32,6,0,0
BRDA:32,6,1,0
BRDA:37,7,0,0
BRDA:37,7,1,0
BRDA:42,8,0,0
BRDA:42,8,1,0
BRDA:51,9,0,0
BRDA:51,9,1,0
BRDA:76,10,0,0
BRDA:77,11,0,0
BRDA:220,12,0,0
BRDA:220,12,1,0
BRDA:220,13,0,0
BRDA:220,13,1,0
BRDA:239,14,0,0
BRDA:239,14,1,0
BRDA:242,15,0,0
BRDA:242,15,1,0
BRDA:264,16,0,0
BRDA:264,16,1,0
BRDA:276,17,0,0
BRDA:276,17,1,0
BRDA:277,18,0,0
BRDA:277,18,1,0
BRDA:330,19,0,0
BRDA:330,19,1,0
BRDA:338,20,0,0
BRDA:338,20,1,0
BRDA:344,21,0,0
BRDA:344,21,1,0
BRDA:349,22,0,0
BRDA:349,22,1,0
BRDA:355,23,0,0
BRDA:355,23,1,0
BRDA:361,24,0,0
BRDA:361,24,1,0
BRDA:395,25,0,0
BRDA:395,25,1,0
BRDA:395,26,0,0
BRDA:395,26,1,0
BRDA:404,27,0,0
BRDA:404,27,1,0
BRDA:409,28,0,0
BRDA:409,28,1,0
BRDA:423,29,0,0
BRDA:423,29,1,0
BRDA:425,30,0,0
BRDA:425,30,1,0
BRDA:432,31,0,0
BRDA:432,31,1,0
BRDA:435,32,0,0
BRDA:435,32,1,0
BRDA:443,33,0,0
BRDA:443,33,1,0
BRDA:462,34,0,0
BRDA:462,34,1,0
BRDA:462,35,0,0
BRDA:462,35,1,0
BRDA:467,36,0,0
BRDA:467,36,1,0
BRDA:472,37,0,0
BRDA:472,37,1,0
BRDA:474,38,0,0
BRDA:474,38,1,0
BRDA:481,39,0,0
BRDA:481,39,1,0
BRDA:481,40,0,0
BRDA:481,40,1,0
BRDA:486,41,0,0
BRDA:486,41,1,0
BRDA:488,42,0,0
BRDA:488,42,1,0
BRDA:517,43,0,0
BRDA:517,43,1,0
BRDA:525,44,0,0
BRDA:525,44,1,0
BRF:84
BRH:0
end_of_record
