TN:
SF:app.js
FN:30,getCapabilityKeys
FN:49,(anonymous_1)
FN:63,(anonymous_2)
FN:70,(anonymous_3)
FN:80,(anonymous_4)
FN:87,(anonymous_5)
FN:129,(anonymous_6)
FN:168,(anonymous_7)
FN:176,(anonymous_8)
FN:182,(anonymous_9)
FN:195,(anonymous_10)
FN:197,(anonymous_11)
FN:213,(anonymous_12)
FN:230,(anonymous_13)
FN:239,(anonymous_14)
FN:279,(anonymous_15)
FN:284,(anonymous_16)
FN:330,(anonymous_17)
FN:332,(anonymous_18)
FN:403,(anonymous_19)
FN:427,(anonymous_20)
FN:459,(anonymous_21)
FN:470,(anonymous_22)
FN:493,isControllableDeviceClass
FN:506,getCapabilityForCommand
FN:577,getValueForCommand
FN:616,(anonymous_26)
FN:672,(anonymous_27)
FN:677,(anonymous_28)
FN:681,(anonymous_29)
FN:682,(anonymous_30)
FN:690,(anonymous_31)
FN:693,(anonymous_32)
FN:701,(anonymous_33)
FN:709,(anonymous_34)
FN:734,(anonymous_35)
FN:742,(anonymous_36)
FN:743,(anonymous_37)
FN:764,(anonymous_38)
FN:765,(anonymous_39)
FN:800,(anonymous_40)
FN:829,(anonymous_41)
FN:858,(anonymous_42)
FNF:43
FNH:0
FNDA:0,getCapabilityKeys
FNDA:0,(anonymous_1)
FNDA:0,(anonymous_2)
FNDA:0,(anonymous_3)
FNDA:0,(anonymous_4)
FNDA:0,(anonymous_5)
FNDA:0,(anonymous_6)
FNDA:0,(anonymous_7)
FNDA:0,(anonymous_8)
FNDA:0,(anonymous_9)
FNDA:0,(anonymous_10)
FNDA:0,(anonymous_11)
FNDA:0,(anonymous_12)
FNDA:0,(anonymous_13)
FNDA:0,(anonymous_14)
FNDA:0,(anonymous_15)
FNDA:0,(anonymous_16)
FNDA:0,(anonymous_17)
FNDA:0,(anonymous_18)
FNDA:0,(anonymous_19)
FNDA:0,(anonymous_20)
FNDA:0,(anonymous_21)
FNDA:0,(anonymous_22)
FNDA:0,isControllableDeviceClass
FNDA:0,getCapabilityForCommand
FNDA:0,getValueForCommand
FNDA:0,(anonymous_26)
FNDA:0,(anonymous_27)
FNDA:0,(anonymous_28)
FNDA:0,(anonymous_29)
FNDA:0,(anonymous_30)
FNDA:0,(anonymous_31)
FNDA:0,(anonymous_32)
FNDA:0,(anonymous_33)
FNDA:0,(anonymous_34)
FNDA:0,(anonymous_35)
FNDA:0,(anonymous_36)
FNDA:0,(anonymous_37)
FNDA:0,(anonymous_38)
FNDA:0,(anonymous_39)
FNDA:0,(anonymous_40)
FNDA:0,(anonymous_41)
FNDA:0,(anonymous_42)
DA:3,0
DA:4,0
DA:5,0
DA:9,0
DA:10,0
DA:11,0
DA:12,0
DA:13,0
DA:15,0
DA:16,0
DA:17,0
DA:18,0
DA:19,0
DA:31,0
DA:32,0
DA:33,0
DA:34,0
DA:36,0
DA:50,0
DA:52,0
DA:53,0
DA:54,0
DA:56,0
DA:57,0
DA:64,0
DA:71,0
DA:81,0
DA:84,0
DA:87,0
DA:90,0
DA:91,0
DA:101,0
DA:103,0
DA:104,0
DA:107,0
DA:108,0
DA:112,0
DA:113,0
DA:114,0
DA:115,0
DA:116,0
DA:119,0
DA:123,0
DA:124,0
DA:125,0
DA:126,0
DA:129,0
DA:130,0
DA:131,0
DA:132,0
DA:133,0
DA:139,0
DA:140,0
DA:141,0
DA:145,0
DA:146,0
DA:147,0
DA:151,0
DA:152,0
DA:155,0
DA:156,0
DA:159,0
DA:160,0
DA:169,0
DA:170,0
DA:171,0
DA:172,0
DA:175,0
DA:176,0
DA:177,0
DA:181,0
DA:182,0
DA:183,0
DA:184,0
DA:185,0
DA:187,0
DA:195,0
DA:196,0
DA:197,0
DA:198,0
DA:202,0
DA:204,0
DA:205,0
DA:214,0
DA:215,0
DA:216,0
DA:217,0
DA:219,0
DA:221,0
DA:231,0
DA:240,0
DA:241,0
DA:242,0
DA:244,0
DA:246,0
DA:247,0
DA:248,0
DA:249,0
DA:250,0
DA:253,0
DA:254,0
DA:255,0
DA:256,0
DA:259,0
DA:260,0
DA:263,0
DA:265,0
DA:266,0
DA:270,0
DA:271,0
DA:280,0
DA:281,0
DA:284,0
DA:285,0
DA:286,0
DA:288,0
DA:289,0
DA:294,0
DA:297,0
DA:298,0
DA:302,0
DA:310,0
DA:311,0
DA:313,0
DA:317,0
DA:318,0
DA:331,0
DA:332,0
DA:335,0
DA:336,0
DA:339,0
DA:341,0
DA:342,0
DA:344,0
DA:345,0
DA:346,0
DA:347,0
DA:348,0
DA:351,0
DA:352,0
DA:355,0
DA:357,0
DA:365,0
DA:368,0
DA:370,0
DA:378,0
DA:381,0
DA:383,0
DA:391,0
DA:395,0
DA:404,0
DA:405,0
DA:407,0
DA:408,0
DA:410,0
DA:411,0
DA:413,0
DA:414,0
DA:416,0
DA:417,0
DA:419,0
DA:428,0
DA:431,0
DA:432,0
DA:436,0
DA:437,0
DA:441,0
DA:442,0
DA:446,0
DA:447,0
DA:451,0
DA:461,0
DA:471,0
DA:474,0
DA:475,0
DA:479,0
DA:480,0
DA:484,0
DA:485,0
DA:486,0
DA:488,0
DA:494,0
DA:495,0
DA:497,0
DA:498,0
DA:502,0
DA:507,0
DA:508,0
DA:511,0
DA:513,0
DA:516,0
DA:518,0
DA:519,0
DA:522,0
DA:523,0
DA:525,0
DA:526,0
DA:529,0
DA:532,0
DA:534,0
DA:538,0
DA:540,0
DA:541,0
DA:543,0
DA:544,0
DA:546,0
DA:547,0
DA:549,0
DA:550,0
DA:552,0
DA:553,0
DA:555,0
DA:556,0
DA:558,0
DA:559,0
DA:561,0
DA:562,0
DA:564,0
DA:565,0
DA:567,0
DA:568,0
DA:572,0
DA:573,0
DA:578,0
DA:580,0
DA:582,0
DA:584,0
DA:586,0
DA:588,0
DA:590,0
DA:593,0
DA:596,0
DA:599,0
DA:601,0
DA:603,0
DA:606,0
DA:611,0
DA:612,0
DA:613,0
DA:616,0
DA:617,0
DA:618,0
DA:621,0
DA:624,0
DA:627,0
DA:669,0
DA:671,0
DA:672,0
DA:673,0
DA:676,0
DA:677,0
DA:678,0
DA:681,0
DA:682,0
DA:683,0
DA:687,0
DA:690,0
DA:692,0
DA:693,0
DA:694,0
DA:697,0
DA:698,0
DA:701,0
DA:702,0
DA:703,0
DA:707,0
DA:709,0
DA:710,0
DA:711,0
DA:712,0
DA:713,0
DA:714,0
DA:715,0
DA:716,0
DA:717,0
DA:719,0
DA:722,0
DA:723,0
DA:724,0
DA:728,0
DA:730,0
DA:733,0
DA:734,0
DA:735,0
DA:736,0
DA:737,0
DA:741,0
DA:742,0
DA:743,0
DA:744,0
DA:748,0
DA:749,0
DA:750,0
DA:754,0
DA:755,0
DA:760,0
DA:762,0
DA:763,0
DA:764,0
DA:765,0
DA:766,0
DA:769,0
DA:770,0
DA:772,0
DA:773,0
DA:774,0
DA:775,0
DA:776,0
DA:777,0
DA:780,0
DA:781,0
DA:782,0
DA:783,0
DA:785,0
DA:789,0
DA:790,0
DA:793,0
DA:794,0
DA:795,0
DA:796,0
DA:797,0
DA:799,0
DA:800,0
DA:801,0
DA:802,0
DA:803,0
DA:806,0
DA:807,0
DA:808,0
DA:809,0
DA:810,0
DA:813,0
DA:814,0
DA:815,0
DA:816,0
DA:818,0
DA:822,0
DA:823,0
DA:826,0
DA:827,0
DA:828,0
DA:829,0
DA:831,0
DA:832,0
DA:835,0
DA:836,0
DA:837,0
DA:838,0
DA:839,0
DA:842,0
DA:843,0
DA:844,0
DA:846,0
DA:849,0
DA:859,0
DA:860,0
DA:863,0
DA:864,0
DA:865,0
DA:866,0
DA:868,0
DA:869,0
DA:870,0
DA:871,0
DA:872,0
DA:874,0
DA:877,0
DA:878,0
DA:880,0
DA:881,0
DA:882,0
DA:883,0
DA:885,0
DA:886,0
DA:887,0
DA:889,0
DA:890,0
DA:891,0
DA:894,0
DA:896,0
DA:898,0
DA:899,0
DA:904,0
LF:383
LH:0
BRDA:31,0,0,0
BRDA:31,0,1,0
BRDA:31,1,0,0
BRDA:31,1,1,0
BRDA:33,2,0,0
BRDA:33,2,1,0
BRDA:33,3,0,0
BRDA:33,3,1,0
BRDA:80,4,0,0
BRDA:87,5,0,0
BRDA:87,5,1,0
BRDA:107,6,0,0
BRDA:107,6,1,0
BRDA:107,7,0,0
BRDA:107,7,1,0
BRDA:112,8,0,0
BRDA:112,8,1,0
BRDA:113,9,0,0
BRDA:113,9,1,0
BRDA:115,10,0,0
BRDA:115,10,1,0
BRDA:123,11,0,0
BRDA:123,11,1,0
BRDA:123,12,0,0
BRDA:123,12,1,0
BRDA:123,12,2,0
BRDA:129,13,0,0
BRDA:129,13,1,0
BRDA:129,14,0,0
BRDA:129,14,1,0
BRDA:129,15,0,0
BRDA:129,15,1,0
BRDA:139,16,0,0
BRDA:139,16,1,0
BRDA:145,17,0,0
BRDA:145,17,1,0
BRDA:145,17,2,0
BRDA:145,17,3,0
BRDA:146,18,0,0
BRDA:146,18,1,0
BRDA:151,19,0,0
BRDA:151,19,1,0
BRDA:151,20,0,0
BRDA:151,20,1,0
BRDA:183,21,0,0
BRDA:183,21,1,0
BRDA:184,22,0,0
BRDA:184,22,1,0
BRDA:254,23,0,0
BRDA:254,23,1,0
BRDA:260,24,0,0
BRDA:260,24,1,0
BRDA:294,25,0,0
BRDA:294,25,1,0
BRDA:297,26,0,0
BRDA:297,26,1,0
BRDA:303,27,0,0
BRDA:303,27,1,0
BRDA:310,28,0,0
BRDA:310,28,1,0
BRDA:313,29,0,0
BRDA:313,29,1,0
BRDA:339,30,0,0
BRDA:339,30,1,0
BRDA:355,31,0,0
BRDA:355,31,1,0
BRDA:355,32,0,0
BRDA:355,32,1,0
BRDA:368,33,0,0
BRDA:368,33,1,0
BRDA:381,34,0,0
BRDA:381,34,1,0
BRDA:404,35,0,0
BRDA:404,35,1,0
BRDA:407,36,0,0
BRDA:407,36,1,0
BRDA:407,37,0,0
BRDA:407,37,1,0
BRDA:410,38,0,0
BRDA:410,38,1,0
BRDA:413,39,0,0
BRDA:413,39,1,0
BRDA:416,40,0,0
BRDA:416,40,1,0
BRDA:431,41,0,0
BRDA:431,41,1,0
BRDA:436,42,0,0
BRDA:436,42,1,0
BRDA:441,43,0,0
BRDA:441,43,1,0
BRDA:446,44,0,0
BRDA:446,44,1,0
BRDA:471,45,0,0
BRDA:471,45,1,0
BRDA:474,46,0,0
BRDA:474,46,1,0
BRDA:479,47,0,0
BRDA:479,47,1,0
BRDA:479,48,0,0
BRDA:479,48,1,0
BRDA:484,49,0,0
BRDA:484,49,1,0
BRDA:485,50,0,0
BRDA:485,50,1,0
BRDA:485,51,0,0
BRDA:485,51,1,0
BRDA:486,52,0,0
BRDA:486,52,1,0
BRDA:497,53,0,0
BRDA:497,53,1,0
BRDA:511,54,0,0
BRDA:511,54,1,0
BRDA:511,55,0,0
BRDA:511,55,1,0
BRDA:513,56,0,0
BRDA:513,56,1,0
BRDA:516,57,0,0
BRDA:516,57,1,0
BRDA:516,57,2,0
BRDA:516,57,3,0
BRDA:516,57,4,0
BRDA:516,57,5,0
BRDA:518,58,0,0
BRDA:518,58,1,0
BRDA:522,59,0,0
BRDA:522,59,1,0
BRDA:525,60,0,0
BRDA:525,60,1,0
BRDA:538,61,0,0
BRDA:538,61,1,0
BRDA:538,61,2,0
BRDA:538,61,3,0
BRDA:538,61,4,0
BRDA:538,61,5,0
BRDA:538,61,6,0
BRDA:538,61,7,0
BRDA:538,61,8,0
BRDA:538,61,9,0
BRDA:540,62,0,0
BRDA:540,62,1,0
BRDA:543,63,0,0
BRDA:543,63,1,0
BRDA:546,64,0,0
BRDA:546,64,1,0
BRDA:549,65,0,0
BRDA:549,65,1,0
BRDA:552,66,0,0
BRDA:552,66,1,0
BRDA:555,67,0,0
BRDA:555,67,1,0
BRDA:558,68,0,0
BRDA:558,68,1,0
BRDA:561,69,0,0
BRDA:561,69,1,0
BRDA:564,70,0,0
BRDA:564,70,1,0
BRDA:567,71,0,0
BRDA:567,71,1,0
BRDA:572,72,0,0
BRDA:572,72,1,0
BRDA:577,73,0,0
BRDA:578,74,0,0
BRDA:578,74,1,0
BRDA:578,74,2,0
BRDA:578,74,3,0
BRDA:578,74,4,0
BRDA:578,74,5,0
BRDA:578,74,6,0
BRDA:578,74,7,0
BRDA:578,74,8,0
BRDA:578,74,9,0
BRDA:578,74,10,0
BRDA:578,74,11,0
BRDA:578,74,12,0
BRDA:593,75,0,0
BRDA:593,75,1,0
BRDA:596,76,0,0
BRDA:596,76,1,0
BRDA:611,77,0,0
BRDA:611,77,1,0
BRDA:621,78,0,0
BRDA:621,78,1,0
BRDA:624,79,0,0
BRDA:624,79,1,0
BRDA:624,80,0,0
BRDA:624,80,1,0
BRDA:671,81,0,0
BRDA:671,81,1,0
BRDA:671,82,0,0
BRDA:671,82,1,0
BRDA:676,83,0,0
BRDA:676,83,1,0
BRDA:676,84,0,0
BRDA:676,84,1,0
BRDA:681,85,0,0
BRDA:681,85,1,0
BRDA:681,86,0,0
BRDA:681,86,1,0
BRDA:692,87,0,0
BRDA:692,87,1,0
BRDA:702,88,0,0
BRDA:702,88,1,0
BRDA:707,89,0,0
BRDA:707,89,1,0
BRDA:710,90,0,0
BRDA:710,90,1,0
BRDA:712,91,0,0
BRDA:712,91,1,0
BRDA:714,92,0,0
BRDA:714,92,1,0
BRDA:716,93,0,0
BRDA:716,93,1,0
BRDA:722,94,0,0
BRDA:722,94,1,0
BRDA:728,95,0,0
BRDA:728,95,1,0
BRDA:728,96,0,0
BRDA:728,96,1,0
BRDA:730,97,0,0
BRDA:730,97,1,0
BRDA:733,98,0,0
BRDA:733,98,1,0
BRDA:735,99,0,0
BRDA:735,99,1,0
BRDA:741,100,0,0
BRDA:741,100,1,0
BRDA:748,101,0,0
BRDA:748,101,1,0
BRDA:748,102,0,0
BRDA:748,102,1,0
BRDA:762,103,0,0
BRDA:762,103,1,0
BRDA:775,104,0,0
BRDA:775,104,1,0
BRDA:793,105,0,0
BRDA:793,105,1,0
BRDA:801,106,0,0
BRDA:801,106,1,0
BRDA:808,107,0,0
BRDA:808,107,1,0
BRDA:826,108,0,0
BRDA:826,108,1,0
BRDA:831,109,0,0
BRDA:831,109,1,0
BRDA:837,110,0,0
BRDA:837,110,1,0
BRDA:864,111,0,0
BRDA:864,111,1,0
BRDA:865,112,0,0
BRDA:865,112,1,0
BRDA:865,113,0,0
BRDA:865,113,1,0
BRDA:866,114,0,0
BRDA:866,114,1,0
BRDA:866,115,0,0
BRDA:866,115,1,0
BRDA:870,116,0,0
BRDA:870,116,1,0
BRDA:870,117,0,0
BRDA:870,117,1,0
BRF:260
BRH:0
end_of_record
TN:
SF:modules/advancedMultilingualMatcher.js
FN:20,levenshteinDistance
FN:24,(anonymous_1)
FN:49,calculateSimilarity
FN:62,normalizeUnicode
FN:85,removeDefiniteArticles
FN:114,generatePhoneticVariations
FN:129,(anonymous_6)
FN:145,fuzzyMatch
FN:158,(anonymous_8)
FN:230,semanticMatch
FN:239,(anonymous_10)
FN:304,findBestRoomMatch
FN:316,comprehensiveRoomMatch
FN:355,batchRoomMatch
FNF:14
FNH:13
FNDA:3623,levenshteinDistance
FNDA:31355,(anonymous_1)
FNDA:3619,calculateSimilarity
FNDA:1817,normalizeUnicode
FNDA:1817,removeDefiniteArticles
FNDA:1810,generatePhoneticVariations
FNDA:27135,(anonymous_6)
FNDA:43,fuzzyMatch
FNDA:1765,(anonymous_8)
FNDA:8,semanticMatch
FNDA:328,(anonymous_10)
FNDA:32,findBestRoomMatch
FNDA:29,comprehensiveRoomMatch
FNDA:0,batchRoomMatch
DA:10,1
DA:11,1
DA:12,1
DA:21,3623
DA:22,3622
DA:24,31355
DA:26,36304
DA:27,31355
DA:29,3621
DA:30,27734
DA:31,249081
DA:32,249081
DA:40,3621
DA:50,3619
DA:51,3618
DA:52,3618
DA:53,3618
DA:54,3618
DA:63,1817
DA:65,1817
DA:86,1817
DA:88,1817
DA:101,1817
DA:102,1817
DA:103,1816
DA:106,1
DA:115,1810
DA:117,1809
DA:118,1809
DA:121,1809
DA:129,1809
DA:130,27135
DA:131,69
DA:135,1809
DA:146,43
DA:147,2
DA:150,41
DA:151,41
DA:152,41
DA:154,41
DA:155,41
DA:156,41
DA:158,41
DA:159,1765
DA:160,1765
DA:161,1765
DA:164,1765
DA:165,17
DA:166,17
DA:167,17
DA:168,17
DA:172,1748
DA:173,0
DA:174,0
DA:175,0
DA:176,0
DA:181,1748
DA:183,5
DA:185,5
DA:186,3
DA:187,3
DA:188,3
DA:193,1748
DA:194,1748
DA:195,18
DA:196,18
DA:197,18
DA:201,1748
DA:202,1798
DA:203,1867
DA:204,1867
DA:205,0
DA:206,0
DA:207,0
DA:213,41
DA:231,8
DA:232,0
DA:235,8
DA:236,8
DA:239,328
DA:256,8
DA:260,7
DA:262,7
DA:264,0
DA:265,7
DA:267,7
DA:268,7
DA:269,7
DA:271,0
DA:274,0
DA:275,0
DA:279,7
DA:280,3
DA:281,3
DA:284,4
DA:292,1
DA:293,1
DA:305,32
DA:317,29
DA:318,1
DA:322,28
DA:325,28
DA:326,13
DA:330,15
DA:331,8
DA:332,8
DA:335,8
DA:336,4
DA:339,0
DA:344,11
DA:356,0
DA:358,0
DA:359,0
DA:360,0
DA:366,0
DA:369,1
LF:116
LH:98
BRDA:21,0,0,1
BRDA:21,0,1,3622
BRDA:22,1,0,1
BRDA:22,1,1,3621
BRDA:31,2,0,24139
BRDA:31,2,1,224942
BRDA:50,3,0,1
BRDA:50,3,1,3618
BRDA:50,4,0,3619
BRDA:50,4,1,3618
BRDA:52,5,0,0
BRDA:52,5,1,3618
BRDA:63,6,0,0
BRDA:63,6,1,1817
BRDA:85,7,0,0
BRDA:86,8,0,0
BRDA:86,8,1,1817
BRDA:102,9,0,1816
BRDA:102,9,1,1
BRDA:115,10,0,1
BRDA:115,10,1,1809
BRDA:130,11,0,69
BRDA:130,11,1,27066
BRDA:145,12,0,0
BRDA:146,13,0,2
BRDA:146,13,1,41
BRDA:146,14,0,43
BRDA:146,14,1,42
BRDA:146,14,2,42
BRDA:164,15,0,17
BRDA:164,15,1,1748
BRDA:172,16,0,0
BRDA:172,16,1,1748
BRDA:173,17,0,0
BRDA:173,17,1,0
BRDA:181,18,0,5
BRDA:181,18,1,1743
BRDA:181,19,0,1748
BRDA:181,19,1,1744
BRDA:185,20,0,3
BRDA:185,20,1,2
BRDA:185,21,0,5
BRDA:185,21,1,3
BRDA:194,22,0,18
BRDA:194,22,1,1730
BRDA:194,23,0,1748
BRDA:194,23,1,277
BRDA:204,24,0,0
BRDA:204,24,1,1867
BRDA:204,25,0,1867
BRDA:204,25,1,324
BRDA:231,26,0,0
BRDA:231,26,1,8
BRDA:231,27,0,8
BRDA:231,27,1,8
BRDA:231,27,2,8
BRDA:231,27,3,8
BRDA:262,28,0,0
BRDA:262,28,1,7
BRDA:262,29,0,7
BRDA:262,29,1,0
BRDA:265,30,0,7
BRDA:265,30,1,0
BRDA:268,31,0,7
BRDA:268,31,1,0
BRDA:279,32,0,3
BRDA:279,32,1,4
BRDA:279,33,0,7
BRDA:279,33,1,7
BRDA:286,34,0,4
BRDA:286,34,1,0
BRDA:288,35,0,4
BRDA:288,35,1,0
BRDA:304,36,0,0
BRDA:316,37,0,0
BRDA:316,38,0,1
BRDA:317,39,0,1
BRDA:317,39,1,28
BRDA:317,40,0,29
BRDA:317,40,1,28
BRDA:317,40,2,28
BRDA:325,41,0,13
BRDA:325,41,1,15
BRDA:330,42,0,8
BRDA:330,42,1,7
BRDA:330,43,0,15
BRDA:330,43,1,14
BRDA:335,44,0,4
BRDA:335,44,1,4
BRDA:355,45,0,0
BRDA:355,46,0,0
BRF:91
BRH:71
end_of_record
TN:
SF:modules/chatgpt.js
FN:8,initChatGPT
FN:20,parseCommand
FN:80,(anonymous_2)
FN:81,(anonymous_3)
FN:83,(anonymous_4)
FN:84,(anonymous_5)
FN:119,(anonymous_6)
FNF:7
FNH:0
FNDA:0,initChatGPT
FNDA:0,parseCommand
FNDA:0,(anonymous_2)
FNDA:0,(anonymous_3)
FNDA:0,(anonymous_4)
FNDA:0,(anonymous_5)
FNDA:0,(anonymous_6)
DA:3,0
DA:5,0
DA:6,0
DA:9,0
DA:10,0
DA:12,0
DA:13,0
DA:14,0
DA:16,0
DA:17,0
DA:21,0
DA:22,0
DA:23,0
DA:26,0
DA:28,0
DA:63,0
DA:69,0
DA:80,0
DA:81,0
DA:82,0
DA:83,0
DA:84,0
DA:85,0
DA:86,0
DA:87,0
DA:89,0
DA:90,0
DA:91,0
DA:92,0
DA:95,0
DA:96,0
DA:97,0
DA:98,0
DA:101,0
DA:102,0
DA:103,0
DA:105,0
DA:106,0
DA:107,0
DA:109,0
DA:110,0
DA:113,0
DA:114,0
DA:119,0
DA:120,0
DA:121,0
DA:124,0
DA:125,0
DA:129,0
LF:49
LH:0
BRDA:8,0,0,0
BRDA:9,1,0,0
BRDA:9,1,1,0
BRDA:13,2,0,0
BRDA:13,2,1,0
BRDA:21,3,0,0
BRDA:21,3,1,0
BRDA:89,4,0,0
BRDA:89,4,1,0
BRDA:95,5,0,0
BRDA:95,5,1,0
BRDA:95,6,0,0
BRDA:95,6,1,0
BRDA:95,6,2,0
BRF:14
BRH:0
end_of_record
TN:
SF:modules/chatgptHelper.js
FN:3,constructPrompt
FN:11,(anonymous_1)
FNF:2
FNH:0
FNDA:0,constructPrompt
FNDA:0,(anonymous_1)
DA:5,0
DA:6,0
DA:7,0
DA:11,0
DA:19,0
DA:67,0
DA:73,0
DA:154,0
LF:8
LH:0
BRDA:6,0,0,0
BRDA:6,0,1,0
BRDA:11,1,0,0
BRDA:11,1,1,0
BRF:4
BRH:0
end_of_record
TN:
SF:modules/commandProcessor.js
FN:23,preprocessCommand
FN:32,(anonymous_1)
FN:53,(anonymous_2)
FN:59,(anonymous_3)
FN:68,(anonymous_4)
FN:77,(anonymous_5)
FN:113,detectMultiCommand
FN:149,(anonymous_7)
FN:155,(anonymous_8)
FN:164,extractIntent
FN:225,extractEntities
FN:236,(anonymous_11)
FN:244,(anonymous_12)
FN:266,(anonymous_13)
FN:283,(anonymous_14)
FN:322,calculateConfidence
FN:377,suggestImprovement
FN:410,parseMultiCommand
FN:423,(anonymous_18)
FN:425,(anonymous_19)
FN:434,(anonymous_20)
FN:435,(anonymous_21)
FN:436,(anonymous_22)
FNF:23
FNH:22
FNDA:16,preprocessCommand
FNDA:96,(anonymous_1)
FNDA:208,(anonymous_2)
FNDA:12,(anonymous_3)
FNDA:8,(anonymous_4)
FNDA:11,(anonymous_5)
FNDA:19,detectMultiCommand
FNDA:209,(anonymous_7)
FNDA:113,(anonymous_8)
FNDA:16,extractIntent
FNDA:16,extractEntities
FNDA:8,(anonymous_11)
FNDA:11,(anonymous_12)
FNDA:160,(anonymous_13)
FNDA:112,(anonymous_14)
FNDA:16,calculateConfidence
FNDA:0,suggestImprovement
FNDA:2,parseMultiCommand
FNDA:10,(anonymous_18)
FNDA:18,(anonymous_19)
FNDA:4,(anonymous_20)
FNDA:4,(anonymous_21)
FNDA:4,(anonymous_22)
DA:14,1
DA:24,16
DA:25,16
DA:28,16
DA:31,16
DA:32,16
DA:33,96
DA:37,16
DA:53,16
DA:54,208
DA:58,16
DA:59,12
DA:60,12
DA:61,12
DA:62,0
DA:67,16
DA:68,8
DA:69,8
DA:70,8
DA:71,0
DA:76,16
DA:77,10
DA:78,11
DA:79,11
DA:80,0
DA:86,16
DA:89,16
DA:90,16
DA:93,16
DA:95,16
DA:115,19
DA:127,19
DA:130,19
DA:131,19
DA:134,19
DA:146,19
DA:148,19
DA:149,19
DA:150,209
DA:151,209
DA:155,113
DA:166,16
DA:168,12
DA:169,12
DA:172,12
DA:186,12
DA:187,12
DA:192,4
DA:205,4
DA:206,40
DA:207,2
DA:212,2
DA:213,0
DA:216,2
DA:226,16
DA:234,16
DA:236,16
DA:237,8
DA:238,8
DA:239,8
DA:244,16
DA:245,11
DA:246,11
DA:247,11
DA:253,16
DA:266,16
DA:267,160
DA:268,2
DA:273,16
DA:283,16
DA:284,112
DA:285,6
DA:290,16
DA:291,16
DA:292,1
DA:295,16
DA:296,16
DA:297,2
DA:301,16
DA:302,16
DA:303,2
DA:306,16
DA:307,16
DA:308,0
DA:311,16
DA:323,16
DA:326,16
DA:327,13
DA:331,16
DA:332,8
DA:336,16
DA:337,12
DA:341,16
DA:343,16
DA:344,8
DA:346,16
DA:347,12
DA:349,16
DA:350,10
DA:354,16
DA:355,14
DA:360,16
DA:361,1
DA:365,16
DA:366,3
DA:369,16
DA:378,0
DA:380,0
DA:381,0
DA:384,0
DA:386,0
DA:387,0
DA:390,0
DA:391,0
DA:394,0
DA:395,0
DA:398,0
DA:399,0
DA:402,0
DA:412,2
DA:420,2
DA:423,2
DA:424,10
DA:425,10
DA:426,18
DA:427,18
DA:429,10
DA:433,2
DA:434,4
DA:435,4
DA:438,4
DA:439,4
DA:449,1
LF:133
LH:115
BRDA:23,0,0,16
BRDA:23,1,0,16
BRDA:58,2,0,12
BRDA:58,2,1,4
BRDA:61,3,0,0
BRDA:61,3,1,12
BRDA:67,4,0,8
BRDA:67,4,1,8
BRDA:70,5,0,0
BRDA:70,5,1,8
BRDA:76,6,0,10
BRDA:76,6,1,6
BRDA:79,7,0,0
BRDA:79,7,1,11
BRDA:113,8,0,3
BRDA:130,9,0,19
BRDA:130,9,1,0
BRDA:146,10,0,19
BRDA:146,10,1,0
BRDA:151,11,0,15
BRDA:151,11,1,194
BRDA:155,12,0,19
BRDA:155,12,1,17
BRDA:164,13,0,0
BRDA:166,14,0,12
BRDA:166,14,1,4
BRDA:166,15,0,16
BRDA:166,15,1,16
BRDA:186,16,0,12
BRDA:186,16,1,0
BRDA:206,17,0,2
BRDA:206,17,1,38
BRDA:212,18,0,0
BRDA:212,18,1,2
BRDA:225,19,0,0
BRDA:234,20,0,16
BRDA:234,20,1,0
BRDA:238,21,0,8
BRDA:238,21,1,0
BRDA:238,22,0,8
BRDA:238,22,1,8
BRDA:246,23,0,11
BRDA:246,23,1,0
BRDA:246,24,0,11
BRDA:246,24,1,11
BRDA:267,25,0,2
BRDA:267,25,1,158
BRDA:267,26,0,160
BRDA:267,26,1,8
BRDA:284,27,0,6
BRDA:284,27,1,106
BRDA:284,28,0,112
BRDA:284,28,1,13
BRDA:291,29,0,1
BRDA:291,29,1,15
BRDA:296,30,0,2
BRDA:296,30,1,14
BRDA:302,31,0,2
BRDA:302,31,1,14
BRDA:307,32,0,0
BRDA:307,32,1,16
BRDA:322,33,0,0
BRDA:326,34,0,13
BRDA:326,34,1,3
BRDA:326,35,0,16
BRDA:326,35,1,9
BRDA:331,36,0,8
BRDA:331,36,1,8
BRDA:336,37,0,12
BRDA:336,37,1,4
BRDA:341,38,0,16
BRDA:341,38,1,0
BRDA:343,39,0,8
BRDA:343,39,1,8
BRDA:346,40,0,12
BRDA:346,40,1,4
BRDA:349,41,0,10
BRDA:349,41,1,6
BRDA:354,42,0,14
BRDA:354,42,1,2
BRDA:360,43,0,1
BRDA:360,43,1,15
BRDA:365,44,0,3
BRDA:365,44,1,13
BRDA:365,45,0,16
BRDA:365,45,1,8
BRDA:380,46,0,0
BRDA:380,46,1,0
BRDA:386,47,0,0
BRDA:386,47,1,0
BRDA:390,48,0,0
BRDA:390,48,1,0
BRDA:390,49,0,0
BRDA:390,49,1,0
BRDA:394,50,0,0
BRDA:394,50,1,0
BRDA:394,51,0,0
BRDA:394,51,1,0
BRDA:398,52,0,0
BRDA:398,52,1,0
BRF:100
BRH:71
end_of_record
TN:
SF:modules/deviceStatusRetriever.js
FN:16,getDeviceCapabilityValue
FN:39,getDeviceStatus
FN:70,getCapabilityKeys
FN:85,generateDeviceSummary
FN:197,getRoomStatus
FN:213,(anonymous_5)
FN:227,(anonymous_6)
FN:269,getDeviceTypeStatus
FN:273,(anonymous_8)
FN:296,(anonymous_9)
FN:305,(anonymous_10)
FN:310,(anonymous_11)
FN:316,(anonymous_12)
FNF:13
FNH:13
FNDA:823,getDeviceCapabilityValue
FNDA:593,getDeviceStatus
FNDA:593,getCapabilityKeys
FNDA:596,generateDeviceSummary
FNDA:17,getRoomStatus
FNDA:66,(anonymous_5)
FNDA:662,(anonymous_6)
FNDA:10,getDeviceTypeStatus
FNDA:581,(anonymous_8)
FNDA:1365,(anonymous_9)
FNDA:6,(anonymous_10)
FNDA:1,(anonymous_11)
FNDA:2,(anonymous_12)
DA:8,1
DA:17,823
DA:18,823
DA:19,823
DA:23,0
DA:24,0
DA:27,0
DA:29,2
DA:30,2
DA:40,593
DA:41,592
DA:52,592
DA:53,823
DA:54,823
DA:55,612
DA:60,592
DA:62,592
DA:71,593
DA:72,592
DA:73,0
DA:74,0
DA:76,0
DA:86,596
DA:87,596
DA:90,596
DA:92,255
DA:93,188
DA:95,255
DA:96,32
DA:97,32
DA:99,255
DA:100,0
DA:102,255
DA:105,15
DA:106,0
DA:108,15
DA:109,0
DA:111,15
DA:114,65
DA:115,64
DA:117,65
DA:118,64
DA:120,65
DA:123,73
DA:124,71
DA:126,73
DA:127,71
DA:128,71
DA:130,73
DA:133,63
DA:134,0
DA:136,63
DA:137,0
DA:139,63
DA:140,0
DA:142,63
DA:143,0
DA:145,63
DA:148,70
DA:149,69
DA:151,70
DA:155,0
DA:156,0
DA:157,0
DA:159,0
DA:162,0
DA:163,0
DA:165,0
DA:166,0
DA:167,0
DA:169,0
DA:173,55
DA:174,0
DA:176,55
DA:180,596
DA:181,81
DA:184,596
DA:199,17
DA:201,17
DA:202,2
DA:210,15
DA:213,15
DA:214,66
DA:217,15
DA:218,0
DA:227,662
DA:229,15
DA:230,1
DA:241,14
DA:242,14
DA:243,77
DA:244,77
DA:247,14
DA:270,10
DA:273,10
DA:274,581
DA:276,581
DA:277,581
DA:280,581
DA:283,463
DA:286,463
DA:295,463
DA:296,1365
DA:299,8
DA:303,10
DA:305,6
DA:306,1
DA:308,1
DA:310,1
DA:311,1
DA:314,1
DA:316,2
DA:321,10
DA:322,1
DA:333,9
DA:334,9
DA:335,117
DA:336,117
DA:339,9
DA:349,1
LF:120
LH:95
BRDA:18,0,0,823
BRDA:18,0,1,0
BRDA:18,1,0,823
BRDA:18,1,1,823
BRDA:23,2,0,0
BRDA:23,2,1,0
BRDA:23,3,0,0
BRDA:23,3,1,0
BRDA:54,4,0,612
BRDA:54,4,1,211
BRDA:71,5,0,592
BRDA:71,5,1,0
BRDA:71,6,0,593
BRDA:71,6,1,592
BRDA:73,7,0,0
BRDA:73,7,1,0
BRDA:73,8,0,0
BRDA:73,8,1,0
BRDA:90,9,0,255
BRDA:90,9,1,15
BRDA:90,9,2,65
BRDA:90,9,3,73
BRDA:90,9,4,63
BRDA:90,9,5,70
BRDA:90,9,6,0
BRDA:90,9,7,0
BRDA:90,9,8,0
BRDA:90,9,9,55
BRDA:92,10,0,188
BRDA:92,10,1,67
BRDA:93,11,0,81
BRDA:93,11,1,107
BRDA:95,12,0,32
BRDA:95,12,1,223
BRDA:95,13,0,255
BRDA:95,13,1,32
BRDA:99,14,0,0
BRDA:99,14,1,255
BRDA:105,15,0,0
BRDA:105,15,1,15
BRDA:106,16,0,0
BRDA:106,16,1,0
BRDA:108,17,0,0
BRDA:108,17,1,15
BRDA:114,18,0,64
BRDA:114,18,1,1
BRDA:117,19,0,64
BRDA:117,19,1,1
BRDA:123,20,0,71
BRDA:123,20,1,2
BRDA:124,21,0,70
BRDA:124,21,1,1
BRDA:126,22,0,71
BRDA:126,22,1,2
BRDA:133,23,0,0
BRDA:133,23,1,63
BRDA:136,24,0,0
BRDA:136,24,1,63
BRDA:139,25,0,0
BRDA:139,25,1,63
BRDA:140,26,0,0
BRDA:140,26,1,0
BRDA:142,27,0,0
BRDA:142,27,1,63
BRDA:143,28,0,0
BRDA:143,28,1,0
BRDA:148,29,0,69
BRDA:148,29,1,1
BRDA:149,30,0,69
BRDA:149,30,1,0
BRDA:155,31,0,0
BRDA:155,31,1,0
BRDA:162,32,0,0
BRDA:162,32,1,0
BRDA:163,33,0,0
BRDA:163,33,1,0
BRDA:165,34,0,0
BRDA:165,34,1,0
BRDA:165,35,0,0
BRDA:165,35,1,0
BRDA:173,36,0,0
BRDA:173,36,1,55
BRDA:174,37,0,0
BRDA:174,37,1,0
BRDA:180,38,0,81
BRDA:180,38,1,515
BRDA:184,39,0,393
BRDA:184,39,1,203
BRDA:197,40,0,0
BRDA:197,41,0,4
BRDA:201,42,0,2
BRDA:201,42,1,15
BRDA:201,43,0,17
BRDA:201,43,1,15
BRDA:217,44,0,0
BRDA:217,44,1,15
BRDA:229,45,0,1
BRDA:229,45,1,14
BRDA:269,46,0,0
BRDA:269,47,0,0
BRDA:269,48,0,0
BRDA:269,49,0,3
BRDA:274,50,0,0
BRDA:274,50,1,581
BRDA:280,51,0,118
BRDA:280,51,1,463
BRDA:283,52,0,0
BRDA:283,52,1,463
BRDA:283,53,0,463
BRDA:283,53,1,463
BRDA:295,54,0,455
BRDA:295,54,1,8
BRDA:303,55,0,1
BRDA:303,55,1,9
BRDA:303,56,0,10
BRDA:303,56,1,1
BRDA:308,57,0,1
BRDA:308,57,1,0
BRDA:308,58,0,1
BRDA:308,58,1,1
BRDA:314,59,0,1
BRDA:314,59,1,0
BRDA:321,60,0,1
BRDA:321,60,1,9
BRDA:328,61,0,0
BRDA:328,61,1,1
BRDA:345,62,0,1
BRDA:345,62,1,8
BRF:128
BRH:78
end_of_record
TN:
SF:modules/homeyApiHelper.js
FN:9,getHomeState
FN:30,getDevicesMapping
FN:42,(anonymous_2)
FNF:3
FNH:0
FNDA:0,getHomeState
FNDA:0,getDevicesMapping
FNDA:0,(anonymous_2)
DA:2,0
DA:10,0
DA:11,0
DA:12,0
DA:13,0
DA:15,0
DA:16,0
DA:17,0
DA:19,0
DA:20,0
DA:31,0
DA:32,0
DA:33,0
DA:35,0
DA:36,0
DA:37,0
DA:38,0
DA:39,0
DA:40,0
DA:41,0
DA:42,0
DA:45,0
DA:49,0
LF:23
LH:0
BRDA:11,0,0,0
BRDA:11,0,1,0
BRDA:37,1,0,0
BRDA:37,1,1,0
BRDA:37,2,0,0
BRDA:37,2,1,0
BRDA:40,3,0,0
BRDA:40,3,1,0
BRF:8
BRH:0
end_of_record
TN:
SF:modules/httpHelper.js
FN:12,downloadFile
FN:13,(anonymous_1)
FN:15,(anonymous_2)
FN:22,(anonymous_3)
FN:26,(anonymous_4)
FN:38,downloadBuffer
FN:39,(anonymous_6)
FN:41,(anonymous_7)
FN:46,(anonymous_8)
FN:47,(anonymous_9)
FNF:10
FNH:0
FNDA:0,downloadFile
FNDA:0,(anonymous_1)
FNDA:0,(anonymous_2)
FNDA:0,(anonymous_3)
FNDA:0,(anonymous_4)
FNDA:0,downloadBuffer
FNDA:0,(anonymous_6)
FNDA:0,(anonymous_7)
FNDA:0,(anonymous_8)
FNDA:0,(anonymous_9)
DA:3,0
DA:4,0
DA:13,0
DA:14,0
DA:15,0
DA:16,0
DA:17,0
DA:18,0
DA:19,0
DA:21,0
DA:22,0
DA:23,0
DA:24,0
DA:27,0
DA:28,0
DA:39,0
DA:40,0
DA:41,0
DA:42,0
DA:43,0
DA:44,0
DA:46,0
DA:47,0
DA:52,0
LF:24
LH:0
BRDA:16,0,0,0
BRDA:16,0,1,0
BRDA:42,1,0,0
BRDA:42,1,1,0
BRF:4
BRH:0
end_of_record
TN:
SF:modules/multilingualProcessor.js
FN:332,normalizeRoomNameAdvanced
FN:365,normalizeRoomNameLegacy
FN:378,(anonymous_2)
FN:386,(anonymous_3)
FN:401,(anonymous_4)
FN:405,(anonymous_5)
FN:432,(anonymous_6)
FN:438,(anonymous_7)
FN:454,(anonymous_8)
FN:460,(anonymous_9)
FN:484,normalizeRoomName
FN:494,normalizeAction
FN:503,(anonymous_12)
FN:518,(anonymous_13)
FN:544,(anonymous_14)
FN:563,normalizeDeviceType
FN:577,(anonymous_16)
FN:588,(anonymous_17)
FN:607,processMultilingualCommand
FN:626,(anonymous_19)
FN:636,(anonymous_20)
FN:646,(anonymous_21)
FN:674,extractRoomsFromText
FN:712,extractActionsFromText
FN:730,(anonymous_24)
FN:764,extractDeviceTypesFromText
FNF:26
FNH:19
FNDA:0,normalizeRoomNameAdvanced
FNDA:141,normalizeRoomNameLegacy
FNDA:0,(anonymous_2)
FNDA:0,(anonymous_3)
FNDA:0,(anonymous_4)
FNDA:0,(anonymous_5)
FNDA:451,(anonymous_6)
FNDA:0,(anonymous_7)
FNDA:3084,(anonymous_8)
FNDA:0,(anonymous_9)
FNDA:141,normalizeRoomName
FNDA:3470,normalizeAction
FNDA:18808,(anonymous_12)
FNDA:1044,(anonymous_13)
FNDA:4445,(anonymous_14)
FNDA:186,normalizeDeviceType
FNDA:651,(anonymous_16)
FNDA:3882,(anonymous_17)
FNDA:1247,processMultilingualCommand
FNDA:125,(anonymous_19)
FNDA:3446,(anonymous_20)
FNDA:164,(anonymous_21)
FNDA:1246,extractRoomsFromText
FNDA:1246,extractActionsFromText
FNDA:2190,(anonymous_24)
FNDA:1246,extractDeviceTypesFromText
DA:9,1
DA:125,1
DA:233,1
DA:322,1
DA:333,0
DA:335,0
DA:338,0
DA:339,0
DA:343,0
DA:344,0
DA:346,0
DA:347,0
DA:348,0
DA:351,0
DA:355,0
DA:366,141
DA:368,141
DA:369,141
DA:372,141
DA:373,47
DA:377,94
DA:378,0
DA:379,0
DA:381,0
DA:382,0
DA:386,0
DA:387,0
DA:390,0
DA:391,0
DA:395,0
DA:397,0
DA:398,0
DA:401,0
DA:402,0
DA:405,0
DA:406,0
DA:407,0
DA:408,0
DA:409,0
DA:411,0
DA:422,0
DA:423,0
DA:429,94
DA:431,94
DA:432,228
DA:433,451
DA:437,20
DA:438,0
DA:439,0
DA:442,0
DA:444,0
DA:447,20
DA:452,74
DA:453,170
DA:454,1321
DA:455,3084
DA:459,74
DA:460,0
DA:461,0
DA:464,0
DA:466,0
DA:469,74
DA:474,0
DA:485,141
DA:495,3470
DA:497,3470
DA:500,3470
DA:501,3285
DA:502,3285
DA:503,3543
DA:504,18808
DA:507,3285
DA:510,0
DA:514,185
DA:517,185
DA:518,428
DA:519,1044
DA:521,77
DA:526,108
DA:527,108
DA:528,108
DA:529,264
DA:530,632
DA:531,0
DA:532,0
DA:537,108
DA:538,0
DA:542,108
DA:543,191
DA:544,1333
DA:545,4445
DA:549,108
DA:554,0
DA:564,186
DA:566,186
DA:569,186
DA:570,59
DA:574,127
DA:576,127
DA:577,196
DA:578,651
DA:581,25
DA:586,102
DA:587,213
DA:588,1092
DA:589,3882
DA:592,102
DA:597,0
DA:608,1247
DA:609,1
DA:620,1246
DA:621,1246
DA:624,1246
DA:625,1246
DA:626,1246
DA:627,125
DA:628,125
DA:629,99
DA:634,1246
DA:635,1246
DA:636,1246
DA:637,3446
DA:638,3446
DA:639,1248
DA:644,1246
DA:645,1246
DA:646,1246
DA:647,164
DA:648,164
DA:649,129
DA:654,1246
DA:655,1246
DA:657,1246
DA:675,1246
DA:676,1246
DA:679,1246
DA:680,1246
DA:681,14268
DA:682,42004
DA:683,45
DA:684,45
DA:690,1246
DA:691,1201
DA:692,9608
DA:693,115296
DA:694,255726
DA:695,80
DA:696,80
DA:703,1246
DA:713,1246
DA:714,1246
DA:717,1246
DA:718,1246
DA:720,1246
DA:721,13079
DA:723,52113
DA:724,3338
DA:730,2190
DA:731,1246
DA:733,1246
DA:734,3338
DA:735,3338
DA:736,3338
DA:741,1246
DA:742,79
DA:743,632
DA:744,6952
DA:746,18593
DA:747,108
DA:748,108
DA:755,1246
DA:765,1246
DA:766,1246
DA:769,1246
DA:770,1246
DA:771,9512
DA:772,37251
DA:773,57
DA:774,57
DA:780,1246
DA:781,1191
DA:782,9528
DA:783,76224
DA:784,259383
DA:785,107
DA:786,107
DA:793,1246
DA:796,1
LF:188
LH:141
BRDA:332,0,0,0
BRDA:332,1,0,0
BRDA:332,2,0,0
BRDA:333,3,0,0
BRDA:333,3,1,0
BRDA:338,4,0,0
BRDA:338,4,1,0
BRDA:346,5,0,0
BRDA:346,5,1,0
BRDA:346,6,0,0
BRDA:346,6,1,0
BRDA:365,7,0,0
BRDA:365,8,0,0
BRDA:366,9,0,0
BRDA:366,9,1,141
BRDA:372,10,0,47
BRDA:372,10,1,94
BRDA:377,11,0,0
BRDA:377,11,1,94
BRDA:381,12,0,0
BRDA:381,12,1,0
BRDA:387,13,0,0
BRDA:387,13,1,0
BRDA:390,14,0,0
BRDA:390,14,1,0
BRDA:395,15,0,0
BRDA:395,15,1,0
BRDA:411,16,0,0
BRDA:411,16,1,0
BRDA:411,16,2,0
BRDA:411,16,3,0
BRDA:411,16,4,0
BRDA:411,16,5,0
BRDA:411,16,6,0
BRDA:411,16,7,0
BRDA:411,16,8,0
BRDA:422,17,0,0
BRDA:422,17,1,0
BRDA:429,18,0,94
BRDA:429,18,1,60
BRDA:432,19,0,20
BRDA:432,19,1,208
BRDA:433,20,0,451
BRDA:433,20,1,432
BRDA:437,21,0,0
BRDA:437,21,1,20
BRDA:439,22,0,0
BRDA:439,22,1,0
BRDA:442,23,0,0
BRDA:442,23,1,0
BRDA:454,24,0,74
BRDA:454,24,1,1247
BRDA:455,25,0,3084
BRDA:455,25,1,3031
BRDA:459,26,0,0
BRDA:459,26,1,74
BRDA:461,27,0,0
BRDA:461,27,1,0
BRDA:464,28,0,0
BRDA:464,28,1,0
BRDA:484,29,0,0
BRDA:484,30,0,8
BRDA:494,31,0,0
BRDA:495,32,0,0
BRDA:495,32,1,3470
BRDA:500,33,0,3285
BRDA:500,33,1,185
BRDA:501,34,0,3285
BRDA:501,34,1,0
BRDA:503,35,0,3285
BRDA:503,35,1,258
BRDA:504,36,0,18808
BRDA:504,36,1,15544
BRDA:514,37,0,185
BRDA:514,37,1,84
BRDA:518,38,0,77
BRDA:518,38,1,351
BRDA:530,39,0,0
BRDA:530,39,1,632
BRDA:530,40,0,632
BRDA:530,40,1,0
BRDA:537,41,0,0
BRDA:537,41,1,108
BRDA:544,42,0,108
BRDA:544,42,1,1225
BRDA:545,43,0,4445
BRDA:545,43,1,4377
BRDA:545,43,2,4373
BRDA:563,44,0,0
BRDA:564,45,0,0
BRDA:564,45,1,186
BRDA:569,46,0,59
BRDA:569,46,1,127
BRDA:574,47,0,127
BRDA:574,47,1,84
BRDA:577,48,0,25
BRDA:577,48,1,171
BRDA:578,49,0,651
BRDA:578,49,1,631
BRDA:588,50,0,102
BRDA:588,50,1,990
BRDA:589,51,0,3882
BRDA:589,51,1,3802
BRDA:607,52,0,0
BRDA:607,53,0,1231
BRDA:608,54,0,1
BRDA:608,54,1,1246
BRDA:628,55,0,99
BRDA:628,55,1,26
BRDA:628,56,0,125
BRDA:628,56,1,125
BRDA:638,57,0,1248
BRDA:638,57,1,2198
BRDA:638,58,0,3446
BRDA:638,58,1,3446
BRDA:648,59,0,129
BRDA:648,59,1,35
BRDA:648,60,0,164
BRDA:648,60,1,164
BRDA:674,61,0,0
BRDA:679,62,0,1246
BRDA:679,62,1,57
BRDA:682,63,0,45
BRDA:682,63,1,41959
BRDA:690,64,0,1201
BRDA:690,64,1,45
BRDA:694,65,0,80
BRDA:694,65,1,255646
BRDA:712,66,0,0
BRDA:717,67,0,1246
BRDA:717,67,1,57
BRDA:723,68,0,3338
BRDA:723,68,1,48775
BRDA:734,69,0,3338
BRDA:734,69,1,0
BRDA:741,70,0,79
BRDA:741,70,1,1167
BRDA:746,71,0,108
BRDA:746,71,1,18485
BRDA:764,72,0,0
BRDA:769,73,0,1246
BRDA:769,73,1,57
BRDA:772,74,0,57
BRDA:772,74,1,37194
BRDA:780,75,0,1191
BRDA:780,75,1,55
BRDA:784,76,0,107
BRDA:784,76,1,259276
BRF:148
BRH:90
end_of_record
TN:
SF:modules/speech.js
FN:145,initWhisper
FN:156,generateBoundary
FN:167,createFormData
FN:206,(anonymous_3)
FN:217,transcribeVoice
FN:228,(anonymous_5)
FN:243,(anonymous_6)
FN:245,(anonymous_7)
FN:246,(anonymous_8)
FN:273,(anonymous_9)
FN:286,getSupportedLanguages
FN:295,isLanguageSupported
FN:305,detectLanguageFromText
FNF:13
FNH:0
FNDA:0,initWhisper
FNDA:0,generateBoundary
FNDA:0,createFormData
FNDA:0,(anonymous_3)
FNDA:0,transcribeVoice
FNDA:0,(anonymous_5)
FNDA:0,(anonymous_6)
FNDA:0,(anonymous_7)
FNDA:0,(anonymous_8)
FNDA:0,(anonymous_9)
FNDA:0,getSupportedLanguages
FNDA:0,isLanguageSupported
FNDA:0,detectLanguageFromText
DA:3,0
DA:4,0
DA:6,0
DA:9,0
DA:146,0
DA:147,0
DA:149,0
DA:157,0
DA:169,0
DA:170,0
DA:171,0
DA:172,0
DA:174,0
DA:177,0
DA:189,0
DA:190,0
DA:198,0
DA:204,0
DA:206,0
DA:218,0
DA:219,0
DA:223,0
DA:224,0
DA:225,0
DA:228,0
DA:229,0
DA:230,0
DA:232,0
DA:243,0
DA:244,0
DA:245,0
DA:246,0
DA:247,0
DA:248,0
DA:249,0
DA:250,0
DA:252,0
DA:254,0
DA:256,0
DA:263,0
DA:265,0
DA:268,0
DA:273,0
DA:274,0
DA:277,0
DA:278,0
DA:287,0
DA:296,0
DA:306,0
DA:307,0
DA:310,0
DA:313,0
DA:328,0
DA:329,0
DA:330,0
DA:331,0
DA:337,0
DA:340,0
LF:58
LH:0
BRDA:146,0,0,0
BRDA:146,0,1,0
BRDA:167,1,0,0
BRDA:169,2,0,0
BRDA:169,2,1,0
BRDA:171,3,0,0
BRDA:171,3,1,0
BRDA:189,4,0,0
BRDA:189,4,1,0
BRDA:189,5,0,0
BRDA:189,5,1,0
BRDA:189,5,2,0
BRDA:206,6,0,0
BRDA:206,6,1,0
BRDA:217,7,0,0
BRDA:218,8,0,0
BRDA:218,8,1,0
BRDA:223,9,0,0
BRDA:223,9,1,0
BRDA:223,10,0,0
BRDA:223,10,1,0
BRDA:248,11,0,0
BRDA:248,11,1,0
BRDA:254,12,0,0
BRDA:254,12,1,0
BRDA:258,13,0,0
BRDA:258,13,1,0
BRDA:259,14,0,0
BRDA:259,14,1,0
BRDA:260,15,0,0
BRDA:260,15,1,0
BRDA:261,16,0,0
BRDA:261,16,1,0
BRDA:296,17,0,0
BRDA:296,17,1,0
BRDA:306,18,0,0
BRDA:306,18,1,0
BRDA:306,19,0,0
BRDA:306,19,1,0
BRDA:330,20,0,0
BRDA:330,20,1,0
BRF:41
BRH:0
end_of_record
TN:
SF:modules/statusFormatter.js
FN:94,getLocalizedText
FN:99,(anonymous_1)
FN:113,formatRoomStatus
FN:152,(anonymous_3)
FN:167,(anonymous_4)
FN:183,formatDeviceTypeStatus
FN:201,(anonymous_6)
FN:216,(anonymous_7)
FN:232,formatGlobalStatus
FN:243,(anonymous_9)
FN:257,(anonymous_10)
FN:271,(anonymous_11)
FN:281,(anonymous_12)
FN:299,formatSingleDeviceStatus
FNF:14
FNH:9
FNDA:93,getLocalizedText
FNDA:62,(anonymous_1)
FNDA:11,formatRoomStatus
FNDA:71,(anonymous_3)
FNDA:71,(anonymous_4)
FNDA:6,formatDeviceTypeStatus
FNDA:113,(anonymous_6)
FNDA:113,(anonymous_7)
FNDA:0,formatGlobalStatus
FNDA:0,(anonymous_9)
FNDA:0,(anonymous_10)
FNDA:0,(anonymous_11)
FNDA:0,(anonymous_12)
FNDA:3,formatSingleDeviceStatus
DA:9,1
DA:95,93
DA:96,93
DA:99,93
DA:100,62
DA:103,93
DA:114,11
DA:115,0
DA:116,0
DA:117,0
DA:118,0
DA:119,0
DA:121,0
DA:124,11
DA:127,11
DA:130,11
DA:131,7
DA:137,7
DA:141,11
DA:142,11
DA:144,11
DA:145,0
DA:146,0
DA:149,11
DA:152,71
DA:153,11
DA:155,11
DA:156,7
DA:158,11
DA:159,4
DA:163,11
DA:164,11
DA:165,11
DA:167,11
DA:168,71
DA:169,71
DA:173,11
DA:184,6
DA:187,6
DA:190,6
DA:191,6
DA:193,6
DA:194,0
DA:195,0
DA:198,6
DA:201,113
DA:202,6
DA:204,6
DA:205,6
DA:207,6
DA:208,1
DA:212,6
DA:213,6
DA:214,6
DA:216,6
DA:217,113
DA:218,113
DA:222,6
DA:233,0
DA:236,0
DA:239,0
DA:240,0
DA:242,0
DA:243,0
DA:244,0
DA:246,0
DA:248,0
DA:249,0
DA:251,0
DA:252,0
DA:256,0
DA:257,0
DA:258,0
DA:259,0
DA:260,0
DA:262,0
DA:263,0
DA:264,0
DA:268,0
DA:269,0
DA:270,0
DA:271,0
DA:272,0
DA:277,0
DA:278,0
DA:279,0
DA:281,0
DA:282,0
DA:283,0
DA:285,0
DA:286,0
DA:287,0
DA:290,0
DA:300,3
DA:302,3
DA:303,3
DA:305,3
DA:306,0
DA:309,3
DA:312,1
LF:100
LH:54
BRDA:94,0,0,0
BRDA:94,1,0,52
BRDA:95,2,0,93
BRDA:95,2,1,0
BRDA:96,3,0,93
BRDA:96,3,1,0
BRDA:96,3,2,0
BRDA:113,4,0,0
BRDA:113,5,0,0
BRDA:114,6,0,0
BRDA:114,6,1,11
BRDA:116,7,0,0
BRDA:116,7,1,0
BRDA:116,8,0,0
BRDA:116,8,1,0
BRDA:130,9,0,7
BRDA:130,9,1,4
BRDA:130,10,0,11
BRDA:130,10,1,11
BRDA:144,11,0,0
BRDA:144,11,1,11
BRDA:155,12,0,7
BRDA:155,12,1,4
BRDA:158,13,0,4
BRDA:158,13,1,7
BRDA:163,14,0,11
BRDA:163,14,1,0
BRDA:163,15,0,11
BRDA:163,15,1,11
BRDA:183,16,0,0
BRDA:183,17,0,0
BRDA:193,18,0,0
BRDA:193,18,1,6
BRDA:204,19,0,6
BRDA:204,19,1,0
BRDA:207,20,0,1
BRDA:207,20,1,5
BRDA:212,21,0,6
BRDA:212,21,1,0
BRDA:212,22,0,6
BRDA:212,22,1,6
BRDA:232,23,0,0
BRDA:232,24,0,0
BRDA:248,25,0,0
BRDA:248,25,1,0
BRDA:251,26,0,0
BRDA:251,26,1,0
BRDA:258,27,0,0
BRDA:258,27,1,0
BRDA:259,28,0,0
BRDA:259,28,1,0
BRDA:263,29,0,0
BRDA:263,29,1,0
BRDA:268,30,0,0
BRDA:268,30,1,0
BRDA:277,31,0,0
BRDA:277,31,1,0
BRDA:277,32,0,0
BRDA:277,32,1,0
BRDA:285,33,0,0
BRDA:285,33,1,0
BRDA:285,34,0,0
BRDA:285,34,1,0
BRDA:299,35,0,0
BRDA:305,36,0,0
BRDA:305,36,1,3
BRF:66
BRH:24
end_of_record
TN:
SF:modules/statusQueryHandler.js
FN:27,handleStatusQuery
FN:44,(anonymous_1)
FN:75,handleRoomStatusQuery
FN:102,handleDeviceTypeStatusQuery
FN:130,handleGlobalStatusQuery
FN:172,handleDeviceStatusQuery
FN:185,(anonymous_6)
FN:257,extractDeviceTypeFromTarget
FN:286,(anonymous_8)
FN:297,formatMultipleDeviceStatus
FN:302,(anonymous_10)
FN:312,generateSuggestions
FN:317,(anonymous_12)
FN:322,(anonymous_13)
FN:339,calculateSimpleSimilarity
FN:352,levenshteinDistance
FNF:16
FNH:14
FNDA:111,handleStatusQuery
FNDA:2058,(anonymous_1)
FNDA:11,handleRoomStatusQuery
FNDA:0,handleDeviceTypeStatusQuery
FNDA:0,handleGlobalStatusQuery
FNDA:84,handleDeviceStatusQuery
FNDA:7657,(anonymous_6)
FNDA:13,extractDeviceTypeFromTarget
FNDA:175,(anonymous_8)
FNDA:68,formatMultipleDeviceStatus
FNDA:390,(anonymous_10)
FNDA:7,generateSuggestions
FNDA:40,(anonymous_12)
FNDA:5,(anonymous_13)
FNDA:40,calculateSimpleSimilarity
FNDA:40,levenshteinDistance
DA:8,1
DA:9,1
DA:15,1
DA:16,1
DA:28,111
DA:30,111
DA:32,111
DA:34,111
DA:35,16
DA:43,95
DA:44,2058
DA:47,95
DA:49,11
DA:52,0
DA:55,0
DA:59,84
DA:63,0
DA:64,0
DA:76,11
DA:78,11
DA:79,0
DA:86,11
DA:87,11
DA:89,11
DA:104,0
DA:106,0
DA:107,0
DA:114,0
DA:115,0
DA:117,0
DA:131,0
DA:133,0
DA:134,0
DA:144,0
DA:147,0
DA:148,0
DA:149,0
DA:150,0
DA:153,0
DA:155,0
DA:173,84
DA:175,84
DA:176,0
DA:184,84
DA:185,84
DA:186,7657
DA:190,84
DA:192,3
DA:193,3
DA:195,3
DA:203,81
DA:205,68
DA:206,68
DA:207,390
DA:208,390
DA:211,68
DA:213,68
DA:224,13
DA:225,0
DA:229,13
DA:230,13
DA:231,6
DA:232,6
DA:233,6
DA:235,6
DA:246,7
DA:258,13
DA:260,13
DA:282,13
DA:283,13
DA:285,13
DA:286,175
DA:287,6
DA:291,7
DA:298,68
DA:299,68
DA:300,68
DA:302,68
DA:303,390
DA:306,68
DA:313,7
DA:316,7
DA:318,40
DA:319,40
DA:322,5
DA:324,7
DA:325,3
DA:329,7
DA:330,5
DA:333,7
DA:340,40
DA:341,40
DA:343,40
DA:345,40
DA:346,40
DA:353,40
DA:355,40
DA:356,543
DA:359,40
DA:360,1125
DA:363,40
DA:364,503
DA:365,15312
DA:366,866
DA:368,14446
DA:377,40
DA:380,1
LF:107
LH:84
BRDA:27,0,0,0
BRDA:27,1,0,0
BRDA:27,2,0,95
BRDA:28,3,0,103
BRDA:28,4,0,101
BRDA:34,5,0,16
BRDA:34,5,1,95
BRDA:34,6,0,111
BRDA:34,6,1,95
BRDA:47,7,0,11
BRDA:47,7,1,0
BRDA:47,7,2,0
BRDA:47,7,3,84
BRDA:47,7,4,84
BRDA:76,8,0,11
BRDA:76,8,1,0
BRDA:78,9,0,0
BRDA:78,9,1,11
BRDA:106,10,0,0
BRDA:106,10,1,0
BRDA:133,11,0,0
BRDA:133,11,1,0
BRDA:175,12,0,0
BRDA:175,12,1,84
BRDA:186,13,0,7657
BRDA:186,13,1,2272
BRDA:190,14,0,3
BRDA:190,14,1,81
BRDA:203,15,0,68
BRDA:203,15,1,13
BRDA:224,16,0,0
BRDA:224,16,1,13
BRDA:230,17,0,6
BRDA:230,17,1,7
BRDA:232,18,0,6
BRDA:232,18,1,0
BRDA:258,19,0,0
BRDA:258,19,1,13
BRDA:282,20,0,13
BRDA:282,20,1,2
BRDA:286,21,0,6
BRDA:286,21,1,49
BRDA:324,22,0,3
BRDA:324,22,1,4
BRDA:329,23,0,5
BRDA:329,23,1,2
BRDA:340,24,0,17
BRDA:340,24,1,23
BRDA:341,25,0,17
BRDA:341,25,1,23
BRDA:343,26,0,0
BRDA:343,26,1,40
BRDA:365,27,0,866
BRDA:365,27,1,14446
BRF:54
BRH:39
end_of_record
TN:
SF:modules/statusQueryProcessor.js
FN:89,parseStatusQuery
FN:149,(anonymous_1)
FN:171,isStatusQuery
FN:182,extractDeviceTypeFromQuery
FN:194,determineQueryScope
FNF:5
FNH:3
FNDA:171,parseStatusQuery
FNDA:274,(anonymous_1)
FNDA:13,isStatusQuery
FNDA:0,extractDeviceTypeFromQuery
FNDA:0,determineQueryScope
DA:8,1
DA:9,1
DA:12,1
DA:76,1
DA:90,171
DA:91,2
DA:94,169
DA:95,169
DA:98,169
DA:99,317
DA:100,317
DA:101,21
DA:113,148
DA:114,498
DA:115,498
DA:116,101
DA:117,101
DA:120,101
DA:122,101
DA:125,0
DA:128,101
DA:140,47
DA:148,47
DA:149,274
DA:151,47
DA:152,12
DA:162,35
DA:172,13
DA:173,13
DA:183,0
DA:186,0
DA:195,0
DA:202,0
DA:203,0
DA:204,0
DA:207,0
DA:208,0
DA:211,0
DA:212,0
DA:213,0
DA:214,0
DA:218,0
DA:221,1
LF:43
LH:29
BRDA:89,0,0,0
BRDA:90,1,0,2
BRDA:90,1,1,169
BRDA:95,2,0,169
BRDA:95,2,1,12
BRDA:98,3,0,169
BRDA:98,3,1,0
BRDA:100,4,0,21
BRDA:100,4,1,296
BRDA:113,5,0,148
BRDA:113,5,1,0
BRDA:115,6,0,101
BRDA:115,6,1,397
BRDA:116,7,0,101
BRDA:116,7,1,0
BRDA:117,8,0,0
BRDA:117,8,1,101
BRDA:122,9,0,0
BRDA:122,9,1,101
BRDA:122,10,0,101
BRDA:122,10,1,101
BRDA:122,10,2,101
BRDA:122,10,3,101
BRDA:122,10,4,101
BRDA:122,10,5,101
BRDA:125,11,0,0
BRDA:125,11,1,0
BRDA:148,12,0,47
BRDA:148,12,1,3
BRDA:151,13,0,12
BRDA:151,13,1,35
BRDA:171,14,0,0
BRDA:182,15,0,0
BRDA:183,16,0,0
BRDA:183,16,1,0
BRDA:202,17,0,0
BRDA:202,17,1,0
BRDA:207,18,0,0
BRDA:207,18,1,0
BRDA:211,19,0,0
BRDA:211,19,1,0
BRDA:213,20,0,0
BRDA:213,20,1,0
BRF:43
BRH:23
end_of_record
TN:
SF:modules/telegram.js
FN:16,initBot
FN:41,onMessage
FN:50,startPolling
FN:52,(anonymous_3)
FN:53,(anonymous_4)
FN:63,(anonymous_5)
FN:75,getUpdates
FN:91,sendMessage
FN:107,(anonymous_8)
FN:108,(anonymous_9)
FN:110,(anonymous_10)
FN:111,(anonymous_11)
FN:125,(anonymous_12)
FN:138,getFileInfo
FN:155,httpGet
FN:156,(anonymous_15)
FN:158,(anonymous_16)
FN:160,(anonymous_17)
FN:161,(anonymous_18)
FN:163,(anonymous_19)
FNF:20
FNH:0
FNDA:0,initBot
FNDA:0,onMessage
FNDA:0,startPolling
FNDA:0,(anonymous_3)
FNDA:0,(anonymous_4)
FNDA:0,(anonymous_5)
FNDA:0,getUpdates
FNDA:0,sendMessage
FNDA:0,(anonymous_8)
FNDA:0,(anonymous_9)
FNDA:0,(anonymous_10)
FNDA:0,(anonymous_11)
FNDA:0,(anonymous_12)
FNDA:0,getFileInfo
FNDA:0,httpGet
FNDA:0,(anonymous_15)
FNDA:0,(anonymous_16)
FNDA:0,(anonymous_17)
FNDA:0,(anonymous_18)
FNDA:0,(anonymous_19)
DA:3,0
DA:5,0
DA:6,0
DA:7,0
DA:8,0
DA:9,0
DA:17,0
DA:18,0
DA:21,0
DA:24,0
DA:25,0
DA:26,0
DA:27,0
DA:28,0
DA:30,0
DA:31,0
DA:33,0
DA:42,0
DA:43,0
DA:45,0
DA:46,0
DA:47,0
DA:51,0
DA:53,0
DA:54,0
DA:55,0
DA:56,0
DA:58,0
DA:61,0
DA:64,0
DA:66,0
DA:76,0
DA:77,0
DA:78,0
DA:79,0
DA:80,0
DA:81,0
DA:83,0
DA:92,0
DA:97,0
DA:107,0
DA:108,0
DA:109,0
DA:110,0
DA:111,0
DA:112,0
DA:113,0
DA:114,0
DA:115,0
DA:117,0
DA:118,0
DA:121,0
DA:125,0
DA:126,0
DA:127,0
DA:129,0
DA:130,0
DA:139,0
DA:140,0
DA:141,0
DA:142,0
DA:143,0
DA:145,0
DA:147,0
DA:156,0
DA:157,0
DA:159,0
DA:160,0
DA:161,0
DA:164,0
DA:165,0
DA:170,0
LF:72
LH:0
BRDA:17,0,0,0
BRDA:17,0,1,0
BRDA:27,1,0,0
BRDA:27,1,1,0
BRDA:28,2,0,0
BRDA:28,2,1,0
BRDA:42,3,0,0
BRDA:42,3,1,0
BRDA:54,4,0,0
BRDA:54,4,1,0
BRDA:54,5,0,0
BRDA:54,5,1,0
BRDA:75,6,0,0
BRDA:79,7,0,0
BRDA:79,7,1,0
BRDA:114,8,0,0
BRDA:114,8,1,0
BRDA:115,9,0,0
BRDA:115,9,1,0
BRDA:142,10,0,0
BRDA:142,10,1,0
BRDA:147,11,0,0
BRDA:147,11,1,0
BRF:23
BRH:0
end_of_record
TN:
SF:modules/telegramBot.js
FN:4,initTelegramListener
FN:6,(anonymous_1)
FNF:2
FNH:0
FNDA:0,initTelegramListener
FNDA:0,(anonymous_1)
DA:2,0
DA:4,0
DA:6,0
DA:7,0
DA:8,0
DA:9,0
DA:12,0
DA:14,0
DA:15,0
DA:16,0
DA:19,0
DA:21,0
DA:22,0
DA:25,0
DA:28,0
DA:29,0
DA:32,0
DA:33,0
DA:34,0
DA:35,0
DA:36,0
DA:37,0
DA:40,0
DA:41,0
DA:42,0
DA:45,0
DA:48,0
DA:50,0
DA:51,0
DA:54,0
DA:55,0
DA:79,0
DA:80,0
DA:83,0
DA:85,0
DA:86,0
DA:87,0
DA:89,0
DA:98,0
DA:99,0
DA:103,0
DA:104,0
DA:107,0
DA:108,0
DA:109,0
DA:113,0
DA:114,0
DA:118,0
DA:120,0
DA:121,0
DA:122,0
DA:123,0
DA:126,0
DA:127,0
DA:128,0
DA:131,0
DA:134,0
DA:136,0
DA:137,0
DA:138,0
DA:139,0
DA:140,0
DA:141,0
DA:143,0
DA:146,0
LF:65
LH:0
BRDA:14,0,0,0
BRDA:14,0,1,0
BRDA:32,1,0,0
BRDA:32,1,1,0
BRDA:35,2,0,0
BRDA:35,2,1,0
BRDA:35,3,0,0
BRDA:35,3,1,0
BRDA:37,4,0,0
BRDA:37,4,1,0
BRDA:40,5,0,0
BRDA:40,5,1,0
BRDA:50,6,0,0
BRDA:50,6,1,0
BRDA:54,7,0,0
BRDA:54,7,1,0
BRDA:83,8,0,0
BRDA:83,8,1,0
BRDA:86,9,0,0
BRDA:86,9,1,0
BRDA:87,10,0,0
BRDA:87,10,1,0
BRDA:107,11,0,0
BRDA:107,11,1,0
BRDA:107,12,0,0
BRDA:107,12,1,0
BRDA:113,13,0,0
BRDA:113,13,1,0
BRDA:120,14,0,0
BRDA:120,14,1,0
BRDA:136,15,0,0
BRDA:136,15,1,0
BRDA:138,16,0,0
BRDA:138,16,1,0
BRDA:140,17,0,0
BRDA:140,17,1,0
BRF:36
BRH:0
end_of_record
